[2025-08-07 12:46:01,111] {taskinstance.py:1159} INFO - Dependencies all met for <TaskInstance: example_branch_dop_operator_v3.condition scheduled__2025-08-07T12:45:00+00:00 [queued]>
[2025-08-07 12:46:01,126] {taskinstance.py:1159} INFO - Dependencies all met for <TaskInstance: example_branch_dop_operator_v3.condition scheduled__2025-08-07T12:45:00+00:00 [queued]>
[2025-08-07 12:46:01,126] {taskinstance.py:1356} INFO - 
--------------------------------------------------------------------------------
[2025-08-07 12:46:01,126] {taskinstance.py:1357} INFO - Starting attempt 1 of 1
[2025-08-07 12:46:01,126] {taskinstance.py:1358} INFO - 
--------------------------------------------------------------------------------
[2025-08-07 12:46:01,143] {taskinstance.py:1377} INFO - Executing <Task(BranchPythonOperator): condition> on 2025-08-07 12:45:00+00:00
[2025-08-07 12:46:01,149] {standard_task_runner.py:52} INFO - Started process 26213 to run task
[2025-08-07 12:46:01,152] {standard_task_runner.py:79} INFO - Running: ['***', 'tasks', 'run', 'example_branch_dop_operator_v3', 'condition', 'scheduled__2025-08-07T12:45:00+00:00', '--job-id', '573', '--raw', '--subdir', '/home/***/.local/lib/python3.7/site-packages/***/example_dags/example_branch_python_dop_operator_3.py', '--cfg-path', '/tmp/tmpy6i4jd8z', '--error-file', '/tmp/tmp1jy_q372']
[2025-08-07 12:46:01,154] {standard_task_runner.py:80} INFO - Job 573: Subtask condition
[2025-08-07 12:46:01,212] {task_command.py:369} INFO - Running <TaskInstance: example_branch_dop_operator_v3.condition scheduled__2025-08-07T12:45:00+00:00 [running]> on host b810b38b6a38
[2025-08-07 12:46:01,446] {taskinstance.py:1571} INFO - Exporting the following env vars:
AIRFLOW_CTX_DAG_OWNER=***
AIRFLOW_CTX_DAG_ID=example_branch_dop_operator_v3
AIRFLOW_CTX_TASK_ID=condition
AIRFLOW_CTX_EXECUTION_DATE=2025-08-07T12:45:00+00:00
AIRFLOW_CTX_TRY_NUMBER=1
AIRFLOW_CTX_DAG_RUN_ID=scheduled__2025-08-07T12:45:00+00:00
[2025-08-07 12:46:01,452] {logging_mixin.py:115} WARNING - /home/***/.local/lib/python3.7/site-packages/***/utils/context.py:290 AirflowContextDeprecationWarning: Accessing 'execution_date' from the template is deprecated and will be removed in a future version. Please use 'data_interval_start' or 'logical_date' instead.
[2025-08-07 12:46:01,452] {logging_mixin.py:115} INFO - ------------- exec dttm = 2025-08-07T12:45:00+00:00 and minute = 45
[2025-08-07 12:46:01,452] {python.py:173} INFO - Done. Returned value was: empty_task_2
[2025-08-07 12:46:01,452] {skipmixin.py:140} INFO - Following branch empty_task_2
[2025-08-07 12:46:01,453] {skipmixin.py:175} INFO - Skipping tasks ['empty_task_1']
[2025-08-07 12:46:01,522] {taskinstance.py:1400} INFO - Marking task as SUCCESS. dag_id=example_branch_dop_operator_v3, task_id=condition, execution_date=20250807T124500, start_date=20250807T124601, end_date=20250807T124601
[2025-08-07 12:46:01,565] {local_task_job.py:156} INFO - Task exited with return code 0
[2025-08-07 12:46:01,628] {local_task_job.py:273} INFO - 1 downstream tasks scheduled from follow-on schedule check
