[2025-08-07 03:21:16,759] {taskinstance.py:1159} INFO - Dependencies all met for <TaskInstance: example_short_circuit_operator.condition_is_False scheduled__2025-08-06T03:21:14.977786+00:00 [queued]>
[2025-08-07 03:21:16,780] {taskinstance.py:1159} INFO - Dependencies all met for <TaskInstance: example_short_circuit_operator.condition_is_False scheduled__2025-08-06T03:21:14.977786+00:00 [queued]>
[2025-08-07 03:21:16,781] {taskinstance.py:1356} INFO - 
--------------------------------------------------------------------------------
[2025-08-07 03:21:16,781] {taskinstance.py:1357} INFO - Starting attempt 1 of 1
[2025-08-07 03:21:16,781] {taskinstance.py:1358} INFO - 
--------------------------------------------------------------------------------
[2025-08-07 03:21:16,824] {taskinstance.py:1377} INFO - Executing <Task(ShortCircuitOperator): condition_is_False> on 2025-08-06 03:21:14.977786+00:00
[2025-08-07 03:21:16,844] {standard_task_runner.py:52} INFO - Started process 453 to run task
[2025-08-07 03:21:16,855] {standard_task_runner.py:79} INFO - Running: ['***', 'tasks', 'run', 'example_short_circuit_operator', 'condition_is_False', 'scheduled__2025-08-06T03:21:14.977786+00:00', '--job-id', '24', '--raw', '--subdir', '/home/***/.local/lib/python3.7/site-packages/***/example_dags/example_short_circuit_operator.py', '--cfg-path', '/tmp/tmpdbb6h9kc', '--error-file', '/tmp/tmpqzr0hiov']
[2025-08-07 03:21:16,858] {standard_task_runner.py:80} INFO - Job 24: Subtask condition_is_False
[2025-08-07 03:21:17,062] {task_command.py:369} INFO - Running <TaskInstance: example_short_circuit_operator.condition_is_False scheduled__2025-08-06T03:21:14.977786+00:00 [running]> on host f83ee74b89ef
[2025-08-07 03:21:17,593] {taskinstance.py:1571} INFO - Exporting the following env vars:
AIRFLOW_CTX_DAG_OWNER=***
AIRFLOW_CTX_DAG_ID=example_short_circuit_operator
AIRFLOW_CTX_TASK_ID=condition_is_False
AIRFLOW_CTX_EXECUTION_DATE=2025-08-06T03:21:14.977786+00:00
AIRFLOW_CTX_TRY_NUMBER=1
AIRFLOW_CTX_DAG_RUN_ID=scheduled__2025-08-06T03:21:14.977786+00:00
[2025-08-07 03:21:17,596] {python.py:173} INFO - Done. Returned value was: False
[2025-08-07 03:21:17,597] {python.py:259} INFO - Condition result is False
[2025-08-07 03:21:17,597] {python.py:273} INFO - Skipping all downstream tasks...
[2025-08-07 03:21:17,730] {python.py:281} INFO - Done.
[2025-08-07 03:21:17,766] {taskinstance.py:1400} INFO - Marking task as SUCCESS. dag_id=example_short_circuit_operator, task_id=condition_is_False, execution_date=20250806T032114, start_date=20250807T032116, end_date=20250807T032117
[2025-08-07 03:21:17,830] {local_task_job.py:156} INFO - Task exited with return code 0
[2025-08-07 03:21:17,992] {local_task_job.py:273} INFO - 0 downstream tasks scheduled from follow-on schedule check
