[2025-08-07 03:59:59,748] {taskinstance.py:1159} INFO - Dependencies all met for <TaskInstance: send_weather_to_kafka.verify_pipeline scheduled__2025-08-07T03:57:55.509949+00:00 [queued]>
[2025-08-07 03:59:59,762] {taskinstance.py:1159} INFO - Dependencies all met for <TaskInstance: send_weather_to_kafka.verify_pipeline scheduled__2025-08-07T03:57:55.509949+00:00 [queued]>
[2025-08-07 03:59:59,762] {taskinstance.py:1356} INFO - 
--------------------------------------------------------------------------------
[2025-08-07 03:59:59,762] {taskinstance.py:1357} INFO - Starting attempt 1 of 2
[2025-08-07 03:59:59,762] {taskinstance.py:1358} INFO - 
--------------------------------------------------------------------------------
[2025-08-07 03:59:59,784] {taskinstance.py:1377} INFO - Executing <Task(BashOperator): verify_pipeline> on 2025-08-07 03:57:55.509949+00:00
[2025-08-07 03:59:59,793] {standard_task_runner.py:52} INFO - Started process 10557 to run task
[2025-08-07 03:59:59,796] {standard_task_runner.py:79} INFO - Running: ['***', 'tasks', 'run', 'send_weather_to_kafka', 'verify_pipeline', 'scheduled__2025-08-07T03:57:55.509949+00:00', '--job-id', '182', '--raw', '--subdir', 'DAGS_FOLDER/dag_meteo.py', '--cfg-path', '/tmp/tmp77kx20ay', '--error-file', '/tmp/tmpv1gc_wyb']
[2025-08-07 03:59:59,797] {standard_task_runner.py:80} INFO - Job 182: Subtask verify_pipeline
[2025-08-07 03:59:59,890] {task_command.py:369} INFO - Running <TaskInstance: send_weather_to_kafka.verify_pipeline scheduled__2025-08-07T03:57:55.509949+00:00 [running]> on host 92a46ac2453f
[2025-08-07 04:00:00,161] {taskinstance.py:1571} INFO - Exporting the following env vars:
AIRFLOW_CTX_DAG_OWNER=alla
AIRFLOW_CTX_DAG_ID=send_weather_to_kafka
AIRFLOW_CTX_TASK_ID=verify_pipeline
AIRFLOW_CTX_EXECUTION_DATE=2025-08-07T03:57:55.509949+00:00
AIRFLOW_CTX_TRY_NUMBER=1
AIRFLOW_CTX_DAG_RUN_ID=scheduled__2025-08-07T03:57:55.509949+00:00
[2025-08-07 04:00:00,163] {subprocess.py:62} INFO - Tmp dir root location: 
 /tmp
[2025-08-07 04:00:00,164] {subprocess.py:74} INFO - Running command: ['bash', '-c', '\n            echo "⏳ Attente traitement Logstash..." && sleep 30 &&\n            curl -s "http://elasticsearch:9200/_cat/indices/weather*" || echo "Pas encore d\'index weather"\n        ']
[2025-08-07 04:00:00,194] {subprocess.py:85} INFO - Output:
[2025-08-07 04:00:00,198] {subprocess.py:92} INFO - ⏳ Attente traitement Logstash...
[2025-08-07 07:58:24,776] {subprocess.py:92} INFO - yellow open weather_data 5L8sYWRuR0mVwhJ_CiVogg 1 1 1 0 5.6kb 5.6kb
[2025-08-07 07:58:24,780] {subprocess.py:96} INFO - Command exited with return code 0
[2025-08-07 07:58:24,836] {taskinstance.py:1400} INFO - Marking task as SUCCESS. dag_id=send_weather_to_kafka, task_id=verify_pipeline, execution_date=20250807T035755, start_date=20250807T035959, end_date=20250807T075824
[2025-08-07 07:58:24,878] {local_task_job.py:156} INFO - Task exited with return code 0
[2025-08-07 07:58:24,928] {local_task_job.py:273} INFO - 0 downstream tasks scheduled from follow-on schedule check
[2025-08-07 07:58:24,956] {dagrun.py:562} INFO - Marking run <DagRun send_weather_to_kafka @ 2025-08-07 03:57:55.509949+00:00: scheduled__2025-08-07T03:57:55.509949+00:00, externally triggered: False> successful
[2025-08-07 07:58:24,957] {dagrun.py:622} INFO - DagRun Finished: dag_id=send_weather_to_kafka, execution_date=2025-08-07 03:57:55.509949+00:00, run_id=scheduled__2025-08-07T03:57:55.509949+00:00, run_start_date=2025-08-07 03:59:55.742469+00:00, run_end_date=2025-08-07 07:58:24.957830+00:00, run_duration=14309.215361, state=success, external_trigger=False, run_type=scheduled, data_interval_start=2025-08-07 03:57:55.509949+00:00, data_interval_end=2025-08-07 03:59:55.509949+00:00, dag_hash=304f53101daf851185a62642edcfc5aa
