[2025-08-07 03:21:14,634] {taskinstance.py:1159} INFO - Dependencies all met for <TaskInstance: example_xcom.bash_pull scheduled__2021-01-01T00:00:00+00:00 [queued]>
[2025-08-07 03:21:14,654] {taskinstance.py:1159} INFO - Dependencies all met for <TaskInstance: example_xcom.bash_pull scheduled__2021-01-01T00:00:00+00:00 [queued]>
[2025-08-07 03:21:14,655] {taskinstance.py:1356} INFO - 
--------------------------------------------------------------------------------
[2025-08-07 03:21:14,656] {taskinstance.py:1357} INFO - Starting attempt 1 of 1
[2025-08-07 03:21:14,656] {taskinstance.py:1358} INFO - 
--------------------------------------------------------------------------------
[2025-08-07 03:21:14,682] {taskinstance.py:1377} INFO - Executing <Task(BashOperator): bash_pull> on 2021-01-01 00:00:00+00:00
[2025-08-07 03:21:14,702] {standard_task_runner.py:52} INFO - Started process 382 to run task
[2025-08-07 03:21:14,715] {standard_task_runner.py:79} INFO - Running: ['***', 'tasks', 'run', 'example_xcom', 'bash_pull', 'scheduled__2021-01-01T00:00:00+00:00', '--job-id', '20', '--raw', '--subdir', '/home/***/.local/lib/python3.7/site-packages/***/example_dags/example_xcom.py', '--cfg-path', '/tmp/tmp2l_abhbm', '--error-file', '/tmp/tmpyep1yz3x']
[2025-08-07 03:21:14,720] {standard_task_runner.py:80} INFO - Job 20: Subtask bash_pull
[2025-08-07 03:21:14,895] {task_command.py:369} INFO - Running <TaskInstance: example_xcom.bash_pull scheduled__2021-01-01T00:00:00+00:00 [running]> on host f83ee74b89ef
[2025-08-07 03:21:15,545] {taskinstance.py:1571} INFO - Exporting the following env vars:
AIRFLOW_CTX_DAG_OWNER=***
AIRFLOW_CTX_DAG_ID=example_xcom
AIRFLOW_CTX_TASK_ID=bash_pull
AIRFLOW_CTX_EXECUTION_DATE=2021-01-01T00:00:00+00:00
AIRFLOW_CTX_TRY_NUMBER=1
AIRFLOW_CTX_DAG_RUN_ID=scheduled__2021-01-01T00:00:00+00:00
[2025-08-07 03:21:15,547] {subprocess.py:62} INFO - Tmp dir root location: 
 /tmp
[2025-08-07 03:21:15,552] {subprocess.py:74} INFO - Running command: ['bash', '-c', 'echo "bash pull demo" && echo "The xcom pushed manually is manually_pushed_value" && echo "The returned_value xcom is value_by_return" && echo "finished"']
[2025-08-07 03:21:15,582] {subprocess.py:85} INFO - Output:
[2025-08-07 03:21:15,588] {subprocess.py:92} INFO - bash pull demo
[2025-08-07 03:21:15,589] {subprocess.py:92} INFO - The xcom pushed manually is manually_pushed_value
[2025-08-07 03:21:15,590] {subprocess.py:92} INFO - The returned_value xcom is value_by_return
[2025-08-07 03:21:15,591] {subprocess.py:92} INFO - finished
[2025-08-07 03:21:15,592] {subprocess.py:96} INFO - Command exited with return code 0
[2025-08-07 03:21:15,639] {taskinstance.py:1400} INFO - Marking task as SUCCESS. dag_id=example_xcom, task_id=bash_pull, execution_date=20210101T000000, start_date=20250807T032114, end_date=20250807T032115
[2025-08-07 03:21:15,711] {local_task_job.py:156} INFO - Task exited with return code 0
[2025-08-07 03:21:16,089] {local_task_job.py:273} INFO - 0 downstream tasks scheduled from follow-on schedule check
[2025-08-07 03:29:52,692] {taskinstance.py:1159} INFO - Dependencies all met for <TaskInstance: example_xcom.bash_pull scheduled__2021-01-01T00:00:00+00:00 [queued]>
[2025-08-07 03:29:52,734] {taskinstance.py:1159} INFO - Dependencies all met for <TaskInstance: example_xcom.bash_pull scheduled__2021-01-01T00:00:00+00:00 [queued]>
[2025-08-07 03:29:52,734] {taskinstance.py:1356} INFO - 
--------------------------------------------------------------------------------
[2025-08-07 03:29:52,735] {taskinstance.py:1357} INFO - Starting attempt 1 of 1
[2025-08-07 03:29:52,735] {taskinstance.py:1358} INFO - 
--------------------------------------------------------------------------------
[2025-08-07 03:29:52,793] {taskinstance.py:1377} INFO - Executing <Task(BashOperator): bash_pull> on 2021-01-01 00:00:00+00:00
[2025-08-07 03:29:52,814] {standard_task_runner.py:52} INFO - Started process 408 to run task
[2025-08-07 03:29:52,822] {standard_task_runner.py:79} INFO - Running: ['***', 'tasks', 'run', 'example_xcom', 'bash_pull', 'scheduled__2021-01-01T00:00:00+00:00', '--job-id', '19', '--raw', '--subdir', '/home/***/.local/lib/python3.7/site-packages/***/example_dags/example_xcom.py', '--cfg-path', '/tmp/tmp7cebqtim', '--error-file', '/tmp/tmp3r5m3b5u']
[2025-08-07 03:29:52,824] {standard_task_runner.py:80} INFO - Job 19: Subtask bash_pull
[2025-08-07 03:29:53,296] {task_command.py:369} INFO - Running <TaskInstance: example_xcom.bash_pull scheduled__2021-01-01T00:00:00+00:00 [running]> on host 47565329e35b
[2025-08-07 03:29:55,367] {taskinstance.py:1571} INFO - Exporting the following env vars:
AIRFLOW_CTX_DAG_OWNER=***
AIRFLOW_CTX_DAG_ID=example_xcom
AIRFLOW_CTX_TASK_ID=bash_pull
AIRFLOW_CTX_EXECUTION_DATE=2021-01-01T00:00:00+00:00
AIRFLOW_CTX_TRY_NUMBER=1
AIRFLOW_CTX_DAG_RUN_ID=scheduled__2021-01-01T00:00:00+00:00
[2025-08-07 03:29:55,378] {subprocess.py:62} INFO - Tmp dir root location: 
 /tmp
[2025-08-07 03:29:55,382] {subprocess.py:74} INFO - Running command: ['bash', '-c', 'echo "bash pull demo" && echo "The xcom pushed manually is manually_pushed_value" && echo "The returned_value xcom is value_by_return" && echo "finished"']
[2025-08-07 03:29:55,427] {subprocess.py:85} INFO - Output:
[2025-08-07 03:29:55,434] {subprocess.py:92} INFO - bash pull demo
[2025-08-07 03:29:55,435] {subprocess.py:92} INFO - The xcom pushed manually is manually_pushed_value
[2025-08-07 03:29:55,435] {subprocess.py:92} INFO - The returned_value xcom is value_by_return
[2025-08-07 03:29:55,435] {subprocess.py:92} INFO - finished
[2025-08-07 03:29:55,435] {subprocess.py:96} INFO - Command exited with return code 0
[2025-08-07 03:29:55,494] {taskinstance.py:1400} INFO - Marking task as SUCCESS. dag_id=example_xcom, task_id=bash_pull, execution_date=20210101T000000, start_date=20250807T032952, end_date=20250807T032955
[2025-08-07 03:29:55,590] {local_task_job.py:156} INFO - Task exited with return code 0
[2025-08-07 03:29:55,731] {local_task_job.py:273} INFO - 0 downstream tasks scheduled from follow-on schedule check
[2025-08-07 03:39:59,426] {taskinstance.py:1159} INFO - Dependencies all met for <TaskInstance: example_xcom.bash_pull scheduled__2021-01-01T00:00:00+00:00 [queued]>
[2025-08-07 03:39:59,456] {taskinstance.py:1159} INFO - Dependencies all met for <TaskInstance: example_xcom.bash_pull scheduled__2021-01-01T00:00:00+00:00 [queued]>
[2025-08-07 03:39:59,456] {taskinstance.py:1356} INFO - 
--------------------------------------------------------------------------------
[2025-08-07 03:39:59,457] {taskinstance.py:1357} INFO - Starting attempt 1 of 1
[2025-08-07 03:39:59,457] {taskinstance.py:1358} INFO - 
--------------------------------------------------------------------------------
[2025-08-07 03:39:59,493] {taskinstance.py:1377} INFO - Executing <Task(BashOperator): bash_pull> on 2021-01-01 00:00:00+00:00
[2025-08-07 03:39:59,509] {standard_task_runner.py:52} INFO - Started process 394 to run task
[2025-08-07 03:39:59,518] {standard_task_runner.py:79} INFO - Running: ['***', 'tasks', 'run', 'example_xcom', 'bash_pull', 'scheduled__2021-01-01T00:00:00+00:00', '--job-id', '19', '--raw', '--subdir', '/home/***/.local/lib/python3.7/site-packages/***/example_dags/example_xcom.py', '--cfg-path', '/tmp/tmpjxi0r8t7', '--error-file', '/tmp/tmps1lxb76h']
[2025-08-07 03:39:59,520] {standard_task_runner.py:80} INFO - Job 19: Subtask bash_pull
[2025-08-07 03:39:59,649] {task_command.py:369} INFO - Running <TaskInstance: example_xcom.bash_pull scheduled__2021-01-01T00:00:00+00:00 [running]> on host 92a46ac2453f
[2025-08-07 03:40:00,296] {taskinstance.py:1571} INFO - Exporting the following env vars:
AIRFLOW_CTX_DAG_OWNER=***
AIRFLOW_CTX_DAG_ID=example_xcom
AIRFLOW_CTX_TASK_ID=bash_pull
AIRFLOW_CTX_EXECUTION_DATE=2021-01-01T00:00:00+00:00
AIRFLOW_CTX_TRY_NUMBER=1
AIRFLOW_CTX_DAG_RUN_ID=scheduled__2021-01-01T00:00:00+00:00
[2025-08-07 03:40:00,297] {subprocess.py:62} INFO - Tmp dir root location: 
 /tmp
[2025-08-07 03:40:00,297] {subprocess.py:74} INFO - Running command: ['bash', '-c', 'echo "bash pull demo" && echo "The xcom pushed manually is manually_pushed_value" && echo "The returned_value xcom is value_by_return" && echo "finished"']
[2025-08-07 03:40:00,364] {subprocess.py:85} INFO - Output:
[2025-08-07 03:40:00,371] {subprocess.py:92} INFO - bash pull demo
[2025-08-07 03:40:00,376] {subprocess.py:92} INFO - The xcom pushed manually is manually_pushed_value
[2025-08-07 03:40:00,376] {subprocess.py:92} INFO - The returned_value xcom is value_by_return
[2025-08-07 03:40:00,376] {subprocess.py:92} INFO - finished
[2025-08-07 03:40:00,376] {subprocess.py:96} INFO - Command exited with return code 0
[2025-08-07 03:40:00,844] {taskinstance.py:1400} INFO - Marking task as SUCCESS. dag_id=example_xcom, task_id=bash_pull, execution_date=20210101T000000, start_date=20250807T033959, end_date=20250807T034000
[2025-08-07 03:40:01,010] {local_task_job.py:156} INFO - Task exited with return code 0
[2025-08-07 03:40:01,417] {local_task_job.py:273} INFO - 0 downstream tasks scheduled from follow-on schedule check
[2025-08-07 10:40:21,189] {taskinstance.py:1159} INFO - Dependencies all met for <TaskInstance: example_xcom.bash_pull scheduled__2021-01-01T00:00:00+00:00 [queued]>
[2025-08-07 10:40:21,224] {taskinstance.py:1159} INFO - Dependencies all met for <TaskInstance: example_xcom.bash_pull scheduled__2021-01-01T00:00:00+00:00 [queued]>
[2025-08-07 10:40:21,225] {taskinstance.py:1356} INFO - 
--------------------------------------------------------------------------------
[2025-08-07 10:40:21,226] {taskinstance.py:1357} INFO - Starting attempt 1 of 1
[2025-08-07 10:40:21,226] {taskinstance.py:1358} INFO - 
--------------------------------------------------------------------------------
[2025-08-07 10:40:21,271] {taskinstance.py:1377} INFO - Executing <Task(BashOperator): bash_pull> on 2021-01-01 00:00:00+00:00
[2025-08-07 10:40:21,301] {standard_task_runner.py:52} INFO - Started process 389 to run task
[2025-08-07 10:40:21,327] {standard_task_runner.py:79} INFO - Running: ['***', 'tasks', 'run', 'example_xcom', 'bash_pull', 'scheduled__2021-01-01T00:00:00+00:00', '--job-id', '20', '--raw', '--subdir', '/home/***/.local/lib/python3.7/site-packages/***/example_dags/example_xcom.py', '--cfg-path', '/tmp/tmpxkkr_cvt', '--error-file', '/tmp/tmpq_llgcxp']
[2025-08-07 10:40:21,328] {standard_task_runner.py:80} INFO - Job 20: Subtask bash_pull
[2025-08-07 10:40:21,646] {task_command.py:369} INFO - Running <TaskInstance: example_xcom.bash_pull scheduled__2021-01-01T00:00:00+00:00 [running]> on host 81d3b97a0728
[2025-08-07 10:40:22,276] {taskinstance.py:1571} INFO - Exporting the following env vars:
AIRFLOW_CTX_DAG_OWNER=***
AIRFLOW_CTX_DAG_ID=example_xcom
AIRFLOW_CTX_TASK_ID=bash_pull
AIRFLOW_CTX_EXECUTION_DATE=2021-01-01T00:00:00+00:00
AIRFLOW_CTX_TRY_NUMBER=1
AIRFLOW_CTX_DAG_RUN_ID=scheduled__2021-01-01T00:00:00+00:00
[2025-08-07 10:40:22,280] {subprocess.py:62} INFO - Tmp dir root location: 
 /tmp
[2025-08-07 10:40:22,282] {subprocess.py:74} INFO - Running command: ['bash', '-c', 'echo "bash pull demo" && echo "The xcom pushed manually is manually_pushed_value" && echo "The returned_value xcom is value_by_return" && echo "finished"']
[2025-08-07 10:40:22,321] {subprocess.py:85} INFO - Output:
[2025-08-07 10:40:22,337] {subprocess.py:92} INFO - bash pull demo
[2025-08-07 10:40:22,340] {subprocess.py:92} INFO - The xcom pushed manually is manually_pushed_value
[2025-08-07 10:40:22,341] {subprocess.py:92} INFO - The returned_value xcom is value_by_return
[2025-08-07 10:40:22,342] {subprocess.py:92} INFO - finished
[2025-08-07 10:40:22,343] {subprocess.py:96} INFO - Command exited with return code 0
[2025-08-07 10:40:22,582] {taskinstance.py:1400} INFO - Marking task as SUCCESS. dag_id=example_xcom, task_id=bash_pull, execution_date=20210101T000000, start_date=20250807T104021, end_date=20250807T104022
[2025-08-07 10:40:22,721] {local_task_job.py:156} INFO - Task exited with return code 0
[2025-08-07 10:40:23,006] {local_task_job.py:273} INFO - 0 downstream tasks scheduled from follow-on schedule check
[2025-08-07 11:11:48,071] {taskinstance.py:1159} INFO - Dependencies all met for <TaskInstance: example_xcom.bash_pull scheduled__2021-01-01T00:00:00+00:00 [queued]>
[2025-08-07 11:11:48,104] {taskinstance.py:1159} INFO - Dependencies all met for <TaskInstance: example_xcom.bash_pull scheduled__2021-01-01T00:00:00+00:00 [queued]>
[2025-08-07 11:11:48,105] {taskinstance.py:1356} INFO - 
--------------------------------------------------------------------------------
[2025-08-07 11:11:48,106] {taskinstance.py:1357} INFO - Starting attempt 1 of 1
[2025-08-07 11:11:48,107] {taskinstance.py:1358} INFO - 
--------------------------------------------------------------------------------
[2025-08-07 11:11:48,142] {taskinstance.py:1377} INFO - Executing <Task(BashOperator): bash_pull> on 2021-01-01 00:00:00+00:00
[2025-08-07 11:11:48,152] {standard_task_runner.py:52} INFO - Started process 408 to run task
[2025-08-07 11:11:48,157] {standard_task_runner.py:79} INFO - Running: ['***', 'tasks', 'run', 'example_xcom', 'bash_pull', 'scheduled__2021-01-01T00:00:00+00:00', '--job-id', '23', '--raw', '--subdir', '/home/***/.local/lib/python3.7/site-packages/***/example_dags/example_xcom.py', '--cfg-path', '/tmp/tmpz783fabk', '--error-file', '/tmp/tmph0wxlhwi']
[2025-08-07 11:11:48,158] {standard_task_runner.py:80} INFO - Job 23: Subtask bash_pull
[2025-08-07 11:11:48,297] {task_command.py:369} INFO - Running <TaskInstance: example_xcom.bash_pull scheduled__2021-01-01T00:00:00+00:00 [running]> on host b22dcc1493a4
[2025-08-07 11:11:48,763] {taskinstance.py:1571} INFO - Exporting the following env vars:
AIRFLOW_CTX_DAG_OWNER=***
AIRFLOW_CTX_DAG_ID=example_xcom
AIRFLOW_CTX_TASK_ID=bash_pull
AIRFLOW_CTX_EXECUTION_DATE=2021-01-01T00:00:00+00:00
AIRFLOW_CTX_TRY_NUMBER=1
AIRFLOW_CTX_DAG_RUN_ID=scheduled__2021-01-01T00:00:00+00:00
[2025-08-07 11:11:48,764] {subprocess.py:62} INFO - Tmp dir root location: 
 /tmp
[2025-08-07 11:11:48,764] {subprocess.py:74} INFO - Running command: ['bash', '-c', 'echo "bash pull demo" && echo "The xcom pushed manually is manually_pushed_value" && echo "The returned_value xcom is value_by_return" && echo "finished"']
[2025-08-07 11:11:48,792] {subprocess.py:85} INFO - Output:
[2025-08-07 11:11:48,798] {subprocess.py:92} INFO - bash pull demo
[2025-08-07 11:11:48,799] {subprocess.py:92} INFO - The xcom pushed manually is manually_pushed_value
[2025-08-07 11:11:48,799] {subprocess.py:92} INFO - The returned_value xcom is value_by_return
[2025-08-07 11:11:48,799] {subprocess.py:92} INFO - finished
[2025-08-07 11:11:48,800] {subprocess.py:96} INFO - Command exited with return code 0
[2025-08-07 11:11:48,902] {taskinstance.py:1400} INFO - Marking task as SUCCESS. dag_id=example_xcom, task_id=bash_pull, execution_date=20210101T000000, start_date=20250807T111148, end_date=20250807T111148
[2025-08-07 11:11:49,018] {local_task_job.py:156} INFO - Task exited with return code 0
[2025-08-07 11:11:49,297] {local_task_job.py:273} INFO - 0 downstream tasks scheduled from follow-on schedule check
[2025-08-07 20:33:39,125] {taskinstance.py:1159} INFO - Dependencies all met for <TaskInstance: example_xcom.bash_pull scheduled__2021-01-01T00:00:00+00:00 [queued]>
[2025-08-07 20:33:39,146] {taskinstance.py:1159} INFO - Dependencies all met for <TaskInstance: example_xcom.bash_pull scheduled__2021-01-01T00:00:00+00:00 [queued]>
[2025-08-07 20:33:39,146] {taskinstance.py:1356} INFO - 
--------------------------------------------------------------------------------
[2025-08-07 20:33:39,146] {taskinstance.py:1357} INFO - Starting attempt 1 of 1
[2025-08-07 20:33:39,146] {taskinstance.py:1358} INFO - 
--------------------------------------------------------------------------------
[2025-08-07 20:33:39,177] {taskinstance.py:1377} INFO - Executing <Task(BashOperator): bash_pull> on 2021-01-01 00:00:00+00:00
[2025-08-07 20:33:39,197] {standard_task_runner.py:52} INFO - Started process 375 to run task
[2025-08-07 20:33:39,219] {standard_task_runner.py:79} INFO - Running: ['***', 'tasks', 'run', 'example_xcom', 'bash_pull', 'scheduled__2021-01-01T00:00:00+00:00', '--job-id', '20', '--raw', '--subdir', '/home/***/.local/lib/python3.7/site-packages/***/example_dags/example_xcom.py', '--cfg-path', '/tmp/tmpro20ch8l', '--error-file', '/tmp/tmp2gde_g0j']
[2025-08-07 20:33:39,221] {standard_task_runner.py:80} INFO - Job 20: Subtask bash_pull
[2025-08-07 20:33:39,463] {task_command.py:369} INFO - Running <TaskInstance: example_xcom.bash_pull scheduled__2021-01-01T00:00:00+00:00 [running]> on host 034e74559af0
[2025-08-07 20:33:40,404] {taskinstance.py:1571} INFO - Exporting the following env vars:
AIRFLOW_CTX_DAG_OWNER=***
AIRFLOW_CTX_DAG_ID=example_xcom
AIRFLOW_CTX_TASK_ID=bash_pull
AIRFLOW_CTX_EXECUTION_DATE=2021-01-01T00:00:00+00:00
AIRFLOW_CTX_TRY_NUMBER=1
AIRFLOW_CTX_DAG_RUN_ID=scheduled__2021-01-01T00:00:00+00:00
[2025-08-07 20:33:40,409] {subprocess.py:62} INFO - Tmp dir root location: 
 /tmp
[2025-08-07 20:33:40,410] {subprocess.py:74} INFO - Running command: ['bash', '-c', 'echo "bash pull demo" && echo "The xcom pushed manually is manually_pushed_value" && echo "The returned_value xcom is value_by_return" && echo "finished"']
[2025-08-07 20:33:40,493] {subprocess.py:85} INFO - Output:
[2025-08-07 20:33:40,670] {subprocess.py:92} INFO - bash pull demo
[2025-08-07 20:33:40,672] {subprocess.py:92} INFO - The xcom pushed manually is manually_pushed_value
[2025-08-07 20:33:40,681] {subprocess.py:92} INFO - The returned_value xcom is value_by_return
[2025-08-07 20:33:40,681] {subprocess.py:92} INFO - finished
[2025-08-07 20:33:40,681] {subprocess.py:96} INFO - Command exited with return code 0
[2025-08-07 20:33:43,886] {taskinstance.py:1400} INFO - Marking task as SUCCESS. dag_id=example_xcom, task_id=bash_pull, execution_date=20210101T000000, start_date=20250807T203339, end_date=20250807T203343
[2025-08-07 20:33:45,523] {local_task_job.py:156} INFO - Task exited with return code 0
[2025-08-07 20:33:45,968] {local_task_job.py:273} INFO - 0 downstream tasks scheduled from follow-on schedule check
[2025-08-08 08:55:08,435] {taskinstance.py:1159} INFO - Dependencies all met for <TaskInstance: example_xcom.bash_pull scheduled__2021-01-01T00:00:00+00:00 [queued]>
[2025-08-08 08:55:08,479] {taskinstance.py:1159} INFO - Dependencies all met for <TaskInstance: example_xcom.bash_pull scheduled__2021-01-01T00:00:00+00:00 [queued]>
[2025-08-08 08:55:08,479] {taskinstance.py:1356} INFO - 
--------------------------------------------------------------------------------
[2025-08-08 08:55:08,480] {taskinstance.py:1357} INFO - Starting attempt 1 of 1
[2025-08-08 08:55:08,480] {taskinstance.py:1358} INFO - 
--------------------------------------------------------------------------------
[2025-08-08 08:55:08,506] {taskinstance.py:1377} INFO - Executing <Task(BashOperator): bash_pull> on 2021-01-01 00:00:00+00:00
[2025-08-08 08:55:08,526] {standard_task_runner.py:52} INFO - Started process 404 to run task
[2025-08-08 08:55:08,540] {standard_task_runner.py:79} INFO - Running: ['***', 'tasks', 'run', 'example_xcom', 'bash_pull', 'scheduled__2021-01-01T00:00:00+00:00', '--job-id', '22', '--raw', '--subdir', '/home/***/.local/lib/python3.7/site-packages/***/example_dags/example_xcom.py', '--cfg-path', '/tmp/tmpoktc7n2r', '--error-file', '/tmp/tmp41nc29pi']
[2025-08-08 08:55:08,542] {standard_task_runner.py:80} INFO - Job 22: Subtask bash_pull
[2025-08-08 08:55:08,659] {task_command.py:369} INFO - Running <TaskInstance: example_xcom.bash_pull scheduled__2021-01-01T00:00:00+00:00 [running]> on host abdeb7f02efc
[2025-08-08 08:55:09,358] {taskinstance.py:1571} INFO - Exporting the following env vars:
AIRFLOW_CTX_DAG_OWNER=***
AIRFLOW_CTX_DAG_ID=example_xcom
AIRFLOW_CTX_TASK_ID=bash_pull
AIRFLOW_CTX_EXECUTION_DATE=2021-01-01T00:00:00+00:00
AIRFLOW_CTX_TRY_NUMBER=1
AIRFLOW_CTX_DAG_RUN_ID=scheduled__2021-01-01T00:00:00+00:00
[2025-08-08 08:55:09,359] {subprocess.py:62} INFO - Tmp dir root location: 
 /tmp
[2025-08-08 08:55:09,389] {subprocess.py:74} INFO - Running command: ['bash', '-c', 'echo "bash pull demo" && echo "The xcom pushed manually is manually_pushed_value" && echo "The returned_value xcom is value_by_return" && echo "finished"']
[2025-08-08 08:55:09,471] {subprocess.py:85} INFO - Output:
[2025-08-08 08:55:09,475] {subprocess.py:92} INFO - bash pull demo
[2025-08-08 08:55:09,476] {subprocess.py:92} INFO - The xcom pushed manually is manually_pushed_value
[2025-08-08 08:55:09,477] {subprocess.py:92} INFO - The returned_value xcom is value_by_return
[2025-08-08 08:55:09,477] {subprocess.py:92} INFO - finished
[2025-08-08 08:55:09,478] {subprocess.py:96} INFO - Command exited with return code 0
[2025-08-08 08:55:09,641] {taskinstance.py:1400} INFO - Marking task as SUCCESS. dag_id=example_xcom, task_id=bash_pull, execution_date=20210101T000000, start_date=20250808T085508, end_date=20250808T085509
[2025-08-08 08:55:09,766] {local_task_job.py:156} INFO - Task exited with return code 0
[2025-08-08 08:55:09,980] {local_task_job.py:273} INFO - 0 downstream tasks scheduled from follow-on schedule check
