[2025-08-07 10:40:21,469] {taskinstance.py:1159} INFO - Dependencies all met for <TaskInstance: tutorial.print_date scheduled__2025-08-06T10:40:20.102301+00:00 [queued]>
[2025-08-07 10:40:21,493] {taskinstance.py:1159} INFO - Dependencies all met for <TaskInstance: tutorial.print_date scheduled__2025-08-06T10:40:20.102301+00:00 [queued]>
[2025-08-07 10:40:21,493] {taskinstance.py:1356} INFO - 
--------------------------------------------------------------------------------
[2025-08-07 10:40:21,493] {taskinstance.py:1357} INFO - Starting attempt 1 of 2
[2025-08-07 10:40:21,493] {taskinstance.py:1358} INFO - 
--------------------------------------------------------------------------------
[2025-08-07 10:40:21,530] {taskinstance.py:1377} INFO - Executing <Task(BashOperator): print_date> on 2025-08-06 10:40:20.102301+00:00
[2025-08-07 10:40:21,545] {standard_task_runner.py:52} INFO - Started process 396 to run task
[2025-08-07 10:40:21,555] {standard_task_runner.py:79} INFO - Running: ['***', 'tasks', 'run', 'tutorial', 'print_date', 'scheduled__2025-08-06T10:40:20.102301+00:00', '--job-id', '22', '--raw', '--subdir', '/home/***/.local/lib/python3.7/site-packages/***/example_dags/tutorial.py', '--cfg-path', '/tmp/tmpft16mijg', '--error-file', '/tmp/tmp45kadzht']
[2025-08-07 10:40:21,557] {standard_task_runner.py:80} INFO - Job 22: Subtask print_date
[2025-08-07 10:40:21,686] {task_command.py:369} INFO - Running <TaskInstance: tutorial.print_date scheduled__2025-08-06T10:40:20.102301+00:00 [running]> on host 81d3b97a0728
[2025-08-07 10:40:22,251] {taskinstance.py:1571} INFO - Exporting the following env vars:
AIRFLOW_CTX_DAG_EMAIL=***@example.com
AIRFLOW_CTX_DAG_OWNER=***
AIRFLOW_CTX_DAG_ID=tutorial
AIRFLOW_CTX_TASK_ID=print_date
AIRFLOW_CTX_EXECUTION_DATE=2025-08-06T10:40:20.102301+00:00
AIRFLOW_CTX_TRY_NUMBER=1
AIRFLOW_CTX_DAG_RUN_ID=scheduled__2025-08-06T10:40:20.102301+00:00
[2025-08-07 10:40:22,254] {subprocess.py:62} INFO - Tmp dir root location: 
 /tmp
[2025-08-07 10:40:22,263] {subprocess.py:74} INFO - Running command: ['bash', '-c', 'date']
[2025-08-07 10:40:22,391] {subprocess.py:85} INFO - Output:
[2025-08-07 10:40:22,413] {subprocess.py:92} INFO - Thu Aug  7 10:40:22 UTC 2025
[2025-08-07 10:40:22,414] {subprocess.py:96} INFO - Command exited with return code 0
[2025-08-07 10:40:22,584] {taskinstance.py:1400} INFO - Marking task as SUCCESS. dag_id=tutorial, task_id=print_date, execution_date=20250806T104020, start_date=20250807T104021, end_date=20250807T104022
[2025-08-07 10:40:22,650] {local_task_job.py:156} INFO - Task exited with return code 0
[2025-08-07 10:40:22,779] {local_task_job.py:273} INFO - 2 downstream tasks scheduled from follow-on schedule check
