[2025-08-07 03:29:59,102] {taskinstance.py:1159} INFO - Dependencies all met for <TaskInstance: example_task_group_decorator.task_group_function__2.task_2 scheduled__2025-08-06T03:29:51.354934+00:00 [queued]>
[2025-08-07 03:29:59,127] {taskinstance.py:1159} INFO - Dependencies all met for <TaskInstance: example_task_group_decorator.task_group_function__2.task_2 scheduled__2025-08-06T03:29:51.354934+00:00 [queued]>
[2025-08-07 03:29:59,128] {taskinstance.py:1356} INFO - 
--------------------------------------------------------------------------------
[2025-08-07 03:29:59,128] {taskinstance.py:1357} INFO - Starting attempt 1 of 1
[2025-08-07 03:29:59,128] {taskinstance.py:1358} INFO - 
--------------------------------------------------------------------------------
[2025-08-07 03:29:59,161] {taskinstance.py:1377} INFO - Executing <Task(_PythonDecoratedOperator): task_group_function__2.task_2> on 2025-08-06 03:29:51.354934+00:00
[2025-08-07 03:29:59,172] {standard_task_runner.py:52} INFO - Started process 529 to run task
[2025-08-07 03:29:59,182] {standard_task_runner.py:79} INFO - Running: ['***', 'tasks', 'run', 'example_task_group_decorator', 'task_group_function__2.task_2', 'scheduled__2025-08-06T03:29:51.354934+00:00', '--job-id', '47', '--raw', '--subdir', '/home/***/.local/lib/python3.7/site-packages/***/example_dags/example_task_group_decorator.py', '--cfg-path', '/tmp/tmp1a5p0sna', '--error-file', '/tmp/tmptgkcbg42']
[2025-08-07 03:29:59,185] {standard_task_runner.py:80} INFO - Job 47: Subtask task_group_function__2.task_2
[2025-08-07 03:29:59,287] {task_command.py:369} INFO - Running <TaskInstance: example_task_group_decorator.task_group_function__2.task_2 scheduled__2025-08-06T03:29:51.354934+00:00 [running]> on host 47565329e35b
[2025-08-07 03:29:59,707] {taskinstance.py:1571} INFO - Exporting the following env vars:
AIRFLOW_CTX_DAG_OWNER=***
AIRFLOW_CTX_DAG_ID=example_task_group_decorator
AIRFLOW_CTX_TASK_ID=task_group_function__2.task_2
AIRFLOW_CTX_EXECUTION_DATE=2025-08-06T03:29:51.354934+00:00
AIRFLOW_CTX_TRY_NUMBER=1
AIRFLOW_CTX_DAG_RUN_ID=scheduled__2025-08-06T03:29:51.354934+00:00
[2025-08-07 03:29:59,709] {python.py:173} INFO - Done. Returned value was: [ Task2 [ Task1 2 ] ]
[2025-08-07 03:29:59,777] {taskinstance.py:1400} INFO - Marking task as SUCCESS. dag_id=example_task_group_decorator, task_id=task_group_function__2.task_2, execution_date=20250806T032951, start_date=20250807T032959, end_date=20250807T032959
[2025-08-07 03:29:59,836] {local_task_job.py:156} INFO - Task exited with return code 0
[2025-08-07 03:30:00,056] {local_task_job.py:273} INFO - 0 downstream tasks scheduled from follow-on schedule check
