[2025-08-07 11:11:50,071] {taskinstance.py:1159} INFO - Dependencies all met for <TaskInstance: tutorial.templated scheduled__2025-08-06T11:11:46.712196+00:00 [queued]>
[2025-08-07 11:11:50,099] {taskinstance.py:1159} INFO - Dependencies all met for <TaskInstance: tutorial.templated scheduled__2025-08-06T11:11:46.712196+00:00 [queued]>
[2025-08-07 11:11:50,099] {taskinstance.py:1356} INFO - 
--------------------------------------------------------------------------------
[2025-08-07 11:11:50,099] {taskinstance.py:1357} INFO - Starting attempt 1 of 2
[2025-08-07 11:11:50,100] {taskinstance.py:1358} INFO - 
--------------------------------------------------------------------------------
[2025-08-07 11:11:50,134] {taskinstance.py:1377} INFO - Executing <Task(BashOperator): templated> on 2025-08-06 11:11:46.712196+00:00
[2025-08-07 11:11:50,146] {standard_task_runner.py:52} INFO - Started process 476 to run task
[2025-08-07 11:11:50,156] {standard_task_runner.py:79} INFO - Running: ['***', 'tasks', 'run', 'tutorial', 'templated', 'scheduled__2025-08-06T11:11:46.712196+00:00', '--job-id', '30', '--raw', '--subdir', '/home/***/.local/lib/python3.7/site-packages/***/example_dags/tutorial.py', '--cfg-path', '/tmp/tmpgj6wxgc2', '--error-file', '/tmp/tmpjj3vspcs']
[2025-08-07 11:11:50,159] {standard_task_runner.py:80} INFO - Job 30: Subtask templated
[2025-08-07 11:11:50,319] {task_command.py:369} INFO - Running <TaskInstance: tutorial.templated scheduled__2025-08-06T11:11:46.712196+00:00 [running]> on host b22dcc1493a4
[2025-08-07 11:11:51,248] {taskinstance.py:1571} INFO - Exporting the following env vars:
AIRFLOW_CTX_DAG_EMAIL=***@example.com
AIRFLOW_CTX_DAG_OWNER=***
AIRFLOW_CTX_DAG_ID=tutorial
AIRFLOW_CTX_TASK_ID=templated
AIRFLOW_CTX_EXECUTION_DATE=2025-08-06T11:11:46.712196+00:00
AIRFLOW_CTX_TRY_NUMBER=1
AIRFLOW_CTX_DAG_RUN_ID=scheduled__2025-08-06T11:11:46.712196+00:00
[2025-08-07 11:11:51,249] {subprocess.py:62} INFO - Tmp dir root location: 
 /tmp
[2025-08-07 11:11:51,250] {subprocess.py:74} INFO - Running command: ['bash', '-c', '\n\n    echo "2025-08-06"\n    echo "2025-08-13"\n\n    echo "2025-08-06"\n    echo "2025-08-13"\n\n    echo "2025-08-06"\n    echo "2025-08-13"\n\n    echo "2025-08-06"\n    echo "2025-08-13"\n\n    echo "2025-08-06"\n    echo "2025-08-13"\n']
[2025-08-07 11:11:51,301] {subprocess.py:85} INFO - Output:
[2025-08-07 11:11:51,326] {subprocess.py:92} INFO - 2025-08-06
[2025-08-07 11:11:51,328] {subprocess.py:92} INFO - 2025-08-13
[2025-08-07 11:11:51,329] {subprocess.py:92} INFO - 2025-08-06
[2025-08-07 11:11:51,329] {subprocess.py:92} INFO - 2025-08-13
[2025-08-07 11:11:51,330] {subprocess.py:92} INFO - 2025-08-06
[2025-08-07 11:11:51,330] {subprocess.py:92} INFO - 2025-08-13
[2025-08-07 11:11:51,331] {subprocess.py:92} INFO - 2025-08-06
[2025-08-07 11:11:51,331] {subprocess.py:92} INFO - 2025-08-13
[2025-08-07 11:11:51,331] {subprocess.py:92} INFO - 2025-08-06
[2025-08-07 11:11:51,332] {subprocess.py:92} INFO - 2025-08-13
[2025-08-07 11:11:51,334] {subprocess.py:96} INFO - Command exited with return code 0
[2025-08-07 11:11:51,501] {taskinstance.py:1400} INFO - Marking task as SUCCESS. dag_id=tutorial, task_id=templated, execution_date=20250806T111146, start_date=20250807T111150, end_date=20250807T111151
[2025-08-07 11:11:51,581] {local_task_job.py:156} INFO - Task exited with return code 0
[2025-08-07 11:11:51,688] {local_task_job.py:273} INFO - 0 downstream tasks scheduled from follow-on schedule check
