[2025-08-07 03:51:56,117] {taskinstance.py:1159} INFO - Dependencies all met for <TaskInstance: send_weather_to_kafka.fetch_and_send_weather scheduled__2025-08-07T03:49:55.509949+00:00 [queued]>
[2025-08-07 03:51:56,136] {taskinstance.py:1159} INFO - Dependencies all met for <TaskInstance: send_weather_to_kafka.fetch_and_send_weather scheduled__2025-08-07T03:49:55.509949+00:00 [queued]>
[2025-08-07 03:51:56,137] {taskinstance.py:1356} INFO - 
--------------------------------------------------------------------------------
[2025-08-07 03:51:56,137] {taskinstance.py:1357} INFO - Starting attempt 1 of 2
[2025-08-07 03:51:56,137] {taskinstance.py:1358} INFO - 
--------------------------------------------------------------------------------
[2025-08-07 03:51:56,168] {taskinstance.py:1377} INFO - Executing <Task(BashOperator): fetch_and_send_weather> on 2025-08-07 03:49:55.509949+00:00
[2025-08-07 03:51:56,178] {standard_task_runner.py:52} INFO - Started process 6453 to run task
[2025-08-07 03:51:56,182] {standard_task_runner.py:79} INFO - Running: ['***', 'tasks', 'run', 'send_weather_to_kafka', 'fetch_and_send_weather', 'scheduled__2025-08-07T03:49:55.509949+00:00', '--job-id', '133', '--raw', '--subdir', 'DAGS_FOLDER/dag_meteo.py', '--cfg-path', '/tmp/tmp3lnm_xa8', '--error-file', '/tmp/tmprijp94mm']
[2025-08-07 03:51:56,184] {standard_task_runner.py:80} INFO - Job 133: Subtask fetch_and_send_weather
[2025-08-07 03:51:56,266] {task_command.py:369} INFO - Running <TaskInstance: send_weather_to_kafka.fetch_and_send_weather scheduled__2025-08-07T03:49:55.509949+00:00 [running]> on host 92a46ac2453f
[2025-08-07 03:51:56,523] {taskinstance.py:1571} INFO - Exporting the following env vars:
AIRFLOW_CTX_DAG_OWNER=alla
AIRFLOW_CTX_DAG_ID=send_weather_to_kafka
AIRFLOW_CTX_TASK_ID=fetch_and_send_weather
AIRFLOW_CTX_EXECUTION_DATE=2025-08-07T03:49:55.509949+00:00
AIRFLOW_CTX_TRY_NUMBER=1
AIRFLOW_CTX_DAG_RUN_ID=scheduled__2025-08-07T03:49:55.509949+00:00
[2025-08-07 03:51:56,524] {subprocess.py:62} INFO - Tmp dir root location: 
 /tmp
[2025-08-07 03:51:56,524] {subprocess.py:74} INFO - Running command: ['bash', '-c', 'cd /opt/***/scripts && python3 kafka/producer.py']
[2025-08-07 03:51:56,542] {subprocess.py:85} INFO - Output:
[2025-08-07 03:51:58,040] {subprocess.py:92} INFO - Envoi vers Kafka : {'temperature': 28, 'humidity': 84, 'windSpeed': 3.1, 'cloudCover': 23, 'rainIntensity': 0, 'timestamp': '2025-08-07T03:51:00Z'}
[2025-08-07 03:51:58,105] {subprocess.py:96} INFO - Command exited with return code 0
[2025-08-07 03:51:58,155] {taskinstance.py:1400} INFO - Marking task as SUCCESS. dag_id=send_weather_to_kafka, task_id=fetch_and_send_weather, execution_date=20250807T034955, start_date=20250807T035156, end_date=20250807T035158
[2025-08-07 03:51:58,202] {local_task_job.py:156} INFO - Task exited with return code 0
[2025-08-07 03:51:58,257] {local_task_job.py:273} INFO - 1 downstream tasks scheduled from follow-on schedule check
