[2025-08-07 03:22:15,114] {taskinstance.py:1159} INFO - Dependencies all met for <TaskInstance: example_subdag_operator.section-2 scheduled__2025-08-05T00:00:00+00:00 [queued]>
[2025-08-07 03:22:15,126] {taskinstance.py:1159} INFO - Dependencies all met for <TaskInstance: example_subdag_operator.section-2 scheduled__2025-08-05T00:00:00+00:00 [queued]>
[2025-08-07 03:22:15,126] {taskinstance.py:1356} INFO - 
--------------------------------------------------------------------------------
[2025-08-07 03:22:15,126] {taskinstance.py:1357} INFO - Starting attempt 1 of 3
[2025-08-07 03:22:15,126] {taskinstance.py:1358} INFO - 
--------------------------------------------------------------------------------
[2025-08-07 03:22:15,145] {taskinstance.py:1377} INFO - Executing <Task(SubDagOperator): section-2> on 2025-08-05 00:00:00+00:00
[2025-08-07 03:22:15,152] {standard_task_runner.py:52} INFO - Started process 1117 to run task
[2025-08-07 03:22:15,157] {standard_task_runner.py:79} INFO - Running: ['***', 'tasks', 'run', 'example_subdag_operator', 'section-2', 'scheduled__2025-08-05T00:00:00+00:00', '--job-id', '63', '--raw', '--subdir', '/home/***/.local/lib/python3.7/site-packages/***/example_dags/example_subdag_operator.py', '--cfg-path', '/tmp/tmpq1hxz3v8', '--error-file', '/tmp/tmpoqqutbeb']
[2025-08-07 03:22:15,158] {standard_task_runner.py:80} INFO - Job 63: Subtask section-2
[2025-08-07 03:22:15,230] {task_command.py:369} INFO - Running <TaskInstance: example_subdag_operator.section-2 scheduled__2025-08-05T00:00:00+00:00 [running]> on host f83ee74b89ef
[2025-08-07 03:22:15,483] {taskinstance.py:1571} INFO - Exporting the following env vars:
AIRFLOW_CTX_DAG_OWNER=***
AIRFLOW_CTX_DAG_ID=example_subdag_operator
AIRFLOW_CTX_TASK_ID=section-2
AIRFLOW_CTX_EXECUTION_DATE=2025-08-05T00:00:00+00:00
AIRFLOW_CTX_TRY_NUMBER=1
AIRFLOW_CTX_DAG_RUN_ID=scheduled__2025-08-05T00:00:00+00:00
[2025-08-07 03:22:15,492] {logging_mixin.py:115} WARNING - /home/***/.local/lib/python3.7/site-packages/***/utils/context.py:202 AirflowContextDeprecationWarning: Accessing 'execution_date' from the template is deprecated and will be removed in a future version. Please use 'data_interval_start' or 'logical_date' instead.
[2025-08-07 03:22:15,535] {subdag.py:176} INFO - Created DagRun: scheduled__2025-08-05T00:00:00+00:00
[2025-08-07 03:23:15,620] {base.py:301} INFO - Success criteria met. Exiting.
[2025-08-07 03:23:15,632] {subdag.py:191} INFO - Execution finished. State is success
[2025-08-07 03:23:15,657] {taskinstance.py:1400} INFO - Marking task as SUCCESS. dag_id=example_subdag_operator, task_id=section-2, execution_date=20250805T000000, start_date=20250807T032215, end_date=20250807T032315
[2025-08-07 03:23:15,704] {local_task_job.py:156} INFO - Task exited with return code 0
[2025-08-07 03:23:15,763] {local_task_job.py:273} INFO - 1 downstream tasks scheduled from follow-on schedule check
[2025-08-07 03:30:50,895] {taskinstance.py:1159} INFO - Dependencies all met for <TaskInstance: example_subdag_operator.section-2 scheduled__2025-08-05T00:00:00+00:00 [queued]>
[2025-08-07 03:30:50,911] {taskinstance.py:1159} INFO - Dependencies all met for <TaskInstance: example_subdag_operator.section-2 scheduled__2025-08-05T00:00:00+00:00 [queued]>
[2025-08-07 03:30:50,911] {taskinstance.py:1356} INFO - 
--------------------------------------------------------------------------------
[2025-08-07 03:30:50,911] {taskinstance.py:1357} INFO - Starting attempt 1 of 3
[2025-08-07 03:30:50,911] {taskinstance.py:1358} INFO - 
--------------------------------------------------------------------------------
[2025-08-07 03:30:50,931] {taskinstance.py:1377} INFO - Executing <Task(SubDagOperator): section-2> on 2025-08-05 00:00:00+00:00
[2025-08-07 03:30:50,937] {standard_task_runner.py:52} INFO - Started process 1119 to run task
[2025-08-07 03:30:50,941] {standard_task_runner.py:79} INFO - Running: ['***', 'tasks', 'run', 'example_subdag_operator', 'section-2', 'scheduled__2025-08-05T00:00:00+00:00', '--job-id', '64', '--raw', '--subdir', '/home/***/.local/lib/python3.7/site-packages/***/example_dags/example_subdag_operator.py', '--cfg-path', '/tmp/tmpv__9zbzw', '--error-file', '/tmp/tmp6b4lle1e']
[2025-08-07 03:30:50,943] {standard_task_runner.py:80} INFO - Job 64: Subtask section-2
[2025-08-07 03:30:51,013] {task_command.py:369} INFO - Running <TaskInstance: example_subdag_operator.section-2 scheduled__2025-08-05T00:00:00+00:00 [running]> on host 47565329e35b
[2025-08-07 03:30:51,278] {taskinstance.py:1571} INFO - Exporting the following env vars:
AIRFLOW_CTX_DAG_OWNER=***
AIRFLOW_CTX_DAG_ID=example_subdag_operator
AIRFLOW_CTX_TASK_ID=section-2
AIRFLOW_CTX_EXECUTION_DATE=2025-08-05T00:00:00+00:00
AIRFLOW_CTX_TRY_NUMBER=1
AIRFLOW_CTX_DAG_RUN_ID=scheduled__2025-08-05T00:00:00+00:00
[2025-08-07 03:30:51,289] {logging_mixin.py:115} WARNING - /home/***/.local/lib/python3.7/site-packages/***/utils/context.py:202 AirflowContextDeprecationWarning: Accessing 'execution_date' from the template is deprecated and will be removed in a future version. Please use 'data_interval_start' or 'logical_date' instead.
[2025-08-07 03:30:51,334] {subdag.py:176} INFO - Created DagRun: scheduled__2025-08-05T00:00:00+00:00
[2025-08-07 03:31:51,419] {base.py:301} INFO - Success criteria met. Exiting.
[2025-08-07 03:31:51,433] {subdag.py:191} INFO - Execution finished. State is success
[2025-08-07 03:31:51,452] {taskinstance.py:1400} INFO - Marking task as SUCCESS. dag_id=example_subdag_operator, task_id=section-2, execution_date=20250805T000000, start_date=20250807T033050, end_date=20250807T033151
[2025-08-07 03:31:51,528] {local_task_job.py:156} INFO - Task exited with return code 0
[2025-08-07 03:31:51,592] {local_task_job.py:273} INFO - 0 downstream tasks scheduled from follow-on schedule check
[2025-08-07 03:40:59,708] {taskinstance.py:1159} INFO - Dependencies all met for <TaskInstance: example_subdag_operator.section-2 scheduled__2025-08-05T00:00:00+00:00 [queued]>
[2025-08-07 03:40:59,735] {taskinstance.py:1159} INFO - Dependencies all met for <TaskInstance: example_subdag_operator.section-2 scheduled__2025-08-05T00:00:00+00:00 [queued]>
[2025-08-07 03:40:59,736] {taskinstance.py:1356} INFO - 
--------------------------------------------------------------------------------
[2025-08-07 03:40:59,736] {taskinstance.py:1357} INFO - Starting attempt 1 of 3
[2025-08-07 03:40:59,736] {taskinstance.py:1358} INFO - 
--------------------------------------------------------------------------------
[2025-08-07 03:40:59,779] {taskinstance.py:1377} INFO - Executing <Task(SubDagOperator): section-2> on 2025-08-05 00:00:00+00:00
[2025-08-07 03:40:59,794] {standard_task_runner.py:52} INFO - Started process 1106 to run task
[2025-08-07 03:40:59,802] {standard_task_runner.py:79} INFO - Running: ['***', 'tasks', 'run', 'example_subdag_operator', 'section-2', 'scheduled__2025-08-05T00:00:00+00:00', '--job-id', '65', '--raw', '--subdir', '/home/***/.local/lib/python3.7/site-packages/***/example_dags/example_subdag_operator.py', '--cfg-path', '/tmp/tmpfmjf7xfp', '--error-file', '/tmp/tmpjaoo1ewg']
[2025-08-07 03:40:59,805] {standard_task_runner.py:80} INFO - Job 65: Subtask section-2
[2025-08-07 03:40:59,965] {task_command.py:369} INFO - Running <TaskInstance: example_subdag_operator.section-2 scheduled__2025-08-05T00:00:00+00:00 [running]> on host 92a46ac2453f
[2025-08-07 03:41:00,431] {taskinstance.py:1571} INFO - Exporting the following env vars:
AIRFLOW_CTX_DAG_OWNER=***
AIRFLOW_CTX_DAG_ID=example_subdag_operator
AIRFLOW_CTX_TASK_ID=section-2
AIRFLOW_CTX_EXECUTION_DATE=2025-08-05T00:00:00+00:00
AIRFLOW_CTX_TRY_NUMBER=1
AIRFLOW_CTX_DAG_RUN_ID=scheduled__2025-08-05T00:00:00+00:00
[2025-08-07 03:41:00,448] {logging_mixin.py:115} WARNING - /home/***/.local/lib/python3.7/site-packages/***/utils/context.py:202 AirflowContextDeprecationWarning: Accessing 'execution_date' from the template is deprecated and will be removed in a future version. Please use 'data_interval_start' or 'logical_date' instead.
[2025-08-07 03:41:00,503] {subdag.py:176} INFO - Created DagRun: scheduled__2025-08-05T00:00:00+00:00
[2025-08-07 03:42:00,591] {base.py:301} INFO - Success criteria met. Exiting.
[2025-08-07 03:42:00,602] {subdag.py:191} INFO - Execution finished. State is success
[2025-08-07 03:42:00,645] {taskinstance.py:1400} INFO - Marking task as SUCCESS. dag_id=example_subdag_operator, task_id=section-2, execution_date=20250805T000000, start_date=20250807T034059, end_date=20250807T034200
[2025-08-07 03:42:00,688] {local_task_job.py:156} INFO - Task exited with return code 0
[2025-08-07 03:42:00,793] {local_task_job.py:273} INFO - 1 downstream tasks scheduled from follow-on schedule check
[2025-08-07 10:41:21,388] {taskinstance.py:1159} INFO - Dependencies all met for <TaskInstance: example_subdag_operator.section-2 scheduled__2025-08-05T00:00:00+00:00 [queued]>
[2025-08-07 10:41:21,407] {taskinstance.py:1159} INFO - Dependencies all met for <TaskInstance: example_subdag_operator.section-2 scheduled__2025-08-05T00:00:00+00:00 [queued]>
[2025-08-07 10:41:21,407] {taskinstance.py:1356} INFO - 
--------------------------------------------------------------------------------
[2025-08-07 10:41:21,407] {taskinstance.py:1357} INFO - Starting attempt 1 of 3
[2025-08-07 10:41:21,408] {taskinstance.py:1358} INFO - 
--------------------------------------------------------------------------------
[2025-08-07 10:41:21,429] {taskinstance.py:1377} INFO - Executing <Task(SubDagOperator): section-2> on 2025-08-05 00:00:00+00:00
[2025-08-07 10:41:21,439] {standard_task_runner.py:52} INFO - Started process 1090 to run task
[2025-08-07 10:41:21,445] {standard_task_runner.py:79} INFO - Running: ['***', 'tasks', 'run', 'example_subdag_operator', 'section-2', 'scheduled__2025-08-05T00:00:00+00:00', '--job-id', '62', '--raw', '--subdir', '/home/***/.local/lib/python3.7/site-packages/***/example_dags/example_subdag_operator.py', '--cfg-path', '/tmp/tmpbpv4s5ci', '--error-file', '/tmp/tmprm0orhic']
[2025-08-07 10:41:21,448] {standard_task_runner.py:80} INFO - Job 62: Subtask section-2
[2025-08-07 10:41:21,553] {task_command.py:369} INFO - Running <TaskInstance: example_subdag_operator.section-2 scheduled__2025-08-05T00:00:00+00:00 [running]> on host 81d3b97a0728
[2025-08-07 10:41:21,892] {taskinstance.py:1571} INFO - Exporting the following env vars:
AIRFLOW_CTX_DAG_OWNER=***
AIRFLOW_CTX_DAG_ID=example_subdag_operator
AIRFLOW_CTX_TASK_ID=section-2
AIRFLOW_CTX_EXECUTION_DATE=2025-08-05T00:00:00+00:00
AIRFLOW_CTX_TRY_NUMBER=1
AIRFLOW_CTX_DAG_RUN_ID=scheduled__2025-08-05T00:00:00+00:00
[2025-08-07 10:41:21,907] {logging_mixin.py:115} WARNING - /home/***/.local/lib/python3.7/site-packages/***/utils/context.py:202 AirflowContextDeprecationWarning: Accessing 'execution_date' from the template is deprecated and will be removed in a future version. Please use 'data_interval_start' or 'logical_date' instead.
[2025-08-07 10:41:21,971] {subdag.py:176} INFO - Created DagRun: scheduled__2025-08-05T00:00:00+00:00
[2025-08-07 10:42:22,019] {base.py:301} INFO - Success criteria met. Exiting.
[2025-08-07 10:42:22,032] {subdag.py:191} INFO - Execution finished. State is success
[2025-08-07 10:42:22,052] {taskinstance.py:1400} INFO - Marking task as SUCCESS. dag_id=example_subdag_operator, task_id=section-2, execution_date=20250805T000000, start_date=20250807T104121, end_date=20250807T104222
[2025-08-07 10:42:22,121] {local_task_job.py:156} INFO - Task exited with return code 0
[2025-08-07 10:42:22,182] {local_task_job.py:273} INFO - 1 downstream tasks scheduled from follow-on schedule check
[2025-08-07 11:12:47,964] {taskinstance.py:1159} INFO - Dependencies all met for <TaskInstance: example_subdag_operator.section-2 scheduled__2025-08-05T00:00:00+00:00 [queued]>
[2025-08-07 11:12:47,981] {taskinstance.py:1159} INFO - Dependencies all met for <TaskInstance: example_subdag_operator.section-2 scheduled__2025-08-05T00:00:00+00:00 [queued]>
[2025-08-07 11:12:47,982] {taskinstance.py:1356} INFO - 
--------------------------------------------------------------------------------
[2025-08-07 11:12:47,982] {taskinstance.py:1357} INFO - Starting attempt 1 of 3
[2025-08-07 11:12:47,983] {taskinstance.py:1358} INFO - 
--------------------------------------------------------------------------------
[2025-08-07 11:12:48,027] {taskinstance.py:1377} INFO - Executing <Task(SubDagOperator): section-2> on 2025-08-05 00:00:00+00:00
[2025-08-07 11:12:48,037] {standard_task_runner.py:52} INFO - Started process 1161 to run task
[2025-08-07 11:12:48,042] {standard_task_runner.py:79} INFO - Running: ['***', 'tasks', 'run', 'example_subdag_operator', 'section-2', 'scheduled__2025-08-05T00:00:00+00:00', '--job-id', '64', '--raw', '--subdir', '/home/***/.local/lib/python3.7/site-packages/***/example_dags/example_subdag_operator.py', '--cfg-path', '/tmp/tmpoi5vx93_', '--error-file', '/tmp/tmp6f5wo77f']
[2025-08-07 11:12:48,044] {standard_task_runner.py:80} INFO - Job 64: Subtask section-2
[2025-08-07 11:12:48,168] {task_command.py:369} INFO - Running <TaskInstance: example_subdag_operator.section-2 scheduled__2025-08-05T00:00:00+00:00 [running]> on host b22dcc1493a4
[2025-08-07 11:12:48,642] {taskinstance.py:1571} INFO - Exporting the following env vars:
AIRFLOW_CTX_DAG_OWNER=***
AIRFLOW_CTX_DAG_ID=example_subdag_operator
AIRFLOW_CTX_TASK_ID=section-2
AIRFLOW_CTX_EXECUTION_DATE=2025-08-05T00:00:00+00:00
AIRFLOW_CTX_TRY_NUMBER=1
AIRFLOW_CTX_DAG_RUN_ID=scheduled__2025-08-05T00:00:00+00:00
[2025-08-07 11:12:48,652] {logging_mixin.py:115} WARNING - /home/***/.local/lib/python3.7/site-packages/***/utils/context.py:202 AirflowContextDeprecationWarning: Accessing 'execution_date' from the template is deprecated and will be removed in a future version. Please use 'data_interval_start' or 'logical_date' instead.
[2025-08-07 11:12:48,705] {subdag.py:176} INFO - Created DagRun: scheduled__2025-08-05T00:00:00+00:00
[2025-08-07 11:13:48,793] {base.py:301} INFO - Success criteria met. Exiting.
[2025-08-07 11:13:48,812] {subdag.py:191} INFO - Execution finished. State is success
[2025-08-07 11:13:48,846] {taskinstance.py:1400} INFO - Marking task as SUCCESS. dag_id=example_subdag_operator, task_id=section-2, execution_date=20250805T000000, start_date=20250807T111247, end_date=20250807T111348
[2025-08-07 11:13:48,931] {local_task_job.py:156} INFO - Task exited with return code 0
[2025-08-07 11:13:48,992] {local_task_job.py:273} INFO - 1 downstream tasks scheduled from follow-on schedule check
[2025-08-07 20:34:58,769] {taskinstance.py:1159} INFO - Dependencies all met for <TaskInstance: example_subdag_operator.section-2 scheduled__2025-08-05T00:00:00+00:00 [queued]>
[2025-08-07 20:34:58,819] {taskinstance.py:1159} INFO - Dependencies all met for <TaskInstance: example_subdag_operator.section-2 scheduled__2025-08-05T00:00:00+00:00 [queued]>
[2025-08-07 20:34:58,820] {taskinstance.py:1356} INFO - 
--------------------------------------------------------------------------------
[2025-08-07 20:34:58,820] {taskinstance.py:1357} INFO - Starting attempt 1 of 3
[2025-08-07 20:34:58,820] {taskinstance.py:1358} INFO - 
--------------------------------------------------------------------------------
[2025-08-07 20:34:58,935] {taskinstance.py:1377} INFO - Executing <Task(SubDagOperator): section-2> on 2025-08-05 00:00:00+00:00
[2025-08-07 20:34:58,959] {standard_task_runner.py:52} INFO - Started process 658 to run task
[2025-08-07 20:34:58,966] {standard_task_runner.py:79} INFO - Running: ['***', 'tasks', 'run', 'example_subdag_operator', 'section-2', 'scheduled__2025-08-05T00:00:00+00:00', '--job-id', '52', '--raw', '--subdir', '/home/***/.local/lib/python3.7/site-packages/***/example_dags/example_subdag_operator.py', '--cfg-path', '/tmp/tmpy7ko0rse', '--error-file', '/tmp/tmpqagtxeiy']
[2025-08-07 20:34:58,968] {standard_task_runner.py:80} INFO - Job 52: Subtask section-2
[2025-08-07 20:34:59,087] {task_command.py:369} INFO - Running <TaskInstance: example_subdag_operator.section-2 scheduled__2025-08-05T00:00:00+00:00 [running]> on host 034e74559af0
[2025-08-07 20:34:59,625] {taskinstance.py:1571} INFO - Exporting the following env vars:
AIRFLOW_CTX_DAG_OWNER=***
AIRFLOW_CTX_DAG_ID=example_subdag_operator
AIRFLOW_CTX_TASK_ID=section-2
AIRFLOW_CTX_EXECUTION_DATE=2025-08-05T00:00:00+00:00
AIRFLOW_CTX_TRY_NUMBER=1
AIRFLOW_CTX_DAG_RUN_ID=scheduled__2025-08-05T00:00:00+00:00
[2025-08-07 20:34:59,654] {logging_mixin.py:115} WARNING - /home/***/.local/lib/python3.7/site-packages/***/utils/context.py:202 AirflowContextDeprecationWarning: Accessing 'execution_date' from the template is deprecated and will be removed in a future version. Please use 'data_interval_start' or 'logical_date' instead.
[2025-08-07 20:34:59,765] {subdag.py:176} INFO - Created DagRun: scheduled__2025-08-05T00:00:00+00:00
[2025-08-07 20:35:59,879] {base.py:301} INFO - Success criteria met. Exiting.
[2025-08-07 20:35:59,901] {subdag.py:191} INFO - Execution finished. State is success
[2025-08-07 20:35:59,938] {taskinstance.py:1400} INFO - Marking task as SUCCESS. dag_id=example_subdag_operator, task_id=section-2, execution_date=20250805T000000, start_date=20250807T203458, end_date=20250807T203559
[2025-08-07 20:36:00,002] {local_task_job.py:156} INFO - Task exited with return code 0
[2025-08-07 20:36:00,084] {local_task_job.py:273} INFO - 1 downstream tasks scheduled from follow-on schedule check
