[2025-08-07 03:40:03,694] {taskinstance.py:1159} INFO - Dependencies all met for <TaskInstance: example_task_group_decorator.task_group_function__3.task_1 scheduled__2025-08-06T03:39:58.672996+00:00 [queued]>
[2025-08-07 03:40:03,713] {taskinstance.py:1159} INFO - Dependencies all met for <TaskInstance: example_task_group_decorator.task_group_function__3.task_1 scheduled__2025-08-06T03:39:58.672996+00:00 [queued]>
[2025-08-07 03:40:03,713] {taskinstance.py:1356} INFO - 
--------------------------------------------------------------------------------
[2025-08-07 03:40:03,713] {taskinstance.py:1357} INFO - Starting attempt 1 of 1
[2025-08-07 03:40:03,713] {taskinstance.py:1358} INFO - 
--------------------------------------------------------------------------------
[2025-08-07 03:40:03,740] {taskinstance.py:1377} INFO - Executing <Task(_PythonDecoratedOperator): task_group_function__3.task_1> on 2025-08-06 03:39:58.672996+00:00
[2025-08-07 03:40:03,752] {standard_task_runner.py:52} INFO - Started process 507 to run task
[2025-08-07 03:40:03,757] {standard_task_runner.py:79} INFO - Running: ['***', 'tasks', 'run', 'example_task_group_decorator', 'task_group_function__3.task_1', 'scheduled__2025-08-06T03:39:58.672996+00:00', '--job-id', '39', '--raw', '--subdir', '/home/***/.local/lib/python3.7/site-packages/***/example_dags/example_task_group_decorator.py', '--cfg-path', '/tmp/tmp467edb94', '--error-file', '/tmp/tmpjo36jxmk']
[2025-08-07 03:40:03,760] {standard_task_runner.py:80} INFO - Job 39: Subtask task_group_function__3.task_1
[2025-08-07 03:40:03,877] {task_command.py:369} INFO - Running <TaskInstance: example_task_group_decorator.task_group_function__3.task_1 scheduled__2025-08-06T03:39:58.672996+00:00 [running]> on host 92a46ac2453f
[2025-08-07 03:40:04,605] {taskinstance.py:1571} INFO - Exporting the following env vars:
AIRFLOW_CTX_DAG_OWNER=***
AIRFLOW_CTX_DAG_ID=example_task_group_decorator
AIRFLOW_CTX_TASK_ID=task_group_function__3.task_1
AIRFLOW_CTX_EXECUTION_DATE=2025-08-06T03:39:58.672996+00:00
AIRFLOW_CTX_TRY_NUMBER=1
AIRFLOW_CTX_DAG_RUN_ID=scheduled__2025-08-06T03:39:58.672996+00:00
[2025-08-07 03:40:04,607] {python.py:173} INFO - Done. Returned value was: [ Task1 3 ]
[2025-08-07 03:40:05,000] {taskinstance.py:1400} INFO - Marking task as SUCCESS. dag_id=example_task_group_decorator, task_id=task_group_function__3.task_1, execution_date=20250806T033958, start_date=20250807T034003, end_date=20250807T034004
[2025-08-07 03:40:05,108] {local_task_job.py:156} INFO - Task exited with return code 0
[2025-08-07 03:40:05,299] {local_task_job.py:273} INFO - 1 downstream tasks scheduled from follow-on schedule check
