[2025-08-08 08:32:55,381] {taskinstance.py:1159} INFO - Dependencies all met for <TaskInstance: example_sla_dag.sleep_20 scheduled__2025-08-08T08:30:00+00:00 [queued]>
[2025-08-08 08:32:55,432] {taskinstance.py:1159} INFO - Dependencies all met for <TaskInstance: example_sla_dag.sleep_20 scheduled__2025-08-08T08:30:00+00:00 [queued]>
[2025-08-08 08:32:55,433] {taskinstance.py:1356} INFO - 
--------------------------------------------------------------------------------
[2025-08-08 08:32:55,435] {taskinstance.py:1357} INFO - Starting attempt 1 of 1
[2025-08-08 08:32:55,436] {taskinstance.py:1358} INFO - 
--------------------------------------------------------------------------------
[2025-08-08 08:32:55,531] {taskinstance.py:1377} INFO - Executing <Task(_PythonDecoratedOperator): sleep_20> on 2025-08-08 08:30:00+00:00
[2025-08-08 08:32:55,584] {standard_task_runner.py:52} INFO - Started process 8236 to run task
[2025-08-08 08:32:55,598] {standard_task_runner.py:79} INFO - Running: ['***', 'tasks', 'run', 'example_sla_dag', 'sleep_20', 'scheduled__2025-08-08T08:30:00+00:00', '--job-id', '705', '--raw', '--subdir', '/home/***/.local/lib/python3.7/site-packages/***/example_dags/example_sla_dag.py', '--cfg-path', '/tmp/tmp8mg84ecj', '--error-file', '/tmp/tmpnpp2wx6i']
[2025-08-08 08:32:55,601] {standard_task_runner.py:80} INFO - Job 705: Subtask sleep_20
[2025-08-08 08:32:56,014] {task_command.py:369} INFO - Running <TaskInstance: example_sla_dag.sleep_20 scheduled__2025-08-08T08:30:00+00:00 [running]> on host 98bad2c91b1f
[2025-08-08 08:32:58,000] {taskinstance.py:1571} INFO - Exporting the following env vars:
AIRFLOW_CTX_DAG_EMAIL=email@example.com
AIRFLOW_CTX_DAG_OWNER=***
AIRFLOW_CTX_DAG_ID=example_sla_dag
AIRFLOW_CTX_TASK_ID=sleep_20
AIRFLOW_CTX_EXECUTION_DATE=2025-08-08T08:30:00+00:00
AIRFLOW_CTX_TRY_NUMBER=1
AIRFLOW_CTX_DAG_RUN_ID=scheduled__2025-08-08T08:30:00+00:00
[2025-08-08 08:33:18,022] {python.py:173} INFO - Done. Returned value was: None
[2025-08-08 08:33:18,041] {taskinstance.py:1400} INFO - Marking task as SUCCESS. dag_id=example_sla_dag, task_id=sleep_20, execution_date=20250808T083000, start_date=20250808T083255, end_date=20250808T083318
[2025-08-08 08:33:18,089] {local_task_job.py:156} INFO - Task exited with return code 0
[2025-08-08 08:33:18,132] {local_task_job.py:273} INFO - 1 downstream tasks scheduled from follow-on schedule check
