[2025-08-08 08:32:51,851] {taskinstance.py:1159} INFO - Dependencies all met for <TaskInstance: example_bash_operator.runme_1 scheduled__2025-08-07T00:00:00+00:00 [queued]>
[2025-08-08 08:32:52,216] {taskinstance.py:1159} INFO - Dependencies all met for <TaskInstance: example_bash_operator.runme_1 scheduled__2025-08-07T00:00:00+00:00 [queued]>
[2025-08-08 08:32:52,224] {taskinstance.py:1356} INFO - 
--------------------------------------------------------------------------------
[2025-08-08 08:32:52,228] {taskinstance.py:1357} INFO - Starting attempt 1 of 1
[2025-08-08 08:32:52,233] {taskinstance.py:1358} INFO - 
--------------------------------------------------------------------------------
[2025-08-08 08:32:52,725] {taskinstance.py:1377} INFO - Executing <Task(BashOperator): runme_1> on 2025-08-07 00:00:00+00:00
[2025-08-08 08:32:52,795] {standard_task_runner.py:52} INFO - Started process 8219 to run task
[2025-08-08 08:32:52,852] {standard_task_runner.py:79} INFO - Running: ['***', 'tasks', 'run', 'example_bash_operator', 'runme_1', 'scheduled__2025-08-07T00:00:00+00:00', '--job-id', '700', '--raw', '--subdir', '/home/***/.local/lib/python3.7/site-packages/***/example_dags/example_bash_operator.py', '--cfg-path', '/tmp/tmpclsvc5ty', '--error-file', '/tmp/tmp_zm4_6et']
[2025-08-08 08:32:52,868] {standard_task_runner.py:80} INFO - Job 700: Subtask runme_1
[2025-08-08 08:32:53,900] {task_command.py:369} INFO - Running <TaskInstance: example_bash_operator.runme_1 scheduled__2025-08-07T00:00:00+00:00 [running]> on host 98bad2c91b1f
[2025-08-08 08:32:56,475] {taskinstance.py:1571} INFO - Exporting the following env vars:
AIRFLOW_CTX_DAG_OWNER=***
AIRFLOW_CTX_DAG_ID=example_bash_operator
AIRFLOW_CTX_TASK_ID=runme_1
AIRFLOW_CTX_EXECUTION_DATE=2025-08-07T00:00:00+00:00
AIRFLOW_CTX_TRY_NUMBER=1
AIRFLOW_CTX_DAG_RUN_ID=scheduled__2025-08-07T00:00:00+00:00
[2025-08-08 08:32:56,502] {subprocess.py:62} INFO - Tmp dir root location: 
 /tmp
[2025-08-08 08:32:56,529] {subprocess.py:74} INFO - Running command: ['bash', '-c', 'echo "example_bash_operator__runme_1__20250807" && sleep 1']
[2025-08-08 08:32:56,686] {subprocess.py:85} INFO - Output:
[2025-08-08 08:32:56,710] {subprocess.py:92} INFO - example_bash_operator__runme_1__20250807
[2025-08-08 08:32:57,785] {subprocess.py:96} INFO - Command exited with return code 0
[2025-08-08 08:32:58,420] {taskinstance.py:1400} INFO - Marking task as SUCCESS. dag_id=example_bash_operator, task_id=runme_1, execution_date=20250807T000000, start_date=20250808T083251, end_date=20250808T083258
[2025-08-08 08:32:58,688] {local_task_job.py:156} INFO - Task exited with return code 0
[2025-08-08 08:32:59,047] {local_task_job.py:273} INFO - 0 downstream tasks scheduled from follow-on schedule check
[2025-08-08 08:55:15,236] {taskinstance.py:1159} INFO - Dependencies all met for <TaskInstance: example_bash_operator.runme_1 scheduled__2025-08-07T00:00:00+00:00 [queued]>
[2025-08-08 08:55:15,308] {taskinstance.py:1159} INFO - Dependencies all met for <TaskInstance: example_bash_operator.runme_1 scheduled__2025-08-07T00:00:00+00:00 [queued]>
[2025-08-08 08:55:15,308] {taskinstance.py:1356} INFO - 
--------------------------------------------------------------------------------
[2025-08-08 08:55:15,308] {taskinstance.py:1357} INFO - Starting attempt 1 of 1
[2025-08-08 08:55:15,308] {taskinstance.py:1358} INFO - 
--------------------------------------------------------------------------------
[2025-08-08 08:55:15,336] {taskinstance.py:1377} INFO - Executing <Task(BashOperator): runme_1> on 2025-08-07 00:00:00+00:00
[2025-08-08 08:55:15,349] {standard_task_runner.py:52} INFO - Started process 510 to run task
[2025-08-08 08:55:15,369] {standard_task_runner.py:79} INFO - Running: ['***', 'tasks', 'run', 'example_bash_operator', 'runme_1', 'scheduled__2025-08-07T00:00:00+00:00', '--job-id', '41', '--raw', '--subdir', '/home/***/.local/lib/python3.7/site-packages/***/example_dags/example_bash_operator.py', '--cfg-path', '/tmp/tmp2z8sjkco', '--error-file', '/tmp/tmp7fgjmerr']
[2025-08-08 08:55:15,374] {standard_task_runner.py:80} INFO - Job 41: Subtask runme_1
[2025-08-08 08:55:15,669] {task_command.py:369} INFO - Running <TaskInstance: example_bash_operator.runme_1 scheduled__2025-08-07T00:00:00+00:00 [running]> on host abdeb7f02efc
[2025-08-08 08:55:16,280] {taskinstance.py:1571} INFO - Exporting the following env vars:
AIRFLOW_CTX_DAG_OWNER=***
AIRFLOW_CTX_DAG_ID=example_bash_operator
AIRFLOW_CTX_TASK_ID=runme_1
AIRFLOW_CTX_EXECUTION_DATE=2025-08-07T00:00:00+00:00
AIRFLOW_CTX_TRY_NUMBER=1
AIRFLOW_CTX_DAG_RUN_ID=scheduled__2025-08-07T00:00:00+00:00
[2025-08-08 08:55:16,282] {subprocess.py:62} INFO - Tmp dir root location: 
 /tmp
[2025-08-08 08:55:16,282] {subprocess.py:74} INFO - Running command: ['bash', '-c', 'echo "example_bash_operator__runme_1__20250807" && sleep 1']
[2025-08-08 08:55:16,301] {subprocess.py:85} INFO - Output:
[2025-08-08 08:55:16,305] {subprocess.py:92} INFO - example_bash_operator__runme_1__20250807
[2025-08-08 08:55:17,310] {subprocess.py:96} INFO - Command exited with return code 0
[2025-08-08 08:55:17,571] {taskinstance.py:1400} INFO - Marking task as SUCCESS. dag_id=example_bash_operator, task_id=runme_1, execution_date=20250807T000000, start_date=20250808T085515, end_date=20250808T085517
[2025-08-08 08:55:17,710] {local_task_job.py:156} INFO - Task exited with return code 0
[2025-08-08 08:55:17,864] {local_task_job.py:273} INFO - 0 downstream tasks scheduled from follow-on schedule check
