[2025-08-07 03:53:00,632] {taskinstance.py:1159} INFO - Dependencies all met for <TaskInstance: example_branch_dop_operator_v3.condition scheduled__2025-08-07T03:52:00+00:00 [queued]>
[2025-08-07 03:53:00,656] {taskinstance.py:1159} INFO - Dependencies all met for <TaskInstance: example_branch_dop_operator_v3.condition scheduled__2025-08-07T03:52:00+00:00 [queued]>
[2025-08-07 03:53:00,656] {taskinstance.py:1356} INFO - 
--------------------------------------------------------------------------------
[2025-08-07 03:53:00,656] {taskinstance.py:1357} INFO - Starting attempt 1 of 1
[2025-08-07 03:53:00,656] {taskinstance.py:1358} INFO - 
--------------------------------------------------------------------------------
[2025-08-07 03:53:00,685] {taskinstance.py:1377} INFO - Executing <Task(BranchPythonOperator): condition> on 2025-08-07 03:52:00+00:00
[2025-08-07 03:53:00,696] {standard_task_runner.py:52} INFO - Started process 7120 to run task
[2025-08-07 03:53:00,702] {standard_task_runner.py:79} INFO - Running: ['***', 'tasks', 'run', 'example_branch_dop_operator_v3', 'condition', 'scheduled__2025-08-07T03:52:00+00:00', '--job-id', '143', '--raw', '--subdir', '/home/***/.local/lib/python3.7/site-packages/***/example_dags/example_branch_python_dop_operator_3.py', '--cfg-path', '/tmp/tmp_fi2z5hk', '--error-file', '/tmp/tmp886hlupy']
[2025-08-07 03:53:00,704] {standard_task_runner.py:80} INFO - Job 143: Subtask condition
[2025-08-07 03:53:00,830] {task_command.py:369} INFO - Running <TaskInstance: example_branch_dop_operator_v3.condition scheduled__2025-08-07T03:52:00+00:00 [running]> on host 92a46ac2453f
[2025-08-07 03:53:01,138] {taskinstance.py:1571} INFO - Exporting the following env vars:
AIRFLOW_CTX_DAG_OWNER=***
AIRFLOW_CTX_DAG_ID=example_branch_dop_operator_v3
AIRFLOW_CTX_TASK_ID=condition
AIRFLOW_CTX_EXECUTION_DATE=2025-08-07T03:52:00+00:00
AIRFLOW_CTX_TRY_NUMBER=1
AIRFLOW_CTX_DAG_RUN_ID=scheduled__2025-08-07T03:52:00+00:00
[2025-08-07 03:53:01,154] {logging_mixin.py:115} WARNING - /home/***/.local/lib/python3.7/site-packages/***/utils/context.py:290 AirflowContextDeprecationWarning: Accessing 'execution_date' from the template is deprecated and will be removed in a future version. Please use 'data_interval_start' or 'logical_date' instead.
[2025-08-07 03:53:01,155] {logging_mixin.py:115} INFO - ------------- exec dttm = 2025-08-07T03:52:00+00:00 and minute = 52
[2025-08-07 03:53:01,155] {python.py:173} INFO - Done. Returned value was: empty_task_1
[2025-08-07 03:53:01,155] {skipmixin.py:140} INFO - Following branch empty_task_1
[2025-08-07 03:53:01,156] {skipmixin.py:175} INFO - Skipping tasks ['empty_task_2']
[2025-08-07 03:53:01,263] {taskinstance.py:1400} INFO - Marking task as SUCCESS. dag_id=example_branch_dop_operator_v3, task_id=condition, execution_date=20250807T035200, start_date=20250807T035300, end_date=20250807T035301
[2025-08-07 03:53:01,314] {local_task_job.py:156} INFO - Task exited with return code 0
[2025-08-07 03:53:01,401] {local_task_job.py:273} INFO - 0 downstream tasks scheduled from follow-on schedule check
