[2025-08-07 08:36:00,465] {taskinstance.py:1159} INFO - Dependencies all met for <TaskInstance: example_sla_dag.sleep_20 scheduled__2025-08-07T08:34:00+00:00 [queued]>
[2025-08-07 08:36:00,476] {taskinstance.py:1159} INFO - Dependencies all met for <TaskInstance: example_sla_dag.sleep_20 scheduled__2025-08-07T08:34:00+00:00 [queued]>
[2025-08-07 08:36:00,476] {taskinstance.py:1356} INFO - 
--------------------------------------------------------------------------------
[2025-08-07 08:36:00,476] {taskinstance.py:1357} INFO - Starting attempt 1 of 1
[2025-08-07 08:36:00,476] {taskinstance.py:1358} INFO - 
--------------------------------------------------------------------------------
[2025-08-07 08:36:00,494] {taskinstance.py:1377} INFO - Executing <Task(_PythonDecoratedOperator): sleep_20> on 2025-08-07 08:34:00+00:00
[2025-08-07 08:36:00,500] {standard_task_runner.py:52} INFO - Started process 29847 to run task
[2025-08-07 08:36:00,504] {standard_task_runner.py:79} INFO - Running: ['***', 'tasks', 'run', 'example_sla_dag', 'sleep_20', 'scheduled__2025-08-07T08:34:00+00:00', '--job-id', '387', '--raw', '--subdir', '/home/***/.local/lib/python3.7/site-packages/***/example_dags/example_sla_dag.py', '--cfg-path', '/tmp/tmp55fkz3m_', '--error-file', '/tmp/tmpkz2qewal']
[2025-08-07 08:36:00,505] {standard_task_runner.py:80} INFO - Job 387: Subtask sleep_20
[2025-08-07 08:36:00,589] {task_command.py:369} INFO - Running <TaskInstance: example_sla_dag.sleep_20 scheduled__2025-08-07T08:34:00+00:00 [running]> on host 92a46ac2453f
[2025-08-07 08:36:00,882] {taskinstance.py:1571} INFO - Exporting the following env vars:
AIRFLOW_CTX_DAG_EMAIL=email@example.com
AIRFLOW_CTX_DAG_OWNER=***
AIRFLOW_CTX_DAG_ID=example_sla_dag
AIRFLOW_CTX_TASK_ID=sleep_20
AIRFLOW_CTX_EXECUTION_DATE=2025-08-07T08:34:00+00:00
AIRFLOW_CTX_TRY_NUMBER=1
AIRFLOW_CTX_DAG_RUN_ID=scheduled__2025-08-07T08:34:00+00:00
[2025-08-07 08:36:20,902] {python.py:173} INFO - Done. Returned value was: None
[2025-08-07 08:36:20,920] {taskinstance.py:1400} INFO - Marking task as SUCCESS. dag_id=example_sla_dag, task_id=sleep_20, execution_date=20250807T083400, start_date=20250807T083600, end_date=20250807T083620
[2025-08-07 08:36:20,964] {local_task_job.py:156} INFO - Task exited with return code 0
[2025-08-07 08:36:21,013] {local_task_job.py:273} INFO - 1 downstream tasks scheduled from follow-on schedule check
