[2025-08-07 21:56:01,403] {taskinstance.py:1159} INFO - Dependencies all met for <TaskInstance: example_sla_dag.sleep_20 scheduled__2025-08-07T21:54:00+00:00 [queued]>
[2025-08-07 21:56:01,423] {taskinstance.py:1159} INFO - Dependencies all met for <TaskInstance: example_sla_dag.sleep_20 scheduled__2025-08-07T21:54:00+00:00 [queued]>
[2025-08-07 21:56:01,423] {taskinstance.py:1356} INFO - 
--------------------------------------------------------------------------------
[2025-08-07 21:56:01,424] {taskinstance.py:1357} INFO - Starting attempt 1 of 1
[2025-08-07 21:56:01,424] {taskinstance.py:1358} INFO - 
--------------------------------------------------------------------------------
[2025-08-07 21:56:01,461] {taskinstance.py:1377} INFO - Executing <Task(_PythonDecoratedOperator): sleep_20> on 2025-08-07 21:54:00+00:00
[2025-08-07 21:56:01,470] {standard_task_runner.py:52} INFO - Started process 32245 to run task
[2025-08-07 21:56:01,476] {standard_task_runner.py:79} INFO - Running: ['***', 'tasks', 'run', 'example_sla_dag', 'sleep_20', 'scheduled__2025-08-07T21:54:00+00:00', '--job-id', '469', '--raw', '--subdir', '/home/***/.local/lib/python3.7/site-packages/***/example_dags/example_sla_dag.py', '--cfg-path', '/tmp/tmpfnj5sco0', '--error-file', '/tmp/tmpjbnabprf']
[2025-08-07 21:56:01,478] {standard_task_runner.py:80} INFO - Job 469: Subtask sleep_20
[2025-08-07 21:56:01,608] {task_command.py:369} INFO - Running <TaskInstance: example_sla_dag.sleep_20 scheduled__2025-08-07T21:54:00+00:00 [running]> on host 4078e16d4836
[2025-08-07 21:56:02,070] {taskinstance.py:1571} INFO - Exporting the following env vars:
AIRFLOW_CTX_DAG_EMAIL=email@example.com
AIRFLOW_CTX_DAG_OWNER=***
AIRFLOW_CTX_DAG_ID=example_sla_dag
AIRFLOW_CTX_TASK_ID=sleep_20
AIRFLOW_CTX_EXECUTION_DATE=2025-08-07T21:54:00+00:00
AIRFLOW_CTX_TRY_NUMBER=1
AIRFLOW_CTX_DAG_RUN_ID=scheduled__2025-08-07T21:54:00+00:00
[2025-08-07 21:56:22,092] {python.py:173} INFO - Done. Returned value was: None
[2025-08-07 21:56:22,115] {taskinstance.py:1400} INFO - Marking task as SUCCESS. dag_id=example_sla_dag, task_id=sleep_20, execution_date=20250807T215400, start_date=20250807T215601, end_date=20250807T215622
[2025-08-07 21:56:22,143] {local_task_job.py:156} INFO - Task exited with return code 0
[2025-08-07 21:56:22,188] {local_task_job.py:273} INFO - 1 downstream tasks scheduled from follow-on schedule check
