[2025-08-07 03:21:24,212] {taskinstance.py:1159} INFO - Dependencies all met for <TaskInstance: example_task_group_decorator.task_group_function.task_3 scheduled__2025-08-06T03:21:14.109304+00:00 [queued]>
[2025-08-07 03:21:24,232] {taskinstance.py:1159} INFO - Dependencies all met for <TaskInstance: example_task_group_decorator.task_group_function.task_3 scheduled__2025-08-06T03:21:14.109304+00:00 [queued]>
[2025-08-07 03:21:24,232] {taskinstance.py:1356} INFO - 
--------------------------------------------------------------------------------
[2025-08-07 03:21:24,232] {taskinstance.py:1357} INFO - Starting attempt 1 of 1
[2025-08-07 03:21:24,232] {taskinstance.py:1358} INFO - 
--------------------------------------------------------------------------------
[2025-08-07 03:21:24,257] {taskinstance.py:1377} INFO - Executing <Task(_PythonDecoratedOperator): task_group_function.task_3> on 2025-08-06 03:21:14.109304+00:00
[2025-08-07 03:21:24,265] {standard_task_runner.py:52} INFO - Started process 546 to run task
[2025-08-07 03:21:24,269] {standard_task_runner.py:79} INFO - Running: ['***', 'tasks', 'run', 'example_task_group_decorator', 'task_group_function.task_3', 'scheduled__2025-08-06T03:21:14.109304+00:00', '--job-id', '52', '--raw', '--subdir', '/home/***/.local/lib/python3.7/site-packages/***/example_dags/example_task_group_decorator.py', '--cfg-path', '/tmp/tmp3haepbuc', '--error-file', '/tmp/tmp8a9ovxgy']
[2025-08-07 03:21:24,270] {standard_task_runner.py:80} INFO - Job 52: Subtask task_group_function.task_3
[2025-08-07 03:21:24,359] {task_command.py:369} INFO - Running <TaskInstance: example_task_group_decorator.task_group_function.task_3 scheduled__2025-08-06T03:21:14.109304+00:00 [running]> on host f83ee74b89ef
[2025-08-07 03:21:24,726] {taskinstance.py:1571} INFO - Exporting the following env vars:
AIRFLOW_CTX_DAG_OWNER=***
AIRFLOW_CTX_DAG_ID=example_task_group_decorator
AIRFLOW_CTX_TASK_ID=task_group_function.task_3
AIRFLOW_CTX_EXECUTION_DATE=2025-08-06T03:21:14.109304+00:00
AIRFLOW_CTX_TRY_NUMBER=1
AIRFLOW_CTX_DAG_RUN_ID=scheduled__2025-08-06T03:21:14.109304+00:00
[2025-08-07 03:21:24,727] {logging_mixin.py:115} INFO - [ Task3 [ Task2 [ Task1 0 ] ] ]
[2025-08-07 03:21:24,727] {python.py:173} INFO - Done. Returned value was: None
[2025-08-07 03:21:24,801] {taskinstance.py:1400} INFO - Marking task as SUCCESS. dag_id=example_task_group_decorator, task_id=task_group_function.task_3, execution_date=20250806T032114, start_date=20250807T032124, end_date=20250807T032124
[2025-08-07 03:21:24,844] {local_task_job.py:156} INFO - Task exited with return code 0
[2025-08-07 03:21:24,927] {local_task_job.py:273} INFO - 0 downstream tasks scheduled from follow-on schedule check
