[2025-08-08 08:40:01,311] {taskinstance.py:1159} INFO - Dependencies all met for <TaskInstance: example_branch_dop_operator_v3.condition scheduled__2025-08-08T08:39:00+00:00 [queued]>
[2025-08-08 08:40:01,335] {taskinstance.py:1159} INFO - Dependencies all met for <TaskInstance: example_branch_dop_operator_v3.condition scheduled__2025-08-08T08:39:00+00:00 [queued]>
[2025-08-08 08:40:01,335] {taskinstance.py:1356} INFO - 
--------------------------------------------------------------------------------
[2025-08-08 08:40:01,335] {taskinstance.py:1357} INFO - Starting attempt 1 of 1
[2025-08-08 08:40:01,335] {taskinstance.py:1358} INFO - 
--------------------------------------------------------------------------------
[2025-08-08 08:40:01,361] {taskinstance.py:1377} INFO - Executing <Task(BranchPythonOperator): condition> on 2025-08-08 08:39:00+00:00
[2025-08-08 08:40:01,373] {standard_task_runner.py:52} INFO - Started process 11910 to run task
[2025-08-08 08:40:01,379] {standard_task_runner.py:79} INFO - Running: ['***', 'tasks', 'run', 'example_branch_dop_operator_v3', 'condition', 'scheduled__2025-08-08T08:39:00+00:00', '--job-id', '754', '--raw', '--subdir', '/home/***/.local/lib/python3.7/site-packages/***/example_dags/example_branch_python_dop_operator_3.py', '--cfg-path', '/tmp/tmpgp6k2vrd', '--error-file', '/tmp/tmp0vknqeff']
[2025-08-08 08:40:01,381] {standard_task_runner.py:80} INFO - Job 754: Subtask condition
[2025-08-08 08:40:01,500] {task_command.py:369} INFO - Running <TaskInstance: example_branch_dop_operator_v3.condition scheduled__2025-08-08T08:39:00+00:00 [running]> on host 98bad2c91b1f
[2025-08-08 08:40:01,883] {taskinstance.py:1571} INFO - Exporting the following env vars:
AIRFLOW_CTX_DAG_OWNER=***
AIRFLOW_CTX_DAG_ID=example_branch_dop_operator_v3
AIRFLOW_CTX_TASK_ID=condition
AIRFLOW_CTX_EXECUTION_DATE=2025-08-08T08:39:00+00:00
AIRFLOW_CTX_TRY_NUMBER=1
AIRFLOW_CTX_DAG_RUN_ID=scheduled__2025-08-08T08:39:00+00:00
[2025-08-08 08:40:01,899] {logging_mixin.py:115} WARNING - /home/***/.local/lib/python3.7/site-packages/***/utils/context.py:290 AirflowContextDeprecationWarning: Accessing 'execution_date' from the template is deprecated and will be removed in a future version. Please use 'data_interval_start' or 'logical_date' instead.
[2025-08-08 08:40:01,899] {logging_mixin.py:115} INFO - ------------- exec dttm = 2025-08-08T08:39:00+00:00 and minute = 39
[2025-08-08 08:40:01,900] {python.py:173} INFO - Done. Returned value was: empty_task_2
[2025-08-08 08:40:01,900] {skipmixin.py:140} INFO - Following branch empty_task_2
[2025-08-08 08:40:01,900] {skipmixin.py:175} INFO - Skipping tasks ['empty_task_1']
[2025-08-08 08:40:02,026] {taskinstance.py:1400} INFO - Marking task as SUCCESS. dag_id=example_branch_dop_operator_v3, task_id=condition, execution_date=20250808T083900, start_date=20250808T084001, end_date=20250808T084002
[2025-08-08 08:40:02,073] {local_task_job.py:156} INFO - Task exited with return code 0
[2025-08-08 08:40:02,183] {local_task_job.py:273} INFO - 1 downstream tasks scheduled from follow-on schedule check
