[2025-08-07 20:33:08,782] {taskinstance.py:1159} INFO - Dependencies all met for <TaskInstance: example_trigger_target_dag.run_this manual__2025-08-07T20:33:07.205350+00:00 [queued]>
[2025-08-07 20:33:08,813] {taskinstance.py:1159} INFO - Dependencies all met for <TaskInstance: example_trigger_target_dag.run_this manual__2025-08-07T20:33:07.205350+00:00 [queued]>
[2025-08-07 20:33:08,814] {taskinstance.py:1356} INFO - 
--------------------------------------------------------------------------------
[2025-08-07 20:33:08,815] {taskinstance.py:1357} INFO - Starting attempt 1 of 1
[2025-08-07 20:33:08,815] {taskinstance.py:1358} INFO - 
--------------------------------------------------------------------------------
[2025-08-07 20:33:08,859] {taskinstance.py:1377} INFO - Executing <Task(_PythonDecoratedOperator): run_this> on 2025-08-07 20:33:07.205350+00:00
[2025-08-07 20:33:08,879] {standard_task_runner.py:52} INFO - Started process 317 to run task
[2025-08-07 20:33:08,887] {standard_task_runner.py:79} INFO - Running: ['***', 'tasks', 'run', 'example_trigger_target_dag', 'run_this', 'manual__2025-08-07T20:33:07.205350+00:00', '--job-id', '13', '--raw', '--subdir', '/home/***/.local/lib/python3.7/site-packages/***/example_dags/example_trigger_target_dag.py', '--cfg-path', '/tmp/tmpw98nekat', '--error-file', '/tmp/tmp3kw0rovw']
[2025-08-07 20:33:08,890] {standard_task_runner.py:80} INFO - Job 13: Subtask run_this
[2025-08-07 20:33:09,178] {task_command.py:369} INFO - Running <TaskInstance: example_trigger_target_dag.run_this manual__2025-08-07T20:33:07.205350+00:00 [running]> on host 034e74559af0
[2025-08-07 20:33:33,101] {taskinstance.py:1571} INFO - Exporting the following env vars:
AIRFLOW_CTX_DAG_OWNER=***
AIRFLOW_CTX_DAG_ID=example_trigger_target_dag
AIRFLOW_CTX_TASK_ID=run_this
AIRFLOW_CTX_EXECUTION_DATE=2025-08-07T20:33:07.205350+00:00
AIRFLOW_CTX_TRY_NUMBER=1
AIRFLOW_CTX_DAG_RUN_ID=manual__2025-08-07T20:33:07.205350+00:00
[2025-08-07 20:33:33,340] {logging_mixin.py:115} INFO - Remotely received value of Hello World for key=message
[2025-08-07 20:33:33,340] {python.py:173} INFO - Done. Returned value was: None
[2025-08-07 20:33:35,790] {taskinstance.py:1400} INFO - Marking task as SUCCESS. dag_id=example_trigger_target_dag, task_id=run_this, execution_date=20250807T203307, start_date=20250807T203308, end_date=20250807T203335
[2025-08-07 20:33:36,602] {local_task_job.py:156} INFO - Task exited with return code 0
[2025-08-07 20:33:36,832] {local_task_job.py:273} INFO - 0 downstream tasks scheduled from follow-on schedule check
