[2025-08-07 11:11:49,587] {taskinstance.py:1159} INFO - Dependencies all met for <TaskInstance: example_short_circuit_operator.condition_is_True scheduled__2025-08-06T11:11:48.056727+00:00 [queued]>
[2025-08-07 11:11:49,605] {taskinstance.py:1159} INFO - Dependencies all met for <TaskInstance: example_short_circuit_operator.condition_is_True scheduled__2025-08-06T11:11:48.056727+00:00 [queued]>
[2025-08-07 11:11:49,606] {taskinstance.py:1356} INFO - 
--------------------------------------------------------------------------------
[2025-08-07 11:11:49,606] {taskinstance.py:1357} INFO - Starting attempt 1 of 1
[2025-08-07 11:11:49,607] {taskinstance.py:1358} INFO - 
--------------------------------------------------------------------------------
[2025-08-07 11:11:49,636] {taskinstance.py:1377} INFO - Executing <Task(ShortCircuitOperator): condition_is_True> on 2025-08-06 11:11:48.056727+00:00
[2025-08-07 11:11:49,650] {standard_task_runner.py:52} INFO - Started process 452 to run task
[2025-08-07 11:11:49,657] {standard_task_runner.py:79} INFO - Running: ['***', 'tasks', 'run', 'example_short_circuit_operator', 'condition_is_True', 'scheduled__2025-08-06T11:11:48.056727+00:00', '--job-id', '25', '--raw', '--subdir', '/home/***/.local/lib/python3.7/site-packages/***/example_dags/example_short_circuit_operator.py', '--cfg-path', '/tmp/tmpcata_6ig', '--error-file', '/tmp/tmp3a91d9_g']
[2025-08-07 11:11:49,659] {standard_task_runner.py:80} INFO - Job 25: Subtask condition_is_True
[2025-08-07 11:11:49,777] {task_command.py:369} INFO - Running <TaskInstance: example_short_circuit_operator.condition_is_True scheduled__2025-08-06T11:11:48.056727+00:00 [running]> on host b22dcc1493a4
[2025-08-07 11:11:50,177] {taskinstance.py:1571} INFO - Exporting the following env vars:
AIRFLOW_CTX_DAG_OWNER=***
AIRFLOW_CTX_DAG_ID=example_short_circuit_operator
AIRFLOW_CTX_TASK_ID=condition_is_True
AIRFLOW_CTX_EXECUTION_DATE=2025-08-06T11:11:48.056727+00:00
AIRFLOW_CTX_TRY_NUMBER=1
AIRFLOW_CTX_DAG_RUN_ID=scheduled__2025-08-06T11:11:48.056727+00:00
[2025-08-07 11:11:50,179] {python.py:173} INFO - Done. Returned value was: True
[2025-08-07 11:11:50,180] {python.py:259} INFO - Condition result is True
[2025-08-07 11:11:50,180] {python.py:262} INFO - Proceeding with downstream tasks...
[2025-08-07 11:11:50,312] {taskinstance.py:1400} INFO - Marking task as SUCCESS. dag_id=example_short_circuit_operator, task_id=condition_is_True, execution_date=20250806T111148, start_date=20250807T111149, end_date=20250807T111150
[2025-08-07 11:11:50,396] {local_task_job.py:156} INFO - Task exited with return code 0
[2025-08-07 11:11:51,116] {local_task_job.py:273} INFO - 0 downstream tasks scheduled from follow-on schedule check
