[2025-08-07 03:21:17,244] {taskinstance.py:1159} INFO - Dependencies all met for <TaskInstance: example_short_circuit_operator.short_circuit scheduled__2025-08-06T03:21:14.977786+00:00 [queued]>
[2025-08-07 03:21:17,271] {taskinstance.py:1159} INFO - Dependencies all met for <TaskInstance: example_short_circuit_operator.short_circuit scheduled__2025-08-06T03:21:14.977786+00:00 [queued]>
[2025-08-07 03:21:17,271] {taskinstance.py:1356} INFO - 
--------------------------------------------------------------------------------
[2025-08-07 03:21:17,271] {taskinstance.py:1357} INFO - Starting attempt 1 of 1
[2025-08-07 03:21:17,271] {taskinstance.py:1358} INFO - 
--------------------------------------------------------------------------------
[2025-08-07 03:21:17,316] {taskinstance.py:1377} INFO - Executing <Task(ShortCircuitOperator): short_circuit> on 2025-08-06 03:21:14.977786+00:00
[2025-08-07 03:21:17,329] {standard_task_runner.py:52} INFO - Started process 465 to run task
[2025-08-07 03:21:17,352] {standard_task_runner.py:79} INFO - Running: ['***', 'tasks', 'run', 'example_short_circuit_operator', 'short_circuit', 'scheduled__2025-08-06T03:21:14.977786+00:00', '--job-id', '28', '--raw', '--subdir', '/home/***/.local/lib/python3.7/site-packages/***/example_dags/example_short_circuit_operator.py', '--cfg-path', '/tmp/tmpoux53wmc', '--error-file', '/tmp/tmp8o9nk_ev']
[2025-08-07 03:21:17,366] {standard_task_runner.py:80} INFO - Job 28: Subtask short_circuit
[2025-08-07 03:21:17,673] {task_command.py:369} INFO - Running <TaskInstance: example_short_circuit_operator.short_circuit scheduled__2025-08-06T03:21:14.977786+00:00 [running]> on host f83ee74b89ef
[2025-08-07 03:21:18,456] {taskinstance.py:1571} INFO - Exporting the following env vars:
AIRFLOW_CTX_DAG_OWNER=***
AIRFLOW_CTX_DAG_ID=example_short_circuit_operator
AIRFLOW_CTX_TASK_ID=short_circuit
AIRFLOW_CTX_EXECUTION_DATE=2025-08-06T03:21:14.977786+00:00
AIRFLOW_CTX_TRY_NUMBER=1
AIRFLOW_CTX_DAG_RUN_ID=scheduled__2025-08-06T03:21:14.977786+00:00
[2025-08-07 03:21:18,457] {python.py:173} INFO - Done. Returned value was: False
[2025-08-07 03:21:18,459] {python.py:259} INFO - Condition result is False
[2025-08-07 03:21:18,459] {python.py:276} INFO - Skipping downstream tasks while respecting trigger rules...
[2025-08-07 03:21:18,523] {python.py:281} INFO - Done.
[2025-08-07 03:21:18,560] {taskinstance.py:1400} INFO - Marking task as SUCCESS. dag_id=example_short_circuit_operator, task_id=short_circuit, execution_date=20250806T032114, start_date=20250807T032117, end_date=20250807T032118
[2025-08-07 03:21:18,645] {local_task_job.py:156} INFO - Task exited with return code 0
[2025-08-07 03:21:18,804] {local_task_job.py:273} INFO - 0 downstream tasks scheduled from follow-on schedule check
