[2025-08-07 10:40:28,278] {taskinstance.py:1159} INFO - Dependencies all met for <TaskInstance: example_task_group_decorator.task_group_function__4.task_2 scheduled__2025-08-06T10:40:20.785141+00:00 [queued]>
[2025-08-07 10:40:28,304] {taskinstance.py:1159} INFO - Dependencies all met for <TaskInstance: example_task_group_decorator.task_group_function__4.task_2 scheduled__2025-08-06T10:40:20.785141+00:00 [queued]>
[2025-08-07 10:40:28,304] {taskinstance.py:1356} INFO - 
--------------------------------------------------------------------------------
[2025-08-07 10:40:28,305] {taskinstance.py:1357} INFO - Starting attempt 1 of 1
[2025-08-07 10:40:28,305] {taskinstance.py:1358} INFO - 
--------------------------------------------------------------------------------
[2025-08-07 10:40:28,338] {taskinstance.py:1377} INFO - Executing <Task(_PythonDecoratedOperator): task_group_function__4.task_2> on 2025-08-06 10:40:20.785141+00:00
[2025-08-07 10:40:28,348] {standard_task_runner.py:52} INFO - Started process 534 to run task
[2025-08-07 10:40:28,355] {standard_task_runner.py:79} INFO - Running: ['***', 'tasks', 'run', 'example_task_group_decorator', 'task_group_function__4.task_2', 'scheduled__2025-08-06T10:40:20.785141+00:00', '--job-id', '47', '--raw', '--subdir', '/home/***/.local/lib/python3.7/site-packages/***/example_dags/example_task_group_decorator.py', '--cfg-path', '/tmp/tmp8qxb3pk4', '--error-file', '/tmp/tmpzrxypsnj']
[2025-08-07 10:40:28,357] {standard_task_runner.py:80} INFO - Job 47: Subtask task_group_function__4.task_2
[2025-08-07 10:40:28,447] {task_command.py:369} INFO - Running <TaskInstance: example_task_group_decorator.task_group_function__4.task_2 scheduled__2025-08-06T10:40:20.785141+00:00 [running]> on host 81d3b97a0728
[2025-08-07 10:40:28,825] {taskinstance.py:1571} INFO - Exporting the following env vars:
AIRFLOW_CTX_DAG_OWNER=***
AIRFLOW_CTX_DAG_ID=example_task_group_decorator
AIRFLOW_CTX_TASK_ID=task_group_function__4.task_2
AIRFLOW_CTX_EXECUTION_DATE=2025-08-06T10:40:20.785141+00:00
AIRFLOW_CTX_TRY_NUMBER=1
AIRFLOW_CTX_DAG_RUN_ID=scheduled__2025-08-06T10:40:20.785141+00:00
[2025-08-07 10:40:28,826] {python.py:173} INFO - Done. Returned value was: [ Task2 [ Task1 4 ] ]
[2025-08-07 10:40:28,942] {taskinstance.py:1400} INFO - Marking task as SUCCESS. dag_id=example_task_group_decorator, task_id=task_group_function__4.task_2, execution_date=20250806T104020, start_date=20250807T104028, end_date=20250807T104028
[2025-08-07 10:40:29,009] {local_task_job.py:156} INFO - Task exited with return code 0
[2025-08-07 10:40:29,120] {local_task_job.py:273} INFO - 1 downstream tasks scheduled from follow-on schedule check
