[2025-08-07 10:40:23,898] {taskinstance.py:1159} INFO - Dependencies all met for <TaskInstance: tutorial.sleep scheduled__2025-08-06T10:40:20.102301+00:00 [queued]>
[2025-08-07 10:40:23,947] {taskinstance.py:1159} INFO - Dependencies all met for <TaskInstance: tutorial.sleep scheduled__2025-08-06T10:40:20.102301+00:00 [queued]>
[2025-08-07 10:40:23,948] {taskinstance.py:1356} INFO - 
--------------------------------------------------------------------------------
[2025-08-07 10:40:23,948] {taskinstance.py:1357} INFO - Starting attempt 1 of 4
[2025-08-07 10:40:23,949] {taskinstance.py:1358} INFO - 
--------------------------------------------------------------------------------
[2025-08-07 10:40:23,989] {taskinstance.py:1377} INFO - Executing <Task(BashOperator): sleep> on 2025-08-06 10:40:20.102301+00:00
[2025-08-07 10:40:24,080] {standard_task_runner.py:52} INFO - Started process 466 to run task
[2025-08-07 10:40:24,111] {standard_task_runner.py:79} INFO - Running: ['***', 'tasks', 'run', 'tutorial', 'sleep', 'scheduled__2025-08-06T10:40:20.102301+00:00', '--job-id', '31', '--raw', '--subdir', '/home/***/.local/lib/python3.7/site-packages/***/example_dags/tutorial.py', '--cfg-path', '/tmp/tmp1h0gbh6k', '--error-file', '/tmp/tmpgz_gub4g']
[2025-08-07 10:40:24,114] {standard_task_runner.py:80} INFO - Job 31: Subtask sleep
[2025-08-07 10:40:24,449] {task_command.py:369} INFO - Running <TaskInstance: tutorial.sleep scheduled__2025-08-06T10:40:20.102301+00:00 [running]> on host 81d3b97a0728
[2025-08-07 10:40:25,046] {taskinstance.py:1571} INFO - Exporting the following env vars:
AIRFLOW_CTX_DAG_EMAIL=***@example.com
AIRFLOW_CTX_DAG_OWNER=***
AIRFLOW_CTX_DAG_ID=tutorial
AIRFLOW_CTX_TASK_ID=sleep
AIRFLOW_CTX_EXECUTION_DATE=2025-08-06T10:40:20.102301+00:00
AIRFLOW_CTX_TRY_NUMBER=1
AIRFLOW_CTX_DAG_RUN_ID=scheduled__2025-08-06T10:40:20.102301+00:00
[2025-08-07 10:40:25,047] {subprocess.py:62} INFO - Tmp dir root location: 
 /tmp
[2025-08-07 10:40:25,048] {subprocess.py:74} INFO - Running command: ['bash', '-c', 'sleep 5']
[2025-08-07 10:40:25,070] {subprocess.py:85} INFO - Output:
[2025-08-07 10:40:30,080] {subprocess.py:96} INFO - Command exited with return code 0
[2025-08-07 10:40:30,143] {taskinstance.py:1400} INFO - Marking task as SUCCESS. dag_id=tutorial, task_id=sleep, execution_date=20250806T104020, start_date=20250807T104023, end_date=20250807T104030
[2025-08-07 10:40:30,212] {local_task_job.py:156} INFO - Task exited with return code 0
[2025-08-07 10:40:30,268] {local_task_job.py:273} INFO - 0 downstream tasks scheduled from follow-on schedule check
