[2025-08-07 20:33:51,440] {taskinstance.py:1159} INFO - Dependencies all met for <TaskInstance: example_task_group_decorator.task_group_function__1.task_1 scheduled__2025-08-06T20:33:39.868892+00:00 [queued]>
[2025-08-07 20:33:51,573] {taskinstance.py:1159} INFO - Dependencies all met for <TaskInstance: example_task_group_decorator.task_group_function__1.task_1 scheduled__2025-08-06T20:33:39.868892+00:00 [queued]>
[2025-08-07 20:33:51,573] {taskinstance.py:1356} INFO - 
--------------------------------------------------------------------------------
[2025-08-07 20:33:51,574] {taskinstance.py:1357} INFO - Starting attempt 1 of 1
[2025-08-07 20:33:51,574] {taskinstance.py:1358} INFO - 
--------------------------------------------------------------------------------
[2025-08-07 20:33:52,014] {taskinstance.py:1377} INFO - Executing <Task(_PythonDecoratedOperator): task_group_function__1.task_1> on 2025-08-06 20:33:39.868892+00:00
[2025-08-07 20:33:52,032] {standard_task_runner.py:52} INFO - Started process 486 to run task
[2025-08-07 20:33:52,373] {standard_task_runner.py:79} INFO - Running: ['***', 'tasks', 'run', 'example_task_group_decorator', 'task_group_function__1.task_1', 'scheduled__2025-08-06T20:33:39.868892+00:00', '--job-id', '35', '--raw', '--subdir', '/home/***/.local/lib/python3.7/site-packages/***/example_dags/example_task_group_decorator.py', '--cfg-path', '/tmp/tmpg991kfwo', '--error-file', '/tmp/tmpd0anql17']
[2025-08-07 20:33:52,379] {standard_task_runner.py:80} INFO - Job 35: Subtask task_group_function__1.task_1
[2025-08-07 20:33:53,380] {task_command.py:369} INFO - Running <TaskInstance: example_task_group_decorator.task_group_function__1.task_1 scheduled__2025-08-06T20:33:39.868892+00:00 [running]> on host 034e74559af0
[2025-08-07 20:33:54,587] {taskinstance.py:1571} INFO - Exporting the following env vars:
AIRFLOW_CTX_DAG_OWNER=***
AIRFLOW_CTX_DAG_ID=example_task_group_decorator
AIRFLOW_CTX_TASK_ID=task_group_function__1.task_1
AIRFLOW_CTX_EXECUTION_DATE=2025-08-06T20:33:39.868892+00:00
AIRFLOW_CTX_TRY_NUMBER=1
AIRFLOW_CTX_DAG_RUN_ID=scheduled__2025-08-06T20:33:39.868892+00:00
[2025-08-07 20:33:54,589] {python.py:173} INFO - Done. Returned value was: [ Task1 1 ]
[2025-08-07 20:33:55,043] {taskinstance.py:1400} INFO - Marking task as SUCCESS. dag_id=example_task_group_decorator, task_id=task_group_function__1.task_1, execution_date=20250806T203339, start_date=20250807T203351, end_date=20250807T203355
[2025-08-07 20:33:55,316] {local_task_job.py:156} INFO - Task exited with return code 0
[2025-08-07 20:33:55,761] {local_task_job.py:273} INFO - 1 downstream tasks scheduled from follow-on schedule check
