[2025-08-08 09:45:00,863] {taskinstance.py:1159} INFO - Dependencies all met for <TaskInstance: example_branch_dop_operator_v3.condition scheduled__2025-08-08T09:44:00+00:00 [queued]>
[2025-08-08 09:45:00,875] {taskinstance.py:1159} INFO - Dependencies all met for <TaskInstance: example_branch_dop_operator_v3.condition scheduled__2025-08-08T09:44:00+00:00 [queued]>
[2025-08-08 09:45:00,875] {taskinstance.py:1356} INFO - 
--------------------------------------------------------------------------------
[2025-08-08 09:45:00,875] {taskinstance.py:1357} INFO - Starting attempt 1 of 1
[2025-08-08 09:45:00,875] {taskinstance.py:1358} INFO - 
--------------------------------------------------------------------------------
[2025-08-08 09:45:00,891] {taskinstance.py:1377} INFO - Executing <Task(BranchPythonOperator): condition> on 2025-08-08 09:44:00+00:00
[2025-08-08 09:45:00,897] {standard_task_runner.py:52} INFO - Started process 25757 to run task
[2025-08-08 09:45:00,900] {standard_task_runner.py:79} INFO - Running: ['***', 'tasks', 'run', 'example_branch_dop_operator_v3', 'condition', 'scheduled__2025-08-08T09:44:00+00:00', '--job-id', '307', '--raw', '--subdir', '/home/***/.local/lib/python3.7/site-packages/***/example_dags/example_branch_python_dop_operator_3.py', '--cfg-path', '/tmp/tmpibhnthtj', '--error-file', '/tmp/tmph2cbsyw_']
[2025-08-08 09:45:00,900] {standard_task_runner.py:80} INFO - Job 307: Subtask condition
[2025-08-08 09:45:01,010] {task_command.py:369} INFO - Running <TaskInstance: example_branch_dop_operator_v3.condition scheduled__2025-08-08T09:44:00+00:00 [running]> on host abdeb7f02efc
[2025-08-08 09:45:01,238] {taskinstance.py:1571} INFO - Exporting the following env vars:
AIRFLOW_CTX_DAG_OWNER=***
AIRFLOW_CTX_DAG_ID=example_branch_dop_operator_v3
AIRFLOW_CTX_TASK_ID=condition
AIRFLOW_CTX_EXECUTION_DATE=2025-08-08T09:44:00+00:00
AIRFLOW_CTX_TRY_NUMBER=1
AIRFLOW_CTX_DAG_RUN_ID=scheduled__2025-08-08T09:44:00+00:00
[2025-08-08 09:45:01,244] {logging_mixin.py:115} WARNING - /home/***/.local/lib/python3.7/site-packages/***/utils/context.py:290 AirflowContextDeprecationWarning: Accessing 'execution_date' from the template is deprecated and will be removed in a future version. Please use 'data_interval_start' or 'logical_date' instead.
[2025-08-08 09:45:01,244] {logging_mixin.py:115} INFO - ------------- exec dttm = 2025-08-08T09:44:00+00:00 and minute = 44
[2025-08-08 09:45:01,244] {python.py:173} INFO - Done. Returned value was: empty_task_1
[2025-08-08 09:45:01,244] {skipmixin.py:140} INFO - Following branch empty_task_1
[2025-08-08 09:45:01,244] {skipmixin.py:175} INFO - Skipping tasks ['empty_task_2']
[2025-08-08 09:45:01,292] {taskinstance.py:1400} INFO - Marking task as SUCCESS. dag_id=example_branch_dop_operator_v3, task_id=condition, execution_date=20250808T094400, start_date=20250808T094500, end_date=20250808T094501
[2025-08-08 09:45:01,312] {local_task_job.py:156} INFO - Task exited with return code 0
[2025-08-08 09:45:01,360] {local_task_job.py:273} INFO - 1 downstream tasks scheduled from follow-on schedule check
