[2025-08-07 03:29:57,137] {taskinstance.py:1159} INFO - Dependencies all met for <TaskInstance: tutorial.templated scheduled__2025-08-06T03:29:50.280985+00:00 [queued]>
[2025-08-07 03:29:57,161] {taskinstance.py:1159} INFO - Dependencies all met for <TaskInstance: tutorial.templated scheduled__2025-08-06T03:29:50.280985+00:00 [queued]>
[2025-08-07 03:29:57,162] {taskinstance.py:1356} INFO - 
--------------------------------------------------------------------------------
[2025-08-07 03:29:57,163] {taskinstance.py:1357} INFO - Starting attempt 1 of 2
[2025-08-07 03:29:57,163] {taskinstance.py:1358} INFO - 
--------------------------------------------------------------------------------
[2025-08-07 03:29:57,210] {taskinstance.py:1377} INFO - Executing <Task(BashOperator): templated> on 2025-08-06 03:29:50.280985+00:00
[2025-08-07 03:29:57,225] {standard_task_runner.py:52} INFO - Started process 495 to run task
[2025-08-07 03:29:57,237] {standard_task_runner.py:79} INFO - Running: ['***', 'tasks', 'run', 'tutorial', 'templated', 'scheduled__2025-08-06T03:29:50.280985+00:00', '--job-id', '35', '--raw', '--subdir', '/home/***/.local/lib/python3.7/site-packages/***/example_dags/tutorial.py', '--cfg-path', '/tmp/tmp86ulbr89', '--error-file', '/tmp/tmps63w5wb_']
[2025-08-07 03:29:57,239] {standard_task_runner.py:80} INFO - Job 35: Subtask templated
[2025-08-07 03:29:57,437] {task_command.py:369} INFO - Running <TaskInstance: tutorial.templated scheduled__2025-08-06T03:29:50.280985+00:00 [running]> on host 47565329e35b
[2025-08-07 03:29:57,944] {taskinstance.py:1571} INFO - Exporting the following env vars:
AIRFLOW_CTX_DAG_EMAIL=***@example.com
AIRFLOW_CTX_DAG_OWNER=***
AIRFLOW_CTX_DAG_ID=tutorial
AIRFLOW_CTX_TASK_ID=templated
AIRFLOW_CTX_EXECUTION_DATE=2025-08-06T03:29:50.280985+00:00
AIRFLOW_CTX_TRY_NUMBER=1
AIRFLOW_CTX_DAG_RUN_ID=scheduled__2025-08-06T03:29:50.280985+00:00
[2025-08-07 03:29:57,945] {subprocess.py:62} INFO - Tmp dir root location: 
 /tmp
[2025-08-07 03:29:57,946] {subprocess.py:74} INFO - Running command: ['bash', '-c', '\n\n    echo "2025-08-06"\n    echo "2025-08-13"\n\n    echo "2025-08-06"\n    echo "2025-08-13"\n\n    echo "2025-08-06"\n    echo "2025-08-13"\n\n    echo "2025-08-06"\n    echo "2025-08-13"\n\n    echo "2025-08-06"\n    echo "2025-08-13"\n']
[2025-08-07 03:29:57,993] {subprocess.py:85} INFO - Output:
[2025-08-07 03:29:57,998] {subprocess.py:92} INFO - 2025-08-06
[2025-08-07 03:29:58,000] {subprocess.py:92} INFO - 2025-08-13
[2025-08-07 03:29:58,001] {subprocess.py:92} INFO - 2025-08-06
[2025-08-07 03:29:58,001] {subprocess.py:92} INFO - 2025-08-13
[2025-08-07 03:29:58,003] {subprocess.py:92} INFO - 2025-08-06
[2025-08-07 03:29:58,003] {subprocess.py:92} INFO - 2025-08-13
[2025-08-07 03:29:58,004] {subprocess.py:92} INFO - 2025-08-06
[2025-08-07 03:29:58,005] {subprocess.py:92} INFO - 2025-08-13
[2025-08-07 03:29:58,006] {subprocess.py:92} INFO - 2025-08-06
[2025-08-07 03:29:58,006] {subprocess.py:92} INFO - 2025-08-13
[2025-08-07 03:29:58,007] {subprocess.py:96} INFO - Command exited with return code 0
[2025-08-07 03:29:58,159] {taskinstance.py:1400} INFO - Marking task as SUCCESS. dag_id=tutorial, task_id=templated, execution_date=20250806T032950, start_date=20250807T032957, end_date=20250807T032958
[2025-08-07 03:29:58,232] {local_task_job.py:156} INFO - Task exited with return code 0
[2025-08-07 03:29:58,304] {local_task_job.py:273} INFO - 0 downstream tasks scheduled from follow-on schedule check
