[2025-08-07 03:21:11,474] {taskinstance.py:1159} INFO - Dependencies all met for <TaskInstance: example_branch_datetime_operator_2.datetime_branch scheduled__2025-08-06T00:00:00+00:00 [queued]>
[2025-08-07 03:21:11,497] {taskinstance.py:1159} INFO - Dependencies all met for <TaskInstance: example_branch_datetime_operator_2.datetime_branch scheduled__2025-08-06T00:00:00+00:00 [queued]>
[2025-08-07 03:21:11,498] {taskinstance.py:1356} INFO - 
--------------------------------------------------------------------------------
[2025-08-07 03:21:11,499] {taskinstance.py:1357} INFO - Starting attempt 1 of 1
[2025-08-07 03:21:11,500] {taskinstance.py:1358} INFO - 
--------------------------------------------------------------------------------
[2025-08-07 03:21:11,538] {taskinstance.py:1377} INFO - Executing <Task(BranchDateTimeOperator): datetime_branch> on 2025-08-06 00:00:00+00:00
[2025-08-07 03:21:11,557] {standard_task_runner.py:52} INFO - Started process 318 to run task
[2025-08-07 03:21:11,570] {standard_task_runner.py:79} INFO - Running: ['***', 'tasks', 'run', 'example_branch_datetime_operator_2', 'datetime_branch', 'scheduled__2025-08-06T00:00:00+00:00', '--job-id', '11', '--raw', '--subdir', '/home/***/.local/lib/python3.7/site-packages/***/example_dags/example_branch_datetime_operator.py', '--cfg-path', '/tmp/tmp5uv335zc', '--error-file', '/tmp/tmplt1b6w55']
[2025-08-07 03:21:11,573] {standard_task_runner.py:80} INFO - Job 11: Subtask datetime_branch
[2025-08-07 03:21:11,693] {task_command.py:369} INFO - Running <TaskInstance: example_branch_datetime_operator_2.datetime_branch scheduled__2025-08-06T00:00:00+00:00 [running]> on host f83ee74b89ef
[2025-08-07 03:21:12,473] {taskinstance.py:1571} INFO - Exporting the following env vars:
AIRFLOW_CTX_DAG_OWNER=***
AIRFLOW_CTX_DAG_ID=example_branch_datetime_operator_2
AIRFLOW_CTX_TASK_ID=datetime_branch
AIRFLOW_CTX_EXECUTION_DATE=2025-08-06T00:00:00+00:00
AIRFLOW_CTX_TRY_NUMBER=1
AIRFLOW_CTX_DAG_RUN_ID=scheduled__2025-08-06T00:00:00+00:00
[2025-08-07 03:21:12,474] {skipmixin.py:140} INFO - Following branch ['date_outside_range']
[2025-08-07 03:21:12,475] {skipmixin.py:175} INFO - Skipping tasks ['date_in_range']
[2025-08-07 03:21:12,804] {taskinstance.py:1400} INFO - Marking task as SUCCESS. dag_id=example_branch_datetime_operator_2, task_id=datetime_branch, execution_date=20250806T000000, start_date=20250807T032111, end_date=20250807T032112
[2025-08-07 03:21:12,875] {local_task_job.py:156} INFO - Task exited with return code 0
[2025-08-07 03:21:13,180] {local_task_job.py:273} INFO - 1 downstream tasks scheduled from follow-on schedule check
[2025-08-07 03:29:48,745] {taskinstance.py:1159} INFO - Dependencies all met for <TaskInstance: example_branch_datetime_operator_2.datetime_branch scheduled__2025-08-06T00:00:00+00:00 [queued]>
[2025-08-07 03:29:48,785] {taskinstance.py:1159} INFO - Dependencies all met for <TaskInstance: example_branch_datetime_operator_2.datetime_branch scheduled__2025-08-06T00:00:00+00:00 [queued]>
[2025-08-07 03:29:48,786] {taskinstance.py:1356} INFO - 
--------------------------------------------------------------------------------
[2025-08-07 03:29:48,787] {taskinstance.py:1357} INFO - Starting attempt 1 of 1
[2025-08-07 03:29:48,788] {taskinstance.py:1358} INFO - 
--------------------------------------------------------------------------------
[2025-08-07 03:29:48,834] {taskinstance.py:1377} INFO - Executing <Task(BranchDateTimeOperator): datetime_branch> on 2025-08-06 00:00:00+00:00
[2025-08-07 03:29:48,859] {standard_task_runner.py:52} INFO - Started process 324 to run task
[2025-08-07 03:29:48,870] {standard_task_runner.py:79} INFO - Running: ['***', 'tasks', 'run', 'example_branch_datetime_operator_2', 'datetime_branch', 'scheduled__2025-08-06T00:00:00+00:00', '--job-id', '14', '--raw', '--subdir', '/home/***/.local/lib/python3.7/site-packages/***/example_dags/example_branch_datetime_operator.py', '--cfg-path', '/tmp/tmpikc_g13v', '--error-file', '/tmp/tmpeujske4r']
[2025-08-07 03:29:48,887] {standard_task_runner.py:80} INFO - Job 14: Subtask datetime_branch
[2025-08-07 03:29:49,092] {task_command.py:369} INFO - Running <TaskInstance: example_branch_datetime_operator_2.datetime_branch scheduled__2025-08-06T00:00:00+00:00 [running]> on host 47565329e35b
[2025-08-07 03:29:49,653] {taskinstance.py:1571} INFO - Exporting the following env vars:
AIRFLOW_CTX_DAG_OWNER=***
AIRFLOW_CTX_DAG_ID=example_branch_datetime_operator_2
AIRFLOW_CTX_TASK_ID=datetime_branch
AIRFLOW_CTX_EXECUTION_DATE=2025-08-06T00:00:00+00:00
AIRFLOW_CTX_TRY_NUMBER=1
AIRFLOW_CTX_DAG_RUN_ID=scheduled__2025-08-06T00:00:00+00:00
[2025-08-07 03:29:49,654] {skipmixin.py:140} INFO - Following branch ['date_outside_range']
[2025-08-07 03:29:49,655] {skipmixin.py:175} INFO - Skipping tasks ['date_in_range']
[2025-08-07 03:29:50,017] {taskinstance.py:1400} INFO - Marking task as SUCCESS. dag_id=example_branch_datetime_operator_2, task_id=datetime_branch, execution_date=20250806T000000, start_date=20250807T032948, end_date=20250807T032950
[2025-08-07 03:29:50,168] {local_task_job.py:156} INFO - Task exited with return code 0
[2025-08-07 03:29:50,357] {local_task_job.py:273} INFO - 1 downstream tasks scheduled from follow-on schedule check
[2025-08-07 03:39:57,012] {taskinstance.py:1159} INFO - Dependencies all met for <TaskInstance: example_branch_datetime_operator_2.datetime_branch scheduled__2025-08-06T00:00:00+00:00 [queued]>
[2025-08-07 03:39:57,038] {taskinstance.py:1159} INFO - Dependencies all met for <TaskInstance: example_branch_datetime_operator_2.datetime_branch scheduled__2025-08-06T00:00:00+00:00 [queued]>
[2025-08-07 03:39:57,038] {taskinstance.py:1356} INFO - 
--------------------------------------------------------------------------------
[2025-08-07 03:39:57,039] {taskinstance.py:1357} INFO - Starting attempt 1 of 1
[2025-08-07 03:39:57,039] {taskinstance.py:1358} INFO - 
--------------------------------------------------------------------------------
[2025-08-07 03:39:57,078] {taskinstance.py:1377} INFO - Executing <Task(BranchDateTimeOperator): datetime_branch> on 2025-08-06 00:00:00+00:00
[2025-08-07 03:39:57,109] {standard_task_runner.py:52} INFO - Started process 322 to run task
[2025-08-07 03:39:57,118] {standard_task_runner.py:79} INFO - Running: ['***', 'tasks', 'run', 'example_branch_datetime_operator_2', 'datetime_branch', 'scheduled__2025-08-06T00:00:00+00:00', '--job-id', '11', '--raw', '--subdir', '/home/***/.local/lib/python3.7/site-packages/***/example_dags/example_branch_datetime_operator.py', '--cfg-path', '/tmp/tmp1_tx21j4', '--error-file', '/tmp/tmptdp8t2b7']
[2025-08-07 03:39:57,153] {standard_task_runner.py:80} INFO - Job 11: Subtask datetime_branch
[2025-08-07 03:39:57,389] {task_command.py:369} INFO - Running <TaskInstance: example_branch_datetime_operator_2.datetime_branch scheduled__2025-08-06T00:00:00+00:00 [running]> on host 92a46ac2453f
[2025-08-07 03:39:58,001] {taskinstance.py:1571} INFO - Exporting the following env vars:
AIRFLOW_CTX_DAG_OWNER=***
AIRFLOW_CTX_DAG_ID=example_branch_datetime_operator_2
AIRFLOW_CTX_TASK_ID=datetime_branch
AIRFLOW_CTX_EXECUTION_DATE=2025-08-06T00:00:00+00:00
AIRFLOW_CTX_TRY_NUMBER=1
AIRFLOW_CTX_DAG_RUN_ID=scheduled__2025-08-06T00:00:00+00:00
[2025-08-07 03:39:58,002] {skipmixin.py:140} INFO - Following branch ['date_outside_range']
[2025-08-07 03:39:58,007] {skipmixin.py:175} INFO - Skipping tasks ['date_in_range']
[2025-08-07 03:39:58,181] {taskinstance.py:1400} INFO - Marking task as SUCCESS. dag_id=example_branch_datetime_operator_2, task_id=datetime_branch, execution_date=20250806T000000, start_date=20250807T033957, end_date=20250807T033958
[2025-08-07 03:39:58,263] {local_task_job.py:156} INFO - Task exited with return code 0
[2025-08-07 03:39:58,356] {local_task_job.py:273} INFO - 1 downstream tasks scheduled from follow-on schedule check
[2025-08-07 10:40:19,370] {taskinstance.py:1159} INFO - Dependencies all met for <TaskInstance: example_branch_datetime_operator_2.datetime_branch scheduled__2025-08-06T00:00:00+00:00 [queued]>
[2025-08-07 10:40:19,397] {taskinstance.py:1159} INFO - Dependencies all met for <TaskInstance: example_branch_datetime_operator_2.datetime_branch scheduled__2025-08-06T00:00:00+00:00 [queued]>
[2025-08-07 10:40:19,399] {taskinstance.py:1356} INFO - 
--------------------------------------------------------------------------------
[2025-08-07 10:40:19,399] {taskinstance.py:1357} INFO - Starting attempt 1 of 1
[2025-08-07 10:40:19,400] {taskinstance.py:1358} INFO - 
--------------------------------------------------------------------------------
[2025-08-07 10:40:19,438] {taskinstance.py:1377} INFO - Executing <Task(BranchDateTimeOperator): datetime_branch> on 2025-08-06 00:00:00+00:00
[2025-08-07 10:40:19,449] {standard_task_runner.py:52} INFO - Started process 339 to run task
[2025-08-07 10:40:19,458] {standard_task_runner.py:79} INFO - Running: ['***', 'tasks', 'run', 'example_branch_datetime_operator_2', 'datetime_branch', 'scheduled__2025-08-06T00:00:00+00:00', '--job-id', '13', '--raw', '--subdir', '/home/***/.local/lib/python3.7/site-packages/***/example_dags/example_branch_datetime_operator.py', '--cfg-path', '/tmp/tmp2ifaj8f0', '--error-file', '/tmp/tmpgwidntj1']
[2025-08-07 10:40:19,463] {standard_task_runner.py:80} INFO - Job 13: Subtask datetime_branch
[2025-08-07 10:40:19,678] {task_command.py:369} INFO - Running <TaskInstance: example_branch_datetime_operator_2.datetime_branch scheduled__2025-08-06T00:00:00+00:00 [running]> on host 81d3b97a0728
[2025-08-07 10:40:20,336] {taskinstance.py:1571} INFO - Exporting the following env vars:
AIRFLOW_CTX_DAG_OWNER=***
AIRFLOW_CTX_DAG_ID=example_branch_datetime_operator_2
AIRFLOW_CTX_TASK_ID=datetime_branch
AIRFLOW_CTX_EXECUTION_DATE=2025-08-06T00:00:00+00:00
AIRFLOW_CTX_TRY_NUMBER=1
AIRFLOW_CTX_DAG_RUN_ID=scheduled__2025-08-06T00:00:00+00:00
[2025-08-07 10:40:20,338] {skipmixin.py:140} INFO - Following branch ['date_outside_range']
[2025-08-07 10:40:20,339] {skipmixin.py:175} INFO - Skipping tasks ['date_in_range']
[2025-08-07 10:40:20,629] {taskinstance.py:1400} INFO - Marking task as SUCCESS. dag_id=example_branch_datetime_operator_2, task_id=datetime_branch, execution_date=20250806T000000, start_date=20250807T104019, end_date=20250807T104020
[2025-08-07 10:40:20,743] {local_task_job.py:156} INFO - Task exited with return code 0
[2025-08-07 10:40:21,067] {local_task_job.py:273} INFO - 0 downstream tasks scheduled from follow-on schedule check
[2025-08-07 11:11:44,580] {taskinstance.py:1159} INFO - Dependencies all met for <TaskInstance: example_branch_datetime_operator_2.datetime_branch scheduled__2025-08-06T00:00:00+00:00 [queued]>
[2025-08-07 11:11:44,607] {taskinstance.py:1159} INFO - Dependencies all met for <TaskInstance: example_branch_datetime_operator_2.datetime_branch scheduled__2025-08-06T00:00:00+00:00 [queued]>
[2025-08-07 11:11:44,607] {taskinstance.py:1356} INFO - 
--------------------------------------------------------------------------------
[2025-08-07 11:11:44,607] {taskinstance.py:1357} INFO - Starting attempt 1 of 1
[2025-08-07 11:11:44,607] {taskinstance.py:1358} INFO - 
--------------------------------------------------------------------------------
[2025-08-07 11:11:44,644] {taskinstance.py:1377} INFO - Executing <Task(BranchDateTimeOperator): datetime_branch> on 2025-08-06 00:00:00+00:00
[2025-08-07 11:11:44,671] {standard_task_runner.py:52} INFO - Started process 310 to run task
[2025-08-07 11:11:44,686] {standard_task_runner.py:79} INFO - Running: ['***', 'tasks', 'run', 'example_branch_datetime_operator_2', 'datetime_branch', 'scheduled__2025-08-06T00:00:00+00:00', '--job-id', '8', '--raw', '--subdir', '/home/***/.local/lib/python3.7/site-packages/***/example_dags/example_branch_datetime_operator.py', '--cfg-path', '/tmp/tmpvqd2y6fl', '--error-file', '/tmp/tmpp_i59cla']
[2025-08-07 11:11:44,691] {standard_task_runner.py:80} INFO - Job 8: Subtask datetime_branch
[2025-08-07 11:11:44,868] {task_command.py:369} INFO - Running <TaskInstance: example_branch_datetime_operator_2.datetime_branch scheduled__2025-08-06T00:00:00+00:00 [running]> on host b22dcc1493a4
[2025-08-07 11:11:45,931] {taskinstance.py:1571} INFO - Exporting the following env vars:
AIRFLOW_CTX_DAG_OWNER=***
AIRFLOW_CTX_DAG_ID=example_branch_datetime_operator_2
AIRFLOW_CTX_TASK_ID=datetime_branch
AIRFLOW_CTX_EXECUTION_DATE=2025-08-06T00:00:00+00:00
AIRFLOW_CTX_TRY_NUMBER=1
AIRFLOW_CTX_DAG_RUN_ID=scheduled__2025-08-06T00:00:00+00:00
[2025-08-07 11:11:45,939] {skipmixin.py:140} INFO - Following branch ['date_outside_range']
[2025-08-07 11:11:45,946] {skipmixin.py:175} INFO - Skipping tasks ['date_in_range']
[2025-08-07 11:11:46,353] {taskinstance.py:1400} INFO - Marking task as SUCCESS. dag_id=example_branch_datetime_operator_2, task_id=datetime_branch, execution_date=20250806T000000, start_date=20250807T111144, end_date=20250807T111146
[2025-08-07 11:11:46,511] {local_task_job.py:156} INFO - Task exited with return code 0
[2025-08-07 11:11:46,831] {local_task_job.py:273} INFO - 0 downstream tasks scheduled from follow-on schedule check
[2025-08-07 20:33:08,687] {taskinstance.py:1159} INFO - Dependencies all met for <TaskInstance: example_branch_datetime_operator_2.datetime_branch scheduled__2025-08-06T00:00:00+00:00 [queued]>
[2025-08-07 20:33:08,708] {taskinstance.py:1159} INFO - Dependencies all met for <TaskInstance: example_branch_datetime_operator_2.datetime_branch scheduled__2025-08-06T00:00:00+00:00 [queued]>
[2025-08-07 20:33:08,709] {taskinstance.py:1356} INFO - 
--------------------------------------------------------------------------------
[2025-08-07 20:33:08,709] {taskinstance.py:1357} INFO - Starting attempt 1 of 1
[2025-08-07 20:33:08,709] {taskinstance.py:1358} INFO - 
--------------------------------------------------------------------------------
[2025-08-07 20:33:08,745] {taskinstance.py:1377} INFO - Executing <Task(BranchDateTimeOperator): datetime_branch> on 2025-08-06 00:00:00+00:00
[2025-08-07 20:33:08,759] {standard_task_runner.py:52} INFO - Started process 311 to run task
[2025-08-07 20:33:08,765] {standard_task_runner.py:79} INFO - Running: ['***', 'tasks', 'run', 'example_branch_datetime_operator_2', 'datetime_branch', 'scheduled__2025-08-06T00:00:00+00:00', '--job-id', '10', '--raw', '--subdir', '/home/***/.local/lib/python3.7/site-packages/***/example_dags/example_branch_datetime_operator.py', '--cfg-path', '/tmp/tmp6ucps0_d', '--error-file', '/tmp/tmprkjt0e0l']
[2025-08-07 20:33:08,767] {standard_task_runner.py:80} INFO - Job 10: Subtask datetime_branch
[2025-08-07 20:33:08,940] {task_command.py:369} INFO - Running <TaskInstance: example_branch_datetime_operator_2.datetime_branch scheduled__2025-08-06T00:00:00+00:00 [running]> on host 034e74559af0
[2025-08-07 20:33:11,297] {taskinstance.py:1571} INFO - Exporting the following env vars:
AIRFLOW_CTX_DAG_OWNER=***
AIRFLOW_CTX_DAG_ID=example_branch_datetime_operator_2
AIRFLOW_CTX_TASK_ID=datetime_branch
AIRFLOW_CTX_EXECUTION_DATE=2025-08-06T00:00:00+00:00
AIRFLOW_CTX_TRY_NUMBER=1
AIRFLOW_CTX_DAG_RUN_ID=scheduled__2025-08-06T00:00:00+00:00
[2025-08-07 20:33:11,299] {skipmixin.py:140} INFO - Following branch ['date_in_range']
[2025-08-07 20:33:11,299] {skipmixin.py:175} INFO - Skipping tasks ['date_outside_range']
[2025-08-07 20:33:36,025] {taskinstance.py:1400} INFO - Marking task as SUCCESS. dag_id=example_branch_datetime_operator_2, task_id=datetime_branch, execution_date=20250806T000000, start_date=20250807T203308, end_date=20250807T203336
[2025-08-07 20:33:36,260] {local_task_job.py:221} WARNING - State of this instance has been externally set to success. Terminating instance.
[2025-08-07 20:33:36,265] {process_utils.py:129} INFO - Sending Signals.SIGTERM to group 311. PIDs of all processes in the group: [311]
[2025-08-07 20:33:36,265] {process_utils.py:80} INFO - Sending the signal Signals.SIGTERM to group 311
[2025-08-07 20:33:36,547] {process_utils.py:75} INFO - Process psutil.Process(pid=311, status='terminated', exitcode=0, started='20:33:08') (311) terminated with exit code 0
