[2025-08-08 08:55:05,458] {taskinstance.py:1159} INFO - Dependencies all met for <TaskInstance: example_trigger_target_dag.run_this manual__2025-08-08T08:55:03.262768+00:00 [queued]>
[2025-08-08 08:55:05,485] {taskinstance.py:1159} INFO - Dependencies all met for <TaskInstance: example_trigger_target_dag.run_this manual__2025-08-08T08:55:03.262768+00:00 [queued]>
[2025-08-08 08:55:05,486] {taskinstance.py:1356} INFO - 
--------------------------------------------------------------------------------
[2025-08-08 08:55:05,486] {taskinstance.py:1357} INFO - Starting attempt 1 of 1
[2025-08-08 08:55:05,486] {taskinstance.py:1358} INFO - 
--------------------------------------------------------------------------------
[2025-08-08 08:55:05,576] {taskinstance.py:1377} INFO - Executing <Task(_PythonDecoratedOperator): run_this> on 2025-08-08 08:55:03.262768+00:00
[2025-08-08 08:55:05,621] {standard_task_runner.py:52} INFO - Started process 323 to run task
[2025-08-08 08:55:05,629] {standard_task_runner.py:79} INFO - Running: ['***', 'tasks', 'run', 'example_trigger_target_dag', 'run_this', 'manual__2025-08-08T08:55:03.262768+00:00', '--job-id', '12', '--raw', '--subdir', '/home/***/.local/lib/python3.7/site-packages/***/example_dags/example_trigger_target_dag.py', '--cfg-path', '/tmp/tmpc6h3ongk', '--error-file', '/tmp/tmpswt4zro7']
[2025-08-08 08:55:05,640] {standard_task_runner.py:80} INFO - Job 12: Subtask run_this
[2025-08-08 08:55:05,749] {task_command.py:369} INFO - Running <TaskInstance: example_trigger_target_dag.run_this manual__2025-08-08T08:55:03.262768+00:00 [running]> on host abdeb7f02efc
[2025-08-08 08:55:06,509] {taskinstance.py:1571} INFO - Exporting the following env vars:
AIRFLOW_CTX_DAG_OWNER=***
AIRFLOW_CTX_DAG_ID=example_trigger_target_dag
AIRFLOW_CTX_TASK_ID=run_this
AIRFLOW_CTX_EXECUTION_DATE=2025-08-08T08:55:03.262768+00:00
AIRFLOW_CTX_TRY_NUMBER=1
AIRFLOW_CTX_DAG_RUN_ID=manual__2025-08-08T08:55:03.262768+00:00
[2025-08-08 08:55:06,510] {logging_mixin.py:115} INFO - Remotely received value of Hello World for key=message
[2025-08-08 08:55:06,513] {python.py:173} INFO - Done. Returned value was: None
[2025-08-08 08:55:06,564] {taskinstance.py:1400} INFO - Marking task as SUCCESS. dag_id=example_trigger_target_dag, task_id=run_this, execution_date=20250808T085503, start_date=20250808T085505, end_date=20250808T085506
[2025-08-08 08:55:06,650] {local_task_job.py:156} INFO - Task exited with return code 0
[2025-08-08 08:55:06,766] {local_task_job.py:273} INFO - 0 downstream tasks scheduled from follow-on schedule check
