[2025-08-07 03:21:22,799] {taskinstance.py:1159} INFO - Dependencies all met for <TaskInstance: example_task_group_decorator.task_group_function__2.task_2 scheduled__2025-08-06T03:21:14.109304+00:00 [queued]>
[2025-08-07 03:21:22,821] {taskinstance.py:1159} INFO - Dependencies all met for <TaskInstance: example_task_group_decorator.task_group_function__2.task_2 scheduled__2025-08-06T03:21:14.109304+00:00 [queued]>
[2025-08-07 03:21:22,822] {taskinstance.py:1356} INFO - 
--------------------------------------------------------------------------------
[2025-08-07 03:21:22,822] {taskinstance.py:1357} INFO - Starting attempt 1 of 1
[2025-08-07 03:21:22,823] {taskinstance.py:1358} INFO - 
--------------------------------------------------------------------------------
[2025-08-07 03:21:22,856] {taskinstance.py:1377} INFO - Executing <Task(_PythonDecoratedOperator): task_group_function__2.task_2> on 2025-08-06 03:21:14.109304+00:00
[2025-08-07 03:21:22,867] {standard_task_runner.py:52} INFO - Started process 527 to run task
[2025-08-07 03:21:22,872] {standard_task_runner.py:79} INFO - Running: ['***', 'tasks', 'run', 'example_task_group_decorator', 'task_group_function__2.task_2', 'scheduled__2025-08-06T03:21:14.109304+00:00', '--job-id', '48', '--raw', '--subdir', '/home/***/.local/lib/python3.7/site-packages/***/example_dags/example_task_group_decorator.py', '--cfg-path', '/tmp/tmpxn7fwetw', '--error-file', '/tmp/tmpe6x6dx14']
[2025-08-07 03:21:22,873] {standard_task_runner.py:80} INFO - Job 48: Subtask task_group_function__2.task_2
[2025-08-07 03:21:22,951] {task_command.py:369} INFO - Running <TaskInstance: example_task_group_decorator.task_group_function__2.task_2 scheduled__2025-08-06T03:21:14.109304+00:00 [running]> on host f83ee74b89ef
[2025-08-07 03:21:23,420] {taskinstance.py:1571} INFO - Exporting the following env vars:
AIRFLOW_CTX_DAG_OWNER=***
AIRFLOW_CTX_DAG_ID=example_task_group_decorator
AIRFLOW_CTX_TASK_ID=task_group_function__2.task_2
AIRFLOW_CTX_EXECUTION_DATE=2025-08-06T03:21:14.109304+00:00
AIRFLOW_CTX_TRY_NUMBER=1
AIRFLOW_CTX_DAG_RUN_ID=scheduled__2025-08-06T03:21:14.109304+00:00
[2025-08-07 03:21:23,422] {python.py:173} INFO - Done. Returned value was: [ Task2 [ Task1 2 ] ]
[2025-08-07 03:21:23,485] {taskinstance.py:1400} INFO - Marking task as SUCCESS. dag_id=example_task_group_decorator, task_id=task_group_function__2.task_2, execution_date=20250806T032114, start_date=20250807T032122, end_date=20250807T032123
[2025-08-07 03:21:23,539] {local_task_job.py:156} INFO - Task exited with return code 0
[2025-08-07 03:21:23,855] {local_task_job.py:273} INFO - 0 downstream tasks scheduled from follow-on schedule check
