[2025-08-07 11:46:45,138] {taskinstance.py:1159} INFO - Dependencies all met for <TaskInstance: send_weather_to_kafka.verify_pipeline scheduled__2025-08-07T11:44:37.190902+00:00 [queued]>
[2025-08-07 11:46:45,155] {taskinstance.py:1159} INFO - Dependencies all met for <TaskInstance: send_weather_to_kafka.verify_pipeline scheduled__2025-08-07T11:44:37.190902+00:00 [queued]>
[2025-08-07 11:46:45,155] {taskinstance.py:1356} INFO - 
--------------------------------------------------------------------------------
[2025-08-07 11:46:45,155] {taskinstance.py:1357} INFO - Starting attempt 1 of 2
[2025-08-07 11:46:45,155] {taskinstance.py:1358} INFO - 
--------------------------------------------------------------------------------
[2025-08-07 11:46:45,178] {taskinstance.py:1377} INFO - Executing <Task(BashOperator): verify_pipeline> on 2025-08-07 11:44:37.190902+00:00
[2025-08-07 11:46:45,188] {standard_task_runner.py:52} INFO - Started process 11385 to run task
[2025-08-07 11:46:45,192] {standard_task_runner.py:79} INFO - Running: ['***', 'tasks', 'run', 'send_weather_to_kafka', 'verify_pipeline', 'scheduled__2025-08-07T11:44:37.190902+00:00', '--job-id', '269', '--raw', '--subdir', 'DAGS_FOLDER/dag_meteo.py', '--cfg-path', '/tmp/tmp40gg9qrh', '--error-file', '/tmp/tmpuhps2e5p']
[2025-08-07 11:46:45,193] {standard_task_runner.py:80} INFO - Job 269: Subtask verify_pipeline
[2025-08-07 11:46:45,296] {task_command.py:369} INFO - Running <TaskInstance: send_weather_to_kafka.verify_pipeline scheduled__2025-08-07T11:44:37.190902+00:00 [running]> on host 40571d888a39
[2025-08-07 11:46:45,640] {taskinstance.py:1571} INFO - Exporting the following env vars:
AIRFLOW_CTX_DAG_OWNER=alla
AIRFLOW_CTX_DAG_ID=send_weather_to_kafka
AIRFLOW_CTX_TASK_ID=verify_pipeline
AIRFLOW_CTX_EXECUTION_DATE=2025-08-07T11:44:37.190902+00:00
AIRFLOW_CTX_TRY_NUMBER=1
AIRFLOW_CTX_DAG_RUN_ID=scheduled__2025-08-07T11:44:37.190902+00:00
[2025-08-07 11:46:45,642] {subprocess.py:62} INFO - Tmp dir root location: 
 /tmp
[2025-08-07 11:46:45,643] {subprocess.py:74} INFO - Running command: ['bash', '-c', '\n            echo " Attente traitement Logstash..." && sleep 30 &&\n            curl -s "http://elasticsearch:9200/_cat/indices/weather*" || echo "Pas encore d\'index weather"\n        ']
[2025-08-07 11:46:45,670] {subprocess.py:85} INFO - Output:
[2025-08-07 11:46:45,676] {subprocess.py:92} INFO -  Attente traitement Logstash...
[2025-08-07 11:47:15,704] {subprocess.py:92} INFO - yellow open weather_data wCNHBp2xSKuPJ9di62P4DQ 1 1 11 0 44.6kb 44.6kb
[2025-08-07 11:47:15,708] {subprocess.py:96} INFO - Command exited with return code 0
[2025-08-07 11:47:15,770] {taskinstance.py:1400} INFO - Marking task as SUCCESS. dag_id=send_weather_to_kafka, task_id=verify_pipeline, execution_date=20250807T114437, start_date=20250807T114645, end_date=20250807T114715
[2025-08-07 11:47:15,839] {local_task_job.py:156} INFO - Task exited with return code 0
[2025-08-07 11:47:15,889] {local_task_job.py:273} INFO - 0 downstream tasks scheduled from follow-on schedule check
