[2025-08-07 13:52:21,533] {taskinstance.py:1159} INFO - Dependencies all met for <TaskInstance: example_sla_dag.sleep_30 scheduled__2025-08-07T13:50:00+00:00 [queued]>
[2025-08-07 13:52:21,539] {taskinstance.py:1159} INFO - Dependencies all met for <TaskInstance: example_sla_dag.sleep_30 scheduled__2025-08-07T13:50:00+00:00 [queued]>
[2025-08-07 13:52:21,539] {taskinstance.py:1356} INFO - 
--------------------------------------------------------------------------------
[2025-08-07 13:52:21,539] {taskinstance.py:1357} INFO - Starting attempt 1 of 1
[2025-08-07 13:52:21,539] {taskinstance.py:1358} INFO - 
--------------------------------------------------------------------------------
[2025-08-07 13:52:21,549] {taskinstance.py:1377} INFO - Executing <Task(_PythonDecoratedOperator): sleep_30> on 2025-08-07 13:50:00+00:00
[2025-08-07 13:52:21,552] {standard_task_runner.py:52} INFO - Started process 59489 to run task
[2025-08-07 13:52:21,556] {standard_task_runner.py:79} INFO - Running: ['***', 'tasks', 'run', 'example_sla_dag', 'sleep_30', 'scheduled__2025-08-07T13:50:00+00:00', '--job-id', '907', '--raw', '--subdir', '/home/***/.local/lib/python3.7/site-packages/***/example_dags/example_sla_dag.py', '--cfg-path', '/tmp/tmpg9auxwko', '--error-file', '/tmp/tmp5tnvjduf']
[2025-08-07 13:52:21,557] {standard_task_runner.py:80} INFO - Job 907: Subtask sleep_30
[2025-08-07 13:52:21,621] {task_command.py:369} INFO - Running <TaskInstance: example_sla_dag.sleep_30 scheduled__2025-08-07T13:50:00+00:00 [running]> on host b810b38b6a38
[2025-08-07 13:52:21,769] {taskinstance.py:1571} INFO - Exporting the following env vars:
AIRFLOW_CTX_DAG_EMAIL=email@example.com
AIRFLOW_CTX_DAG_OWNER=***
AIRFLOW_CTX_DAG_ID=example_sla_dag
AIRFLOW_CTX_TASK_ID=sleep_30
AIRFLOW_CTX_EXECUTION_DATE=2025-08-07T13:50:00+00:00
AIRFLOW_CTX_TRY_NUMBER=1
AIRFLOW_CTX_DAG_RUN_ID=scheduled__2025-08-07T13:50:00+00:00
[2025-08-07 13:52:51,783] {python.py:173} INFO - Done. Returned value was: None
[2025-08-07 13:52:51,803] {taskinstance.py:1400} INFO - Marking task as SUCCESS. dag_id=example_sla_dag, task_id=sleep_30, execution_date=20250807T135000, start_date=20250807T135221, end_date=20250807T135251
[2025-08-07 13:52:51,835] {local_task_job.py:156} INFO - Task exited with return code 0
[2025-08-07 13:52:51,870] {local_task_job.py:273} INFO - 0 downstream tasks scheduled from follow-on schedule check
