[2025-08-07 11:48:38,201] {taskinstance.py:1159} INFO - Dependencies all met for <TaskInstance: send_weather_to_kafka.fetch_and_send_weather scheduled__2025-08-07T11:46:37.190902+00:00 [queued]>
[2025-08-07 11:48:38,220] {taskinstance.py:1159} INFO - Dependencies all met for <TaskInstance: send_weather_to_kafka.fetch_and_send_weather scheduled__2025-08-07T11:46:37.190902+00:00 [queued]>
[2025-08-07 11:48:38,221] {taskinstance.py:1356} INFO - 
--------------------------------------------------------------------------------
[2025-08-07 11:48:38,221] {taskinstance.py:1357} INFO - Starting attempt 1 of 2
[2025-08-07 11:48:38,221] {taskinstance.py:1358} INFO - 
--------------------------------------------------------------------------------
[2025-08-07 11:48:38,249] {taskinstance.py:1377} INFO - Executing <Task(BashOperator): fetch_and_send_weather> on 2025-08-07 11:46:37.190902+00:00
[2025-08-07 11:48:38,259] {standard_task_runner.py:52} INFO - Started process 12247 to run task
[2025-08-07 11:48:38,264] {standard_task_runner.py:79} INFO - Running: ['***', 'tasks', 'run', 'send_weather_to_kafka', 'fetch_and_send_weather', 'scheduled__2025-08-07T11:46:37.190902+00:00', '--job-id', '280', '--raw', '--subdir', 'DAGS_FOLDER/dag_meteo.py', '--cfg-path', '/tmp/tmpmobd6di0', '--error-file', '/tmp/tmp0mjtgf45']
[2025-08-07 11:48:38,267] {standard_task_runner.py:80} INFO - Job 280: Subtask fetch_and_send_weather
[2025-08-07 11:48:38,400] {task_command.py:369} INFO - Running <TaskInstance: send_weather_to_kafka.fetch_and_send_weather scheduled__2025-08-07T11:46:37.190902+00:00 [running]> on host 40571d888a39
[2025-08-07 11:48:38,806] {taskinstance.py:1571} INFO - Exporting the following env vars:
AIRFLOW_CTX_DAG_OWNER=alla
AIRFLOW_CTX_DAG_ID=send_weather_to_kafka
AIRFLOW_CTX_TASK_ID=fetch_and_send_weather
AIRFLOW_CTX_EXECUTION_DATE=2025-08-07T11:46:37.190902+00:00
AIRFLOW_CTX_TRY_NUMBER=1
AIRFLOW_CTX_DAG_RUN_ID=scheduled__2025-08-07T11:46:37.190902+00:00
[2025-08-07 11:48:38,808] {subprocess.py:62} INFO - Tmp dir root location: 
 /tmp
[2025-08-07 11:48:38,808] {subprocess.py:74} INFO - Running command: ['bash', '-c', 'cd /opt/***/scripts && python3 kafka/producer.py']
[2025-08-07 11:48:38,832] {subprocess.py:85} INFO - Output:
[2025-08-07 11:48:43,676] {subprocess.py:92} INFO - Envoi vers Kafka : {'temperature': 31, 'humidity': 70, 'windSpeed': 4.1, 'cloudCover': 30, 'rainIntensity': 0, 'timestamp': '2025-08-07T11:48:00Z'}
[2025-08-07 11:48:43,784] {subprocess.py:96} INFO - Command exited with return code 0
[2025-08-07 11:48:43,851] {taskinstance.py:1400} INFO - Marking task as SUCCESS. dag_id=send_weather_to_kafka, task_id=fetch_and_send_weather, execution_date=20250807T114637, start_date=20250807T114838, end_date=20250807T114843
[2025-08-07 11:48:43,890] {local_task_job.py:156} INFO - Task exited with return code 0
[2025-08-07 11:48:43,951] {local_task_job.py:273} INFO - 1 downstream tasks scheduled from follow-on schedule check
