[2025-08-07 20:38:22,308] {taskinstance.py:1159} INFO - Dependencies all met for <TaskInstance: example_sla_dag.sleep_30 scheduled__2025-08-07T20:36:00+00:00 [queued]>
[2025-08-07 20:38:22,319] {taskinstance.py:1159} INFO - Dependencies all met for <TaskInstance: example_sla_dag.sleep_30 scheduled__2025-08-07T20:36:00+00:00 [queued]>
[2025-08-07 20:38:22,319] {taskinstance.py:1356} INFO - 
--------------------------------------------------------------------------------
[2025-08-07 20:38:22,319] {taskinstance.py:1357} INFO - Starting attempt 1 of 1
[2025-08-07 20:38:22,319] {taskinstance.py:1358} INFO - 
--------------------------------------------------------------------------------
[2025-08-07 20:38:22,335] {taskinstance.py:1377} INFO - Executing <Task(_PythonDecoratedOperator): sleep_30> on 2025-08-07 20:36:00+00:00
[2025-08-07 20:38:22,341] {standard_task_runner.py:52} INFO - Started process 2577 to run task
[2025-08-07 20:38:22,345] {standard_task_runner.py:79} INFO - Running: ['***', 'tasks', 'run', 'example_sla_dag', 'sleep_30', 'scheduled__2025-08-07T20:36:00+00:00', '--job-id', '81', '--raw', '--subdir', '/home/***/.local/lib/python3.7/site-packages/***/example_dags/example_sla_dag.py', '--cfg-path', '/tmp/tmp6ddus_zu', '--error-file', '/tmp/tmpyzaymk07']
[2025-08-07 20:38:22,346] {standard_task_runner.py:80} INFO - Job 81: Subtask sleep_30
[2025-08-07 20:38:22,426] {task_command.py:369} INFO - Running <TaskInstance: example_sla_dag.sleep_30 scheduled__2025-08-07T20:36:00+00:00 [running]> on host 034e74559af0
[2025-08-07 20:38:22,672] {taskinstance.py:1571} INFO - Exporting the following env vars:
AIRFLOW_CTX_DAG_EMAIL=email@example.com
AIRFLOW_CTX_DAG_OWNER=***
AIRFLOW_CTX_DAG_ID=example_sla_dag
AIRFLOW_CTX_TASK_ID=sleep_30
AIRFLOW_CTX_EXECUTION_DATE=2025-08-07T20:36:00+00:00
AIRFLOW_CTX_TRY_NUMBER=1
AIRFLOW_CTX_DAG_RUN_ID=scheduled__2025-08-07T20:36:00+00:00
[2025-08-07 20:38:52,703] {python.py:173} INFO - Done. Returned value was: None
[2025-08-07 20:38:52,728] {taskinstance.py:1400} INFO - Marking task as SUCCESS. dag_id=example_sla_dag, task_id=sleep_30, execution_date=20250807T203600, start_date=20250807T203822, end_date=20250807T203852
[2025-08-07 20:38:52,751] {local_task_job.py:221} WARNING - State of this instance has been externally set to success. Terminating instance.
[2025-08-07 20:38:52,755] {process_utils.py:129} INFO - Sending Signals.SIGTERM to group 2577. PIDs of all processes in the group: [2577]
[2025-08-07 20:38:52,755] {process_utils.py:80} INFO - Sending the signal Signals.SIGTERM to group 2577
[2025-08-07 20:38:52,755] {process_utils.py:75} INFO - Process psutil.Process(pid=2577, status='terminated', exitcode=0, started='20:38:22') (2577) terminated with exit code 0
