[2025-08-07 20:33:47,181] {taskinstance.py:1159} INFO - Dependencies all met for <TaskInstance: example_short_circuit_operator.short_circuit scheduled__2025-08-06T20:33:42.976366+00:00 [queued]>
[2025-08-07 20:33:47,213] {taskinstance.py:1159} INFO - Dependencies all met for <TaskInstance: example_short_circuit_operator.short_circuit scheduled__2025-08-06T20:33:42.976366+00:00 [queued]>
[2025-08-07 20:33:47,214] {taskinstance.py:1356} INFO - 
--------------------------------------------------------------------------------
[2025-08-07 20:33:47,214] {taskinstance.py:1357} INFO - Starting attempt 1 of 1
[2025-08-07 20:33:47,215] {taskinstance.py:1358} INFO - 
--------------------------------------------------------------------------------
[2025-08-07 20:33:47,357] {taskinstance.py:1377} INFO - Executing <Task(ShortCircuitOperator): short_circuit> on 2025-08-06 20:33:42.976366+00:00
[2025-08-07 20:33:47,377] {standard_task_runner.py:52} INFO - Started process 436 to run task
[2025-08-07 20:33:47,390] {standard_task_runner.py:79} INFO - Running: ['***', 'tasks', 'run', 'example_short_circuit_operator', 'short_circuit', 'scheduled__2025-08-06T20:33:42.976366+00:00', '--job-id', '27', '--raw', '--subdir', '/home/***/.local/lib/python3.7/site-packages/***/example_dags/example_short_circuit_operator.py', '--cfg-path', '/tmp/tmpne4060v4', '--error-file', '/tmp/tmpxq5jmsrq']
[2025-08-07 20:33:47,392] {standard_task_runner.py:80} INFO - Job 27: Subtask short_circuit
[2025-08-07 20:33:47,844] {task_command.py:369} INFO - Running <TaskInstance: example_short_circuit_operator.short_circuit scheduled__2025-08-06T20:33:42.976366+00:00 [running]> on host 034e74559af0
[2025-08-07 20:33:49,565] {taskinstance.py:1571} INFO - Exporting the following env vars:
AIRFLOW_CTX_DAG_OWNER=***
AIRFLOW_CTX_DAG_ID=example_short_circuit_operator
AIRFLOW_CTX_TASK_ID=short_circuit
AIRFLOW_CTX_EXECUTION_DATE=2025-08-06T20:33:42.976366+00:00
AIRFLOW_CTX_TRY_NUMBER=1
AIRFLOW_CTX_DAG_RUN_ID=scheduled__2025-08-06T20:33:42.976366+00:00
[2025-08-07 20:33:49,575] {python.py:173} INFO - Done. Returned value was: False
[2025-08-07 20:33:49,580] {python.py:259} INFO - Condition result is False
[2025-08-07 20:33:49,583] {python.py:276} INFO - Skipping downstream tasks while respecting trigger rules...
[2025-08-07 20:33:49,697] {python.py:281} INFO - Done.
[2025-08-07 20:33:50,083] {taskinstance.py:1400} INFO - Marking task as SUCCESS. dag_id=example_short_circuit_operator, task_id=short_circuit, execution_date=20250806T203342, start_date=20250807T203347, end_date=20250807T203350
[2025-08-07 20:33:50,386] {local_task_job.py:156} INFO - Task exited with return code 0
[2025-08-07 20:33:50,679] {local_task_job.py:273} INFO - 0 downstream tasks scheduled from follow-on schedule check
