[2025-08-07 20:33:46,226] {taskinstance.py:1159} INFO - Dependencies all met for <TaskInstance: tutorial.print_date scheduled__2025-08-06T20:33:38.754600+00:00 [queued]>
[2025-08-07 20:33:46,280] {taskinstance.py:1159} INFO - Dependencies all met for <TaskInstance: tutorial.print_date scheduled__2025-08-06T20:33:38.754600+00:00 [queued]>
[2025-08-07 20:33:46,280] {taskinstance.py:1356} INFO - 
--------------------------------------------------------------------------------
[2025-08-07 20:33:46,281] {taskinstance.py:1357} INFO - Starting attempt 1 of 2
[2025-08-07 20:33:46,281] {taskinstance.py:1358} INFO - 
--------------------------------------------------------------------------------
[2025-08-07 20:33:46,325] {taskinstance.py:1377} INFO - Executing <Task(BashOperator): print_date> on 2025-08-06 20:33:38.754600+00:00
[2025-08-07 20:33:46,343] {standard_task_runner.py:52} INFO - Started process 420 to run task
[2025-08-07 20:33:46,357] {standard_task_runner.py:79} INFO - Running: ['***', 'tasks', 'run', 'tutorial', 'print_date', 'scheduled__2025-08-06T20:33:38.754600+00:00', '--job-id', '23', '--raw', '--subdir', '/home/***/.local/lib/python3.7/site-packages/***/example_dags/tutorial.py', '--cfg-path', '/tmp/tmp9da843pd', '--error-file', '/tmp/tmpr2lwgrwy']
[2025-08-07 20:33:46,366] {standard_task_runner.py:80} INFO - Job 23: Subtask print_date
[2025-08-07 20:33:46,525] {task_command.py:369} INFO - Running <TaskInstance: tutorial.print_date scheduled__2025-08-06T20:33:38.754600+00:00 [running]> on host 034e74559af0
[2025-08-07 20:33:46,972] {taskinstance.py:1571} INFO - Exporting the following env vars:
AIRFLOW_CTX_DAG_EMAIL=***@example.com
AIRFLOW_CTX_DAG_OWNER=***
AIRFLOW_CTX_DAG_ID=tutorial
AIRFLOW_CTX_TASK_ID=print_date
AIRFLOW_CTX_EXECUTION_DATE=2025-08-06T20:33:38.754600+00:00
AIRFLOW_CTX_TRY_NUMBER=1
AIRFLOW_CTX_DAG_RUN_ID=scheduled__2025-08-06T20:33:38.754600+00:00
[2025-08-07 20:33:46,978] {subprocess.py:62} INFO - Tmp dir root location: 
 /tmp
[2025-08-07 20:33:46,979] {subprocess.py:74} INFO - Running command: ['bash', '-c', 'date']
[2025-08-07 20:33:47,018] {subprocess.py:85} INFO - Output:
[2025-08-07 20:33:47,055] {subprocess.py:92} INFO - Thu Aug  7 20:33:47 UTC 2025
[2025-08-07 20:33:47,055] {subprocess.py:96} INFO - Command exited with return code 0
[2025-08-07 20:33:47,326] {taskinstance.py:1400} INFO - Marking task as SUCCESS. dag_id=tutorial, task_id=print_date, execution_date=20250806T203338, start_date=20250807T203346, end_date=20250807T203347
[2025-08-07 20:33:47,525] {local_task_job.py:156} INFO - Task exited with return code 0
[2025-08-07 20:33:47,774] {local_task_job.py:273} INFO - 0 downstream tasks scheduled from follow-on schedule check
