[2025-08-07 11:11:49,762] {taskinstance.py:1159} INFO - Dependencies all met for <TaskInstance: example_task_group_decorator.task_start scheduled__2025-08-06T11:11:47.636016+00:00 [queued]>
[2025-08-07 11:11:49,780] {taskinstance.py:1159} INFO - Dependencies all met for <TaskInstance: example_task_group_decorator.task_start scheduled__2025-08-06T11:11:47.636016+00:00 [queued]>
[2025-08-07 11:11:49,781] {taskinstance.py:1356} INFO - 
--------------------------------------------------------------------------------
[2025-08-07 11:11:49,781] {taskinstance.py:1357} INFO - Starting attempt 1 of 1
[2025-08-07 11:11:49,782] {taskinstance.py:1358} INFO - 
--------------------------------------------------------------------------------
[2025-08-07 11:11:49,811] {taskinstance.py:1377} INFO - Executing <Task(_PythonDecoratedOperator): task_start> on 2025-08-06 11:11:47.636016+00:00
[2025-08-07 11:11:49,823] {standard_task_runner.py:52} INFO - Started process 463 to run task
[2025-08-07 11:11:49,828] {standard_task_runner.py:79} INFO - Running: ['***', 'tasks', 'run', 'example_task_group_decorator', 'task_start', 'scheduled__2025-08-06T11:11:47.636016+00:00', '--job-id', '26', '--raw', '--subdir', '/home/***/.local/lib/python3.7/site-packages/***/example_dags/example_task_group_decorator.py', '--cfg-path', '/tmp/tmpm905lkxv', '--error-file', '/tmp/tmpn1k2aihx']
[2025-08-07 11:11:49,831] {standard_task_runner.py:80} INFO - Job 26: Subtask task_start
[2025-08-07 11:11:49,999] {task_command.py:369} INFO - Running <TaskInstance: example_task_group_decorator.task_start scheduled__2025-08-06T11:11:47.636016+00:00 [running]> on host b22dcc1493a4
[2025-08-07 11:11:50,394] {taskinstance.py:1571} INFO - Exporting the following env vars:
AIRFLOW_CTX_DAG_OWNER=***
AIRFLOW_CTX_DAG_ID=example_task_group_decorator
AIRFLOW_CTX_TASK_ID=task_start
AIRFLOW_CTX_EXECUTION_DATE=2025-08-06T11:11:47.636016+00:00
AIRFLOW_CTX_TRY_NUMBER=1
AIRFLOW_CTX_DAG_RUN_ID=scheduled__2025-08-06T11:11:47.636016+00:00
[2025-08-07 11:11:50,397] {python.py:173} INFO - Done. Returned value was: [Task_start]
[2025-08-07 11:11:50,989] {taskinstance.py:1400} INFO - Marking task as SUCCESS. dag_id=example_task_group_decorator, task_id=task_start, execution_date=20250806T111147, start_date=20250807T111149, end_date=20250807T111150
[2025-08-07 11:11:51,093] {local_task_job.py:156} INFO - Task exited with return code 0
[2025-08-07 11:11:51,387] {local_task_job.py:273} INFO - 5 downstream tasks scheduled from follow-on schedule check
