[2025-08-07 03:21:12,033] {taskinstance.py:1159} INFO - Dependencies all met for <TaskInstance: example_task_group.section_1.task_2 scheduled__2025-08-06T03:21:08.906347+00:00 [queued]>
[2025-08-07 03:21:12,082] {taskinstance.py:1159} INFO - Dependencies all met for <TaskInstance: example_task_group.section_1.task_2 scheduled__2025-08-06T03:21:08.906347+00:00 [queued]>
[2025-08-07 03:21:12,083] {taskinstance.py:1356} INFO - 
--------------------------------------------------------------------------------
[2025-08-07 03:21:12,084] {taskinstance.py:1357} INFO - Starting attempt 1 of 1
[2025-08-07 03:21:12,085] {taskinstance.py:1358} INFO - 
--------------------------------------------------------------------------------
[2025-08-07 03:21:12,138] {taskinstance.py:1377} INFO - Executing <Task(BashOperator): section_1.task_2> on 2025-08-06 03:21:08.906347+00:00
[2025-08-07 03:21:12,161] {standard_task_runner.py:52} INFO - Started process 334 to run task
[2025-08-07 03:21:12,182] {standard_task_runner.py:79} INFO - Running: ['***', 'tasks', 'run', 'example_task_group', 'section_1.task_2', 'scheduled__2025-08-06T03:21:08.906347+00:00', '--job-id', '14', '--raw', '--subdir', '/home/***/.local/lib/python3.7/site-packages/***/example_dags/example_task_group.py', '--cfg-path', '/tmp/tmpscgfm3z7', '--error-file', '/tmp/tmpsjdeobuf']
[2025-08-07 03:21:12,184] {standard_task_runner.py:80} INFO - Job 14: Subtask section_1.task_2
[2025-08-07 03:21:12,482] {task_command.py:369} INFO - Running <TaskInstance: example_task_group.section_1.task_2 scheduled__2025-08-06T03:21:08.906347+00:00 [running]> on host f83ee74b89ef
[2025-08-07 03:21:13,266] {taskinstance.py:1571} INFO - Exporting the following env vars:
AIRFLOW_CTX_DAG_OWNER=***
AIRFLOW_CTX_DAG_ID=example_task_group
AIRFLOW_CTX_TASK_ID=section_1.task_2
AIRFLOW_CTX_EXECUTION_DATE=2025-08-06T03:21:08.906347+00:00
AIRFLOW_CTX_TRY_NUMBER=1
AIRFLOW_CTX_DAG_RUN_ID=scheduled__2025-08-06T03:21:08.906347+00:00
[2025-08-07 03:21:13,273] {subprocess.py:62} INFO - Tmp dir root location: 
 /tmp
[2025-08-07 03:21:13,281] {subprocess.py:74} INFO - Running command: ['bash', '-c', 'echo 1']
[2025-08-07 03:21:13,359] {subprocess.py:85} INFO - Output:
[2025-08-07 03:21:13,365] {subprocess.py:92} INFO - 1
[2025-08-07 03:21:13,366] {subprocess.py:96} INFO - Command exited with return code 0
[2025-08-07 03:21:13,527] {taskinstance.py:1400} INFO - Marking task as SUCCESS. dag_id=example_task_group, task_id=section_1.task_2, execution_date=20250806T032108, start_date=20250807T032112, end_date=20250807T032113
[2025-08-07 03:21:13,615] {local_task_job.py:156} INFO - Task exited with return code 0
[2025-08-07 03:21:14,140] {local_task_job.py:273} INFO - 0 downstream tasks scheduled from follow-on schedule check
