[2025-08-07 03:29:58,933] {taskinstance.py:1159} INFO - Dependencies all met for <TaskInstance: example_task_group_decorator.task_group_function__1.task_2 scheduled__2025-08-06T03:29:51.354934+00:00 [queued]>
[2025-08-07 03:29:58,950] {taskinstance.py:1159} INFO - Dependencies all met for <TaskInstance: example_task_group_decorator.task_group_function__1.task_2 scheduled__2025-08-06T03:29:51.354934+00:00 [queued]>
[2025-08-07 03:29:58,950] {taskinstance.py:1356} INFO - 
--------------------------------------------------------------------------------
[2025-08-07 03:29:58,951] {taskinstance.py:1357} INFO - Starting attempt 1 of 1
[2025-08-07 03:29:58,951] {taskinstance.py:1358} INFO - 
--------------------------------------------------------------------------------
[2025-08-07 03:29:58,982] {taskinstance.py:1377} INFO - Executing <Task(_PythonDecoratedOperator): task_group_function__1.task_2> on 2025-08-06 03:29:51.354934+00:00
[2025-08-07 03:29:58,998] {standard_task_runner.py:52} INFO - Started process 525 to run task
[2025-08-07 03:29:59,007] {standard_task_runner.py:79} INFO - Running: ['***', 'tasks', 'run', 'example_task_group_decorator', 'task_group_function__1.task_2', 'scheduled__2025-08-06T03:29:51.354934+00:00', '--job-id', '46', '--raw', '--subdir', '/home/***/.local/lib/python3.7/site-packages/***/example_dags/example_task_group_decorator.py', '--cfg-path', '/tmp/tmpm366isfs', '--error-file', '/tmp/tmpnv32ygm8']
[2025-08-07 03:29:59,010] {standard_task_runner.py:80} INFO - Job 46: Subtask task_group_function__1.task_2
[2025-08-07 03:29:59,103] {task_command.py:369} INFO - Running <TaskInstance: example_task_group_decorator.task_group_function__1.task_2 scheduled__2025-08-06T03:29:51.354934+00:00 [running]> on host 47565329e35b
[2025-08-07 03:29:59,477] {taskinstance.py:1571} INFO - Exporting the following env vars:
AIRFLOW_CTX_DAG_OWNER=***
AIRFLOW_CTX_DAG_ID=example_task_group_decorator
AIRFLOW_CTX_TASK_ID=task_group_function__1.task_2
AIRFLOW_CTX_EXECUTION_DATE=2025-08-06T03:29:51.354934+00:00
AIRFLOW_CTX_TRY_NUMBER=1
AIRFLOW_CTX_DAG_RUN_ID=scheduled__2025-08-06T03:29:51.354934+00:00
[2025-08-07 03:29:59,479] {python.py:173} INFO - Done. Returned value was: [ Task2 [ Task1 1 ] ]
[2025-08-07 03:29:59,556] {taskinstance.py:1400} INFO - Marking task as SUCCESS. dag_id=example_task_group_decorator, task_id=task_group_function__1.task_2, execution_date=20250806T032951, start_date=20250807T032958, end_date=20250807T032959
[2025-08-07 03:29:59,626] {local_task_job.py:156} INFO - Task exited with return code 0
[2025-08-07 03:29:59,734] {local_task_job.py:273} INFO - 1 downstream tasks scheduled from follow-on schedule check
