[2025-08-07 11:11:56,907] {taskinstance.py:1159} INFO - Dependencies all met for <TaskInstance: example_task_group_decorator.task_group_function__4.task_3 scheduled__2025-08-06T11:11:47.636016+00:00 [queued]>
[2025-08-07 11:11:56,929] {taskinstance.py:1159} INFO - Dependencies all met for <TaskInstance: example_task_group_decorator.task_group_function__4.task_3 scheduled__2025-08-06T11:11:47.636016+00:00 [queued]>
[2025-08-07 11:11:56,930] {taskinstance.py:1356} INFO - 
--------------------------------------------------------------------------------
[2025-08-07 11:11:56,930] {taskinstance.py:1357} INFO - Starting attempt 1 of 1
[2025-08-07 11:11:56,930] {taskinstance.py:1358} INFO - 
--------------------------------------------------------------------------------
[2025-08-07 11:11:56,962] {taskinstance.py:1377} INFO - Executing <Task(_PythonDecoratedOperator): task_group_function__4.task_3> on 2025-08-06 11:11:47.636016+00:00
[2025-08-07 11:11:56,972] {standard_task_runner.py:52} INFO - Started process 570 to run task
[2025-08-07 11:11:56,974] {standard_task_runner.py:79} INFO - Running: ['***', 'tasks', 'run', 'example_task_group_decorator', 'task_group_function__4.task_3', 'scheduled__2025-08-06T11:11:47.636016+00:00', '--job-id', '51', '--raw', '--subdir', '/home/***/.local/lib/python3.7/site-packages/***/example_dags/example_task_group_decorator.py', '--cfg-path', '/tmp/tmp4oqsnl0q', '--error-file', '/tmp/tmpd_dwb26l']
[2025-08-07 11:11:56,976] {standard_task_runner.py:80} INFO - Job 51: Subtask task_group_function__4.task_3
[2025-08-07 11:11:57,059] {task_command.py:369} INFO - Running <TaskInstance: example_task_group_decorator.task_group_function__4.task_3 scheduled__2025-08-06T11:11:47.636016+00:00 [running]> on host b22dcc1493a4
[2025-08-07 11:11:57,479] {taskinstance.py:1571} INFO - Exporting the following env vars:
AIRFLOW_CTX_DAG_OWNER=***
AIRFLOW_CTX_DAG_ID=example_task_group_decorator
AIRFLOW_CTX_TASK_ID=task_group_function__4.task_3
AIRFLOW_CTX_EXECUTION_DATE=2025-08-06T11:11:47.636016+00:00
AIRFLOW_CTX_TRY_NUMBER=1
AIRFLOW_CTX_DAG_RUN_ID=scheduled__2025-08-06T11:11:47.636016+00:00
[2025-08-07 11:11:57,480] {logging_mixin.py:115} INFO - [ Task3 [ Task2 [ Task1 4 ] ] ]
[2025-08-07 11:11:57,483] {python.py:173} INFO - Done. Returned value was: None
[2025-08-07 11:11:57,519] {taskinstance.py:1400} INFO - Marking task as SUCCESS. dag_id=example_task_group_decorator, task_id=task_group_function__4.task_3, execution_date=20250806T111147, start_date=20250807T111156, end_date=20250807T111157
[2025-08-07 11:11:57,589] {local_task_job.py:156} INFO - Task exited with return code 0
[2025-08-07 11:11:57,706] {local_task_job.py:273} INFO - 0 downstream tasks scheduled from follow-on schedule check
