[2025-08-07 03:32:23,434] {taskinstance.py:1159} INFO - Dependencies all met for <TaskInstance: example_sla_dag.sleep_30 scheduled__2025-08-07T03:30:00+00:00 [queued]>
[2025-08-07 03:32:23,458] {taskinstance.py:1159} INFO - Dependencies all met for <TaskInstance: example_sla_dag.sleep_30 scheduled__2025-08-07T03:30:00+00:00 [queued]>
[2025-08-07 03:32:23,458] {taskinstance.py:1356} INFO - 
--------------------------------------------------------------------------------
[2025-08-07 03:32:23,458] {taskinstance.py:1357} INFO - Starting attempt 1 of 1
[2025-08-07 03:32:23,459] {taskinstance.py:1358} INFO - 
--------------------------------------------------------------------------------
[2025-08-07 03:32:23,494] {taskinstance.py:1377} INFO - Executing <Task(_PythonDecoratedOperator): sleep_30> on 2025-08-07 03:30:00+00:00
[2025-08-07 03:32:23,503] {standard_task_runner.py:52} INFO - Started process 1841 to run task
[2025-08-07 03:32:23,508] {standard_task_runner.py:79} INFO - Running: ['***', 'tasks', 'run', 'example_sla_dag', 'sleep_30', 'scheduled__2025-08-07T03:30:00+00:00', '--job-id', '74', '--raw', '--subdir', '/home/***/.local/lib/python3.7/site-packages/***/example_dags/example_sla_dag.py', '--cfg-path', '/tmp/tmprdr2x1ng', '--error-file', '/tmp/tmpoizn6tos']
[2025-08-07 03:32:23,510] {standard_task_runner.py:80} INFO - Job 74: Subtask sleep_30
[2025-08-07 03:32:23,622] {task_command.py:369} INFO - Running <TaskInstance: example_sla_dag.sleep_30 scheduled__2025-08-07T03:30:00+00:00 [running]> on host 47565329e35b
[2025-08-07 03:32:23,964] {taskinstance.py:1571} INFO - Exporting the following env vars:
AIRFLOW_CTX_DAG_EMAIL=email@example.com
AIRFLOW_CTX_DAG_OWNER=***
AIRFLOW_CTX_DAG_ID=example_sla_dag
AIRFLOW_CTX_TASK_ID=sleep_30
AIRFLOW_CTX_EXECUTION_DATE=2025-08-07T03:30:00+00:00
AIRFLOW_CTX_TRY_NUMBER=1
AIRFLOW_CTX_DAG_RUN_ID=scheduled__2025-08-07T03:30:00+00:00
[2025-08-07 03:32:53,995] {python.py:173} INFO - Done. Returned value was: None
[2025-08-07 03:32:54,023] {taskinstance.py:1400} INFO - Marking task as SUCCESS. dag_id=example_sla_dag, task_id=sleep_30, execution_date=20250807T033000, start_date=20250807T033223, end_date=20250807T033254
[2025-08-07 03:32:54,051] {local_task_job.py:221} WARNING - State of this instance has been externally set to success. Terminating instance.
[2025-08-07 03:32:54,055] {process_utils.py:129} INFO - Sending Signals.SIGTERM to group 1841. PIDs of all processes in the group: [1841]
[2025-08-07 03:32:54,056] {process_utils.py:80} INFO - Sending the signal Signals.SIGTERM to group 1841
[2025-08-07 03:32:54,056] {process_utils.py:75} INFO - Process psutil.Process(pid=1841, status='terminated', exitcode=0, started='03:32:22') (1841) terminated with exit code 0
