[2025-08-07 03:56:23,085] {taskinstance.py:1159} INFO - Dependencies all met for <TaskInstance: example_sla_dag.sleep_30 scheduled__2025-08-07T03:54:00+00:00 [queued]>
[2025-08-07 03:56:23,103] {taskinstance.py:1159} INFO - Dependencies all met for <TaskInstance: example_sla_dag.sleep_30 scheduled__2025-08-07T03:54:00+00:00 [queued]>
[2025-08-07 03:56:23,103] {taskinstance.py:1356} INFO - 
--------------------------------------------------------------------------------
[2025-08-07 03:56:23,104] {taskinstance.py:1357} INFO - Starting attempt 1 of 1
[2025-08-07 03:56:23,104] {taskinstance.py:1358} INFO - 
--------------------------------------------------------------------------------
[2025-08-07 03:56:23,122] {taskinstance.py:1377} INFO - Executing <Task(_PythonDecoratedOperator): sleep_30> on 2025-08-07 03:54:00+00:00
[2025-08-07 03:56:23,131] {standard_task_runner.py:52} INFO - Started process 8822 to run task
[2025-08-07 03:56:23,135] {standard_task_runner.py:79} INFO - Running: ['***', 'tasks', 'run', 'example_sla_dag', 'sleep_30', 'scheduled__2025-08-07T03:54:00+00:00', '--job-id', '164', '--raw', '--subdir', '/home/***/.local/lib/python3.7/site-packages/***/example_dags/example_sla_dag.py', '--cfg-path', '/tmp/tmpswjoatxw', '--error-file', '/tmp/tmpn7lx1t8x']
[2025-08-07 03:56:23,137] {standard_task_runner.py:80} INFO - Job 164: Subtask sleep_30
[2025-08-07 03:56:23,226] {task_command.py:369} INFO - Running <TaskInstance: example_sla_dag.sleep_30 scheduled__2025-08-07T03:54:00+00:00 [running]> on host 92a46ac2453f
[2025-08-07 03:56:23,578] {taskinstance.py:1571} INFO - Exporting the following env vars:
AIRFLOW_CTX_DAG_EMAIL=email@example.com
AIRFLOW_CTX_DAG_OWNER=***
AIRFLOW_CTX_DAG_ID=example_sla_dag
AIRFLOW_CTX_TASK_ID=sleep_30
AIRFLOW_CTX_EXECUTION_DATE=2025-08-07T03:54:00+00:00
AIRFLOW_CTX_TRY_NUMBER=1
AIRFLOW_CTX_DAG_RUN_ID=scheduled__2025-08-07T03:54:00+00:00
[2025-08-07 03:56:53,609] {python.py:173} INFO - Done. Returned value was: None
[2025-08-07 03:56:53,631] {taskinstance.py:1400} INFO - Marking task as SUCCESS. dag_id=example_sla_dag, task_id=sleep_30, execution_date=20250807T035400, start_date=20250807T035623, end_date=20250807T035653
[2025-08-07 03:56:53,661] {local_task_job.py:221} WARNING - State of this instance has been externally set to success. Terminating instance.
[2025-08-07 03:56:53,664] {process_utils.py:129} INFO - Sending Signals.SIGTERM to group 8822. PIDs of all processes in the group: [8822]
[2025-08-07 03:56:53,665] {process_utils.py:80} INFO - Sending the signal Signals.SIGTERM to group 8822
[2025-08-07 03:56:53,669] {process_utils.py:75} INFO - Process psutil.Process(pid=8822, status='terminated', exitcode=0, started='03:56:22') (8822) terminated with exit code 0
