[2025-08-18 11:16:15,273] {taskinstance.py:1159} INFO - Dependencies all met for <TaskInstance: send_weather_to_kafka.stream_hdfs scheduled__2025-08-18T09:15:37.816351+00:00 [queued]>
[2025-08-18 11:16:15,280] {taskinstance.py:1159} INFO - Dependencies all met for <TaskInstance: send_weather_to_kafka.stream_hdfs scheduled__2025-08-18T09:15:37.816351+00:00 [queued]>
[2025-08-18 11:16:15,280] {taskinstance.py:1356} INFO - 
--------------------------------------------------------------------------------
[2025-08-18 11:16:15,280] {taskinstance.py:1357} INFO - Starting attempt 1 of 2
[2025-08-18 11:16:15,280] {taskinstance.py:1358} INFO - 
--------------------------------------------------------------------------------
[2025-08-18 11:16:15,289] {taskinstance.py:1377} INFO - Executing <Task(BashOperator): stream_hdfs> on 2025-08-18 09:15:37.816351+00:00
[2025-08-18 11:16:15,292] {standard_task_runner.py:52} INFO - Started process 2495 to run task
[2025-08-18 11:16:15,295] {standard_task_runner.py:79} INFO - Running: ['***', 'tasks', 'run', 'send_weather_to_kafka', 'stream_hdfs', 'scheduled__2025-08-18T09:15:37.816351+00:00', '--job-id', '279', '--raw', '--subdir', 'DAGS_FOLDER/dag_meteo.py', '--cfg-path', '/tmp/tmpcv3goeus', '--error-file', '/tmp/tmp4r7klrtp']
[2025-08-18 11:16:15,296] {standard_task_runner.py:80} INFO - Job 279: Subtask stream_hdfs
[2025-08-18 11:16:15,322] {logging_mixin.py:115} WARNING - /home/***/.local/lib/python3.7/site-packages/***/configuration.py:470 DeprecationWarning: The sql_alchemy_conn option in [core] has been moved to the sql_alchemy_conn option in [database] - the old setting has been used, but please update your config.
[2025-08-18 11:16:15,373] {task_command.py:369} INFO - Running <TaskInstance: send_weather_to_kafka.stream_hdfs scheduled__2025-08-18T09:15:37.816351+00:00 [running]> on host a4b544519f2b
[2025-08-18 11:16:15,470] {taskinstance.py:1571} INFO - Exporting the following env vars:
AIRFLOW_CTX_DAG_OWNER=***
AIRFLOW_CTX_DAG_ID=send_weather_to_kafka
AIRFLOW_CTX_TASK_ID=stream_hdfs
AIRFLOW_CTX_EXECUTION_DATE=2025-08-18T09:15:37.816351+00:00
AIRFLOW_CTX_TRY_NUMBER=1
AIRFLOW_CTX_DAG_RUN_ID=scheduled__2025-08-18T09:15:37.816351+00:00
[2025-08-18 11:16:15,471] {subprocess.py:62} INFO - Tmp dir root location: 
 /tmp
[2025-08-18 11:16:15,472] {subprocess.py:74} INFO - Running command: ['bash', '-c', '\n/home/***/.local/bin/spark-submit   --master local[*]   --conf spark.hadoop.fs.defaultFS=hdfs://namenode:9000   --conf spark.hadoop.dfs.client.use.datanode.hostname=true   --conf spark.sql.adaptive.enabled=false   --packages org.apache.spark:spark-sql-kafka-0-10_2.12:3.3.1   /opt/***/scripts/pyspark/streaming.py']
[2025-08-18 11:16:15,485] {subprocess.py:85} INFO - Output:
[2025-08-18 11:16:15,507] {subprocess.py:92} INFO - /opt/spark-3.3.1-bin-hadoop3/bin/load-spark-env.sh: line 68: ps: command not found
[2025-08-18 11:16:16,858] {subprocess.py:92} INFO - :: loading settings :: url = jar:file:/opt/spark-3.3.1-bin-hadoop3/jars/ivy-2.5.0.jar!/org/apache/ivy/core/settings/ivysettings.xml
[2025-08-18 11:16:16,940] {subprocess.py:92} INFO - Ivy Default Cache set to: /home/***/.ivy2/cache
[2025-08-18 11:16:16,940] {subprocess.py:92} INFO - The jars for the packages stored in: /home/***/.ivy2/jars
[2025-08-18 11:16:16,943] {subprocess.py:92} INFO - org.apache.spark#spark-sql-kafka-0-10_2.12 added as a dependency
[2025-08-18 11:16:16,944] {subprocess.py:92} INFO - :: resolving dependencies :: org.apache.spark#spark-submit-parent-9d9abf6f-44a9-4d82-8094-21597b3ceaff;1.0
[2025-08-18 11:16:16,944] {subprocess.py:92} INFO - 	confs: [default]
[2025-08-18 11:16:17,058] {subprocess.py:92} INFO - 	found org.apache.spark#spark-sql-kafka-0-10_2.12;3.3.1 in spark-list
[2025-08-18 11:16:17,102] {subprocess.py:92} INFO - 	found org.apache.spark#spark-token-provider-kafka-0-10_2.12;3.3.1 in central
[2025-08-18 11:16:17,123] {subprocess.py:92} INFO - 	found org.apache.kafka#kafka-clients;2.8.1 in central
[2025-08-18 11:16:17,142] {subprocess.py:92} INFO - 	found org.lz4#lz4-java;1.8.0 in spark-list
[2025-08-18 11:16:17,158] {subprocess.py:92} INFO - 	found org.xerial.snappy#snappy-java;1.1.8.4 in central
[2025-08-18 11:16:17,171] {subprocess.py:92} INFO - 	found org.slf4j#slf4j-api;1.7.32 in central
[2025-08-18 11:16:17,188] {subprocess.py:92} INFO - 	found org.apache.hadoop#hadoop-client-runtime;3.3.2 in central
[2025-08-18 11:16:17,198] {subprocess.py:92} INFO - 	found org.spark-project.spark#unused;1.0.0 in central
[2025-08-18 11:16:17,213] {subprocess.py:92} INFO - 	found org.apache.hadoop#hadoop-client-api;3.3.2 in central
[2025-08-18 11:16:17,228] {subprocess.py:92} INFO - 	found commons-logging#commons-logging;1.1.3 in central
[2025-08-18 11:16:17,237] {subprocess.py:92} INFO - 	found com.google.code.findbugs#jsr305;3.0.0 in central
[2025-08-18 11:16:17,246] {subprocess.py:92} INFO - 	found org.apache.commons#commons-pool2;2.11.1 in central
[2025-08-18 11:16:17,263] {subprocess.py:92} INFO - :: resolution report :: resolve 310ms :: artifacts dl 9ms
[2025-08-18 11:16:17,263] {subprocess.py:92} INFO - 	:: modules in use:
[2025-08-18 11:16:17,264] {subprocess.py:92} INFO - 	com.google.code.findbugs#jsr305;3.0.0 from central in [default]
[2025-08-18 11:16:17,264] {subprocess.py:92} INFO - 	commons-logging#commons-logging;1.1.3 from central in [default]
[2025-08-18 11:16:17,264] {subprocess.py:92} INFO - 	org.apache.commons#commons-pool2;2.11.1 from central in [default]
[2025-08-18 11:16:17,264] {subprocess.py:92} INFO - 	org.apache.hadoop#hadoop-client-api;3.3.2 from central in [default]
[2025-08-18 11:16:17,264] {subprocess.py:92} INFO - 	org.apache.hadoop#hadoop-client-runtime;3.3.2 from central in [default]
[2025-08-18 11:16:17,264] {subprocess.py:92} INFO - 	org.apache.kafka#kafka-clients;2.8.1 from central in [default]
[2025-08-18 11:16:17,264] {subprocess.py:92} INFO - 	org.apache.spark#spark-sql-kafka-0-10_2.12;3.3.1 from spark-list in [default]
[2025-08-18 11:16:17,264] {subprocess.py:92} INFO - 	org.apache.spark#spark-token-provider-kafka-0-10_2.12;3.3.1 from central in [default]
[2025-08-18 11:16:17,264] {subprocess.py:92} INFO - 	org.lz4#lz4-java;1.8.0 from spark-list in [default]
[2025-08-18 11:16:17,264] {subprocess.py:92} INFO - 	org.slf4j#slf4j-api;1.7.32 from central in [default]
[2025-08-18 11:16:17,264] {subprocess.py:92} INFO - 	org.spark-project.spark#unused;1.0.0 from central in [default]
[2025-08-18 11:16:17,264] {subprocess.py:92} INFO - 	org.xerial.snappy#snappy-java;1.1.8.4 from central in [default]
[2025-08-18 11:16:17,264] {subprocess.py:92} INFO - 	---------------------------------------------------------------------
[2025-08-18 11:16:17,264] {subprocess.py:92} INFO - 	|                  |            modules            ||   artifacts   |
[2025-08-18 11:16:17,264] {subprocess.py:92} INFO - 	|       conf       | number| search|dwnlded|evicted|| number|dwnlded|
[2025-08-18 11:16:17,264] {subprocess.py:92} INFO - 	---------------------------------------------------------------------
[2025-08-18 11:16:17,264] {subprocess.py:92} INFO - 	|      default     |   12  |   0   |   0   |   0   ||   12  |   0   |
[2025-08-18 11:16:17,264] {subprocess.py:92} INFO - 	---------------------------------------------------------------------
[2025-08-18 11:16:17,268] {subprocess.py:92} INFO - :: retrieving :: org.apache.spark#spark-submit-parent-9d9abf6f-44a9-4d82-8094-21597b3ceaff
[2025-08-18 11:16:17,268] {subprocess.py:92} INFO - 	confs: [default]
[2025-08-18 11:16:17,273] {subprocess.py:92} INFO - 	0 artifacts copied, 12 already retrieved (0kB/5ms)
[2025-08-18 11:16:17,450] {subprocess.py:92} INFO - 25/08/18 11:16:17 WARN NativeCodeLoader: Unable to load native-hadoop library for your platform... using builtin-java classes where applicable
[2025-08-18 11:16:18,324] {subprocess.py:92} INFO - 25/08/18 11:16:18 INFO SparkContext: Running Spark version 3.3.1
[2025-08-18 11:16:18,342] {subprocess.py:92} INFO - 25/08/18 11:16:18 INFO ResourceUtils: ==============================================================
[2025-08-18 11:16:18,343] {subprocess.py:92} INFO - 25/08/18 11:16:18 INFO ResourceUtils: No custom resources configured for spark.driver.
[2025-08-18 11:16:18,343] {subprocess.py:92} INFO - 25/08/18 11:16:18 INFO ResourceUtils: ==============================================================
[2025-08-18 11:16:18,343] {subprocess.py:92} INFO - 25/08/18 11:16:18 INFO SparkContext: Submitted application: KafkaToHDFSWeather
[2025-08-18 11:16:18,367] {subprocess.py:92} INFO - 25/08/18 11:16:18 INFO ResourceProfile: Default ResourceProfile created, executor resources: Map(cores -> name: cores, amount: 1, script: , vendor: , memory -> name: memory, amount: 1024, script: , vendor: , offHeap -> name: offHeap, amount: 0, script: , vendor: ), task resources: Map(cpus -> name: cpus, amount: 1.0)
[2025-08-18 11:16:18,375] {subprocess.py:92} INFO - 25/08/18 11:16:18 INFO ResourceProfile: Limiting resource is cpu
[2025-08-18 11:16:18,375] {subprocess.py:92} INFO - 25/08/18 11:16:18 INFO ResourceProfileManager: Added ResourceProfile id: 0
[2025-08-18 11:16:18,426] {subprocess.py:92} INFO - 25/08/18 11:16:18 INFO SecurityManager: Changing view acls to: ***
[2025-08-18 11:16:18,426] {subprocess.py:92} INFO - 25/08/18 11:16:18 INFO SecurityManager: Changing modify acls to: ***
[2025-08-18 11:16:18,427] {subprocess.py:92} INFO - 25/08/18 11:16:18 INFO SecurityManager: Changing view acls groups to:
[2025-08-18 11:16:18,427] {subprocess.py:92} INFO - 25/08/18 11:16:18 INFO SecurityManager: Changing modify acls groups to:
[2025-08-18 11:16:18,427] {subprocess.py:92} INFO - 25/08/18 11:16:18 INFO SecurityManager: SecurityManager: authentication disabled; ui acls disabled; users  with view permissions: Set(***); groups with view permissions: Set(); users  with modify permissions: Set(***); groups with modify permissions: Set()
[2025-08-18 11:16:18,606] {subprocess.py:92} INFO - 25/08/18 11:16:18 INFO Utils: Successfully started service 'sparkDriver' on port 38383.
[2025-08-18 11:16:18,637] {subprocess.py:92} INFO - 25/08/18 11:16:18 INFO SparkEnv: Registering MapOutputTracker
[2025-08-18 11:16:18,669] {subprocess.py:92} INFO - 25/08/18 11:16:18 INFO SparkEnv: Registering BlockManagerMaster
[2025-08-18 11:16:18,683] {subprocess.py:92} INFO - 25/08/18 11:16:18 INFO BlockManagerMasterEndpoint: Using org.apache.spark.storage.DefaultTopologyMapper for getting topology information
[2025-08-18 11:16:18,683] {subprocess.py:92} INFO - 25/08/18 11:16:18 INFO BlockManagerMasterEndpoint: BlockManagerMasterEndpoint up
[2025-08-18 11:16:18,687] {subprocess.py:92} INFO - 25/08/18 11:16:18 INFO SparkEnv: Registering BlockManagerMasterHeartbeat
[2025-08-18 11:16:18,703] {subprocess.py:92} INFO - 25/08/18 11:16:18 INFO DiskBlockManager: Created local directory at /tmp/blockmgr-3665bf6d-47e2-41b1-a54e-3ce59d3d4978
[2025-08-18 11:16:18,715] {subprocess.py:92} INFO - 25/08/18 11:16:18 INFO MemoryStore: MemoryStore started with capacity 434.4 MiB
[2025-08-18 11:16:18,727] {subprocess.py:92} INFO - 25/08/18 11:16:18 INFO SparkEnv: Registering OutputCommitCoordinator
[2025-08-18 11:16:18,877] {subprocess.py:92} INFO - 25/08/18 11:16:18 WARN Utils: Service 'SparkUI' could not bind on port 4040. Attempting port 4041.
[2025-08-18 11:16:18,885] {subprocess.py:92} INFO - 25/08/18 11:16:18 INFO Utils: Successfully started service 'SparkUI' on port 4041.
[2025-08-18 11:16:18,908] {subprocess.py:92} INFO - 25/08/18 11:16:18 INFO SparkContext: Added JAR file:///home/***/.ivy2/jars/org.apache.spark_spark-sql-kafka-0-10_2.12-3.3.1.jar at spark://a4b544519f2b:38383/jars/org.apache.spark_spark-sql-kafka-0-10_2.12-3.3.1.jar with timestamp 1755515778318
[2025-08-18 11:16:18,909] {subprocess.py:92} INFO - 25/08/18 11:16:18 INFO SparkContext: Added JAR file:///home/***/.ivy2/jars/org.apache.spark_spark-token-provider-kafka-0-10_2.12-3.3.1.jar at spark://a4b544519f2b:38383/jars/org.apache.spark_spark-token-provider-kafka-0-10_2.12-3.3.1.jar with timestamp 1755515778318
[2025-08-18 11:16:18,909] {subprocess.py:92} INFO - 25/08/18 11:16:18 INFO SparkContext: Added JAR file:///home/***/.ivy2/jars/org.apache.kafka_kafka-clients-2.8.1.jar at spark://a4b544519f2b:38383/jars/org.apache.kafka_kafka-clients-2.8.1.jar with timestamp 1755515778318
[2025-08-18 11:16:18,909] {subprocess.py:92} INFO - 25/08/18 11:16:18 INFO SparkContext: Added JAR file:///home/***/.ivy2/jars/com.google.code.findbugs_jsr305-3.0.0.jar at spark://a4b544519f2b:38383/jars/com.google.code.findbugs_jsr305-3.0.0.jar with timestamp 1755515778318
[2025-08-18 11:16:18,909] {subprocess.py:92} INFO - 25/08/18 11:16:18 INFO SparkContext: Added JAR file:///home/***/.ivy2/jars/org.apache.commons_commons-pool2-2.11.1.jar at spark://a4b544519f2b:38383/jars/org.apache.commons_commons-pool2-2.11.1.jar with timestamp 1755515778318
[2025-08-18 11:16:18,909] {subprocess.py:92} INFO - 25/08/18 11:16:18 INFO SparkContext: Added JAR file:///home/***/.ivy2/jars/org.spark-project.spark_unused-1.0.0.jar at spark://a4b544519f2b:38383/jars/org.spark-project.spark_unused-1.0.0.jar with timestamp 1755515778318
[2025-08-18 11:16:18,909] {subprocess.py:92} INFO - 25/08/18 11:16:18 INFO SparkContext: Added JAR file:///home/***/.ivy2/jars/org.apache.hadoop_hadoop-client-runtime-3.3.2.jar at spark://a4b544519f2b:38383/jars/org.apache.hadoop_hadoop-client-runtime-3.3.2.jar with timestamp 1755515778318
[2025-08-18 11:16:18,909] {subprocess.py:92} INFO - 25/08/18 11:16:18 INFO SparkContext: Added JAR file:///home/***/.ivy2/jars/org.lz4_lz4-java-1.8.0.jar at spark://a4b544519f2b:38383/jars/org.lz4_lz4-java-1.8.0.jar with timestamp 1755515778318
[2025-08-18 11:16:18,909] {subprocess.py:92} INFO - 25/08/18 11:16:18 INFO SparkContext: Added JAR file:///home/***/.ivy2/jars/org.xerial.snappy_snappy-java-1.1.8.4.jar at spark://a4b544519f2b:38383/jars/org.xerial.snappy_snappy-java-1.1.8.4.jar with timestamp 1755515778318
[2025-08-18 11:16:18,909] {subprocess.py:92} INFO - 25/08/18 11:16:18 INFO SparkContext: Added JAR file:///home/***/.ivy2/jars/org.slf4j_slf4j-api-1.7.32.jar at spark://a4b544519f2b:38383/jars/org.slf4j_slf4j-api-1.7.32.jar with timestamp 1755515778318
[2025-08-18 11:16:18,909] {subprocess.py:92} INFO - 25/08/18 11:16:18 INFO SparkContext: Added JAR file:///home/***/.ivy2/jars/org.apache.hadoop_hadoop-client-api-3.3.2.jar at spark://a4b544519f2b:38383/jars/org.apache.hadoop_hadoop-client-api-3.3.2.jar with timestamp 1755515778318
[2025-08-18 11:16:18,909] {subprocess.py:92} INFO - 25/08/18 11:16:18 INFO SparkContext: Added JAR file:///home/***/.ivy2/jars/commons-logging_commons-logging-1.1.3.jar at spark://a4b544519f2b:38383/jars/commons-logging_commons-logging-1.1.3.jar with timestamp 1755515778318
[2025-08-18 11:16:18,911] {subprocess.py:92} INFO - 25/08/18 11:16:18 INFO SparkContext: Added file file:///home/***/.ivy2/jars/org.apache.spark_spark-sql-kafka-0-10_2.12-3.3.1.jar at file:///home/***/.ivy2/jars/org.apache.spark_spark-sql-kafka-0-10_2.12-3.3.1.jar with timestamp 1755515778318
[2025-08-18 11:16:18,912] {subprocess.py:92} INFO - 25/08/18 11:16:18 INFO Utils: Copying /home/***/.ivy2/jars/org.apache.spark_spark-sql-kafka-0-10_2.12-3.3.1.jar to /tmp/spark-26d481bc-2fb4-47f9-969a-de63c73d8dfc/userFiles-35924a38-5686-4ef1-91f2-8d960837a787/org.apache.spark_spark-sql-kafka-0-10_2.12-3.3.1.jar
[2025-08-18 11:16:18,920] {subprocess.py:92} INFO - 25/08/18 11:16:18 INFO SparkContext: Added file file:///home/***/.ivy2/jars/org.apache.spark_spark-token-provider-kafka-0-10_2.12-3.3.1.jar at file:///home/***/.ivy2/jars/org.apache.spark_spark-token-provider-kafka-0-10_2.12-3.3.1.jar with timestamp 1755515778318
[2025-08-18 11:16:18,920] {subprocess.py:92} INFO - 25/08/18 11:16:18 INFO Utils: Copying /home/***/.ivy2/jars/org.apache.spark_spark-token-provider-kafka-0-10_2.12-3.3.1.jar to /tmp/spark-26d481bc-2fb4-47f9-969a-de63c73d8dfc/userFiles-35924a38-5686-4ef1-91f2-8d960837a787/org.apache.spark_spark-token-provider-kafka-0-10_2.12-3.3.1.jar
[2025-08-18 11:16:18,924] {subprocess.py:92} INFO - 25/08/18 11:16:18 INFO SparkContext: Added file file:///home/***/.ivy2/jars/org.apache.kafka_kafka-clients-2.8.1.jar at file:///home/***/.ivy2/jars/org.apache.kafka_kafka-clients-2.8.1.jar with timestamp 1755515778318
[2025-08-18 11:16:18,924] {subprocess.py:92} INFO - 25/08/18 11:16:18 INFO Utils: Copying /home/***/.ivy2/jars/org.apache.kafka_kafka-clients-2.8.1.jar to /tmp/spark-26d481bc-2fb4-47f9-969a-de63c73d8dfc/userFiles-35924a38-5686-4ef1-91f2-8d960837a787/org.apache.kafka_kafka-clients-2.8.1.jar
[2025-08-18 11:16:18,931] {subprocess.py:92} INFO - 25/08/18 11:16:18 INFO SparkContext: Added file file:///home/***/.ivy2/jars/com.google.code.findbugs_jsr305-3.0.0.jar at file:///home/***/.ivy2/jars/com.google.code.findbugs_jsr305-3.0.0.jar with timestamp 1755515778318
[2025-08-18 11:16:18,931] {subprocess.py:92} INFO - 25/08/18 11:16:18 INFO Utils: Copying /home/***/.ivy2/jars/com.google.code.findbugs_jsr305-3.0.0.jar to /tmp/spark-26d481bc-2fb4-47f9-969a-de63c73d8dfc/userFiles-35924a38-5686-4ef1-91f2-8d960837a787/com.google.code.findbugs_jsr305-3.0.0.jar
[2025-08-18 11:16:18,936] {subprocess.py:92} INFO - 25/08/18 11:16:18 INFO SparkContext: Added file file:///home/***/.ivy2/jars/org.apache.commons_commons-pool2-2.11.1.jar at file:///home/***/.ivy2/jars/org.apache.commons_commons-pool2-2.11.1.jar with timestamp 1755515778318
[2025-08-18 11:16:18,936] {subprocess.py:92} INFO - 25/08/18 11:16:18 INFO Utils: Copying /home/***/.ivy2/jars/org.apache.commons_commons-pool2-2.11.1.jar to /tmp/spark-26d481bc-2fb4-47f9-969a-de63c73d8dfc/userFiles-35924a38-5686-4ef1-91f2-8d960837a787/org.apache.commons_commons-pool2-2.11.1.jar
[2025-08-18 11:16:18,940] {subprocess.py:92} INFO - 25/08/18 11:16:18 INFO SparkContext: Added file file:///home/***/.ivy2/jars/org.spark-project.spark_unused-1.0.0.jar at file:///home/***/.ivy2/jars/org.spark-project.spark_unused-1.0.0.jar with timestamp 1755515778318
[2025-08-18 11:16:18,940] {subprocess.py:92} INFO - 25/08/18 11:16:18 INFO Utils: Copying /home/***/.ivy2/jars/org.spark-project.spark_unused-1.0.0.jar to /tmp/spark-26d481bc-2fb4-47f9-969a-de63c73d8dfc/userFiles-35924a38-5686-4ef1-91f2-8d960837a787/org.spark-project.spark_unused-1.0.0.jar
[2025-08-18 11:16:18,944] {subprocess.py:92} INFO - 25/08/18 11:16:18 INFO SparkContext: Added file file:///home/***/.ivy2/jars/org.apache.hadoop_hadoop-client-runtime-3.3.2.jar at file:///home/***/.ivy2/jars/org.apache.hadoop_hadoop-client-runtime-3.3.2.jar with timestamp 1755515778318
[2025-08-18 11:16:18,944] {subprocess.py:92} INFO - 25/08/18 11:16:18 INFO Utils: Copying /home/***/.ivy2/jars/org.apache.hadoop_hadoop-client-runtime-3.3.2.jar to /tmp/spark-26d481bc-2fb4-47f9-969a-de63c73d8dfc/userFiles-35924a38-5686-4ef1-91f2-8d960837a787/org.apache.hadoop_hadoop-client-runtime-3.3.2.jar
[2025-08-18 11:16:18,963] {subprocess.py:92} INFO - 25/08/18 11:16:18 INFO SparkContext: Added file file:///home/***/.ivy2/jars/org.lz4_lz4-java-1.8.0.jar at file:///home/***/.ivy2/jars/org.lz4_lz4-java-1.8.0.jar with timestamp 1755515778318
[2025-08-18 11:16:18,963] {subprocess.py:92} INFO - 25/08/18 11:16:18 INFO Utils: Copying /home/***/.ivy2/jars/org.lz4_lz4-java-1.8.0.jar to /tmp/spark-26d481bc-2fb4-47f9-969a-de63c73d8dfc/userFiles-35924a38-5686-4ef1-91f2-8d960837a787/org.lz4_lz4-java-1.8.0.jar
[2025-08-18 11:16:18,967] {subprocess.py:92} INFO - 25/08/18 11:16:18 INFO SparkContext: Added file file:///home/***/.ivy2/jars/org.xerial.snappy_snappy-java-1.1.8.4.jar at file:///home/***/.ivy2/jars/org.xerial.snappy_snappy-java-1.1.8.4.jar with timestamp 1755515778318
[2025-08-18 11:16:18,967] {subprocess.py:92} INFO - 25/08/18 11:16:18 INFO Utils: Copying /home/***/.ivy2/jars/org.xerial.snappy_snappy-java-1.1.8.4.jar to /tmp/spark-26d481bc-2fb4-47f9-969a-de63c73d8dfc/userFiles-35924a38-5686-4ef1-91f2-8d960837a787/org.xerial.snappy_snappy-java-1.1.8.4.jar
[2025-08-18 11:16:18,971] {subprocess.py:92} INFO - 25/08/18 11:16:18 INFO SparkContext: Added file file:///home/***/.ivy2/jars/org.slf4j_slf4j-api-1.7.32.jar at file:///home/***/.ivy2/jars/org.slf4j_slf4j-api-1.7.32.jar with timestamp 1755515778318
[2025-08-18 11:16:18,971] {subprocess.py:92} INFO - 25/08/18 11:16:18 INFO Utils: Copying /home/***/.ivy2/jars/org.slf4j_slf4j-api-1.7.32.jar to /tmp/spark-26d481bc-2fb4-47f9-969a-de63c73d8dfc/userFiles-35924a38-5686-4ef1-91f2-8d960837a787/org.slf4j_slf4j-api-1.7.32.jar
[2025-08-18 11:16:18,974] {subprocess.py:92} INFO - 25/08/18 11:16:18 INFO SparkContext: Added file file:///home/***/.ivy2/jars/org.apache.hadoop_hadoop-client-api-3.3.2.jar at file:///home/***/.ivy2/jars/org.apache.hadoop_hadoop-client-api-3.3.2.jar with timestamp 1755515778318
[2025-08-18 11:16:18,975] {subprocess.py:92} INFO - 25/08/18 11:16:18 INFO Utils: Copying /home/***/.ivy2/jars/org.apache.hadoop_hadoop-client-api-3.3.2.jar to /tmp/spark-26d481bc-2fb4-47f9-969a-de63c73d8dfc/userFiles-35924a38-5686-4ef1-91f2-8d960837a787/org.apache.hadoop_hadoop-client-api-3.3.2.jar
[2025-08-18 11:16:18,988] {subprocess.py:92} INFO - 25/08/18 11:16:18 INFO SparkContext: Added file file:///home/***/.ivy2/jars/commons-logging_commons-logging-1.1.3.jar at file:///home/***/.ivy2/jars/commons-logging_commons-logging-1.1.3.jar with timestamp 1755515778318
[2025-08-18 11:16:18,988] {subprocess.py:92} INFO - 25/08/18 11:16:18 INFO Utils: Copying /home/***/.ivy2/jars/commons-logging_commons-logging-1.1.3.jar to /tmp/spark-26d481bc-2fb4-47f9-969a-de63c73d8dfc/userFiles-35924a38-5686-4ef1-91f2-8d960837a787/commons-logging_commons-logging-1.1.3.jar
[2025-08-18 11:16:19,041] {subprocess.py:92} INFO - 25/08/18 11:16:19 INFO Executor: Starting executor ID driver on host a4b544519f2b
[2025-08-18 11:16:19,045] {subprocess.py:92} INFO - 25/08/18 11:16:19 INFO Executor: Starting executor with user classpath (userClassPathFirst = false): ''
[2025-08-18 11:16:19,054] {subprocess.py:92} INFO - 25/08/18 11:16:19 INFO Executor: Fetching file:///home/***/.ivy2/jars/commons-logging_commons-logging-1.1.3.jar with timestamp 1755515778318
[2025-08-18 11:16:19,067] {subprocess.py:92} INFO - 25/08/18 11:16:19 INFO Utils: /home/***/.ivy2/jars/commons-logging_commons-logging-1.1.3.jar has been previously copied to /tmp/spark-26d481bc-2fb4-47f9-969a-de63c73d8dfc/userFiles-35924a38-5686-4ef1-91f2-8d960837a787/commons-logging_commons-logging-1.1.3.jar
[2025-08-18 11:16:19,071] {subprocess.py:92} INFO - 25/08/18 11:16:19 INFO Executor: Fetching file:///home/***/.ivy2/jars/org.spark-project.spark_unused-1.0.0.jar with timestamp 1755515778318
[2025-08-18 11:16:19,071] {subprocess.py:92} INFO - 25/08/18 11:16:19 INFO Utils: /home/***/.ivy2/jars/org.spark-project.spark_unused-1.0.0.jar has been previously copied to /tmp/spark-26d481bc-2fb4-47f9-969a-de63c73d8dfc/userFiles-35924a38-5686-4ef1-91f2-8d960837a787/org.spark-project.spark_unused-1.0.0.jar
[2025-08-18 11:16:19,075] {subprocess.py:92} INFO - 25/08/18 11:16:19 INFO Executor: Fetching file:///home/***/.ivy2/jars/org.apache.spark_spark-sql-kafka-0-10_2.12-3.3.1.jar with timestamp 1755515778318
[2025-08-18 11:16:19,078] {subprocess.py:92} INFO - 25/08/18 11:16:19 INFO Utils: /home/***/.ivy2/jars/org.apache.spark_spark-sql-kafka-0-10_2.12-3.3.1.jar has been previously copied to /tmp/spark-26d481bc-2fb4-47f9-969a-de63c73d8dfc/userFiles-35924a38-5686-4ef1-91f2-8d960837a787/org.apache.spark_spark-sql-kafka-0-10_2.12-3.3.1.jar
[2025-08-18 11:16:19,082] {subprocess.py:92} INFO - 25/08/18 11:16:19 INFO Executor: Fetching file:///home/***/.ivy2/jars/org.apache.hadoop_hadoop-client-api-3.3.2.jar with timestamp 1755515778318
[2025-08-18 11:16:19,092] {subprocess.py:92} INFO - 25/08/18 11:16:19 INFO Utils: /home/***/.ivy2/jars/org.apache.hadoop_hadoop-client-api-3.3.2.jar has been previously copied to /tmp/spark-26d481bc-2fb4-47f9-969a-de63c73d8dfc/userFiles-35924a38-5686-4ef1-91f2-8d960837a787/org.apache.hadoop_hadoop-client-api-3.3.2.jar
[2025-08-18 11:16:19,096] {subprocess.py:92} INFO - 25/08/18 11:16:19 INFO Executor: Fetching file:///home/***/.ivy2/jars/org.apache.hadoop_hadoop-client-runtime-3.3.2.jar with timestamp 1755515778318
[2025-08-18 11:16:19,110] {subprocess.py:92} INFO - 25/08/18 11:16:19 INFO Utils: /home/***/.ivy2/jars/org.apache.hadoop_hadoop-client-runtime-3.3.2.jar has been previously copied to /tmp/spark-26d481bc-2fb4-47f9-969a-de63c73d8dfc/userFiles-35924a38-5686-4ef1-91f2-8d960837a787/org.apache.hadoop_hadoop-client-runtime-3.3.2.jar
[2025-08-18 11:16:19,114] {subprocess.py:92} INFO - 25/08/18 11:16:19 INFO Executor: Fetching file:///home/***/.ivy2/jars/org.slf4j_slf4j-api-1.7.32.jar with timestamp 1755515778318
[2025-08-18 11:16:19,115] {subprocess.py:92} INFO - 25/08/18 11:16:19 INFO Utils: /home/***/.ivy2/jars/org.slf4j_slf4j-api-1.7.32.jar has been previously copied to /tmp/spark-26d481bc-2fb4-47f9-969a-de63c73d8dfc/userFiles-35924a38-5686-4ef1-91f2-8d960837a787/org.slf4j_slf4j-api-1.7.32.jar
[2025-08-18 11:16:19,119] {subprocess.py:92} INFO - 25/08/18 11:16:19 INFO Executor: Fetching file:///home/***/.ivy2/jars/org.lz4_lz4-java-1.8.0.jar with timestamp 1755515778318
[2025-08-18 11:16:19,119] {subprocess.py:92} INFO - 25/08/18 11:16:19 INFO Utils: /home/***/.ivy2/jars/org.lz4_lz4-java-1.8.0.jar has been previously copied to /tmp/spark-26d481bc-2fb4-47f9-969a-de63c73d8dfc/userFiles-35924a38-5686-4ef1-91f2-8d960837a787/org.lz4_lz4-java-1.8.0.jar
[2025-08-18 11:16:19,123] {subprocess.py:92} INFO - 25/08/18 11:16:19 INFO Executor: Fetching file:///home/***/.ivy2/jars/org.apache.commons_commons-pool2-2.11.1.jar with timestamp 1755515778318
[2025-08-18 11:16:19,123] {subprocess.py:92} INFO - 25/08/18 11:16:19 INFO Utils: /home/***/.ivy2/jars/org.apache.commons_commons-pool2-2.11.1.jar has been previously copied to /tmp/spark-26d481bc-2fb4-47f9-969a-de63c73d8dfc/userFiles-35924a38-5686-4ef1-91f2-8d960837a787/org.apache.commons_commons-pool2-2.11.1.jar
[2025-08-18 11:16:19,127] {subprocess.py:92} INFO - 25/08/18 11:16:19 INFO Executor: Fetching file:///home/***/.ivy2/jars/com.google.code.findbugs_jsr305-3.0.0.jar with timestamp 1755515778318
[2025-08-18 11:16:19,128] {subprocess.py:92} INFO - 25/08/18 11:16:19 INFO Utils: /home/***/.ivy2/jars/com.google.code.findbugs_jsr305-3.0.0.jar has been previously copied to /tmp/spark-26d481bc-2fb4-47f9-969a-de63c73d8dfc/userFiles-35924a38-5686-4ef1-91f2-8d960837a787/com.google.code.findbugs_jsr305-3.0.0.jar
[2025-08-18 11:16:19,131] {subprocess.py:92} INFO - 25/08/18 11:16:19 INFO Executor: Fetching file:///home/***/.ivy2/jars/org.apache.spark_spark-token-provider-kafka-0-10_2.12-3.3.1.jar with timestamp 1755515778318
[2025-08-18 11:16:19,132] {subprocess.py:92} INFO - 25/08/18 11:16:19 INFO Utils: /home/***/.ivy2/jars/org.apache.spark_spark-token-provider-kafka-0-10_2.12-3.3.1.jar has been previously copied to /tmp/spark-26d481bc-2fb4-47f9-969a-de63c73d8dfc/userFiles-35924a38-5686-4ef1-91f2-8d960837a787/org.apache.spark_spark-token-provider-kafka-0-10_2.12-3.3.1.jar
[2025-08-18 11:16:19,134] {subprocess.py:92} INFO - 25/08/18 11:16:19 INFO Executor: Fetching file:///home/***/.ivy2/jars/org.apache.kafka_kafka-clients-2.8.1.jar with timestamp 1755515778318
[2025-08-18 11:16:19,140] {subprocess.py:92} INFO - 25/08/18 11:16:19 INFO Utils: /home/***/.ivy2/jars/org.apache.kafka_kafka-clients-2.8.1.jar has been previously copied to /tmp/spark-26d481bc-2fb4-47f9-969a-de63c73d8dfc/userFiles-35924a38-5686-4ef1-91f2-8d960837a787/org.apache.kafka_kafka-clients-2.8.1.jar
[2025-08-18 11:16:19,144] {subprocess.py:92} INFO - 25/08/18 11:16:19 INFO Executor: Fetching file:///home/***/.ivy2/jars/org.xerial.snappy_snappy-java-1.1.8.4.jar with timestamp 1755515778318
[2025-08-18 11:16:19,145] {subprocess.py:92} INFO - 25/08/18 11:16:19 INFO Utils: /home/***/.ivy2/jars/org.xerial.snappy_snappy-java-1.1.8.4.jar has been previously copied to /tmp/spark-26d481bc-2fb4-47f9-969a-de63c73d8dfc/userFiles-35924a38-5686-4ef1-91f2-8d960837a787/org.xerial.snappy_snappy-java-1.1.8.4.jar
[2025-08-18 11:16:19,149] {subprocess.py:92} INFO - 25/08/18 11:16:19 INFO Executor: Fetching spark://a4b544519f2b:38383/jars/org.apache.spark_spark-sql-kafka-0-10_2.12-3.3.1.jar with timestamp 1755515778318
[2025-08-18 11:16:19,177] {subprocess.py:92} INFO - 25/08/18 11:16:19 INFO TransportClientFactory: Successfully created connection to a4b544519f2b/172.20.0.2:38383 after 19 ms (0 ms spent in bootstraps)
[2025-08-18 11:16:19,183] {subprocess.py:92} INFO - 25/08/18 11:16:19 INFO Utils: Fetching spark://a4b544519f2b:38383/jars/org.apache.spark_spark-sql-kafka-0-10_2.12-3.3.1.jar to /tmp/spark-26d481bc-2fb4-47f9-969a-de63c73d8dfc/userFiles-35924a38-5686-4ef1-91f2-8d960837a787/fetchFileTemp13869520329486108501.tmp
[2025-08-18 11:16:19,209] {subprocess.py:92} INFO - 25/08/18 11:16:19 INFO Utils: /tmp/spark-26d481bc-2fb4-47f9-969a-de63c73d8dfc/userFiles-35924a38-5686-4ef1-91f2-8d960837a787/fetchFileTemp13869520329486108501.tmp has been previously copied to /tmp/spark-26d481bc-2fb4-47f9-969a-de63c73d8dfc/userFiles-35924a38-5686-4ef1-91f2-8d960837a787/org.apache.spark_spark-sql-kafka-0-10_2.12-3.3.1.jar
[2025-08-18 11:16:19,214] {subprocess.py:92} INFO - 25/08/18 11:16:19 INFO Executor: Adding file:/tmp/spark-26d481bc-2fb4-47f9-969a-de63c73d8dfc/userFiles-35924a38-5686-4ef1-91f2-8d960837a787/org.apache.spark_spark-sql-kafka-0-10_2.12-3.3.1.jar to class loader
[2025-08-18 11:16:19,214] {subprocess.py:92} INFO - 25/08/18 11:16:19 INFO Executor: Fetching spark://a4b544519f2b:38383/jars/org.apache.hadoop_hadoop-client-runtime-3.3.2.jar with timestamp 1755515778318
[2025-08-18 11:16:19,215] {subprocess.py:92} INFO - 25/08/18 11:16:19 INFO Utils: Fetching spark://a4b544519f2b:38383/jars/org.apache.hadoop_hadoop-client-runtime-3.3.2.jar to /tmp/spark-26d481bc-2fb4-47f9-969a-de63c73d8dfc/userFiles-35924a38-5686-4ef1-91f2-8d960837a787/fetchFileTemp7438752309369886442.tmp
[2025-08-18 11:16:19,311] {subprocess.py:92} INFO - 25/08/18 11:16:19 INFO Utils: /tmp/spark-26d481bc-2fb4-47f9-969a-de63c73d8dfc/userFiles-35924a38-5686-4ef1-91f2-8d960837a787/fetchFileTemp7438752309369886442.tmp has been previously copied to /tmp/spark-26d481bc-2fb4-47f9-969a-de63c73d8dfc/userFiles-35924a38-5686-4ef1-91f2-8d960837a787/org.apache.hadoop_hadoop-client-runtime-3.3.2.jar
[2025-08-18 11:16:19,318] {subprocess.py:92} INFO - 25/08/18 11:16:19 INFO Executor: Adding file:/tmp/spark-26d481bc-2fb4-47f9-969a-de63c73d8dfc/userFiles-35924a38-5686-4ef1-91f2-8d960837a787/org.apache.hadoop_hadoop-client-runtime-3.3.2.jar to class loader
[2025-08-18 11:16:19,319] {subprocess.py:92} INFO - 25/08/18 11:16:19 INFO Executor: Fetching spark://a4b544519f2b:38383/jars/org.apache.hadoop_hadoop-client-api-3.3.2.jar with timestamp 1755515778318
[2025-08-18 11:16:19,319] {subprocess.py:92} INFO - 25/08/18 11:16:19 INFO Utils: Fetching spark://a4b544519f2b:38383/jars/org.apache.hadoop_hadoop-client-api-3.3.2.jar to /tmp/spark-26d481bc-2fb4-47f9-969a-de63c73d8dfc/userFiles-35924a38-5686-4ef1-91f2-8d960837a787/fetchFileTemp13213186743237702763.tmp
[2025-08-18 11:16:19,376] {subprocess.py:92} INFO - 25/08/18 11:16:19 INFO Utils: /tmp/spark-26d481bc-2fb4-47f9-969a-de63c73d8dfc/userFiles-35924a38-5686-4ef1-91f2-8d960837a787/fetchFileTemp13213186743237702763.tmp has been previously copied to /tmp/spark-26d481bc-2fb4-47f9-969a-de63c73d8dfc/userFiles-35924a38-5686-4ef1-91f2-8d960837a787/org.apache.hadoop_hadoop-client-api-3.3.2.jar
[2025-08-18 11:16:19,383] {subprocess.py:92} INFO - 25/08/18 11:16:19 INFO Executor: Adding file:/tmp/spark-26d481bc-2fb4-47f9-969a-de63c73d8dfc/userFiles-35924a38-5686-4ef1-91f2-8d960837a787/org.apache.hadoop_hadoop-client-api-3.3.2.jar to class loader
[2025-08-18 11:16:19,383] {subprocess.py:92} INFO - 25/08/18 11:16:19 INFO Executor: Fetching spark://a4b544519f2b:38383/jars/commons-logging_commons-logging-1.1.3.jar with timestamp 1755515778318
[2025-08-18 11:16:19,384] {subprocess.py:92} INFO - 25/08/18 11:16:19 INFO Utils: Fetching spark://a4b544519f2b:38383/jars/commons-logging_commons-logging-1.1.3.jar to /tmp/spark-26d481bc-2fb4-47f9-969a-de63c73d8dfc/userFiles-35924a38-5686-4ef1-91f2-8d960837a787/fetchFileTemp16324215382536686256.tmp
[2025-08-18 11:16:19,385] {subprocess.py:92} INFO - 25/08/18 11:16:19 INFO Utils: /tmp/spark-26d481bc-2fb4-47f9-969a-de63c73d8dfc/userFiles-35924a38-5686-4ef1-91f2-8d960837a787/fetchFileTemp16324215382536686256.tmp has been previously copied to /tmp/spark-26d481bc-2fb4-47f9-969a-de63c73d8dfc/userFiles-35924a38-5686-4ef1-91f2-8d960837a787/commons-logging_commons-logging-1.1.3.jar
[2025-08-18 11:16:19,389] {subprocess.py:92} INFO - 25/08/18 11:16:19 INFO Executor: Adding file:/tmp/spark-26d481bc-2fb4-47f9-969a-de63c73d8dfc/userFiles-35924a38-5686-4ef1-91f2-8d960837a787/commons-logging_commons-logging-1.1.3.jar to class loader
[2025-08-18 11:16:19,389] {subprocess.py:92} INFO - 25/08/18 11:16:19 INFO Executor: Fetching spark://a4b544519f2b:38383/jars/org.lz4_lz4-java-1.8.0.jar with timestamp 1755515778318
[2025-08-18 11:16:19,389] {subprocess.py:92} INFO - 25/08/18 11:16:19 INFO Utils: Fetching spark://a4b544519f2b:38383/jars/org.lz4_lz4-java-1.8.0.jar to /tmp/spark-26d481bc-2fb4-47f9-969a-de63c73d8dfc/userFiles-35924a38-5686-4ef1-91f2-8d960837a787/fetchFileTemp8485691130376617022.tmp
[2025-08-18 11:16:19,391] {subprocess.py:92} INFO - 25/08/18 11:16:19 INFO Utils: /tmp/spark-26d481bc-2fb4-47f9-969a-de63c73d8dfc/userFiles-35924a38-5686-4ef1-91f2-8d960837a787/fetchFileTemp8485691130376617022.tmp has been previously copied to /tmp/spark-26d481bc-2fb4-47f9-969a-de63c73d8dfc/userFiles-35924a38-5686-4ef1-91f2-8d960837a787/org.lz4_lz4-java-1.8.0.jar
[2025-08-18 11:16:19,395] {subprocess.py:92} INFO - 25/08/18 11:16:19 INFO Executor: Adding file:/tmp/spark-26d481bc-2fb4-47f9-969a-de63c73d8dfc/userFiles-35924a38-5686-4ef1-91f2-8d960837a787/org.lz4_lz4-java-1.8.0.jar to class loader
[2025-08-18 11:16:19,395] {subprocess.py:92} INFO - 25/08/18 11:16:19 INFO Executor: Fetching spark://a4b544519f2b:38383/jars/org.apache.kafka_kafka-clients-2.8.1.jar with timestamp 1755515778318
[2025-08-18 11:16:19,395] {subprocess.py:92} INFO - 25/08/18 11:16:19 INFO Utils: Fetching spark://a4b544519f2b:38383/jars/org.apache.kafka_kafka-clients-2.8.1.jar to /tmp/spark-26d481bc-2fb4-47f9-969a-de63c73d8dfc/userFiles-35924a38-5686-4ef1-91f2-8d960837a787/fetchFileTemp2413957212772554464.tmp
[2025-08-18 11:16:19,409] {subprocess.py:92} INFO - 25/08/18 11:16:19 INFO Utils: /tmp/spark-26d481bc-2fb4-47f9-969a-de63c73d8dfc/userFiles-35924a38-5686-4ef1-91f2-8d960837a787/fetchFileTemp2413957212772554464.tmp has been previously copied to /tmp/spark-26d481bc-2fb4-47f9-969a-de63c73d8dfc/userFiles-35924a38-5686-4ef1-91f2-8d960837a787/org.apache.kafka_kafka-clients-2.8.1.jar
[2025-08-18 11:16:19,414] {subprocess.py:92} INFO - 25/08/18 11:16:19 INFO Executor: Adding file:/tmp/spark-26d481bc-2fb4-47f9-969a-de63c73d8dfc/userFiles-35924a38-5686-4ef1-91f2-8d960837a787/org.apache.kafka_kafka-clients-2.8.1.jar to class loader
[2025-08-18 11:16:19,414] {subprocess.py:92} INFO - 25/08/18 11:16:19 INFO Executor: Fetching spark://a4b544519f2b:38383/jars/com.google.code.findbugs_jsr305-3.0.0.jar with timestamp 1755515778318
[2025-08-18 11:16:19,415] {subprocess.py:92} INFO - 25/08/18 11:16:19 INFO Utils: Fetching spark://a4b544519f2b:38383/jars/com.google.code.findbugs_jsr305-3.0.0.jar to /tmp/spark-26d481bc-2fb4-47f9-969a-de63c73d8dfc/userFiles-35924a38-5686-4ef1-91f2-8d960837a787/fetchFileTemp909847809525174427.tmp
[2025-08-18 11:16:19,416] {subprocess.py:92} INFO - 25/08/18 11:16:19 INFO Utils: /tmp/spark-26d481bc-2fb4-47f9-969a-de63c73d8dfc/userFiles-35924a38-5686-4ef1-91f2-8d960837a787/fetchFileTemp909847809525174427.tmp has been previously copied to /tmp/spark-26d481bc-2fb4-47f9-969a-de63c73d8dfc/userFiles-35924a38-5686-4ef1-91f2-8d960837a787/com.google.code.findbugs_jsr305-3.0.0.jar
[2025-08-18 11:16:19,420] {subprocess.py:92} INFO - 25/08/18 11:16:19 INFO Executor: Adding file:/tmp/spark-26d481bc-2fb4-47f9-969a-de63c73d8dfc/userFiles-35924a38-5686-4ef1-91f2-8d960837a787/com.google.code.findbugs_jsr305-3.0.0.jar to class loader
[2025-08-18 11:16:19,420] {subprocess.py:92} INFO - 25/08/18 11:16:19 INFO Executor: Fetching spark://a4b544519f2b:38383/jars/org.apache.spark_spark-token-provider-kafka-0-10_2.12-3.3.1.jar with timestamp 1755515778318
[2025-08-18 11:16:19,420] {subprocess.py:92} INFO - 25/08/18 11:16:19 INFO Utils: Fetching spark://a4b544519f2b:38383/jars/org.apache.spark_spark-token-provider-kafka-0-10_2.12-3.3.1.jar to /tmp/spark-26d481bc-2fb4-47f9-969a-de63c73d8dfc/userFiles-35924a38-5686-4ef1-91f2-8d960837a787/fetchFileTemp1978070304172709445.tmp
[2025-08-18 11:16:19,421] {subprocess.py:92} INFO - 25/08/18 11:16:19 INFO Utils: /tmp/spark-26d481bc-2fb4-47f9-969a-de63c73d8dfc/userFiles-35924a38-5686-4ef1-91f2-8d960837a787/fetchFileTemp1978070304172709445.tmp has been previously copied to /tmp/spark-26d481bc-2fb4-47f9-969a-de63c73d8dfc/userFiles-35924a38-5686-4ef1-91f2-8d960837a787/org.apache.spark_spark-token-provider-kafka-0-10_2.12-3.3.1.jar
[2025-08-18 11:16:19,425] {subprocess.py:92} INFO - 25/08/18 11:16:19 INFO Executor: Adding file:/tmp/spark-26d481bc-2fb4-47f9-969a-de63c73d8dfc/userFiles-35924a38-5686-4ef1-91f2-8d960837a787/org.apache.spark_spark-token-provider-kafka-0-10_2.12-3.3.1.jar to class loader
[2025-08-18 11:16:19,426] {subprocess.py:92} INFO - 25/08/18 11:16:19 INFO Executor: Fetching spark://a4b544519f2b:38383/jars/org.slf4j_slf4j-api-1.7.32.jar with timestamp 1755515778318
[2025-08-18 11:16:19,426] {subprocess.py:92} INFO - 25/08/18 11:16:19 INFO Utils: Fetching spark://a4b544519f2b:38383/jars/org.slf4j_slf4j-api-1.7.32.jar to /tmp/spark-26d481bc-2fb4-47f9-969a-de63c73d8dfc/userFiles-35924a38-5686-4ef1-91f2-8d960837a787/fetchFileTemp16899190052000050832.tmp
[2025-08-18 11:16:19,427] {subprocess.py:92} INFO - 25/08/18 11:16:19 INFO Utils: /tmp/spark-26d481bc-2fb4-47f9-969a-de63c73d8dfc/userFiles-35924a38-5686-4ef1-91f2-8d960837a787/fetchFileTemp16899190052000050832.tmp has been previously copied to /tmp/spark-26d481bc-2fb4-47f9-969a-de63c73d8dfc/userFiles-35924a38-5686-4ef1-91f2-8d960837a787/org.slf4j_slf4j-api-1.7.32.jar
[2025-08-18 11:16:19,431] {subprocess.py:92} INFO - 25/08/18 11:16:19 INFO Executor: Adding file:/tmp/spark-26d481bc-2fb4-47f9-969a-de63c73d8dfc/userFiles-35924a38-5686-4ef1-91f2-8d960837a787/org.slf4j_slf4j-api-1.7.32.jar to class loader
[2025-08-18 11:16:19,431] {subprocess.py:92} INFO - 25/08/18 11:16:19 INFO Executor: Fetching spark://a4b544519f2b:38383/jars/org.spark-project.spark_unused-1.0.0.jar with timestamp 1755515778318
[2025-08-18 11:16:19,432] {subprocess.py:92} INFO - 25/08/18 11:16:19 INFO Utils: Fetching spark://a4b544519f2b:38383/jars/org.spark-project.spark_unused-1.0.0.jar to /tmp/spark-26d481bc-2fb4-47f9-969a-de63c73d8dfc/userFiles-35924a38-5686-4ef1-91f2-8d960837a787/fetchFileTemp341898029911406844.tmp
[2025-08-18 11:16:19,433] {subprocess.py:92} INFO - 25/08/18 11:16:19 INFO Utils: /tmp/spark-26d481bc-2fb4-47f9-969a-de63c73d8dfc/userFiles-35924a38-5686-4ef1-91f2-8d960837a787/fetchFileTemp341898029911406844.tmp has been previously copied to /tmp/spark-26d481bc-2fb4-47f9-969a-de63c73d8dfc/userFiles-35924a38-5686-4ef1-91f2-8d960837a787/org.spark-project.spark_unused-1.0.0.jar
[2025-08-18 11:16:19,436] {subprocess.py:92} INFO - 25/08/18 11:16:19 INFO Executor: Adding file:/tmp/spark-26d481bc-2fb4-47f9-969a-de63c73d8dfc/userFiles-35924a38-5686-4ef1-91f2-8d960837a787/org.spark-project.spark_unused-1.0.0.jar to class loader
[2025-08-18 11:16:19,437] {subprocess.py:92} INFO - 25/08/18 11:16:19 INFO Executor: Fetching spark://a4b544519f2b:38383/jars/org.xerial.snappy_snappy-java-1.1.8.4.jar with timestamp 1755515778318
[2025-08-18 11:16:19,437] {subprocess.py:92} INFO - 25/08/18 11:16:19 INFO Utils: Fetching spark://a4b544519f2b:38383/jars/org.xerial.snappy_snappy-java-1.1.8.4.jar to /tmp/spark-26d481bc-2fb4-47f9-969a-de63c73d8dfc/userFiles-35924a38-5686-4ef1-91f2-8d960837a787/fetchFileTemp14025066005227612047.tmp
[2025-08-18 11:16:19,443] {subprocess.py:92} INFO - 25/08/18 11:16:19 INFO Utils: /tmp/spark-26d481bc-2fb4-47f9-969a-de63c73d8dfc/userFiles-35924a38-5686-4ef1-91f2-8d960837a787/fetchFileTemp14025066005227612047.tmp has been previously copied to /tmp/spark-26d481bc-2fb4-47f9-969a-de63c73d8dfc/userFiles-35924a38-5686-4ef1-91f2-8d960837a787/org.xerial.snappy_snappy-java-1.1.8.4.jar
[2025-08-18 11:16:19,448] {subprocess.py:92} INFO - 25/08/18 11:16:19 INFO Executor: Adding file:/tmp/spark-26d481bc-2fb4-47f9-969a-de63c73d8dfc/userFiles-35924a38-5686-4ef1-91f2-8d960837a787/org.xerial.snappy_snappy-java-1.1.8.4.jar to class loader
[2025-08-18 11:16:19,448] {subprocess.py:92} INFO - 25/08/18 11:16:19 INFO Executor: Fetching spark://a4b544519f2b:38383/jars/org.apache.commons_commons-pool2-2.11.1.jar with timestamp 1755515778318
[2025-08-18 11:16:19,448] {subprocess.py:92} INFO - 25/08/18 11:16:19 INFO Utils: Fetching spark://a4b544519f2b:38383/jars/org.apache.commons_commons-pool2-2.11.1.jar to /tmp/spark-26d481bc-2fb4-47f9-969a-de63c73d8dfc/userFiles-35924a38-5686-4ef1-91f2-8d960837a787/fetchFileTemp13723015862444205278.tmp
[2025-08-18 11:16:19,451] {subprocess.py:92} INFO - 25/08/18 11:16:19 INFO Utils: /tmp/spark-26d481bc-2fb4-47f9-969a-de63c73d8dfc/userFiles-35924a38-5686-4ef1-91f2-8d960837a787/fetchFileTemp13723015862444205278.tmp has been previously copied to /tmp/spark-26d481bc-2fb4-47f9-969a-de63c73d8dfc/userFiles-35924a38-5686-4ef1-91f2-8d960837a787/org.apache.commons_commons-pool2-2.11.1.jar
[2025-08-18 11:16:19,454] {subprocess.py:92} INFO - 25/08/18 11:16:19 INFO Executor: Adding file:/tmp/spark-26d481bc-2fb4-47f9-969a-de63c73d8dfc/userFiles-35924a38-5686-4ef1-91f2-8d960837a787/org.apache.commons_commons-pool2-2.11.1.jar to class loader
[2025-08-18 11:16:19,463] {subprocess.py:92} INFO - 25/08/18 11:16:19 INFO Utils: Successfully started service 'org.apache.spark.network.netty.NettyBlockTransferService' on port 38345.
[2025-08-18 11:16:19,463] {subprocess.py:92} INFO - 25/08/18 11:16:19 INFO NettyBlockTransferService: Server created on a4b544519f2b:38345
[2025-08-18 11:16:19,465] {subprocess.py:92} INFO - 25/08/18 11:16:19 INFO BlockManager: Using org.apache.spark.storage.RandomBlockReplicationPolicy for block replication policy
[2025-08-18 11:16:19,473] {subprocess.py:92} INFO - 25/08/18 11:16:19 INFO BlockManagerMaster: Registering BlockManager BlockManagerId(driver, a4b544519f2b, 38345, None)
[2025-08-18 11:16:19,476] {subprocess.py:92} INFO - 25/08/18 11:16:19 INFO BlockManagerMasterEndpoint: Registering block manager a4b544519f2b:38345 with 434.4 MiB RAM, BlockManagerId(driver, a4b544519f2b, 38345, None)
[2025-08-18 11:16:19,478] {subprocess.py:92} INFO - 25/08/18 11:16:19 INFO BlockManagerMaster: Registered BlockManager BlockManagerId(driver, a4b544519f2b, 38345, None)
[2025-08-18 11:16:19,480] {subprocess.py:92} INFO - 25/08/18 11:16:19 INFO BlockManager: Initialized BlockManager: BlockManagerId(driver, a4b544519f2b, 38345, None)
[2025-08-18 11:16:19,850] {subprocess.py:92} INFO - Connexion à Kafka...
[2025-08-18 11:16:21,513] {subprocess.py:92} INFO - Connexion Kafka réussie (kafka:9092)
[2025-08-18 11:16:21,513] {subprocess.py:92} INFO - Transformation des données JSON...
[2025-08-18 11:16:21,759] {subprocess.py:92} INFO - Démarrage du streaming vers HDFS...
[2025-08-18 11:16:22,443] {subprocess.py:92} INFO - Streaming actif - Données météo sauvegardées dans HDFS:/data/weather
