[2025-08-07 13:34:00,855] {taskinstance.py:1159} INFO - Dependencies all met for <TaskInstance: example_sla_dag.sleep_20 scheduled__2025-08-07T13:32:00+00:00 [queued]>
[2025-08-07 13:34:00,862] {taskinstance.py:1159} INFO - Dependencies all met for <TaskInstance: example_sla_dag.sleep_20 scheduled__2025-08-07T13:32:00+00:00 [queued]>
[2025-08-07 13:34:00,862] {taskinstance.py:1356} INFO - 
--------------------------------------------------------------------------------
[2025-08-07 13:34:00,862] {taskinstance.py:1357} INFO - Starting attempt 1 of 1
[2025-08-07 13:34:00,862] {taskinstance.py:1358} INFO - 
--------------------------------------------------------------------------------
[2025-08-07 13:34:00,875] {taskinstance.py:1377} INFO - Executing <Task(_PythonDecoratedOperator): sleep_20> on 2025-08-07 13:32:00+00:00
[2025-08-07 13:34:00,881] {standard_task_runner.py:52} INFO - Started process 50216 to run task
[2025-08-07 13:34:00,884] {standard_task_runner.py:79} INFO - Running: ['***', 'tasks', 'run', 'example_sla_dag', 'sleep_20', 'scheduled__2025-08-07T13:32:00+00:00', '--job-id', '812', '--raw', '--subdir', '/home/***/.local/lib/python3.7/site-packages/***/example_dags/example_sla_dag.py', '--cfg-path', '/tmp/tmpk48uxpnp', '--error-file', '/tmp/tmpuilw27vu']
[2025-08-07 13:34:00,885] {standard_task_runner.py:80} INFO - Job 812: Subtask sleep_20
[2025-08-07 13:34:00,944] {task_command.py:369} INFO - Running <TaskInstance: example_sla_dag.sleep_20 scheduled__2025-08-07T13:32:00+00:00 [running]> on host b810b38b6a38
[2025-08-07 13:34:01,125] {taskinstance.py:1571} INFO - Exporting the following env vars:
AIRFLOW_CTX_DAG_EMAIL=email@example.com
AIRFLOW_CTX_DAG_OWNER=***
AIRFLOW_CTX_DAG_ID=example_sla_dag
AIRFLOW_CTX_TASK_ID=sleep_20
AIRFLOW_CTX_EXECUTION_DATE=2025-08-07T13:32:00+00:00
AIRFLOW_CTX_TRY_NUMBER=1
AIRFLOW_CTX_DAG_RUN_ID=scheduled__2025-08-07T13:32:00+00:00
[2025-08-07 13:34:21,145] {python.py:173} INFO - Done. Returned value was: None
[2025-08-07 13:34:21,158] {taskinstance.py:1400} INFO - Marking task as SUCCESS. dag_id=example_sla_dag, task_id=sleep_20, execution_date=20250807T133200, start_date=20250807T133400, end_date=20250807T133421
[2025-08-07 13:34:21,179] {local_task_job.py:156} INFO - Task exited with return code 0
[2025-08-07 13:34:21,219] {local_task_job.py:273} INFO - 1 downstream tasks scheduled from follow-on schedule check
