[2025-08-08 09:10:01,182] {taskinstance.py:1159} INFO - Dependencies all met for <TaskInstance: example_sla_dag.sleep_20 scheduled__2025-08-08T09:08:00+00:00 [queued]>
[2025-08-08 09:10:01,189] {taskinstance.py:1159} INFO - Dependencies all met for <TaskInstance: example_sla_dag.sleep_20 scheduled__2025-08-08T09:08:00+00:00 [queued]>
[2025-08-08 09:10:01,189] {taskinstance.py:1356} INFO - 
--------------------------------------------------------------------------------
[2025-08-08 09:10:01,189] {taskinstance.py:1357} INFO - Starting attempt 1 of 1
[2025-08-08 09:10:01,189] {taskinstance.py:1358} INFO - 
--------------------------------------------------------------------------------
[2025-08-08 09:10:01,213] {taskinstance.py:1377} INFO - Executing <Task(_PythonDecoratedOperator): sleep_20> on 2025-08-08 09:08:00+00:00
[2025-08-08 09:10:01,222] {standard_task_runner.py:52} INFO - Started process 8085 to run task
[2025-08-08 09:10:01,225] {standard_task_runner.py:79} INFO - Running: ['***', 'tasks', 'run', 'example_sla_dag', 'sleep_20', 'scheduled__2025-08-08T09:08:00+00:00', '--job-id', '131', '--raw', '--subdir', '/home/***/.local/lib/python3.7/site-packages/***/example_dags/example_sla_dag.py', '--cfg-path', '/tmp/tmponr3bmpm', '--error-file', '/tmp/tmpjlt6zv59']
[2025-08-08 09:10:01,226] {standard_task_runner.py:80} INFO - Job 131: Subtask sleep_20
[2025-08-08 09:10:01,313] {task_command.py:369} INFO - Running <TaskInstance: example_sla_dag.sleep_20 scheduled__2025-08-08T09:08:00+00:00 [running]> on host abdeb7f02efc
[2025-08-08 09:10:01,639] {taskinstance.py:1571} INFO - Exporting the following env vars:
AIRFLOW_CTX_DAG_EMAIL=email@example.com
AIRFLOW_CTX_DAG_OWNER=***
AIRFLOW_CTX_DAG_ID=example_sla_dag
AIRFLOW_CTX_TASK_ID=sleep_20
AIRFLOW_CTX_EXECUTION_DATE=2025-08-08T09:08:00+00:00
AIRFLOW_CTX_TRY_NUMBER=1
AIRFLOW_CTX_DAG_RUN_ID=scheduled__2025-08-08T09:08:00+00:00
[2025-08-08 09:10:21,660] {python.py:173} INFO - Done. Returned value was: None
[2025-08-08 09:10:21,679] {taskinstance.py:1400} INFO - Marking task as SUCCESS. dag_id=example_sla_dag, task_id=sleep_20, execution_date=20250808T090800, start_date=20250808T091001, end_date=20250808T091021
[2025-08-08 09:10:21,708] {local_task_job.py:156} INFO - Task exited with return code 0
[2025-08-08 09:10:21,749] {local_task_job.py:273} INFO - 1 downstream tasks scheduled from follow-on schedule check
