[2025-08-08 08:56:09,266] {taskinstance.py:1159} INFO - Dependencies all met for <TaskInstance: example_subdag_operator.section-2 scheduled__2025-08-06T00:00:00+00:00 [queued]>
[2025-08-08 08:56:09,280] {taskinstance.py:1159} INFO - Dependencies all met for <TaskInstance: example_subdag_operator.section-2 scheduled__2025-08-06T00:00:00+00:00 [queued]>
[2025-08-08 08:56:09,280] {taskinstance.py:1356} INFO - 
--------------------------------------------------------------------------------
[2025-08-08 08:56:09,280] {taskinstance.py:1357} INFO - Starting attempt 1 of 3
[2025-08-08 08:56:09,280] {taskinstance.py:1358} INFO - 
--------------------------------------------------------------------------------
[2025-08-08 08:56:09,295] {taskinstance.py:1377} INFO - Executing <Task(SubDagOperator): section-2> on 2025-08-06 00:00:00+00:00
[2025-08-08 08:56:09,300] {standard_task_runner.py:52} INFO - Started process 1166 to run task
[2025-08-08 08:56:09,304] {standard_task_runner.py:79} INFO - Running: ['***', 'tasks', 'run', 'example_subdag_operator', 'section-2', 'scheduled__2025-08-06T00:00:00+00:00', '--job-id', '64', '--raw', '--subdir', '/home/***/.local/lib/python3.7/site-packages/***/example_dags/example_subdag_operator.py', '--cfg-path', '/tmp/tmprjnxbitz', '--error-file', '/tmp/tmp20wod878']
[2025-08-08 08:56:09,306] {standard_task_runner.py:80} INFO - Job 64: Subtask section-2
[2025-08-08 08:56:09,375] {task_command.py:369} INFO - Running <TaskInstance: example_subdag_operator.section-2 scheduled__2025-08-06T00:00:00+00:00 [running]> on host abdeb7f02efc
[2025-08-08 08:56:09,549] {taskinstance.py:1571} INFO - Exporting the following env vars:
AIRFLOW_CTX_DAG_OWNER=***
AIRFLOW_CTX_DAG_ID=example_subdag_operator
AIRFLOW_CTX_TASK_ID=section-2
AIRFLOW_CTX_EXECUTION_DATE=2025-08-06T00:00:00+00:00
AIRFLOW_CTX_TRY_NUMBER=1
AIRFLOW_CTX_DAG_RUN_ID=scheduled__2025-08-06T00:00:00+00:00
[2025-08-08 08:56:09,555] {logging_mixin.py:115} WARNING - /home/***/.local/lib/python3.7/site-packages/***/utils/context.py:202 AirflowContextDeprecationWarning: Accessing 'execution_date' from the template is deprecated and will be removed in a future version. Please use 'data_interval_start' or 'logical_date' instead.
[2025-08-08 08:56:09,597] {subdag.py:176} INFO - Created DagRun: scheduled__2025-08-06T00:00:00+00:00
[2025-08-08 08:57:09,675] {base.py:301} INFO - Success criteria met. Exiting.
[2025-08-08 08:57:09,685] {subdag.py:191} INFO - Execution finished. State is success
[2025-08-08 08:57:09,705] {taskinstance.py:1400} INFO - Marking task as SUCCESS. dag_id=example_subdag_operator, task_id=section-2, execution_date=20250806T000000, start_date=20250808T085609, end_date=20250808T085709
[2025-08-08 08:57:09,759] {local_task_job.py:156} INFO - Task exited with return code 0
[2025-08-08 08:57:09,795] {local_task_job.py:273} INFO - 1 downstream tasks scheduled from follow-on schedule check
