[2025-08-07 03:29:48,240] {taskinstance.py:1159} INFO - Dependencies all met for <TaskInstance: example_trigger_target_dag.run_this manual__2025-08-07T03:29:46.729496+00:00 [queued]>
[2025-08-07 03:29:48,261] {taskinstance.py:1159} INFO - Dependencies all met for <TaskInstance: example_trigger_target_dag.run_this manual__2025-08-07T03:29:46.729496+00:00 [queued]>
[2025-08-07 03:29:48,261] {taskinstance.py:1356} INFO - 
--------------------------------------------------------------------------------
[2025-08-07 03:29:48,262] {taskinstance.py:1357} INFO - Starting attempt 1 of 1
[2025-08-07 03:29:48,262] {taskinstance.py:1358} INFO - 
--------------------------------------------------------------------------------
[2025-08-07 03:29:48,296] {taskinstance.py:1377} INFO - Executing <Task(_PythonDecoratedOperator): run_this> on 2025-08-07 03:29:46.729496+00:00
[2025-08-07 03:29:48,332] {standard_task_runner.py:52} INFO - Started process 309 to run task
[2025-08-07 03:29:48,345] {standard_task_runner.py:79} INFO - Running: ['***', 'tasks', 'run', 'example_trigger_target_dag', 'run_this', 'manual__2025-08-07T03:29:46.729496+00:00', '--job-id', '6', '--raw', '--subdir', '/home/***/.local/lib/python3.7/site-packages/***/example_dags/example_trigger_target_dag.py', '--cfg-path', '/tmp/tmpjsoo4crk', '--error-file', '/tmp/tmpwgt8d9wx']
[2025-08-07 03:29:48,347] {standard_task_runner.py:80} INFO - Job 6: Subtask run_this
[2025-08-07 03:29:48,484] {task_command.py:369} INFO - Running <TaskInstance: example_trigger_target_dag.run_this manual__2025-08-07T03:29:46.729496+00:00 [running]> on host 47565329e35b
[2025-08-07 03:29:49,048] {taskinstance.py:1571} INFO - Exporting the following env vars:
AIRFLOW_CTX_DAG_OWNER=***
AIRFLOW_CTX_DAG_ID=example_trigger_target_dag
AIRFLOW_CTX_TASK_ID=run_this
AIRFLOW_CTX_EXECUTION_DATE=2025-08-07T03:29:46.729496+00:00
AIRFLOW_CTX_TRY_NUMBER=1
AIRFLOW_CTX_DAG_RUN_ID=manual__2025-08-07T03:29:46.729496+00:00
[2025-08-07 03:29:49,049] {logging_mixin.py:115} INFO - Remotely received value of Hello World for key=message
[2025-08-07 03:29:49,049] {python.py:173} INFO - Done. Returned value was: None
[2025-08-07 03:29:49,097] {taskinstance.py:1400} INFO - Marking task as SUCCESS. dag_id=example_trigger_target_dag, task_id=run_this, execution_date=20250807T032946, start_date=20250807T032948, end_date=20250807T032949
[2025-08-07 03:29:49,200] {local_task_job.py:156} INFO - Task exited with return code 0
[2025-08-07 03:29:49,713] {local_task_job.py:273} INFO - 0 downstream tasks scheduled from follow-on schedule check
