[2025-08-06 11:07:25,316] {taskinstance.py:1159} INFO - Dependencies all met for <TaskInstance: send_weather_to_kafka.fetch_and_send_weather manual__2025-08-06T11:07:24.493424+00:00 [queued]>
[2025-08-06 11:07:25,326] {taskinstance.py:1159} INFO - Dependencies all met for <TaskInstance: send_weather_to_kafka.fetch_and_send_weather manual__2025-08-06T11:07:24.493424+00:00 [queued]>
[2025-08-06 11:07:25,326] {taskinstance.py:1356} INFO - 
--------------------------------------------------------------------------------
[2025-08-06 11:07:25,326] {taskinstance.py:1357} INFO - Starting attempt 1 of 2
[2025-08-06 11:07:25,326] {taskinstance.py:1358} INFO - 
--------------------------------------------------------------------------------
[2025-08-06 11:07:25,343] {taskinstance.py:1377} INFO - Executing <Task(BashOperator): fetch_and_send_weather> on 2025-08-06 11:07:24.493424+00:00
[2025-08-06 11:07:25,348] {standard_task_runner.py:52} INFO - Started process 22729 to run task
[2025-08-06 11:07:25,352] {standard_task_runner.py:79} INFO - Running: ['***', 'tasks', 'run', 'send_weather_to_kafka', 'fetch_and_send_weather', 'manual__2025-08-06T11:07:24.493424+00:00', '--job-id', '26', '--raw', '--subdir', 'DAGS_FOLDER/dag_meteo.py', '--cfg-path', '/tmp/tmprvr_xx74', '--error-file', '/tmp/tmp678mvwuk']
[2025-08-06 11:07:25,354] {standard_task_runner.py:80} INFO - Job 26: Subtask fetch_and_send_weather
[2025-08-06 11:07:25,423] {task_command.py:369} INFO - Running <TaskInstance: send_weather_to_kafka.fetch_and_send_weather manual__2025-08-06T11:07:24.493424+00:00 [running]> on host 536c12e0b7f9
[2025-08-06 11:07:25,526] {taskinstance.py:1571} INFO - Exporting the following env vars:
AIRFLOW_CTX_DAG_OWNER=***
AIRFLOW_CTX_DAG_ID=send_weather_to_kafka
AIRFLOW_CTX_TASK_ID=fetch_and_send_weather
AIRFLOW_CTX_EXECUTION_DATE=2025-08-06T11:07:24.493424+00:00
AIRFLOW_CTX_TRY_NUMBER=1
AIRFLOW_CTX_DAG_RUN_ID=manual__2025-08-06T11:07:24.493424+00:00
[2025-08-06 11:07:25,527] {subprocess.py:62} INFO - Tmp dir root location: 
 /tmp
[2025-08-06 11:07:25,527] {subprocess.py:74} INFO - Running command: ['bash', '-c', 'cd /opt/***/scripts && python3 kafka/producer.py']
[2025-08-06 11:07:25,541] {subprocess.py:85} INFO - Output:
[2025-08-06 11:07:33,417] {subprocess.py:92} INFO - Envoi vers Kafka : {'temperature': 28.6, 'humidity': 73, 'windSpeed': 3.8, 'cloudCover': 43, 'rainIntensity': 0, 'timestamp': '2025-08-06T11:07:00Z'}
[2025-08-06 11:07:33,461] {subprocess.py:96} INFO - Command exited with return code 0
[2025-08-06 11:07:33,504] {taskinstance.py:1400} INFO - Marking task as SUCCESS. dag_id=send_weather_to_kafka, task_id=fetch_and_send_weather, execution_date=20250806T110724, start_date=20250806T110725, end_date=20250806T110733
[2025-08-06 11:07:33,543] {local_task_job.py:156} INFO - Task exited with return code 0
[2025-08-06 11:07:33,581] {local_task_job.py:273} INFO - 0 downstream tasks scheduled from follow-on schedule check
