[2025-08-07 22:08:01,238] {taskinstance.py:1159} INFO - Dependencies all met for <TaskInstance: example_sla_dag.sleep_20 scheduled__2025-08-07T22:06:00+00:00 [queued]>
[2025-08-07 22:08:01,257] {taskinstance.py:1159} INFO - Dependencies all met for <TaskInstance: example_sla_dag.sleep_20 scheduled__2025-08-07T22:06:00+00:00 [queued]>
[2025-08-07 22:08:01,257] {taskinstance.py:1356} INFO - 
--------------------------------------------------------------------------------
[2025-08-07 22:08:01,257] {taskinstance.py:1357} INFO - Starting attempt 1 of 1
[2025-08-07 22:08:01,257] {taskinstance.py:1358} INFO - 
--------------------------------------------------------------------------------
[2025-08-07 22:08:01,291] {taskinstance.py:1377} INFO - Executing <Task(_PythonDecoratedOperator): sleep_20> on 2025-08-07 22:06:00+00:00
[2025-08-07 22:08:01,300] {standard_task_runner.py:52} INFO - Started process 38243 to run task
[2025-08-07 22:08:01,307] {standard_task_runner.py:79} INFO - Running: ['***', 'tasks', 'run', 'example_sla_dag', 'sleep_20', 'scheduled__2025-08-07T22:06:00+00:00', '--job-id', '527', '--raw', '--subdir', '/home/***/.local/lib/python3.7/site-packages/***/example_dags/example_sla_dag.py', '--cfg-path', '/tmp/tmpaw9ifrfc', '--error-file', '/tmp/tmp6ouqsk5v']
[2025-08-07 22:08:01,309] {standard_task_runner.py:80} INFO - Job 527: Subtask sleep_20
[2025-08-07 22:08:01,466] {task_command.py:369} INFO - Running <TaskInstance: example_sla_dag.sleep_20 scheduled__2025-08-07T22:06:00+00:00 [running]> on host 4078e16d4836
[2025-08-07 22:08:01,923] {taskinstance.py:1571} INFO - Exporting the following env vars:
AIRFLOW_CTX_DAG_EMAIL=email@example.com
AIRFLOW_CTX_DAG_OWNER=***
AIRFLOW_CTX_DAG_ID=example_sla_dag
AIRFLOW_CTX_TASK_ID=sleep_20
AIRFLOW_CTX_EXECUTION_DATE=2025-08-07T22:06:00+00:00
AIRFLOW_CTX_TRY_NUMBER=1
AIRFLOW_CTX_DAG_RUN_ID=scheduled__2025-08-07T22:06:00+00:00
[2025-08-07 22:08:21,941] {python.py:173} INFO - Done. Returned value was: None
[2025-08-07 22:08:21,963] {taskinstance.py:1400} INFO - Marking task as SUCCESS. dag_id=example_sla_dag, task_id=sleep_20, execution_date=20250807T220600, start_date=20250807T220801, end_date=20250807T220821
[2025-08-07 22:08:21,996] {local_task_job.py:156} INFO - Task exited with return code 0
[2025-08-07 22:08:22,043] {local_task_job.py:273} INFO - 1 downstream tasks scheduled from follow-on schedule check
