[2025-08-07 10:56:22,436] {taskinstance.py:1159} INFO - Dependencies all met for <TaskInstance: send_weather_to_kafka.verify_pipeline scheduled__2025-08-07T10:54:14.997141+00:00 [queued]>
[2025-08-07 10:56:22,451] {taskinstance.py:1159} INFO - Dependencies all met for <TaskInstance: send_weather_to_kafka.verify_pipeline scheduled__2025-08-07T10:54:14.997141+00:00 [queued]>
[2025-08-07 10:56:22,451] {taskinstance.py:1356} INFO - 
--------------------------------------------------------------------------------
[2025-08-07 10:56:22,452] {taskinstance.py:1357} INFO - Starting attempt 1 of 2
[2025-08-07 10:56:22,452] {taskinstance.py:1358} INFO - 
--------------------------------------------------------------------------------
[2025-08-07 10:56:22,475] {taskinstance.py:1377} INFO - Executing <Task(BashOperator): verify_pipeline> on 2025-08-07 10:54:14.997141+00:00
[2025-08-07 10:56:22,486] {standard_task_runner.py:52} INFO - Started process 8639 to run task
[2025-08-07 10:56:22,493] {standard_task_runner.py:79} INFO - Running: ['***', 'tasks', 'run', 'send_weather_to_kafka', 'verify_pipeline', 'scheduled__2025-08-07T10:54:14.997141+00:00', '--job-id', '153', '--raw', '--subdir', 'DAGS_FOLDER/dag_meteo.py', '--cfg-path', '/tmp/tmpblaudg2o', '--error-file', '/tmp/tmppt0nopol']
[2025-08-07 10:56:22,495] {standard_task_runner.py:80} INFO - Job 153: Subtask verify_pipeline
[2025-08-07 10:56:22,622] {task_command.py:369} INFO - Running <TaskInstance: send_weather_to_kafka.verify_pipeline scheduled__2025-08-07T10:54:14.997141+00:00 [running]> on host 81d3b97a0728
[2025-08-07 10:56:22,900] {taskinstance.py:1571} INFO - Exporting the following env vars:
AIRFLOW_CTX_DAG_OWNER=alla
AIRFLOW_CTX_DAG_ID=send_weather_to_kafka
AIRFLOW_CTX_TASK_ID=verify_pipeline
AIRFLOW_CTX_EXECUTION_DATE=2025-08-07T10:54:14.997141+00:00
AIRFLOW_CTX_TRY_NUMBER=1
AIRFLOW_CTX_DAG_RUN_ID=scheduled__2025-08-07T10:54:14.997141+00:00
[2025-08-07 10:56:22,902] {subprocess.py:62} INFO - Tmp dir root location: 
 /tmp
[2025-08-07 10:56:22,903] {subprocess.py:74} INFO - Running command: ['bash', '-c', '\n            echo " Attente traitement Logstash..." && sleep 30 &&\n            curl -s "http://elasticsearch:9200/_cat/indices/weather*" || echo "Pas encore d\'index weather"\n        ']
[2025-08-07 10:56:22,925] {subprocess.py:85} INFO - Output:
[2025-08-07 10:56:22,929] {subprocess.py:92} INFO -  Attente traitement Logstash...
[2025-08-07 10:56:52,954] {subprocess.py:96} INFO - Command exited with return code 0
[2025-08-07 10:56:53,016] {taskinstance.py:1400} INFO - Marking task as SUCCESS. dag_id=send_weather_to_kafka, task_id=verify_pipeline, execution_date=20250807T105414, start_date=20250807T105622, end_date=20250807T105653
[2025-08-07 10:56:53,060] {local_task_job.py:156} INFO - Task exited with return code 0
[2025-08-07 10:56:53,115] {local_task_job.py:273} INFO - 0 downstream tasks scheduled from follow-on schedule check
