[2025-08-07 10:40:23,794] {taskinstance.py:1159} INFO - Dependencies all met for <TaskInstance: tutorial.templated scheduled__2025-08-06T10:40:20.102301+00:00 [queued]>
[2025-08-07 10:40:23,813] {taskinstance.py:1159} INFO - Dependencies all met for <TaskInstance: tutorial.templated scheduled__2025-08-06T10:40:20.102301+00:00 [queued]>
[2025-08-07 10:40:23,814] {taskinstance.py:1356} INFO - 
--------------------------------------------------------------------------------
[2025-08-07 10:40:23,814] {taskinstance.py:1357} INFO - Starting attempt 1 of 2
[2025-08-07 10:40:23,814] {taskinstance.py:1358} INFO - 
--------------------------------------------------------------------------------
[2025-08-07 10:40:23,843] {taskinstance.py:1377} INFO - Executing <Task(BashOperator): templated> on 2025-08-06 10:40:20.102301+00:00
[2025-08-07 10:40:23,862] {standard_task_runner.py:52} INFO - Started process 464 to run task
[2025-08-07 10:40:23,867] {standard_task_runner.py:79} INFO - Running: ['***', 'tasks', 'run', 'tutorial', 'templated', 'scheduled__2025-08-06T10:40:20.102301+00:00', '--job-id', '29', '--raw', '--subdir', '/home/***/.local/lib/python3.7/site-packages/***/example_dags/tutorial.py', '--cfg-path', '/tmp/tmpgn5eg6iz', '--error-file', '/tmp/tmpoga0qub0']
[2025-08-07 10:40:23,871] {standard_task_runner.py:80} INFO - Job 29: Subtask templated
[2025-08-07 10:40:24,099] {task_command.py:369} INFO - Running <TaskInstance: tutorial.templated scheduled__2025-08-06T10:40:20.102301+00:00 [running]> on host 81d3b97a0728
[2025-08-07 10:40:24,768] {taskinstance.py:1571} INFO - Exporting the following env vars:
AIRFLOW_CTX_DAG_EMAIL=***@example.com
AIRFLOW_CTX_DAG_OWNER=***
AIRFLOW_CTX_DAG_ID=tutorial
AIRFLOW_CTX_TASK_ID=templated
AIRFLOW_CTX_EXECUTION_DATE=2025-08-06T10:40:20.102301+00:00
AIRFLOW_CTX_TRY_NUMBER=1
AIRFLOW_CTX_DAG_RUN_ID=scheduled__2025-08-06T10:40:20.102301+00:00
[2025-08-07 10:40:24,770] {subprocess.py:62} INFO - Tmp dir root location: 
 /tmp
[2025-08-07 10:40:24,771] {subprocess.py:74} INFO - Running command: ['bash', '-c', '\n\n    echo "2025-08-06"\n    echo "2025-08-13"\n\n    echo "2025-08-06"\n    echo "2025-08-13"\n\n    echo "2025-08-06"\n    echo "2025-08-13"\n\n    echo "2025-08-06"\n    echo "2025-08-13"\n\n    echo "2025-08-06"\n    echo "2025-08-13"\n']
[2025-08-07 10:40:24,798] {subprocess.py:85} INFO - Output:
[2025-08-07 10:40:24,814] {subprocess.py:92} INFO - 2025-08-06
[2025-08-07 10:40:24,815] {subprocess.py:92} INFO - 2025-08-13
[2025-08-07 10:40:24,815] {subprocess.py:92} INFO - 2025-08-06
[2025-08-07 10:40:24,815] {subprocess.py:92} INFO - 2025-08-13
[2025-08-07 10:40:24,815] {subprocess.py:92} INFO - 2025-08-06
[2025-08-07 10:40:24,815] {subprocess.py:92} INFO - 2025-08-13
[2025-08-07 10:40:24,815] {subprocess.py:92} INFO - 2025-08-06
[2025-08-07 10:40:24,815] {subprocess.py:92} INFO - 2025-08-13
[2025-08-07 10:40:24,815] {subprocess.py:92} INFO - 2025-08-06
[2025-08-07 10:40:24,815] {subprocess.py:92} INFO - 2025-08-13
[2025-08-07 10:40:24,815] {subprocess.py:96} INFO - Command exited with return code 0
[2025-08-07 10:40:24,970] {taskinstance.py:1400} INFO - Marking task as SUCCESS. dag_id=tutorial, task_id=templated, execution_date=20250806T104020, start_date=20250807T104023, end_date=20250807T104024
[2025-08-07 10:40:25,060] {local_task_job.py:156} INFO - Task exited with return code 0
[2025-08-07 10:40:25,143] {local_task_job.py:273} INFO - 0 downstream tasks scheduled from follow-on schedule check
