[2025-08-07 15:38:21,937] {taskinstance.py:1159} INFO - Dependencies all met for <TaskInstance: example_sla_dag.sleep_30 scheduled__2025-08-07T15:36:00+00:00 [queued]>
[2025-08-07 15:38:21,947] {taskinstance.py:1159} INFO - Dependencies all met for <TaskInstance: example_sla_dag.sleep_30 scheduled__2025-08-07T15:36:00+00:00 [queued]>
[2025-08-07 15:38:21,948] {taskinstance.py:1356} INFO - 
--------------------------------------------------------------------------------
[2025-08-07 15:38:21,948] {taskinstance.py:1357} INFO - Starting attempt 1 of 1
[2025-08-07 15:38:21,948] {taskinstance.py:1358} INFO - 
--------------------------------------------------------------------------------
[2025-08-07 15:38:21,966] {taskinstance.py:1377} INFO - Executing <Task(_PythonDecoratedOperator): sleep_30> on 2025-08-07 15:36:00+00:00
[2025-08-07 15:38:21,973] {standard_task_runner.py:52} INFO - Started process 112418 to run task
[2025-08-07 15:38:21,978] {standard_task_runner.py:79} INFO - Running: ['***', 'tasks', 'run', 'example_sla_dag', 'sleep_30', 'scheduled__2025-08-07T15:36:00+00:00', '--job-id', '1439', '--raw', '--subdir', '/home/***/.local/lib/python3.7/site-packages/***/example_dags/example_sla_dag.py', '--cfg-path', '/tmp/tmp6au37zgj', '--error-file', '/tmp/tmpjn99fw6q']
[2025-08-07 15:38:21,979] {standard_task_runner.py:80} INFO - Job 1439: Subtask sleep_30
[2025-08-07 15:38:22,076] {task_command.py:369} INFO - Running <TaskInstance: example_sla_dag.sleep_30 scheduled__2025-08-07T15:36:00+00:00 [running]> on host b810b38b6a38
[2025-08-07 15:38:22,325] {taskinstance.py:1571} INFO - Exporting the following env vars:
AIRFLOW_CTX_DAG_EMAIL=email@example.com
AIRFLOW_CTX_DAG_OWNER=***
AIRFLOW_CTX_DAG_ID=example_sla_dag
AIRFLOW_CTX_TASK_ID=sleep_30
AIRFLOW_CTX_EXECUTION_DATE=2025-08-07T15:36:00+00:00
AIRFLOW_CTX_TRY_NUMBER=1
AIRFLOW_CTX_DAG_RUN_ID=scheduled__2025-08-07T15:36:00+00:00
[2025-08-07 15:38:52,355] {python.py:173} INFO - Done. Returned value was: None
[2025-08-07 15:38:52,377] {taskinstance.py:1400} INFO - Marking task as SUCCESS. dag_id=example_sla_dag, task_id=sleep_30, execution_date=20250807T153600, start_date=20250807T153821, end_date=20250807T153852
[2025-08-07 15:38:52,410] {local_task_job.py:156} INFO - Task exited with return code 0
[2025-08-07 15:38:52,457] {local_task_job.py:273} INFO - 0 downstream tasks scheduled from follow-on schedule check
