[2025-08-08 09:32:22,466] {taskinstance.py:1159} INFO - Dependencies all met for <TaskInstance: example_sla_dag.sleep_30 scheduled__2025-08-08T09:30:00+00:00 [queued]>
[2025-08-08 09:32:22,477] {taskinstance.py:1159} INFO - Dependencies all met for <TaskInstance: example_sla_dag.sleep_30 scheduled__2025-08-08T09:30:00+00:00 [queued]>
[2025-08-08 09:32:22,477] {taskinstance.py:1356} INFO - 
--------------------------------------------------------------------------------
[2025-08-08 09:32:22,477] {taskinstance.py:1357} INFO - Starting attempt 1 of 1
[2025-08-08 09:32:22,477] {taskinstance.py:1358} INFO - 
--------------------------------------------------------------------------------
[2025-08-08 09:32:22,496] {taskinstance.py:1377} INFO - Executing <Task(_PythonDecoratedOperator): sleep_30> on 2025-08-08 09:30:00+00:00
[2025-08-08 09:32:22,500] {standard_task_runner.py:52} INFO - Started process 19417 to run task
[2025-08-08 09:32:22,504] {standard_task_runner.py:79} INFO - Running: ['***', 'tasks', 'run', 'example_sla_dag', 'sleep_30', 'scheduled__2025-08-08T09:30:00+00:00', '--job-id', '246', '--raw', '--subdir', '/home/***/.local/lib/python3.7/site-packages/***/example_dags/example_sla_dag.py', '--cfg-path', '/tmp/tmpumf_2jez', '--error-file', '/tmp/tmpp_mah3ag']
[2025-08-08 09:32:22,506] {standard_task_runner.py:80} INFO - Job 246: Subtask sleep_30
[2025-08-08 09:32:22,580] {task_command.py:369} INFO - Running <TaskInstance: example_sla_dag.sleep_30 scheduled__2025-08-08T09:30:00+00:00 [running]> on host abdeb7f02efc
[2025-08-08 09:32:22,739] {taskinstance.py:1571} INFO - Exporting the following env vars:
AIRFLOW_CTX_DAG_EMAIL=email@example.com
AIRFLOW_CTX_DAG_OWNER=***
AIRFLOW_CTX_DAG_ID=example_sla_dag
AIRFLOW_CTX_TASK_ID=sleep_30
AIRFLOW_CTX_EXECUTION_DATE=2025-08-08T09:30:00+00:00
AIRFLOW_CTX_TRY_NUMBER=1
AIRFLOW_CTX_DAG_RUN_ID=scheduled__2025-08-08T09:30:00+00:00
[2025-08-08 09:32:52,770] {python.py:173} INFO - Done. Returned value was: None
[2025-08-08 09:32:52,793] {taskinstance.py:1400} INFO - Marking task as SUCCESS. dag_id=example_sla_dag, task_id=sleep_30, execution_date=20250808T093000, start_date=20250808T093222, end_date=20250808T093252
[2025-08-08 09:32:52,829] {local_task_job.py:156} INFO - Task exited with return code 0
[2025-08-08 09:32:52,866] {local_task_job.py:273} INFO - 0 downstream tasks scheduled from follow-on schedule check
