[2025-08-07 16:24:23,166] {taskinstance.py:1159} INFO - Dependencies all met for <TaskInstance: example_sla_dag.sleep_30 scheduled__2025-08-07T16:22:00+00:00 [queued]>
[2025-08-07 16:24:23,179] {taskinstance.py:1159} INFO - Dependencies all met for <TaskInstance: example_sla_dag.sleep_30 scheduled__2025-08-07T16:22:00+00:00 [queued]>
[2025-08-07 16:24:23,179] {taskinstance.py:1356} INFO - 
--------------------------------------------------------------------------------
[2025-08-07 16:24:23,179] {taskinstance.py:1357} INFO - Starting attempt 1 of 1
[2025-08-07 16:24:23,180] {taskinstance.py:1358} INFO - 
--------------------------------------------------------------------------------
[2025-08-07 16:24:23,199] {taskinstance.py:1377} INFO - Executing <Task(_PythonDecoratedOperator): sleep_30> on 2025-08-07 16:22:00+00:00
[2025-08-07 16:24:23,205] {standard_task_runner.py:52} INFO - Started process 135260 to run task
[2025-08-07 16:24:23,209] {standard_task_runner.py:79} INFO - Running: ['***', 'tasks', 'run', 'example_sla_dag', 'sleep_30', 'scheduled__2025-08-07T16:22:00+00:00', '--job-id', '1671', '--raw', '--subdir', '/home/***/.local/lib/python3.7/site-packages/***/example_dags/example_sla_dag.py', '--cfg-path', '/tmp/tmps8rgf0d0', '--error-file', '/tmp/tmp4pii4f20']
[2025-08-07 16:24:23,210] {standard_task_runner.py:80} INFO - Job 1671: Subtask sleep_30
[2025-08-07 16:24:23,295] {task_command.py:369} INFO - Running <TaskInstance: example_sla_dag.sleep_30 scheduled__2025-08-07T16:22:00+00:00 [running]> on host b810b38b6a38
[2025-08-07 16:24:23,549] {taskinstance.py:1571} INFO - Exporting the following env vars:
AIRFLOW_CTX_DAG_EMAIL=email@example.com
AIRFLOW_CTX_DAG_OWNER=***
AIRFLOW_CTX_DAG_ID=example_sla_dag
AIRFLOW_CTX_TASK_ID=sleep_30
AIRFLOW_CTX_EXECUTION_DATE=2025-08-07T16:22:00+00:00
AIRFLOW_CTX_TRY_NUMBER=1
AIRFLOW_CTX_DAG_RUN_ID=scheduled__2025-08-07T16:22:00+00:00
[2025-08-07 16:24:53,580] {python.py:173} INFO - Done. Returned value was: None
[2025-08-07 16:24:53,604] {taskinstance.py:1400} INFO - Marking task as SUCCESS. dag_id=example_sla_dag, task_id=sleep_30, execution_date=20250807T162200, start_date=20250807T162423, end_date=20250807T162453
[2025-08-07 16:24:53,636] {local_task_job.py:156} INFO - Task exited with return code 0
[2025-08-07 16:24:53,677] {local_task_job.py:273} INFO - 0 downstream tasks scheduled from follow-on schedule check
