[2025-08-07 09:20:01,232] {taskinstance.py:1159} INFO - Dependencies all met for <TaskInstance: example_sla_dag.sleep_20 scheduled__2025-08-07T09:18:00+00:00 [queued]>
[2025-08-07 09:20:01,245] {taskinstance.py:1159} INFO - Dependencies all met for <TaskInstance: example_sla_dag.sleep_20 scheduled__2025-08-07T09:18:00+00:00 [queued]>
[2025-08-07 09:20:01,245] {taskinstance.py:1356} INFO - 
--------------------------------------------------------------------------------
[2025-08-07 09:20:01,245] {taskinstance.py:1357} INFO - Starting attempt 1 of 1
[2025-08-07 09:20:01,245] {taskinstance.py:1358} INFO - 
--------------------------------------------------------------------------------
[2025-08-07 09:20:01,262] {taskinstance.py:1377} INFO - Executing <Task(_PythonDecoratedOperator): sleep_20> on 2025-08-07 09:18:00+00:00
[2025-08-07 09:20:01,270] {standard_task_runner.py:52} INFO - Started process 51880 to run task
[2025-08-07 09:20:01,276] {standard_task_runner.py:79} INFO - Running: ['***', 'tasks', 'run', 'example_sla_dag', 'sleep_20', 'scheduled__2025-08-07T09:18:00+00:00', '--job-id', '608', '--raw', '--subdir', '/home/***/.local/lib/python3.7/site-packages/***/example_dags/example_sla_dag.py', '--cfg-path', '/tmp/tmpguq4srcp', '--error-file', '/tmp/tmppraxsfr4']
[2025-08-07 09:20:01,279] {standard_task_runner.py:80} INFO - Job 608: Subtask sleep_20
[2025-08-07 09:20:01,353] {task_command.py:369} INFO - Running <TaskInstance: example_sla_dag.sleep_20 scheduled__2025-08-07T09:18:00+00:00 [running]> on host 92a46ac2453f
[2025-08-07 09:20:01,581] {taskinstance.py:1571} INFO - Exporting the following env vars:
AIRFLOW_CTX_DAG_EMAIL=email@example.com
AIRFLOW_CTX_DAG_OWNER=***
AIRFLOW_CTX_DAG_ID=example_sla_dag
AIRFLOW_CTX_TASK_ID=sleep_20
AIRFLOW_CTX_EXECUTION_DATE=2025-08-07T09:18:00+00:00
AIRFLOW_CTX_TRY_NUMBER=1
AIRFLOW_CTX_DAG_RUN_ID=scheduled__2025-08-07T09:18:00+00:00
[2025-08-07 09:20:21,602] {python.py:173} INFO - Done. Returned value was: None
[2025-08-07 09:20:21,629] {taskinstance.py:1400} INFO - Marking task as SUCCESS. dag_id=example_sla_dag, task_id=sleep_20, execution_date=20250807T091800, start_date=20250807T092001, end_date=20250807T092021
[2025-08-07 09:20:21,695] {local_task_job.py:156} INFO - Task exited with return code 0
[2025-08-07 09:20:21,747] {local_task_job.py:273} INFO - 1 downstream tasks scheduled from follow-on schedule check
