[2025-08-08 08:32:51,329] {taskinstance.py:1159} INFO - Dependencies all met for <TaskInstance: example_bash_operator.runme_0 scheduled__2025-08-07T00:00:00+00:00 [queued]>
[2025-08-08 08:32:51,465] {taskinstance.py:1159} INFO - Dependencies all met for <TaskInstance: example_bash_operator.runme_0 scheduled__2025-08-07T00:00:00+00:00 [queued]>
[2025-08-08 08:32:51,468] {taskinstance.py:1356} INFO - 
--------------------------------------------------------------------------------
[2025-08-08 08:32:51,468] {taskinstance.py:1357} INFO - Starting attempt 1 of 1
[2025-08-08 08:32:51,468] {taskinstance.py:1358} INFO - 
--------------------------------------------------------------------------------
[2025-08-08 08:32:51,633] {taskinstance.py:1377} INFO - Executing <Task(BashOperator): runme_0> on 2025-08-07 00:00:00+00:00
[2025-08-08 08:32:51,719] {standard_task_runner.py:52} INFO - Started process 8215 to run task
[2025-08-08 08:32:51,794] {standard_task_runner.py:79} INFO - Running: ['***', 'tasks', 'run', 'example_bash_operator', 'runme_0', 'scheduled__2025-08-07T00:00:00+00:00', '--job-id', '697', '--raw', '--subdir', '/home/***/.local/lib/python3.7/site-packages/***/example_dags/example_bash_operator.py', '--cfg-path', '/tmp/tmpza9514i4', '--error-file', '/tmp/tmpt2w0jjsk']
[2025-08-08 08:32:51,827] {standard_task_runner.py:80} INFO - Job 697: Subtask runme_0
[2025-08-08 08:32:53,052] {task_command.py:369} INFO - Running <TaskInstance: example_bash_operator.runme_0 scheduled__2025-08-07T00:00:00+00:00 [running]> on host 98bad2c91b1f
[2025-08-08 08:32:56,095] {taskinstance.py:1571} INFO - Exporting the following env vars:
AIRFLOW_CTX_DAG_OWNER=***
AIRFLOW_CTX_DAG_ID=example_bash_operator
AIRFLOW_CTX_TASK_ID=runme_0
AIRFLOW_CTX_EXECUTION_DATE=2025-08-07T00:00:00+00:00
AIRFLOW_CTX_TRY_NUMBER=1
AIRFLOW_CTX_DAG_RUN_ID=scheduled__2025-08-07T00:00:00+00:00
[2025-08-08 08:32:56,104] {subprocess.py:62} INFO - Tmp dir root location: 
 /tmp
[2025-08-08 08:32:56,128] {subprocess.py:74} INFO - Running command: ['bash', '-c', 'echo "example_bash_operator__runme_0__20250807" && sleep 1']
[2025-08-08 08:32:56,429] {subprocess.py:85} INFO - Output:
[2025-08-08 08:32:56,485] {subprocess.py:92} INFO - example_bash_operator__runme_0__20250807
[2025-08-08 08:32:57,533] {subprocess.py:96} INFO - Command exited with return code 0
[2025-08-08 08:32:58,349] {taskinstance.py:1400} INFO - Marking task as SUCCESS. dag_id=example_bash_operator, task_id=runme_0, execution_date=20250807T000000, start_date=20250808T083251, end_date=20250808T083258
[2025-08-08 08:32:58,461] {local_task_job.py:156} INFO - Task exited with return code 0
[2025-08-08 08:32:58,750] {local_task_job.py:273} INFO - 1 downstream tasks scheduled from follow-on schedule check
[2025-08-08 08:55:15,366] {taskinstance.py:1159} INFO - Dependencies all met for <TaskInstance: example_bash_operator.runme_0 scheduled__2025-08-07T00:00:00+00:00 [queued]>
[2025-08-08 08:55:15,393] {taskinstance.py:1159} INFO - Dependencies all met for <TaskInstance: example_bash_operator.runme_0 scheduled__2025-08-07T00:00:00+00:00 [queued]>
[2025-08-08 08:55:15,393] {taskinstance.py:1356} INFO - 
--------------------------------------------------------------------------------
[2025-08-08 08:55:15,394] {taskinstance.py:1357} INFO - Starting attempt 1 of 1
[2025-08-08 08:55:15,394] {taskinstance.py:1358} INFO - 
--------------------------------------------------------------------------------
[2025-08-08 08:55:15,435] {taskinstance.py:1377} INFO - Executing <Task(BashOperator): runme_0> on 2025-08-07 00:00:00+00:00
[2025-08-08 08:55:15,449] {standard_task_runner.py:52} INFO - Started process 511 to run task
[2025-08-08 08:55:15,465] {standard_task_runner.py:79} INFO - Running: ['***', 'tasks', 'run', 'example_bash_operator', 'runme_0', 'scheduled__2025-08-07T00:00:00+00:00', '--job-id', '44', '--raw', '--subdir', '/home/***/.local/lib/python3.7/site-packages/***/example_dags/example_bash_operator.py', '--cfg-path', '/tmp/tmpzabacfmp', '--error-file', '/tmp/tmpuxegya0l']
[2025-08-08 08:55:15,469] {standard_task_runner.py:80} INFO - Job 44: Subtask runme_0
[2025-08-08 08:55:15,748] {task_command.py:369} INFO - Running <TaskInstance: example_bash_operator.runme_0 scheduled__2025-08-07T00:00:00+00:00 [running]> on host abdeb7f02efc
[2025-08-08 08:55:16,378] {taskinstance.py:1571} INFO - Exporting the following env vars:
AIRFLOW_CTX_DAG_OWNER=***
AIRFLOW_CTX_DAG_ID=example_bash_operator
AIRFLOW_CTX_TASK_ID=runme_0
AIRFLOW_CTX_EXECUTION_DATE=2025-08-07T00:00:00+00:00
AIRFLOW_CTX_TRY_NUMBER=1
AIRFLOW_CTX_DAG_RUN_ID=scheduled__2025-08-07T00:00:00+00:00
[2025-08-08 08:55:16,381] {subprocess.py:62} INFO - Tmp dir root location: 
 /tmp
[2025-08-08 08:55:16,382] {subprocess.py:74} INFO - Running command: ['bash', '-c', 'echo "example_bash_operator__runme_0__20250807" && sleep 1']
[2025-08-08 08:55:16,411] {subprocess.py:85} INFO - Output:
[2025-08-08 08:55:16,418] {subprocess.py:92} INFO - example_bash_operator__runme_0__20250807
[2025-08-08 08:55:17,451] {subprocess.py:96} INFO - Command exited with return code 0
[2025-08-08 08:55:17,685] {taskinstance.py:1400} INFO - Marking task as SUCCESS. dag_id=example_bash_operator, task_id=runme_0, execution_date=20250807T000000, start_date=20250808T085515, end_date=20250808T085517
[2025-08-08 08:55:17,782] {local_task_job.py:156} INFO - Task exited with return code 0
[2025-08-08 08:55:17,993] {local_task_job.py:273} INFO - 0 downstream tasks scheduled from follow-on schedule check
