[2025-08-07 03:40:05,985] {taskinstance.py:1159} INFO - Dependencies all met for <TaskInstance: example_task_group_decorator.task_group_function__1.task_2 scheduled__2025-08-06T03:39:58.672996+00:00 [queued]>
[2025-08-07 03:40:06,007] {taskinstance.py:1159} INFO - Dependencies all met for <TaskInstance: example_task_group_decorator.task_group_function__1.task_2 scheduled__2025-08-06T03:39:58.672996+00:00 [queued]>
[2025-08-07 03:40:06,008] {taskinstance.py:1356} INFO - 
--------------------------------------------------------------------------------
[2025-08-07 03:40:06,009] {taskinstance.py:1357} INFO - Starting attempt 1 of 1
[2025-08-07 03:40:06,010] {taskinstance.py:1358} INFO - 
--------------------------------------------------------------------------------
[2025-08-07 03:40:06,076] {taskinstance.py:1377} INFO - Executing <Task(_PythonDecoratedOperator): task_group_function__1.task_2> on 2025-08-06 03:39:58.672996+00:00
[2025-08-07 03:40:06,085] {standard_task_runner.py:52} INFO - Started process 538 to run task
[2025-08-07 03:40:06,091] {standard_task_runner.py:79} INFO - Running: ['***', 'tasks', 'run', 'example_task_group_decorator', 'task_group_function__1.task_2', 'scheduled__2025-08-06T03:39:58.672996+00:00', '--job-id', '51', '--raw', '--subdir', '/home/***/.local/lib/python3.7/site-packages/***/example_dags/example_task_group_decorator.py', '--cfg-path', '/tmp/tmpffr5gut4', '--error-file', '/tmp/tmply0c07se']
[2025-08-07 03:40:06,093] {standard_task_runner.py:80} INFO - Job 51: Subtask task_group_function__1.task_2
[2025-08-07 03:40:06,295] {task_command.py:369} INFO - Running <TaskInstance: example_task_group_decorator.task_group_function__1.task_2 scheduled__2025-08-06T03:39:58.672996+00:00 [running]> on host 92a46ac2453f
[2025-08-07 03:40:06,812] {taskinstance.py:1571} INFO - Exporting the following env vars:
AIRFLOW_CTX_DAG_OWNER=***
AIRFLOW_CTX_DAG_ID=example_task_group_decorator
AIRFLOW_CTX_TASK_ID=task_group_function__1.task_2
AIRFLOW_CTX_EXECUTION_DATE=2025-08-06T03:39:58.672996+00:00
AIRFLOW_CTX_TRY_NUMBER=1
AIRFLOW_CTX_DAG_RUN_ID=scheduled__2025-08-06T03:39:58.672996+00:00
[2025-08-07 03:40:06,814] {python.py:173} INFO - Done. Returned value was: [ Task2 [ Task1 1 ] ]
[2025-08-07 03:40:06,939] {taskinstance.py:1400} INFO - Marking task as SUCCESS. dag_id=example_task_group_decorator, task_id=task_group_function__1.task_2, execution_date=20250806T033958, start_date=20250807T034005, end_date=20250807T034006
[2025-08-07 03:40:06,993] {local_task_job.py:156} INFO - Task exited with return code 0
[2025-08-07 03:40:07,114] {local_task_job.py:273} INFO - 1 downstream tasks scheduled from follow-on schedule check
