[2025-08-07 03:39:54,682] {taskinstance.py:1159} INFO - Dependencies all met for <TaskInstance: latest_only_with_trigger.latest_only scheduled__2025-08-06T23:39:53.341453+00:00 [queued]>
[2025-08-07 03:39:54,704] {taskinstance.py:1159} INFO - Dependencies all met for <TaskInstance: latest_only_with_trigger.latest_only scheduled__2025-08-06T23:39:53.341453+00:00 [queued]>
[2025-08-07 03:39:54,705] {taskinstance.py:1356} INFO - 
--------------------------------------------------------------------------------
[2025-08-07 03:39:54,705] {taskinstance.py:1357} INFO - Starting attempt 1 of 1
[2025-08-07 03:39:54,705] {taskinstance.py:1358} INFO - 
--------------------------------------------------------------------------------
[2025-08-07 03:39:54,741] {taskinstance.py:1377} INFO - Executing <Task(LatestOnlyOperator): latest_only> on 2025-08-06 23:39:53.341453+00:00
[2025-08-07 03:39:54,756] {standard_task_runner.py:52} INFO - Started process 243 to run task
[2025-08-07 03:39:54,766] {standard_task_runner.py:79} INFO - Running: ['***', 'tasks', 'run', 'latest_only_with_trigger', 'latest_only', 'scheduled__2025-08-06T23:39:53.341453+00:00', '--job-id', '2', '--raw', '--subdir', '/home/***/.local/lib/python3.7/site-packages/***/example_dags/example_latest_only_with_trigger.py', '--cfg-path', '/tmp/tmpxanckk99', '--error-file', '/tmp/tmp6_8f5bog']
[2025-08-07 03:39:54,769] {standard_task_runner.py:80} INFO - Job 2: Subtask latest_only
[2025-08-07 03:39:54,866] {task_command.py:369} INFO - Running <TaskInstance: latest_only_with_trigger.latest_only scheduled__2025-08-06T23:39:53.341453+00:00 [running]> on host 92a46ac2453f
[2025-08-07 03:39:55,167] {taskinstance.py:1571} INFO - Exporting the following env vars:
AIRFLOW_CTX_DAG_OWNER=***
AIRFLOW_CTX_DAG_ID=latest_only_with_trigger
AIRFLOW_CTX_TASK_ID=latest_only
AIRFLOW_CTX_EXECUTION_DATE=2025-08-06T23:39:53.341453+00:00
AIRFLOW_CTX_TRY_NUMBER=1
AIRFLOW_CTX_DAG_RUN_ID=scheduled__2025-08-06T23:39:53.341453+00:00
[2025-08-07 03:39:55,168] {latest_only.py:68} INFO - Checking latest only with left_window: 2025-08-07T03:39:53.341453+00:00 right_window: 2025-08-07T07:39:53.341453+00:00 now: 2025-08-07T03:39:55.168905+00:00
[2025-08-07 03:39:55,169] {latest_only.py:77} INFO - Latest, allowing execution to proceed.
[2025-08-07 03:39:55,169] {skipmixin.py:140} INFO - Following branch ['task1']
[2025-08-07 03:39:55,170] {skipmixin.py:175} INFO - Skipping tasks []
[2025-08-07 03:39:55,244] {taskinstance.py:1400} INFO - Marking task as SUCCESS. dag_id=latest_only_with_trigger, task_id=latest_only, execution_date=20250806T233953, start_date=20250807T033954, end_date=20250807T033955
[2025-08-07 03:39:55,301] {local_task_job.py:156} INFO - Task exited with return code 0
[2025-08-07 03:39:55,381] {local_task_job.py:273} INFO - 1 downstream tasks scheduled from follow-on schedule check
