[2025-08-07 03:40:00,791] {taskinstance.py:1159} INFO - Dependencies all met for <TaskInstance: example_short_circuit_operator.short_circuit scheduled__2025-08-06T03:39:58.695714+00:00 [queued]>
[2025-08-07 03:40:00,810] {taskinstance.py:1159} INFO - Dependencies all met for <TaskInstance: example_short_circuit_operator.short_circuit scheduled__2025-08-06T03:39:58.695714+00:00 [queued]>
[2025-08-07 03:40:00,811] {taskinstance.py:1356} INFO - 
--------------------------------------------------------------------------------
[2025-08-07 03:40:00,811] {taskinstance.py:1357} INFO - Starting attempt 1 of 1
[2025-08-07 03:40:00,811] {taskinstance.py:1358} INFO - 
--------------------------------------------------------------------------------
[2025-08-07 03:40:00,841] {taskinstance.py:1377} INFO - Executing <Task(ShortCircuitOperator): short_circuit> on 2025-08-06 03:39:58.695714+00:00
[2025-08-07 03:40:00,857] {standard_task_runner.py:52} INFO - Started process 437 to run task
[2025-08-07 03:40:00,865] {standard_task_runner.py:79} INFO - Running: ['***', 'tasks', 'run', 'example_short_circuit_operator', 'short_circuit', 'scheduled__2025-08-06T03:39:58.695714+00:00', '--job-id', '27', '--raw', '--subdir', '/home/***/.local/lib/python3.7/site-packages/***/example_dags/example_short_circuit_operator.py', '--cfg-path', '/tmp/tmp20r5h3_0', '--error-file', '/tmp/tmpmzk4y9mv']
[2025-08-07 03:40:00,867] {standard_task_runner.py:80} INFO - Job 27: Subtask short_circuit
[2025-08-07 03:40:01,029] {task_command.py:369} INFO - Running <TaskInstance: example_short_circuit_operator.short_circuit scheduled__2025-08-06T03:39:58.695714+00:00 [running]> on host 92a46ac2453f
[2025-08-07 03:40:01,752] {taskinstance.py:1571} INFO - Exporting the following env vars:
AIRFLOW_CTX_DAG_OWNER=***
AIRFLOW_CTX_DAG_ID=example_short_circuit_operator
AIRFLOW_CTX_TASK_ID=short_circuit
AIRFLOW_CTX_EXECUTION_DATE=2025-08-06T03:39:58.695714+00:00
AIRFLOW_CTX_TRY_NUMBER=1
AIRFLOW_CTX_DAG_RUN_ID=scheduled__2025-08-06T03:39:58.695714+00:00
[2025-08-07 03:40:01,753] {python.py:173} INFO - Done. Returned value was: False
[2025-08-07 03:40:01,753] {python.py:259} INFO - Condition result is False
[2025-08-07 03:40:01,754] {python.py:276} INFO - Skipping downstream tasks while respecting trigger rules...
[2025-08-07 03:40:01,818] {python.py:281} INFO - Done.
[2025-08-07 03:40:01,847] {taskinstance.py:1400} INFO - Marking task as SUCCESS. dag_id=example_short_circuit_operator, task_id=short_circuit, execution_date=20250806T033958, start_date=20250807T034000, end_date=20250807T034001
[2025-08-07 03:40:01,931] {local_task_job.py:156} INFO - Task exited with return code 0
[2025-08-07 03:40:02,025] {local_task_job.py:273} INFO - 0 downstream tasks scheduled from follow-on schedule check
