[2025-08-07 11:11:53,041] {taskinstance.py:1159} INFO - Dependencies all met for <TaskInstance: example_task_group_decorator.task_group_function.task_1 scheduled__2025-08-06T11:11:47.636016+00:00 [queued]>
[2025-08-07 11:11:53,071] {taskinstance.py:1159} INFO - Dependencies all met for <TaskInstance: example_task_group_decorator.task_group_function.task_1 scheduled__2025-08-06T11:11:47.636016+00:00 [queued]>
[2025-08-07 11:11:53,072] {taskinstance.py:1356} INFO - 
--------------------------------------------------------------------------------
[2025-08-07 11:11:53,072] {taskinstance.py:1357} INFO - Starting attempt 1 of 1
[2025-08-07 11:11:53,073] {taskinstance.py:1358} INFO - 
--------------------------------------------------------------------------------
[2025-08-07 11:11:53,137] {taskinstance.py:1377} INFO - Executing <Task(_PythonDecoratedOperator): task_group_function.task_1> on 2025-08-06 11:11:47.636016+00:00
[2025-08-07 11:11:53,155] {standard_task_runner.py:52} INFO - Started process 523 to run task
[2025-08-07 11:11:53,166] {standard_task_runner.py:79} INFO - Running: ['***', 'tasks', 'run', 'example_task_group_decorator', 'task_group_function.task_1', 'scheduled__2025-08-06T11:11:47.636016+00:00', '--job-id', '38', '--raw', '--subdir', '/home/***/.local/lib/python3.7/site-packages/***/example_dags/example_task_group_decorator.py', '--cfg-path', '/tmp/tmpxrzurodm', '--error-file', '/tmp/tmp552talg0']
[2025-08-07 11:11:53,168] {standard_task_runner.py:80} INFO - Job 38: Subtask task_group_function.task_1
[2025-08-07 11:11:53,284] {task_command.py:369} INFO - Running <TaskInstance: example_task_group_decorator.task_group_function.task_1 scheduled__2025-08-06T11:11:47.636016+00:00 [running]> on host b22dcc1493a4
[2025-08-07 11:11:53,742] {taskinstance.py:1571} INFO - Exporting the following env vars:
AIRFLOW_CTX_DAG_OWNER=***
AIRFLOW_CTX_DAG_ID=example_task_group_decorator
AIRFLOW_CTX_TASK_ID=task_group_function.task_1
AIRFLOW_CTX_EXECUTION_DATE=2025-08-06T11:11:47.636016+00:00
AIRFLOW_CTX_TRY_NUMBER=1
AIRFLOW_CTX_DAG_RUN_ID=scheduled__2025-08-06T11:11:47.636016+00:00
[2025-08-07 11:11:53,748] {python.py:173} INFO - Done. Returned value was: [ Task1 0 ]
[2025-08-07 11:11:53,836] {taskinstance.py:1400} INFO - Marking task as SUCCESS. dag_id=example_task_group_decorator, task_id=task_group_function.task_1, execution_date=20250806T111147, start_date=20250807T111153, end_date=20250807T111153
[2025-08-07 11:11:53,914] {local_task_job.py:156} INFO - Task exited with return code 0
[2025-08-07 11:11:54,039] {local_task_job.py:273} INFO - 1 downstream tasks scheduled from follow-on schedule check
