[2025-08-07 11:11:44,010] {taskinstance.py:1159} INFO - Dependencies all met for <TaskInstance: example_branch_dop_operator_v3.condition scheduled__2025-08-07T11:10:00+00:00 [queued]>
[2025-08-07 11:11:44,041] {taskinstance.py:1159} INFO - Dependencies all met for <TaskInstance: example_branch_dop_operator_v3.condition scheduled__2025-08-07T11:10:00+00:00 [queued]>
[2025-08-07 11:11:44,041] {taskinstance.py:1356} INFO - 
--------------------------------------------------------------------------------
[2025-08-07 11:11:44,042] {taskinstance.py:1357} INFO - Starting attempt 1 of 1
[2025-08-07 11:11:44,042] {taskinstance.py:1358} INFO - 
--------------------------------------------------------------------------------
[2025-08-07 11:11:44,097] {taskinstance.py:1377} INFO - Executing <Task(BranchPythonOperator): condition> on 2025-08-07 11:10:00+00:00
[2025-08-07 11:11:44,115] {standard_task_runner.py:52} INFO - Started process 297 to run task
[2025-08-07 11:11:44,124] {standard_task_runner.py:79} INFO - Running: ['***', 'tasks', 'run', 'example_branch_dop_operator_v3', 'condition', 'scheduled__2025-08-07T11:10:00+00:00', '--job-id', '6', '--raw', '--subdir', '/home/***/.local/lib/python3.7/site-packages/***/example_dags/example_branch_python_dop_operator_3.py', '--cfg-path', '/tmp/tmpdubgsife', '--error-file', '/tmp/tmp1_vh0w5u']
[2025-08-07 11:11:44,127] {standard_task_runner.py:80} INFO - Job 6: Subtask condition
[2025-08-07 11:11:44,328] {task_command.py:369} INFO - Running <TaskInstance: example_branch_dop_operator_v3.condition scheduled__2025-08-07T11:10:00+00:00 [running]> on host b22dcc1493a4
[2025-08-07 11:11:44,947] {taskinstance.py:1571} INFO - Exporting the following env vars:
AIRFLOW_CTX_DAG_OWNER=***
AIRFLOW_CTX_DAG_ID=example_branch_dop_operator_v3
AIRFLOW_CTX_TASK_ID=condition
AIRFLOW_CTX_EXECUTION_DATE=2025-08-07T11:10:00+00:00
AIRFLOW_CTX_TRY_NUMBER=1
AIRFLOW_CTX_DAG_RUN_ID=scheduled__2025-08-07T11:10:00+00:00
[2025-08-07 11:11:45,135] {logging_mixin.py:115} WARNING - /home/***/.local/lib/python3.7/site-packages/***/utils/context.py:290 AirflowContextDeprecationWarning: Accessing 'execution_date' from the template is deprecated and will be removed in a future version. Please use 'data_interval_start' or 'logical_date' instead.
[2025-08-07 11:11:45,135] {logging_mixin.py:115} INFO - ------------- exec dttm = 2025-08-07T11:10:00+00:00 and minute = 10
[2025-08-07 11:11:45,136] {python.py:173} INFO - Done. Returned value was: empty_task_1
[2025-08-07 11:11:45,136] {skipmixin.py:140} INFO - Following branch empty_task_1
[2025-08-07 11:11:45,140] {skipmixin.py:175} INFO - Skipping tasks ['empty_task_2']
[2025-08-07 11:11:45,502] {taskinstance.py:1400} INFO - Marking task as SUCCESS. dag_id=example_branch_dop_operator_v3, task_id=condition, execution_date=20250807T111000, start_date=20250807T111144, end_date=20250807T111145
[2025-08-07 11:11:45,611] {local_task_job.py:156} INFO - Task exited with return code 0
[2025-08-07 11:11:45,929] {local_task_job.py:273} INFO - 0 downstream tasks scheduled from follow-on schedule check
