[2025-08-07 03:21:22,473] {taskinstance.py:1159} INFO - Dependencies all met for <TaskInstance: example_bash_operator.run_after_loop scheduled__2025-08-06T00:00:00+00:00 [queued]>
[2025-08-07 03:21:22,503] {taskinstance.py:1159} INFO - Dependencies all met for <TaskInstance: example_bash_operator.run_after_loop scheduled__2025-08-06T00:00:00+00:00 [queued]>
[2025-08-07 03:21:22,504] {taskinstance.py:1356} INFO - 
--------------------------------------------------------------------------------
[2025-08-07 03:21:22,504] {taskinstance.py:1357} INFO - Starting attempt 1 of 1
[2025-08-07 03:21:22,505] {taskinstance.py:1358} INFO - 
--------------------------------------------------------------------------------
[2025-08-07 03:21:22,545] {taskinstance.py:1377} INFO - Executing <Task(BashOperator): run_after_loop> on 2025-08-06 00:00:00+00:00
[2025-08-07 03:21:22,567] {standard_task_runner.py:52} INFO - Started process 521 to run task
[2025-08-07 03:21:22,577] {standard_task_runner.py:79} INFO - Running: ['***', 'tasks', 'run', 'example_bash_operator', 'run_after_loop', 'scheduled__2025-08-06T00:00:00+00:00', '--job-id', '45', '--raw', '--subdir', '/home/***/.local/lib/python3.7/site-packages/***/example_dags/example_bash_operator.py', '--cfg-path', '/tmp/tmpoeijg1wk', '--error-file', '/tmp/tmpm4m5sfct']
[2025-08-07 03:21:22,584] {standard_task_runner.py:80} INFO - Job 45: Subtask run_after_loop
[2025-08-07 03:21:22,748] {task_command.py:369} INFO - Running <TaskInstance: example_bash_operator.run_after_loop scheduled__2025-08-06T00:00:00+00:00 [running]> on host f83ee74b89ef
[2025-08-07 03:21:23,117] {taskinstance.py:1571} INFO - Exporting the following env vars:
AIRFLOW_CTX_DAG_OWNER=***
AIRFLOW_CTX_DAG_ID=example_bash_operator
AIRFLOW_CTX_TASK_ID=run_after_loop
AIRFLOW_CTX_EXECUTION_DATE=2025-08-06T00:00:00+00:00
AIRFLOW_CTX_TRY_NUMBER=1
AIRFLOW_CTX_DAG_RUN_ID=scheduled__2025-08-06T00:00:00+00:00
[2025-08-07 03:21:23,119] {subprocess.py:62} INFO - Tmp dir root location: 
 /tmp
[2025-08-07 03:21:23,120] {subprocess.py:74} INFO - Running command: ['bash', '-c', 'echo 1']
[2025-08-07 03:21:23,149] {subprocess.py:85} INFO - Output:
[2025-08-07 03:21:23,155] {subprocess.py:92} INFO - 1
[2025-08-07 03:21:23,157] {subprocess.py:96} INFO - Command exited with return code 0
[2025-08-07 03:21:23,222] {taskinstance.py:1400} INFO - Marking task as SUCCESS. dag_id=example_bash_operator, task_id=run_after_loop, execution_date=20250806T000000, start_date=20250807T032122, end_date=20250807T032123
[2025-08-07 03:21:23,273] {local_task_job.py:156} INFO - Task exited with return code 0
[2025-08-07 03:21:23,343] {local_task_job.py:273} INFO - 0 downstream tasks scheduled from follow-on schedule check
[2025-08-07 03:30:00,612] {taskinstance.py:1159} INFO - Dependencies all met for <TaskInstance: example_bash_operator.run_after_loop scheduled__2025-08-06T00:00:00+00:00 [queued]>
[2025-08-07 03:30:00,631] {taskinstance.py:1159} INFO - Dependencies all met for <TaskInstance: example_bash_operator.run_after_loop scheduled__2025-08-06T00:00:00+00:00 [queued]>
[2025-08-07 03:30:00,632] {taskinstance.py:1356} INFO - 
--------------------------------------------------------------------------------
[2025-08-07 03:30:00,632] {taskinstance.py:1357} INFO - Starting attempt 1 of 1
[2025-08-07 03:30:00,632] {taskinstance.py:1358} INFO - 
--------------------------------------------------------------------------------
[2025-08-07 03:30:00,666] {taskinstance.py:1377} INFO - Executing <Task(BashOperator): run_after_loop> on 2025-08-06 00:00:00+00:00
[2025-08-07 03:30:00,676] {standard_task_runner.py:52} INFO - Started process 542 to run task
[2025-08-07 03:30:00,680] {standard_task_runner.py:79} INFO - Running: ['***', 'tasks', 'run', 'example_bash_operator', 'run_after_loop', 'scheduled__2025-08-06T00:00:00+00:00', '--job-id', '52', '--raw', '--subdir', '/home/***/.local/lib/python3.7/site-packages/***/example_dags/example_bash_operator.py', '--cfg-path', '/tmp/tmpatygz94v', '--error-file', '/tmp/tmp9zi89okx']
[2025-08-07 03:30:00,681] {standard_task_runner.py:80} INFO - Job 52: Subtask run_after_loop
[2025-08-07 03:30:00,788] {task_command.py:369} INFO - Running <TaskInstance: example_bash_operator.run_after_loop scheduled__2025-08-06T00:00:00+00:00 [running]> on host 47565329e35b
[2025-08-07 03:30:01,236] {taskinstance.py:1571} INFO - Exporting the following env vars:
AIRFLOW_CTX_DAG_OWNER=***
AIRFLOW_CTX_DAG_ID=example_bash_operator
AIRFLOW_CTX_TASK_ID=run_after_loop
AIRFLOW_CTX_EXECUTION_DATE=2025-08-06T00:00:00+00:00
AIRFLOW_CTX_TRY_NUMBER=1
AIRFLOW_CTX_DAG_RUN_ID=scheduled__2025-08-06T00:00:00+00:00
[2025-08-07 03:30:01,239] {subprocess.py:62} INFO - Tmp dir root location: 
 /tmp
[2025-08-07 03:30:01,240] {subprocess.py:74} INFO - Running command: ['bash', '-c', 'echo 1']
[2025-08-07 03:30:01,268] {subprocess.py:85} INFO - Output:
[2025-08-07 03:30:01,274] {subprocess.py:92} INFO - 1
[2025-08-07 03:30:01,275] {subprocess.py:96} INFO - Command exited with return code 0
[2025-08-07 03:30:01,538] {taskinstance.py:1400} INFO - Marking task as SUCCESS. dag_id=example_bash_operator, task_id=run_after_loop, execution_date=20250806T000000, start_date=20250807T033000, end_date=20250807T033001
[2025-08-07 03:30:01,617] {local_task_job.py:156} INFO - Task exited with return code 0
[2025-08-07 03:30:01,821] {local_task_job.py:273} INFO - 0 downstream tasks scheduled from follow-on schedule check
[2025-08-07 03:40:07,655] {taskinstance.py:1159} INFO - Dependencies all met for <TaskInstance: example_bash_operator.run_after_loop scheduled__2025-08-06T00:00:00+00:00 [queued]>
[2025-08-07 03:40:07,683] {taskinstance.py:1159} INFO - Dependencies all met for <TaskInstance: example_bash_operator.run_after_loop scheduled__2025-08-06T00:00:00+00:00 [queued]>
[2025-08-07 03:40:07,684] {taskinstance.py:1356} INFO - 
--------------------------------------------------------------------------------
[2025-08-07 03:40:07,684] {taskinstance.py:1357} INFO - Starting attempt 1 of 1
[2025-08-07 03:40:07,685] {taskinstance.py:1358} INFO - 
--------------------------------------------------------------------------------
[2025-08-07 03:40:07,725] {taskinstance.py:1377} INFO - Executing <Task(BashOperator): run_after_loop> on 2025-08-06 00:00:00+00:00
[2025-08-07 03:40:07,741] {standard_task_runner.py:52} INFO - Started process 559 to run task
[2025-08-07 03:40:07,750] {standard_task_runner.py:79} INFO - Running: ['***', 'tasks', 'run', 'example_bash_operator', 'run_after_loop', 'scheduled__2025-08-06T00:00:00+00:00', '--job-id', '55', '--raw', '--subdir', '/home/***/.local/lib/python3.7/site-packages/***/example_dags/example_bash_operator.py', '--cfg-path', '/tmp/tmp6wgoquwr', '--error-file', '/tmp/tmp37a1tl2x']
[2025-08-07 03:40:07,753] {standard_task_runner.py:80} INFO - Job 55: Subtask run_after_loop
[2025-08-07 03:40:07,884] {task_command.py:369} INFO - Running <TaskInstance: example_bash_operator.run_after_loop scheduled__2025-08-06T00:00:00+00:00 [running]> on host 92a46ac2453f
[2025-08-07 03:40:08,305] {taskinstance.py:1571} INFO - Exporting the following env vars:
AIRFLOW_CTX_DAG_OWNER=***
AIRFLOW_CTX_DAG_ID=example_bash_operator
AIRFLOW_CTX_TASK_ID=run_after_loop
AIRFLOW_CTX_EXECUTION_DATE=2025-08-06T00:00:00+00:00
AIRFLOW_CTX_TRY_NUMBER=1
AIRFLOW_CTX_DAG_RUN_ID=scheduled__2025-08-06T00:00:00+00:00
[2025-08-07 03:40:08,307] {subprocess.py:62} INFO - Tmp dir root location: 
 /tmp
[2025-08-07 03:40:08,308] {subprocess.py:74} INFO - Running command: ['bash', '-c', 'echo 1']
[2025-08-07 03:40:08,334] {subprocess.py:85} INFO - Output:
[2025-08-07 03:40:08,335] {subprocess.py:92} INFO - 1
[2025-08-07 03:40:08,335] {subprocess.py:96} INFO - Command exited with return code 0
[2025-08-07 03:40:08,470] {taskinstance.py:1400} INFO - Marking task as SUCCESS. dag_id=example_bash_operator, task_id=run_after_loop, execution_date=20250806T000000, start_date=20250807T034007, end_date=20250807T034008
[2025-08-07 03:40:08,535] {local_task_job.py:156} INFO - Task exited with return code 0
[2025-08-07 03:40:08,613] {local_task_job.py:273} INFO - 0 downstream tasks scheduled from follow-on schedule check
[2025-08-07 10:40:30,074] {taskinstance.py:1159} INFO - Dependencies all met for <TaskInstance: example_bash_operator.run_after_loop scheduled__2025-08-06T00:00:00+00:00 [queued]>
[2025-08-07 10:40:30,096] {taskinstance.py:1159} INFO - Dependencies all met for <TaskInstance: example_bash_operator.run_after_loop scheduled__2025-08-06T00:00:00+00:00 [queued]>
[2025-08-07 10:40:30,096] {taskinstance.py:1356} INFO - 
--------------------------------------------------------------------------------
[2025-08-07 10:40:30,096] {taskinstance.py:1357} INFO - Starting attempt 1 of 1
[2025-08-07 10:40:30,097] {taskinstance.py:1358} INFO - 
--------------------------------------------------------------------------------
[2025-08-07 10:40:30,128] {taskinstance.py:1377} INFO - Executing <Task(BashOperator): run_after_loop> on 2025-08-06 00:00:00+00:00
[2025-08-07 10:40:30,140] {standard_task_runner.py:52} INFO - Started process 557 to run task
[2025-08-07 10:40:30,144] {standard_task_runner.py:79} INFO - Running: ['***', 'tasks', 'run', 'example_bash_operator', 'run_after_loop', 'scheduled__2025-08-06T00:00:00+00:00', '--job-id', '54', '--raw', '--subdir', '/home/***/.local/lib/python3.7/site-packages/***/example_dags/example_bash_operator.py', '--cfg-path', '/tmp/tmp8qzzgu5a', '--error-file', '/tmp/tmpxf2zfq15']
[2025-08-07 10:40:30,146] {standard_task_runner.py:80} INFO - Job 54: Subtask run_after_loop
[2025-08-07 10:40:30,242] {task_command.py:369} INFO - Running <TaskInstance: example_bash_operator.run_after_loop scheduled__2025-08-06T00:00:00+00:00 [running]> on host 81d3b97a0728
[2025-08-07 10:40:30,678] {taskinstance.py:1571} INFO - Exporting the following env vars:
AIRFLOW_CTX_DAG_OWNER=***
AIRFLOW_CTX_DAG_ID=example_bash_operator
AIRFLOW_CTX_TASK_ID=run_after_loop
AIRFLOW_CTX_EXECUTION_DATE=2025-08-06T00:00:00+00:00
AIRFLOW_CTX_TRY_NUMBER=1
AIRFLOW_CTX_DAG_RUN_ID=scheduled__2025-08-06T00:00:00+00:00
[2025-08-07 10:40:30,680] {subprocess.py:62} INFO - Tmp dir root location: 
 /tmp
[2025-08-07 10:40:30,682] {subprocess.py:74} INFO - Running command: ['bash', '-c', 'echo 1']
[2025-08-07 10:40:30,703] {subprocess.py:85} INFO - Output:
[2025-08-07 10:40:30,705] {subprocess.py:92} INFO - 1
[2025-08-07 10:40:30,705] {subprocess.py:96} INFO - Command exited with return code 0
[2025-08-07 10:40:30,762] {taskinstance.py:1400} INFO - Marking task as SUCCESS. dag_id=example_bash_operator, task_id=run_after_loop, execution_date=20250806T000000, start_date=20250807T104030, end_date=20250807T104030
[2025-08-07 10:40:30,804] {local_task_job.py:156} INFO - Task exited with return code 0
[2025-08-07 10:40:30,850] {local_task_job.py:273} INFO - 0 downstream tasks scheduled from follow-on schedule check
[2025-08-07 11:11:55,064] {taskinstance.py:1159} INFO - Dependencies all met for <TaskInstance: example_bash_operator.run_after_loop scheduled__2025-08-06T00:00:00+00:00 [queued]>
[2025-08-07 11:11:55,088] {taskinstance.py:1159} INFO - Dependencies all met for <TaskInstance: example_bash_operator.run_after_loop scheduled__2025-08-06T00:00:00+00:00 [queued]>
[2025-08-07 11:11:55,089] {taskinstance.py:1356} INFO - 
--------------------------------------------------------------------------------
[2025-08-07 11:11:55,090] {taskinstance.py:1357} INFO - Starting attempt 1 of 1
[2025-08-07 11:11:55,090] {taskinstance.py:1358} INFO - 
--------------------------------------------------------------------------------
[2025-08-07 11:11:55,119] {taskinstance.py:1377} INFO - Executing <Task(BashOperator): run_after_loop> on 2025-08-06 00:00:00+00:00
[2025-08-07 11:11:55,130] {standard_task_runner.py:52} INFO - Started process 550 to run task
[2025-08-07 11:11:55,136] {standard_task_runner.py:79} INFO - Running: ['***', 'tasks', 'run', 'example_bash_operator', 'run_after_loop', 'scheduled__2025-08-06T00:00:00+00:00', '--job-id', '47', '--raw', '--subdir', '/home/***/.local/lib/python3.7/site-packages/***/example_dags/example_bash_operator.py', '--cfg-path', '/tmp/tmph5k8acua', '--error-file', '/tmp/tmp1asi619z']
[2025-08-07 11:11:55,139] {standard_task_runner.py:80} INFO - Job 47: Subtask run_after_loop
[2025-08-07 11:11:55,253] {task_command.py:369} INFO - Running <TaskInstance: example_bash_operator.run_after_loop scheduled__2025-08-06T00:00:00+00:00 [running]> on host b22dcc1493a4
[2025-08-07 11:11:55,695] {taskinstance.py:1571} INFO - Exporting the following env vars:
AIRFLOW_CTX_DAG_OWNER=***
AIRFLOW_CTX_DAG_ID=example_bash_operator
AIRFLOW_CTX_TASK_ID=run_after_loop
AIRFLOW_CTX_EXECUTION_DATE=2025-08-06T00:00:00+00:00
AIRFLOW_CTX_TRY_NUMBER=1
AIRFLOW_CTX_DAG_RUN_ID=scheduled__2025-08-06T00:00:00+00:00
[2025-08-07 11:11:55,699] {subprocess.py:62} INFO - Tmp dir root location: 
 /tmp
[2025-08-07 11:11:55,701] {subprocess.py:74} INFO - Running command: ['bash', '-c', 'echo 1']
[2025-08-07 11:11:55,727] {subprocess.py:85} INFO - Output:
[2025-08-07 11:11:55,728] {subprocess.py:92} INFO - 1
[2025-08-07 11:11:55,729] {subprocess.py:96} INFO - Command exited with return code 0
[2025-08-07 11:11:55,798] {taskinstance.py:1400} INFO - Marking task as SUCCESS. dag_id=example_bash_operator, task_id=run_after_loop, execution_date=20250806T000000, start_date=20250807T111155, end_date=20250807T111155
[2025-08-07 11:11:55,835] {local_task_job.py:156} INFO - Task exited with return code 0
[2025-08-07 11:11:55,919] {local_task_job.py:273} INFO - 0 downstream tasks scheduled from follow-on schedule check
[2025-08-07 20:34:59,355] {taskinstance.py:1159} INFO - Dependencies all met for <TaskInstance: example_bash_operator.run_after_loop scheduled__2025-08-06T00:00:00+00:00 [queued]>
[2025-08-07 20:34:59,385] {taskinstance.py:1159} INFO - Dependencies all met for <TaskInstance: example_bash_operator.run_after_loop scheduled__2025-08-06T00:00:00+00:00 [queued]>
[2025-08-07 20:34:59,386] {taskinstance.py:1356} INFO - 
--------------------------------------------------------------------------------
[2025-08-07 20:34:59,386] {taskinstance.py:1357} INFO - Starting attempt 1 of 1
[2025-08-07 20:34:59,386] {taskinstance.py:1358} INFO - 
--------------------------------------------------------------------------------
[2025-08-07 20:34:59,431] {taskinstance.py:1377} INFO - Executing <Task(BashOperator): run_after_loop> on 2025-08-06 00:00:00+00:00
[2025-08-07 20:34:59,449] {standard_task_runner.py:52} INFO - Started process 668 to run task
[2025-08-07 20:34:59,459] {standard_task_runner.py:79} INFO - Running: ['***', 'tasks', 'run', 'example_bash_operator', 'run_after_loop', 'scheduled__2025-08-06T00:00:00+00:00', '--job-id', '57', '--raw', '--subdir', '/home/***/.local/lib/python3.7/site-packages/***/example_dags/example_bash_operator.py', '--cfg-path', '/tmp/tmpa4vojxaz', '--error-file', '/tmp/tmp8l1dwjlm']
[2025-08-07 20:34:59,462] {standard_task_runner.py:80} INFO - Job 57: Subtask run_after_loop
[2025-08-07 20:34:59,635] {task_command.py:369} INFO - Running <TaskInstance: example_bash_operator.run_after_loop scheduled__2025-08-06T00:00:00+00:00 [running]> on host 034e74559af0
[2025-08-07 20:35:00,386] {taskinstance.py:1571} INFO - Exporting the following env vars:
AIRFLOW_CTX_DAG_OWNER=***
AIRFLOW_CTX_DAG_ID=example_bash_operator
AIRFLOW_CTX_TASK_ID=run_after_loop
AIRFLOW_CTX_EXECUTION_DATE=2025-08-06T00:00:00+00:00
AIRFLOW_CTX_TRY_NUMBER=1
AIRFLOW_CTX_DAG_RUN_ID=scheduled__2025-08-06T00:00:00+00:00
[2025-08-07 20:35:00,393] {subprocess.py:62} INFO - Tmp dir root location: 
 /tmp
[2025-08-07 20:35:00,395] {subprocess.py:74} INFO - Running command: ['bash', '-c', 'echo 1']
[2025-08-07 20:35:00,434] {subprocess.py:85} INFO - Output:
[2025-08-07 20:35:00,440] {subprocess.py:92} INFO - 1
[2025-08-07 20:35:00,441] {subprocess.py:96} INFO - Command exited with return code 0
[2025-08-07 20:35:00,641] {taskinstance.py:1400} INFO - Marking task as SUCCESS. dag_id=example_bash_operator, task_id=run_after_loop, execution_date=20250806T000000, start_date=20250807T203459, end_date=20250807T203500
[2025-08-07 20:35:00,738] {local_task_job.py:156} INFO - Task exited with return code 0
[2025-08-07 20:35:01,062] {local_task_job.py:273} INFO - 0 downstream tasks scheduled from follow-on schedule check
