[2025-08-07 21:47:01,138] {taskinstance.py:1159} INFO - Dependencies all met for <TaskInstance: example_branch_dop_operator_v3.condition scheduled__2025-08-07T21:46:00+00:00 [queued]>
[2025-08-07 21:47:01,164] {taskinstance.py:1159} INFO - Dependencies all met for <TaskInstance: example_branch_dop_operator_v3.condition scheduled__2025-08-07T21:46:00+00:00 [queued]>
[2025-08-07 21:47:01,164] {taskinstance.py:1356} INFO - 
--------------------------------------------------------------------------------
[2025-08-07 21:47:01,165] {taskinstance.py:1357} INFO - Starting attempt 1 of 1
[2025-08-07 21:47:01,165] {taskinstance.py:1358} INFO - 
--------------------------------------------------------------------------------
[2025-08-07 21:47:01,184] {taskinstance.py:1377} INFO - Executing <Task(BranchPythonOperator): condition> on 2025-08-07 21:46:00+00:00
[2025-08-07 21:47:01,193] {standard_task_runner.py:52} INFO - Started process 27920 to run task
[2025-08-07 21:47:01,199] {standard_task_runner.py:79} INFO - Running: ['***', 'tasks', 'run', 'example_branch_dop_operator_v3', 'condition', 'scheduled__2025-08-07T21:46:00+00:00', '--job-id', '423', '--raw', '--subdir', '/home/***/.local/lib/python3.7/site-packages/***/example_dags/example_branch_python_dop_operator_3.py', '--cfg-path', '/tmp/tmp3_k3ym4y', '--error-file', '/tmp/tmp581z4vx9']
[2025-08-07 21:47:01,201] {standard_task_runner.py:80} INFO - Job 423: Subtask condition
[2025-08-07 21:47:01,326] {task_command.py:369} INFO - Running <TaskInstance: example_branch_dop_operator_v3.condition scheduled__2025-08-07T21:46:00+00:00 [running]> on host 4078e16d4836
[2025-08-07 21:47:01,818] {taskinstance.py:1571} INFO - Exporting the following env vars:
AIRFLOW_CTX_DAG_OWNER=***
AIRFLOW_CTX_DAG_ID=example_branch_dop_operator_v3
AIRFLOW_CTX_TASK_ID=condition
AIRFLOW_CTX_EXECUTION_DATE=2025-08-07T21:46:00+00:00
AIRFLOW_CTX_TRY_NUMBER=1
AIRFLOW_CTX_DAG_RUN_ID=scheduled__2025-08-07T21:46:00+00:00
[2025-08-07 21:47:01,833] {logging_mixin.py:115} WARNING - /home/***/.local/lib/python3.7/site-packages/***/utils/context.py:290 AirflowContextDeprecationWarning: Accessing 'execution_date' from the template is deprecated and will be removed in a future version. Please use 'data_interval_start' or 'logical_date' instead.
[2025-08-07 21:47:01,833] {logging_mixin.py:115} INFO - ------------- exec dttm = 2025-08-07T21:46:00+00:00 and minute = 46
[2025-08-07 21:47:01,833] {python.py:173} INFO - Done. Returned value was: empty_task_1
[2025-08-07 21:47:01,833] {skipmixin.py:140} INFO - Following branch empty_task_1
[2025-08-07 21:47:01,834] {skipmixin.py:175} INFO - Skipping tasks ['empty_task_2']
[2025-08-07 21:47:01,972] {taskinstance.py:1400} INFO - Marking task as SUCCESS. dag_id=example_branch_dop_operator_v3, task_id=condition, execution_date=20250807T214600, start_date=20250807T214701, end_date=20250807T214701
[2025-08-07 21:47:02,013] {local_task_job.py:156} INFO - Task exited with return code 0
[2025-08-07 21:47:02,134] {local_task_job.py:273} INFO - 0 downstream tasks scheduled from follow-on schedule check
