[2025-08-07 03:32:01,438] {taskinstance.py:1159} INFO - Dependencies all met for <TaskInstance: example_branch_dop_operator_v3.condition scheduled__2025-08-07T03:31:00+00:00 [queued]>
[2025-08-07 03:32:01,476] {taskinstance.py:1159} INFO - Dependencies all met for <TaskInstance: example_branch_dop_operator_v3.condition scheduled__2025-08-07T03:31:00+00:00 [queued]>
[2025-08-07 03:32:01,476] {taskinstance.py:1356} INFO - 
--------------------------------------------------------------------------------
[2025-08-07 03:32:01,476] {taskinstance.py:1357} INFO - Starting attempt 1 of 1
[2025-08-07 03:32:01,476] {taskinstance.py:1358} INFO - 
--------------------------------------------------------------------------------
[2025-08-07 03:32:01,510] {taskinstance.py:1377} INFO - Executing <Task(BranchPythonOperator): condition> on 2025-08-07 03:31:00+00:00
[2025-08-07 03:32:01,518] {standard_task_runner.py:52} INFO - Started process 1586 to run task
[2025-08-07 03:32:01,523] {standard_task_runner.py:79} INFO - Running: ['***', 'tasks', 'run', 'example_branch_dop_operator_v3', 'condition', 'scheduled__2025-08-07T03:31:00+00:00', '--job-id', '70', '--raw', '--subdir', '/home/***/.local/lib/python3.7/site-packages/***/example_dags/example_branch_python_dop_operator_3.py', '--cfg-path', '/tmp/tmp31jhmcqo', '--error-file', '/tmp/tmpl1cgg97l']
[2025-08-07 03:32:01,524] {standard_task_runner.py:80} INFO - Job 70: Subtask condition
[2025-08-07 03:32:01,656] {task_command.py:369} INFO - Running <TaskInstance: example_branch_dop_operator_v3.condition scheduled__2025-08-07T03:31:00+00:00 [running]> on host 47565329e35b
[2025-08-07 03:32:02,064] {taskinstance.py:1571} INFO - Exporting the following env vars:
AIRFLOW_CTX_DAG_OWNER=***
AIRFLOW_CTX_DAG_ID=example_branch_dop_operator_v3
AIRFLOW_CTX_TASK_ID=condition
AIRFLOW_CTX_EXECUTION_DATE=2025-08-07T03:31:00+00:00
AIRFLOW_CTX_TRY_NUMBER=1
AIRFLOW_CTX_DAG_RUN_ID=scheduled__2025-08-07T03:31:00+00:00
[2025-08-07 03:32:02,082] {logging_mixin.py:115} WARNING - /home/***/.local/lib/python3.7/site-packages/***/utils/context.py:290 AirflowContextDeprecationWarning: Accessing 'execution_date' from the template is deprecated and will be removed in a future version. Please use 'data_interval_start' or 'logical_date' instead.
[2025-08-07 03:32:02,082] {logging_mixin.py:115} INFO - ------------- exec dttm = 2025-08-07T03:31:00+00:00 and minute = 31
[2025-08-07 03:32:02,083] {python.py:173} INFO - Done. Returned value was: empty_task_2
[2025-08-07 03:32:02,083] {skipmixin.py:140} INFO - Following branch empty_task_2
[2025-08-07 03:32:02,084] {skipmixin.py:175} INFO - Skipping tasks ['empty_task_1']
[2025-08-07 03:32:02,207] {taskinstance.py:1400} INFO - Marking task as SUCCESS. dag_id=example_branch_dop_operator_v3, task_id=condition, execution_date=20250807T033100, start_date=20250807T033201, end_date=20250807T033202
[2025-08-07 03:32:02,257] {local_task_job.py:156} INFO - Task exited with return code 0
[2025-08-07 03:32:02,357] {local_task_job.py:273} INFO - 1 downstream tasks scheduled from follow-on schedule check
