[2025-08-07 11:04:21,901] {taskinstance.py:1159} INFO - Dependencies all met for <TaskInstance: send_weather_to_kafka.verify_pipeline scheduled__2025-08-07T11:02:14.997141+00:00 [queued]>
[2025-08-07 11:04:21,922] {taskinstance.py:1159} INFO - Dependencies all met for <TaskInstance: send_weather_to_kafka.verify_pipeline scheduled__2025-08-07T11:02:14.997141+00:00 [queued]>
[2025-08-07 11:04:21,922] {taskinstance.py:1356} INFO - 
--------------------------------------------------------------------------------
[2025-08-07 11:04:21,923] {taskinstance.py:1357} INFO - Starting attempt 1 of 2
[2025-08-07 11:04:21,923] {taskinstance.py:1358} INFO - 
--------------------------------------------------------------------------------
[2025-08-07 11:04:21,948] {taskinstance.py:1377} INFO - Executing <Task(BashOperator): verify_pipeline> on 2025-08-07 11:02:14.997141+00:00
[2025-08-07 11:04:21,954] {standard_task_runner.py:52} INFO - Started process 12691 to run task
[2025-08-07 11:04:21,959] {standard_task_runner.py:79} INFO - Running: ['***', 'tasks', 'run', 'send_weather_to_kafka', 'verify_pipeline', 'scheduled__2025-08-07T11:02:14.997141+00:00', '--job-id', '203', '--raw', '--subdir', 'DAGS_FOLDER/dag_meteo.py', '--cfg-path', '/tmp/tmp7fgkqrs7', '--error-file', '/tmp/tmpur9ru9k1']
[2025-08-07 11:04:21,960] {standard_task_runner.py:80} INFO - Job 203: Subtask verify_pipeline
[2025-08-07 11:04:22,066] {task_command.py:369} INFO - Running <TaskInstance: send_weather_to_kafka.verify_pipeline scheduled__2025-08-07T11:02:14.997141+00:00 [running]> on host 81d3b97a0728
[2025-08-07 11:04:22,379] {taskinstance.py:1571} INFO - Exporting the following env vars:
AIRFLOW_CTX_DAG_OWNER=alla
AIRFLOW_CTX_DAG_ID=send_weather_to_kafka
AIRFLOW_CTX_TASK_ID=verify_pipeline
AIRFLOW_CTX_EXECUTION_DATE=2025-08-07T11:02:14.997141+00:00
AIRFLOW_CTX_TRY_NUMBER=1
AIRFLOW_CTX_DAG_RUN_ID=scheduled__2025-08-07T11:02:14.997141+00:00
[2025-08-07 11:04:22,380] {subprocess.py:62} INFO - Tmp dir root location: 
 /tmp
[2025-08-07 11:04:22,381] {subprocess.py:74} INFO - Running command: ['bash', '-c', '\n            echo " Attente traitement Logstash..." && sleep 30 &&\n            curl -s "http://elasticsearch:9200/_cat/indices/weather*" || echo "Pas encore d\'index weather"\n        ']
[2025-08-07 11:04:22,403] {subprocess.py:85} INFO - Output:
[2025-08-07 11:04:22,406] {subprocess.py:92} INFO -  Attente traitement Logstash...
[2025-08-07 11:04:52,436] {subprocess.py:96} INFO - Command exited with return code 0
[2025-08-07 11:04:52,501] {taskinstance.py:1400} INFO - Marking task as SUCCESS. dag_id=send_weather_to_kafka, task_id=verify_pipeline, execution_date=20250807T110214, start_date=20250807T110421, end_date=20250807T110452
[2025-08-07 11:04:52,569] {local_task_job.py:156} INFO - Task exited with return code 0
[2025-08-07 11:04:52,622] {local_task_job.py:273} INFO - 0 downstream tasks scheduled from follow-on schedule check
