[2025-08-07 20:33:46,632] {taskinstance.py:1159} INFO - Dependencies all met for <TaskInstance: example_short_circuit_operator.condition_is_True scheduled__2025-08-06T20:33:42.976366+00:00 [queued]>
[2025-08-07 20:33:46,681] {taskinstance.py:1159} INFO - Dependencies all met for <TaskInstance: example_short_circuit_operator.condition_is_True scheduled__2025-08-06T20:33:42.976366+00:00 [queued]>
[2025-08-07 20:33:46,682] {taskinstance.py:1356} INFO - 
--------------------------------------------------------------------------------
[2025-08-07 20:33:46,682] {taskinstance.py:1357} INFO - Starting attempt 1 of 1
[2025-08-07 20:33:46,682] {taskinstance.py:1358} INFO - 
--------------------------------------------------------------------------------
[2025-08-07 20:33:46,748] {taskinstance.py:1377} INFO - Executing <Task(ShortCircuitOperator): condition_is_True> on 2025-08-06 20:33:42.976366+00:00
[2025-08-07 20:33:46,782] {standard_task_runner.py:52} INFO - Started process 426 to run task
[2025-08-07 20:33:46,796] {standard_task_runner.py:79} INFO - Running: ['***', 'tasks', 'run', 'example_short_circuit_operator', 'condition_is_True', 'scheduled__2025-08-06T20:33:42.976366+00:00', '--job-id', '26', '--raw', '--subdir', '/home/***/.local/lib/python3.7/site-packages/***/example_dags/example_short_circuit_operator.py', '--cfg-path', '/tmp/tmphgxo8m0v', '--error-file', '/tmp/tmp3ge3h4rn']
[2025-08-07 20:33:46,799] {standard_task_runner.py:80} INFO - Job 26: Subtask condition_is_True
[2025-08-07 20:33:47,022] {task_command.py:369} INFO - Running <TaskInstance: example_short_circuit_operator.condition_is_True scheduled__2025-08-06T20:33:42.976366+00:00 [running]> on host 034e74559af0
[2025-08-07 20:33:47,699] {taskinstance.py:1571} INFO - Exporting the following env vars:
AIRFLOW_CTX_DAG_OWNER=***
AIRFLOW_CTX_DAG_ID=example_short_circuit_operator
AIRFLOW_CTX_TASK_ID=condition_is_True
AIRFLOW_CTX_EXECUTION_DATE=2025-08-06T20:33:42.976366+00:00
AIRFLOW_CTX_TRY_NUMBER=1
AIRFLOW_CTX_DAG_RUN_ID=scheduled__2025-08-06T20:33:42.976366+00:00
[2025-08-07 20:33:47,705] {python.py:173} INFO - Done. Returned value was: True
[2025-08-07 20:33:47,706] {python.py:259} INFO - Condition result is True
[2025-08-07 20:33:47,706] {python.py:262} INFO - Proceeding with downstream tasks...
[2025-08-07 20:33:47,780] {taskinstance.py:1400} INFO - Marking task as SUCCESS. dag_id=example_short_circuit_operator, task_id=condition_is_True, execution_date=20250806T203342, start_date=20250807T203346, end_date=20250807T203347
[2025-08-07 20:33:47,846] {local_task_job.py:156} INFO - Task exited with return code 0
[2025-08-07 20:33:48,172] {local_task_job.py:273} INFO - 0 downstream tasks scheduled from follow-on schedule check
