[2025-08-08 08:32:50,890] {taskinstance.py:1159} INFO - Dependencies all met for <TaskInstance: example_bash_operator.runme_2 scheduled__2025-08-07T00:00:00+00:00 [queued]>
[2025-08-08 08:32:50,964] {taskinstance.py:1159} INFO - Dependencies all met for <TaskInstance: example_bash_operator.runme_2 scheduled__2025-08-07T00:00:00+00:00 [queued]>
[2025-08-08 08:32:50,967] {taskinstance.py:1356} INFO - 
--------------------------------------------------------------------------------
[2025-08-08 08:32:50,968] {taskinstance.py:1357} INFO - Starting attempt 1 of 1
[2025-08-08 08:32:50,968] {taskinstance.py:1358} INFO - 
--------------------------------------------------------------------------------
[2025-08-08 08:32:51,081] {taskinstance.py:1377} INFO - Executing <Task(BashOperator): runme_2> on 2025-08-07 00:00:00+00:00
[2025-08-08 08:32:51,126] {standard_task_runner.py:52} INFO - Started process 8206 to run task
[2025-08-08 08:32:51,139] {standard_task_runner.py:79} INFO - Running: ['***', 'tasks', 'run', 'example_bash_operator', 'runme_2', 'scheduled__2025-08-07T00:00:00+00:00', '--job-id', '692', '--raw', '--subdir', '/home/***/.local/lib/python3.7/site-packages/***/example_dags/example_bash_operator.py', '--cfg-path', '/tmp/tmpei6g3_bs', '--error-file', '/tmp/tmpib6gz_bl']
[2025-08-08 08:32:51,142] {standard_task_runner.py:80} INFO - Job 692: Subtask runme_2
[2025-08-08 08:32:51,373] {task_command.py:369} INFO - Running <TaskInstance: example_bash_operator.runme_2 scheduled__2025-08-07T00:00:00+00:00 [running]> on host 98bad2c91b1f
[2025-08-08 08:32:53,389] {taskinstance.py:1571} INFO - Exporting the following env vars:
AIRFLOW_CTX_DAG_OWNER=***
AIRFLOW_CTX_DAG_ID=example_bash_operator
AIRFLOW_CTX_TASK_ID=runme_2
AIRFLOW_CTX_EXECUTION_DATE=2025-08-07T00:00:00+00:00
AIRFLOW_CTX_TRY_NUMBER=1
AIRFLOW_CTX_DAG_RUN_ID=scheduled__2025-08-07T00:00:00+00:00
[2025-08-08 08:32:53,398] {subprocess.py:62} INFO - Tmp dir root location: 
 /tmp
[2025-08-08 08:32:53,400] {subprocess.py:74} INFO - Running command: ['bash', '-c', 'echo "example_bash_operator__runme_2__20250807" && sleep 1']
[2025-08-08 08:32:53,642] {subprocess.py:85} INFO - Output:
[2025-08-08 08:32:53,643] {subprocess.py:92} INFO - example_bash_operator__runme_2__20250807
[2025-08-08 08:32:54,606] {subprocess.py:96} INFO - Command exited with return code 0
[2025-08-08 08:32:54,976] {taskinstance.py:1400} INFO - Marking task as SUCCESS. dag_id=example_bash_operator, task_id=runme_2, execution_date=20250807T000000, start_date=20250808T083250, end_date=20250808T083254
[2025-08-08 08:32:55,094] {local_task_job.py:156} INFO - Task exited with return code 0
[2025-08-08 08:32:55,938] {local_task_job.py:273} INFO - 0 downstream tasks scheduled from follow-on schedule check
[2025-08-08 08:55:14,724] {taskinstance.py:1159} INFO - Dependencies all met for <TaskInstance: example_bash_operator.runme_2 scheduled__2025-08-07T00:00:00+00:00 [queued]>
[2025-08-08 08:55:14,751] {taskinstance.py:1159} INFO - Dependencies all met for <TaskInstance: example_bash_operator.runme_2 scheduled__2025-08-07T00:00:00+00:00 [queued]>
[2025-08-08 08:55:14,752] {taskinstance.py:1356} INFO - 
--------------------------------------------------------------------------------
[2025-08-08 08:55:14,752] {taskinstance.py:1357} INFO - Starting attempt 1 of 1
[2025-08-08 08:55:14,753] {taskinstance.py:1358} INFO - 
--------------------------------------------------------------------------------
[2025-08-08 08:55:14,792] {taskinstance.py:1377} INFO - Executing <Task(BashOperator): runme_2> on 2025-08-07 00:00:00+00:00
[2025-08-08 08:55:14,808] {standard_task_runner.py:52} INFO - Started process 505 to run task
[2025-08-08 08:55:14,832] {standard_task_runner.py:79} INFO - Running: ['***', 'tasks', 'run', 'example_bash_operator', 'runme_2', 'scheduled__2025-08-07T00:00:00+00:00', '--job-id', '40', '--raw', '--subdir', '/home/***/.local/lib/python3.7/site-packages/***/example_dags/example_bash_operator.py', '--cfg-path', '/tmp/tmpsq7eemt6', '--error-file', '/tmp/tmp4m2ylejj']
[2025-08-08 08:55:14,850] {standard_task_runner.py:80} INFO - Job 40: Subtask runme_2
[2025-08-08 08:55:15,102] {task_command.py:369} INFO - Running <TaskInstance: example_bash_operator.runme_2 scheduled__2025-08-07T00:00:00+00:00 [running]> on host abdeb7f02efc
[2025-08-08 08:55:17,011] {taskinstance.py:1571} INFO - Exporting the following env vars:
AIRFLOW_CTX_DAG_OWNER=***
AIRFLOW_CTX_DAG_ID=example_bash_operator
AIRFLOW_CTX_TASK_ID=runme_2
AIRFLOW_CTX_EXECUTION_DATE=2025-08-07T00:00:00+00:00
AIRFLOW_CTX_TRY_NUMBER=1
AIRFLOW_CTX_DAG_RUN_ID=scheduled__2025-08-07T00:00:00+00:00
[2025-08-08 08:55:17,013] {subprocess.py:62} INFO - Tmp dir root location: 
 /tmp
[2025-08-08 08:55:17,016] {subprocess.py:74} INFO - Running command: ['bash', '-c', 'echo "example_bash_operator__runme_2__20250807" && sleep 1']
[2025-08-08 08:55:17,078] {subprocess.py:85} INFO - Output:
[2025-08-08 08:55:17,092] {subprocess.py:92} INFO - example_bash_operator__runme_2__20250807
[2025-08-08 08:55:18,103] {subprocess.py:96} INFO - Command exited with return code 0
[2025-08-08 08:55:18,289] {taskinstance.py:1400} INFO - Marking task as SUCCESS. dag_id=example_bash_operator, task_id=runme_2, execution_date=20250807T000000, start_date=20250808T085514, end_date=20250808T085518
[2025-08-08 08:55:18,333] {local_task_job.py:156} INFO - Task exited with return code 0
[2025-08-08 08:55:18,548] {local_task_job.py:273} INFO - 1 downstream tasks scheduled from follow-on schedule check
