[2025-08-07 11:11:42,112] {taskinstance.py:1159} INFO - Dependencies all met for <TaskInstance: latest_only_with_trigger.latest_only scheduled__2025-08-07T07:11:40.697328+00:00 [queued]>
[2025-08-07 11:11:42,150] {taskinstance.py:1159} INFO - Dependencies all met for <TaskInstance: latest_only_with_trigger.latest_only scheduled__2025-08-07T07:11:40.697328+00:00 [queued]>
[2025-08-07 11:11:42,152] {taskinstance.py:1356} INFO - 
--------------------------------------------------------------------------------
[2025-08-07 11:11:42,153] {taskinstance.py:1357} INFO - Starting attempt 1 of 1
[2025-08-07 11:11:42,155] {taskinstance.py:1358} INFO - 
--------------------------------------------------------------------------------
[2025-08-07 11:11:42,201] {taskinstance.py:1377} INFO - Executing <Task(LatestOnlyOperator): latest_only> on 2025-08-07 07:11:40.697328+00:00
[2025-08-07 11:11:42,208] {standard_task_runner.py:52} INFO - Started process 247 to run task
[2025-08-07 11:11:42,215] {standard_task_runner.py:79} INFO - Running: ['***', 'tasks', 'run', 'latest_only_with_trigger', 'latest_only', 'scheduled__2025-08-07T07:11:40.697328+00:00', '--job-id', '5', '--raw', '--subdir', '/home/***/.local/lib/python3.7/site-packages/***/example_dags/example_latest_only_with_trigger.py', '--cfg-path', '/tmp/tmp4yplr2iq', '--error-file', '/tmp/tmp2om8nl3b']
[2025-08-07 11:11:42,218] {standard_task_runner.py:80} INFO - Job 5: Subtask latest_only
[2025-08-07 11:11:42,350] {task_command.py:369} INFO - Running <TaskInstance: latest_only_with_trigger.latest_only scheduled__2025-08-07T07:11:40.697328+00:00 [running]> on host b22dcc1493a4
[2025-08-07 11:11:42,906] {taskinstance.py:1571} INFO - Exporting the following env vars:
AIRFLOW_CTX_DAG_OWNER=***
AIRFLOW_CTX_DAG_ID=latest_only_with_trigger
AIRFLOW_CTX_TASK_ID=latest_only
AIRFLOW_CTX_EXECUTION_DATE=2025-08-07T07:11:40.697328+00:00
AIRFLOW_CTX_TRY_NUMBER=1
AIRFLOW_CTX_DAG_RUN_ID=scheduled__2025-08-07T07:11:40.697328+00:00
[2025-08-07 11:11:42,907] {latest_only.py:68} INFO - Checking latest only with left_window: 2025-08-07T11:11:40.697328+00:00 right_window: 2025-08-07T15:11:40.697328+00:00 now: 2025-08-07T11:11:42.907513+00:00
[2025-08-07 11:11:42,907] {latest_only.py:77} INFO - Latest, allowing execution to proceed.
[2025-08-07 11:11:42,907] {skipmixin.py:140} INFO - Following branch ['task1']
[2025-08-07 11:11:42,908] {skipmixin.py:175} INFO - Skipping tasks []
[2025-08-07 11:11:43,167] {taskinstance.py:1400} INFO - Marking task as SUCCESS. dag_id=latest_only_with_trigger, task_id=latest_only, execution_date=20250807T071140, start_date=20250807T111142, end_date=20250807T111143
[2025-08-07 11:11:43,245] {local_task_job.py:156} INFO - Task exited with return code 0
[2025-08-07 11:11:43,381] {local_task_job.py:273} INFO - 1 downstream tasks scheduled from follow-on schedule check
