[2025-08-08 08:32:55,942] {taskinstance.py:1159} INFO - Dependencies all met for <TaskInstance: latest_only.latest_only scheduled__2025-08-08T04:32:49.240182+00:00 [queued]>
[2025-08-08 08:32:56,096] {taskinstance.py:1159} INFO - Dependencies all met for <TaskInstance: latest_only.latest_only scheduled__2025-08-08T04:32:49.240182+00:00 [queued]>
[2025-08-08 08:32:56,098] {taskinstance.py:1356} INFO - 
--------------------------------------------------------------------------------
[2025-08-08 08:32:56,098] {taskinstance.py:1357} INFO - Starting attempt 1 of 1
[2025-08-08 08:32:56,099] {taskinstance.py:1358} INFO - 
--------------------------------------------------------------------------------
[2025-08-08 08:32:56,444] {taskinstance.py:1377} INFO - Executing <Task(LatestOnlyOperator): latest_only> on 2025-08-08 04:32:49.240182+00:00
[2025-08-08 08:32:56,551] {standard_task_runner.py:52} INFO - Started process 8247 to run task
[2025-08-08 08:32:56,649] {standard_task_runner.py:79} INFO - Running: ['***', 'tasks', 'run', 'latest_only', 'latest_only', 'scheduled__2025-08-08T04:32:49.240182+00:00', '--job-id', '710', '--raw', '--subdir', '/home/***/.local/lib/python3.7/site-packages/***/example_dags/example_latest_only.py', '--cfg-path', '/tmp/tmpfnbhqo4n', '--error-file', '/tmp/tmp3g7j3rqf']
[2025-08-08 08:32:56,677] {standard_task_runner.py:80} INFO - Job 710: Subtask latest_only
[2025-08-08 08:32:57,224] {task_command.py:369} INFO - Running <TaskInstance: latest_only.latest_only scheduled__2025-08-08T04:32:49.240182+00:00 [running]> on host 98bad2c91b1f
[2025-08-08 08:32:58,404] {taskinstance.py:1571} INFO - Exporting the following env vars:
AIRFLOW_CTX_DAG_OWNER=***
AIRFLOW_CTX_DAG_ID=latest_only
AIRFLOW_CTX_TASK_ID=latest_only
AIRFLOW_CTX_EXECUTION_DATE=2025-08-08T04:32:49.240182+00:00
AIRFLOW_CTX_TRY_NUMBER=1
AIRFLOW_CTX_DAG_RUN_ID=scheduled__2025-08-08T04:32:49.240182+00:00
[2025-08-08 08:32:58,412] {latest_only.py:68} INFO - Checking latest only with left_window: 2025-08-08T08:32:49.240182+00:00 right_window: 2025-08-08T12:32:49.240182+00:00 now: 2025-08-08T08:32:58.412380+00:00
[2025-08-08 08:32:58,414] {latest_only.py:77} INFO - Latest, allowing execution to proceed.
[2025-08-08 08:32:58,414] {skipmixin.py:140} INFO - Following branch ['task1']
[2025-08-08 08:32:58,415] {skipmixin.py:175} INFO - Skipping tasks []
[2025-08-08 08:32:58,926] {taskinstance.py:1400} INFO - Marking task as SUCCESS. dag_id=latest_only, task_id=latest_only, execution_date=20250808T043249, start_date=20250808T083255, end_date=20250808T083258
[2025-08-08 08:32:59,064] {local_task_job.py:156} INFO - Task exited with return code 0
[2025-08-08 08:32:59,521] {local_task_job.py:273} INFO - 1 downstream tasks scheduled from follow-on schedule check
