[2025-08-07 03:21:12,714] {taskinstance.py:1159} INFO - Dependencies all met for <TaskInstance: latest_only.latest_only scheduled__2025-08-06T23:21:10.936911+00:00 [queued]>
[2025-08-07 03:21:12,741] {taskinstance.py:1159} INFO - Dependencies all met for <TaskInstance: latest_only.latest_only scheduled__2025-08-06T23:21:10.936911+00:00 [queued]>
[2025-08-07 03:21:12,742] {taskinstance.py:1356} INFO - 
--------------------------------------------------------------------------------
[2025-08-07 03:21:12,742] {taskinstance.py:1357} INFO - Starting attempt 1 of 1
[2025-08-07 03:21:12,742] {taskinstance.py:1358} INFO - 
--------------------------------------------------------------------------------
[2025-08-07 03:21:12,799] {taskinstance.py:1377} INFO - Executing <Task(LatestOnlyOperator): latest_only> on 2025-08-06 23:21:10.936911+00:00
[2025-08-07 03:21:12,823] {standard_task_runner.py:52} INFO - Started process 342 to run task
[2025-08-07 03:21:12,834] {standard_task_runner.py:79} INFO - Running: ['***', 'tasks', 'run', 'latest_only', 'latest_only', 'scheduled__2025-08-06T23:21:10.936911+00:00', '--job-id', '16', '--raw', '--subdir', '/home/***/.local/lib/python3.7/site-packages/***/example_dags/example_latest_only.py', '--cfg-path', '/tmp/tmpt212kxp0', '--error-file', '/tmp/tmp5fm2ly2i']
[2025-08-07 03:21:12,842] {standard_task_runner.py:80} INFO - Job 16: Subtask latest_only
[2025-08-07 03:21:13,166] {task_command.py:369} INFO - Running <TaskInstance: latest_only.latest_only scheduled__2025-08-06T23:21:10.936911+00:00 [running]> on host f83ee74b89ef
[2025-08-07 03:21:13,916] {taskinstance.py:1571} INFO - Exporting the following env vars:
AIRFLOW_CTX_DAG_OWNER=***
AIRFLOW_CTX_DAG_ID=latest_only
AIRFLOW_CTX_TASK_ID=latest_only
AIRFLOW_CTX_EXECUTION_DATE=2025-08-06T23:21:10.936911+00:00
AIRFLOW_CTX_TRY_NUMBER=1
AIRFLOW_CTX_DAG_RUN_ID=scheduled__2025-08-06T23:21:10.936911+00:00
[2025-08-07 03:21:13,919] {latest_only.py:68} INFO - Checking latest only with left_window: 2025-08-07T03:21:10.936911+00:00 right_window: 2025-08-07T07:21:10.936911+00:00 now: 2025-08-07T03:21:13.919057+00:00
[2025-08-07 03:21:13,919] {latest_only.py:77} INFO - Latest, allowing execution to proceed.
[2025-08-07 03:21:13,919] {skipmixin.py:140} INFO - Following branch ['task1']
[2025-08-07 03:21:13,920] {skipmixin.py:175} INFO - Skipping tasks []
[2025-08-07 03:21:14,053] {taskinstance.py:1400} INFO - Marking task as SUCCESS. dag_id=latest_only, task_id=latest_only, execution_date=20250806T232110, start_date=20250807T032112, end_date=20250807T032114
[2025-08-07 03:21:14,204] {local_task_job.py:156} INFO - Task exited with return code 0
[2025-08-07 03:21:14,535] {local_task_job.py:273} INFO - 0 downstream tasks scheduled from follow-on schedule check
