[2025-08-08 08:55:02,763] {taskinstance.py:1159} INFO - Dependencies all met for <TaskInstance: latest_only_with_trigger.latest_only scheduled__2025-08-08T04:55:01.405978+00:00 [queued]>
[2025-08-08 08:55:02,779] {taskinstance.py:1159} INFO - Dependencies all met for <TaskInstance: latest_only_with_trigger.latest_only scheduled__2025-08-08T04:55:01.405978+00:00 [queued]>
[2025-08-08 08:55:02,780] {taskinstance.py:1356} INFO - 
--------------------------------------------------------------------------------
[2025-08-08 08:55:02,781] {taskinstance.py:1357} INFO - Starting attempt 1 of 1
[2025-08-08 08:55:02,781] {taskinstance.py:1358} INFO - 
--------------------------------------------------------------------------------
[2025-08-08 08:55:02,807] {taskinstance.py:1377} INFO - Executing <Task(LatestOnlyOperator): latest_only> on 2025-08-08 04:55:01.405978+00:00
[2025-08-08 08:55:02,823] {standard_task_runner.py:52} INFO - Started process 248 to run task
[2025-08-08 08:55:02,825] {standard_task_runner.py:79} INFO - Running: ['***', 'tasks', 'run', 'latest_only_with_trigger', 'latest_only', 'scheduled__2025-08-08T04:55:01.405978+00:00', '--job-id', '3', '--raw', '--subdir', '/home/***/.local/lib/python3.7/site-packages/***/example_dags/example_latest_only_with_trigger.py', '--cfg-path', '/tmp/tmpmj110q75', '--error-file', '/tmp/tmpjj76sxjk']
[2025-08-08 08:55:02,827] {standard_task_runner.py:80} INFO - Job 3: Subtask latest_only
[2025-08-08 08:55:02,907] {task_command.py:369} INFO - Running <TaskInstance: latest_only_with_trigger.latest_only scheduled__2025-08-08T04:55:01.405978+00:00 [running]> on host abdeb7f02efc
[2025-08-08 08:55:03,219] {taskinstance.py:1571} INFO - Exporting the following env vars:
AIRFLOW_CTX_DAG_OWNER=***
AIRFLOW_CTX_DAG_ID=latest_only_with_trigger
AIRFLOW_CTX_TASK_ID=latest_only
AIRFLOW_CTX_EXECUTION_DATE=2025-08-08T04:55:01.405978+00:00
AIRFLOW_CTX_TRY_NUMBER=1
AIRFLOW_CTX_DAG_RUN_ID=scheduled__2025-08-08T04:55:01.405978+00:00
[2025-08-08 08:55:03,220] {latest_only.py:68} INFO - Checking latest only with left_window: 2025-08-08T08:55:01.405978+00:00 right_window: 2025-08-08T12:55:01.405978+00:00 now: 2025-08-08T08:55:03.220194+00:00
[2025-08-08 08:55:03,220] {latest_only.py:77} INFO - Latest, allowing execution to proceed.
[2025-08-08 08:55:03,222] {skipmixin.py:140} INFO - Following branch ['task1']
[2025-08-08 08:55:03,222] {skipmixin.py:175} INFO - Skipping tasks []
[2025-08-08 08:55:03,339] {taskinstance.py:1400} INFO - Marking task as SUCCESS. dag_id=latest_only_with_trigger, task_id=latest_only, execution_date=20250808T045501, start_date=20250808T085502, end_date=20250808T085503
[2025-08-08 08:55:03,412] {local_task_job.py:156} INFO - Task exited with return code 0
[2025-08-08 08:55:03,528] {local_task_job.py:273} INFO - 1 downstream tasks scheduled from follow-on schedule check
