[2025-08-07 03:21:20,351] {taskinstance.py:1159} INFO - Dependencies all met for <TaskInstance: example_task_group_decorator.task_group_function__2.task_1 scheduled__2025-08-06T03:21:14.109304+00:00 [queued]>
[2025-08-07 03:21:20,376] {taskinstance.py:1159} INFO - Dependencies all met for <TaskInstance: example_task_group_decorator.task_group_function__2.task_1 scheduled__2025-08-06T03:21:14.109304+00:00 [queued]>
[2025-08-07 03:21:20,376] {taskinstance.py:1356} INFO - 
--------------------------------------------------------------------------------
[2025-08-07 03:21:20,377] {taskinstance.py:1357} INFO - Starting attempt 1 of 1
[2025-08-07 03:21:20,377] {taskinstance.py:1358} INFO - 
--------------------------------------------------------------------------------
[2025-08-07 03:21:20,424] {taskinstance.py:1377} INFO - Executing <Task(_PythonDecoratedOperator): task_group_function__2.task_1> on 2025-08-06 03:21:14.109304+00:00
[2025-08-07 03:21:20,450] {standard_task_runner.py:52} INFO - Started process 501 to run task
[2025-08-07 03:21:20,458] {standard_task_runner.py:79} INFO - Running: ['***', 'tasks', 'run', 'example_task_group_decorator', 'task_group_function__2.task_1', 'scheduled__2025-08-06T03:21:14.109304+00:00', '--job-id', '40', '--raw', '--subdir', '/home/***/.local/lib/python3.7/site-packages/***/example_dags/example_task_group_decorator.py', '--cfg-path', '/tmp/tmpznz40cy0', '--error-file', '/tmp/tmpcllos_4k']
[2025-08-07 03:21:20,462] {standard_task_runner.py:80} INFO - Job 40: Subtask task_group_function__2.task_1
[2025-08-07 03:21:20,642] {task_command.py:369} INFO - Running <TaskInstance: example_task_group_decorator.task_group_function__2.task_1 scheduled__2025-08-06T03:21:14.109304+00:00 [running]> on host f83ee74b89ef
[2025-08-07 03:21:21,126] {taskinstance.py:1571} INFO - Exporting the following env vars:
AIRFLOW_CTX_DAG_OWNER=***
AIRFLOW_CTX_DAG_ID=example_task_group_decorator
AIRFLOW_CTX_TASK_ID=task_group_function__2.task_1
AIRFLOW_CTX_EXECUTION_DATE=2025-08-06T03:21:14.109304+00:00
AIRFLOW_CTX_TRY_NUMBER=1
AIRFLOW_CTX_DAG_RUN_ID=scheduled__2025-08-06T03:21:14.109304+00:00
[2025-08-07 03:21:21,126] {python.py:173} INFO - Done. Returned value was: [ Task1 2 ]
[2025-08-07 03:21:21,191] {taskinstance.py:1400} INFO - Marking task as SUCCESS. dag_id=example_task_group_decorator, task_id=task_group_function__2.task_1, execution_date=20250806T032114, start_date=20250807T032120, end_date=20250807T032121
[2025-08-07 03:21:21,248] {local_task_job.py:156} INFO - Task exited with return code 0
[2025-08-07 03:21:21,333] {local_task_job.py:273} INFO - 1 downstream tasks scheduled from follow-on schedule check
