[2025-08-07 03:22:27,691] {taskinstance.py:1159} INFO - Dependencies all met for <TaskInstance: send_weather_to_kafka.verify_pipeline manual__2025-08-07T03:22:22.710832+00:00 [queued]>
[2025-08-07 03:22:27,712] {taskinstance.py:1159} INFO - Dependencies all met for <TaskInstance: send_weather_to_kafka.verify_pipeline manual__2025-08-07T03:22:22.710832+00:00 [queued]>
[2025-08-07 03:22:27,712] {taskinstance.py:1356} INFO - 
--------------------------------------------------------------------------------
[2025-08-07 03:22:27,712] {taskinstance.py:1357} INFO - Starting attempt 1 of 2
[2025-08-07 03:22:27,712] {taskinstance.py:1358} INFO - 
--------------------------------------------------------------------------------
[2025-08-07 03:22:27,735] {taskinstance.py:1377} INFO - Executing <Task(BashOperator): verify_pipeline> on 2025-08-07 03:22:22.710832+00:00
[2025-08-07 03:22:27,745] {standard_task_runner.py:52} INFO - Started process 1250 to run task
[2025-08-07 03:22:27,752] {standard_task_runner.py:79} INFO - Running: ['***', 'tasks', 'run', 'send_weather_to_kafka', 'verify_pipeline', 'manual__2025-08-07T03:22:22.710832+00:00', '--job-id', '66', '--raw', '--subdir', 'DAGS_FOLDER/dag_meteo.py', '--cfg-path', '/tmp/tmpu3xnu_07', '--error-file', '/tmp/tmpzmpxb3j8']
[2025-08-07 03:22:27,754] {standard_task_runner.py:80} INFO - Job 66: Subtask verify_pipeline
[2025-08-07 03:22:27,864] {task_command.py:369} INFO - Running <TaskInstance: send_weather_to_kafka.verify_pipeline manual__2025-08-07T03:22:22.710832+00:00 [running]> on host f83ee74b89ef
[2025-08-07 03:22:28,233] {taskinstance.py:1571} INFO - Exporting the following env vars:
AIRFLOW_CTX_DAG_OWNER=alla
AIRFLOW_CTX_DAG_ID=send_weather_to_kafka
AIRFLOW_CTX_TASK_ID=verify_pipeline
AIRFLOW_CTX_EXECUTION_DATE=2025-08-07T03:22:22.710832+00:00
AIRFLOW_CTX_TRY_NUMBER=1
AIRFLOW_CTX_DAG_RUN_ID=manual__2025-08-07T03:22:22.710832+00:00
[2025-08-07 03:22:28,235] {subprocess.py:62} INFO - Tmp dir root location: 
 /tmp
[2025-08-07 03:22:28,236] {subprocess.py:74} INFO - Running command: ['bash', '-c', '\n            echo "⏳ Attente traitement Logstash..." && sleep 30 &&\n            curl -s "http://elasticsearch:9200/_cat/indices/weather*" || echo "Pas encore d\'index weather"\n        ']
[2025-08-07 03:22:28,267] {subprocess.py:85} INFO - Output:
[2025-08-07 03:22:28,269] {subprocess.py:92} INFO - ⏳ Attente traitement Logstash...
[2025-08-07 03:22:58,299] {subprocess.py:96} INFO - Command exited with return code 0
[2025-08-07 03:22:58,356] {taskinstance.py:1400} INFO - Marking task as SUCCESS. dag_id=send_weather_to_kafka, task_id=verify_pipeline, execution_date=20250807T032222, start_date=20250807T032227, end_date=20250807T032258
[2025-08-07 03:22:58,412] {local_task_job.py:156} INFO - Task exited with return code 0
[2025-08-07 03:22:58,465] {local_task_job.py:273} INFO - 0 downstream tasks scheduled from follow-on schedule check
