[2025-08-07 08:56:22,083] {taskinstance.py:1159} INFO - Dependencies all met for <TaskInstance: example_sla_dag.sleep_30 scheduled__2025-08-07T08:54:00+00:00 [queued]>
[2025-08-07 08:56:22,101] {taskinstance.py:1159} INFO - Dependencies all met for <TaskInstance: example_sla_dag.sleep_30 scheduled__2025-08-07T08:54:00+00:00 [queued]>
[2025-08-07 08:56:22,101] {taskinstance.py:1356} INFO - 
--------------------------------------------------------------------------------
[2025-08-07 08:56:22,101] {taskinstance.py:1357} INFO - Starting attempt 1 of 1
[2025-08-07 08:56:22,101] {taskinstance.py:1358} INFO - 
--------------------------------------------------------------------------------
[2025-08-07 08:56:22,120] {taskinstance.py:1377} INFO - Executing <Task(_PythonDecoratedOperator): sleep_30> on 2025-08-07 08:54:00+00:00
[2025-08-07 08:56:22,126] {standard_task_runner.py:52} INFO - Started process 40096 to run task
[2025-08-07 08:56:22,130] {standard_task_runner.py:79} INFO - Running: ['***', 'tasks', 'run', 'example_sla_dag', 'sleep_30', 'scheduled__2025-08-07T08:54:00+00:00', '--job-id', '492', '--raw', '--subdir', '/home/***/.local/lib/python3.7/site-packages/***/example_dags/example_sla_dag.py', '--cfg-path', '/tmp/tmp4nqry3hz', '--error-file', '/tmp/tmphoftn38z']
[2025-08-07 08:56:22,132] {standard_task_runner.py:80} INFO - Job 492: Subtask sleep_30
[2025-08-07 08:56:22,223] {task_command.py:369} INFO - Running <TaskInstance: example_sla_dag.sleep_30 scheduled__2025-08-07T08:54:00+00:00 [running]> on host 92a46ac2453f
[2025-08-07 08:56:22,440] {taskinstance.py:1571} INFO - Exporting the following env vars:
AIRFLOW_CTX_DAG_EMAIL=email@example.com
AIRFLOW_CTX_DAG_OWNER=***
AIRFLOW_CTX_DAG_ID=example_sla_dag
AIRFLOW_CTX_TASK_ID=sleep_30
AIRFLOW_CTX_EXECUTION_DATE=2025-08-07T08:54:00+00:00
AIRFLOW_CTX_TRY_NUMBER=1
AIRFLOW_CTX_DAG_RUN_ID=scheduled__2025-08-07T08:54:00+00:00
[2025-08-07 08:56:52,470] {python.py:173} INFO - Done. Returned value was: None
[2025-08-07 08:56:52,493] {taskinstance.py:1400} INFO - Marking task as SUCCESS. dag_id=example_sla_dag, task_id=sleep_30, execution_date=20250807T085400, start_date=20250807T085622, end_date=20250807T085652
[2025-08-07 08:56:52,555] {local_task_job.py:156} INFO - Task exited with return code 0
[2025-08-07 08:56:52,603] {local_task_job.py:273} INFO - 0 downstream tasks scheduled from follow-on schedule check
