[2025-08-07 03:40:00,211] {taskinstance.py:1159} INFO - Dependencies all met for <TaskInstance: example_short_circuit_operator.condition_is_False scheduled__2025-08-06T03:39:58.695714+00:00 [queued]>
[2025-08-07 03:40:00,229] {taskinstance.py:1159} INFO - Dependencies all met for <TaskInstance: example_short_circuit_operator.condition_is_False scheduled__2025-08-06T03:39:58.695714+00:00 [queued]>
[2025-08-07 03:40:00,229] {taskinstance.py:1356} INFO - 
--------------------------------------------------------------------------------
[2025-08-07 03:40:00,229] {taskinstance.py:1357} INFO - Starting attempt 1 of 1
[2025-08-07 03:40:00,229] {taskinstance.py:1358} INFO - 
--------------------------------------------------------------------------------
[2025-08-07 03:40:00,272] {taskinstance.py:1377} INFO - Executing <Task(ShortCircuitOperator): condition_is_False> on 2025-08-06 03:39:58.695714+00:00
[2025-08-07 03:40:00,307] {standard_task_runner.py:52} INFO - Started process 422 to run task
[2025-08-07 03:40:00,320] {standard_task_runner.py:79} INFO - Running: ['***', 'tasks', 'run', 'example_short_circuit_operator', 'condition_is_False', 'scheduled__2025-08-06T03:39:58.695714+00:00', '--job-id', '26', '--raw', '--subdir', '/home/***/.local/lib/python3.7/site-packages/***/example_dags/example_short_circuit_operator.py', '--cfg-path', '/tmp/tmp0e98js3f', '--error-file', '/tmp/tmpacy04nci']
[2025-08-07 03:40:00,325] {standard_task_runner.py:80} INFO - Job 26: Subtask condition_is_False
[2025-08-07 03:40:00,522] {task_command.py:369} INFO - Running <TaskInstance: example_short_circuit_operator.condition_is_False scheduled__2025-08-06T03:39:58.695714+00:00 [running]> on host 92a46ac2453f
[2025-08-07 03:40:01,037] {taskinstance.py:1571} INFO - Exporting the following env vars:
AIRFLOW_CTX_DAG_OWNER=***
AIRFLOW_CTX_DAG_ID=example_short_circuit_operator
AIRFLOW_CTX_TASK_ID=condition_is_False
AIRFLOW_CTX_EXECUTION_DATE=2025-08-06T03:39:58.695714+00:00
AIRFLOW_CTX_TRY_NUMBER=1
AIRFLOW_CTX_DAG_RUN_ID=scheduled__2025-08-06T03:39:58.695714+00:00
[2025-08-07 03:40:01,038] {python.py:173} INFO - Done. Returned value was: False
[2025-08-07 03:40:01,039] {python.py:259} INFO - Condition result is False
[2025-08-07 03:40:01,039] {python.py:273} INFO - Skipping all downstream tasks...
[2025-08-07 03:40:01,108] {python.py:281} INFO - Done.
[2025-08-07 03:40:01,423] {taskinstance.py:1400} INFO - Marking task as SUCCESS. dag_id=example_short_circuit_operator, task_id=condition_is_False, execution_date=20250806T033958, start_date=20250807T034000, end_date=20250807T034001
[2025-08-07 03:40:01,511] {local_task_job.py:156} INFO - Task exited with return code 0
[2025-08-07 03:40:01,682] {local_task_job.py:273} INFO - 0 downstream tasks scheduled from follow-on schedule check
