[2025-08-07 03:29:53,104] {taskinstance.py:1159} INFO - Dependencies all met for <TaskInstance: example_task_group.section_2.inner_section_2.task_2 scheduled__2025-08-06T03:29:46.519301+00:00 [queued]>
[2025-08-07 03:29:53,143] {taskinstance.py:1159} INFO - Dependencies all met for <TaskInstance: example_task_group.section_2.inner_section_2.task_2 scheduled__2025-08-06T03:29:46.519301+00:00 [queued]>
[2025-08-07 03:29:53,145] {taskinstance.py:1356} INFO - 
--------------------------------------------------------------------------------
[2025-08-07 03:29:53,145] {taskinstance.py:1357} INFO - Starting attempt 1 of 1
[2025-08-07 03:29:53,146] {taskinstance.py:1358} INFO - 
--------------------------------------------------------------------------------
[2025-08-07 03:29:53,401] {taskinstance.py:1377} INFO - Executing <Task(BashOperator): section_2.inner_section_2.task_2> on 2025-08-06 03:29:46.519301+00:00
[2025-08-07 03:29:53,430] {standard_task_runner.py:52} INFO - Started process 425 to run task
[2025-08-07 03:29:53,439] {standard_task_runner.py:79} INFO - Running: ['***', 'tasks', 'run', 'example_task_group', 'section_2.inner_section_2.task_2', 'scheduled__2025-08-06T03:29:46.519301+00:00', '--job-id', '23', '--raw', '--subdir', '/home/***/.local/lib/python3.7/site-packages/***/example_dags/example_task_group.py', '--cfg-path', '/tmp/tmpfe69fcra', '--error-file', '/tmp/tmpbr2l7yh2']
[2025-08-07 03:29:53,443] {standard_task_runner.py:80} INFO - Job 23: Subtask section_2.inner_section_2.task_2
[2025-08-07 03:29:53,689] {task_command.py:369} INFO - Running <TaskInstance: example_task_group.section_2.inner_section_2.task_2 scheduled__2025-08-06T03:29:46.519301+00:00 [running]> on host 47565329e35b
[2025-08-07 03:29:54,387] {taskinstance.py:1571} INFO - Exporting the following env vars:
AIRFLOW_CTX_DAG_OWNER=***
AIRFLOW_CTX_DAG_ID=example_task_group
AIRFLOW_CTX_TASK_ID=section_2.inner_section_2.task_2
AIRFLOW_CTX_EXECUTION_DATE=2025-08-06T03:29:46.519301+00:00
AIRFLOW_CTX_TRY_NUMBER=1
AIRFLOW_CTX_DAG_RUN_ID=scheduled__2025-08-06T03:29:46.519301+00:00
[2025-08-07 03:29:54,391] {subprocess.py:62} INFO - Tmp dir root location: 
 /tmp
[2025-08-07 03:29:54,392] {subprocess.py:74} INFO - Running command: ['bash', '-c', 'echo 1']
[2025-08-07 03:29:54,526] {subprocess.py:85} INFO - Output:
[2025-08-07 03:29:54,542] {subprocess.py:92} INFO - 1
[2025-08-07 03:29:54,543] {subprocess.py:96} INFO - Command exited with return code 0
[2025-08-07 03:29:54,757] {taskinstance.py:1400} INFO - Marking task as SUCCESS. dag_id=example_task_group, task_id=section_2.inner_section_2.task_2, execution_date=20250806T032946, start_date=20250807T032953, end_date=20250807T032954
[2025-08-07 03:29:55,031] {local_task_job.py:156} INFO - Task exited with return code 0
[2025-08-07 03:29:55,204] {local_task_job.py:273} INFO - 1 downstream tasks scheduled from follow-on schedule check
