[2025-08-07 10:34:01,321] {taskinstance.py:1159} INFO - Dependencies all met for <TaskInstance: example_sla_dag.sleep_20 scheduled__2025-08-07T10:32:00+00:00 [queued]>
[2025-08-07 10:34:01,352] {taskinstance.py:1159} INFO - Dependencies all met for <TaskInstance: example_sla_dag.sleep_20 scheduled__2025-08-07T10:32:00+00:00 [queued]>
[2025-08-07 10:34:01,353] {taskinstance.py:1356} INFO - 
--------------------------------------------------------------------------------
[2025-08-07 10:34:01,353] {taskinstance.py:1357} INFO - Starting attempt 1 of 1
[2025-08-07 10:34:01,353] {taskinstance.py:1358} INFO - 
--------------------------------------------------------------------------------
[2025-08-07 10:34:01,401] {taskinstance.py:1377} INFO - Executing <Task(_PythonDecoratedOperator): sleep_20> on 2025-08-07 10:32:00+00:00
[2025-08-07 10:34:01,414] {standard_task_runner.py:52} INFO - Started process 78461 to run task
[2025-08-07 10:34:01,423] {standard_task_runner.py:79} INFO - Running: ['***', 'tasks', 'run', 'example_sla_dag', 'sleep_20', 'scheduled__2025-08-07T10:32:00+00:00', '--job-id', '879', '--raw', '--subdir', '/home/***/.local/lib/python3.7/site-packages/***/example_dags/example_sla_dag.py', '--cfg-path', '/tmp/tmpmtjpcaj1', '--error-file', '/tmp/tmp5i4cnz9h']
[2025-08-07 10:34:01,425] {standard_task_runner.py:80} INFO - Job 879: Subtask sleep_20
[2025-08-07 10:34:01,604] {task_command.py:369} INFO - Running <TaskInstance: example_sla_dag.sleep_20 scheduled__2025-08-07T10:32:00+00:00 [running]> on host 92a46ac2453f
[2025-08-07 10:34:02,116] {taskinstance.py:1571} INFO - Exporting the following env vars:
AIRFLOW_CTX_DAG_EMAIL=email@example.com
AIRFLOW_CTX_DAG_OWNER=***
AIRFLOW_CTX_DAG_ID=example_sla_dag
AIRFLOW_CTX_TASK_ID=sleep_20
AIRFLOW_CTX_EXECUTION_DATE=2025-08-07T10:32:00+00:00
AIRFLOW_CTX_TRY_NUMBER=1
AIRFLOW_CTX_DAG_RUN_ID=scheduled__2025-08-07T10:32:00+00:00
[2025-08-07 10:34:22,136] {python.py:173} INFO - Done. Returned value was: None
[2025-08-07 10:34:22,159] {taskinstance.py:1400} INFO - Marking task as SUCCESS. dag_id=example_sla_dag, task_id=sleep_20, execution_date=20250807T103200, start_date=20250807T103401, end_date=20250807T103422
[2025-08-07 10:34:22,231] {local_task_job.py:156} INFO - Task exited with return code 0
[2025-08-07 10:34:22,279] {local_task_job.py:273} INFO - 1 downstream tasks scheduled from follow-on schedule check
