[2025-08-07 10:40:26,362] {taskinstance.py:1159} INFO - Dependencies all met for <TaskInstance: example_task_group_decorator.task_group_function__2.task_1 scheduled__2025-08-06T10:40:20.785141+00:00 [queued]>
[2025-08-07 10:40:26,405] {taskinstance.py:1159} INFO - Dependencies all met for <TaskInstance: example_task_group_decorator.task_group_function__2.task_1 scheduled__2025-08-06T10:40:20.785141+00:00 [queued]>
[2025-08-07 10:40:26,407] {taskinstance.py:1356} INFO - 
--------------------------------------------------------------------------------
[2025-08-07 10:40:26,408] {taskinstance.py:1357} INFO - Starting attempt 1 of 1
[2025-08-07 10:40:26,409] {taskinstance.py:1358} INFO - 
--------------------------------------------------------------------------------
[2025-08-07 10:40:26,457] {taskinstance.py:1377} INFO - Executing <Task(_PythonDecoratedOperator): task_group_function__2.task_1> on 2025-08-06 10:40:20.785141+00:00
[2025-08-07 10:40:26,487] {standard_task_runner.py:52} INFO - Started process 506 to run task
[2025-08-07 10:40:26,489] {standard_task_runner.py:79} INFO - Running: ['***', 'tasks', 'run', 'example_task_group_decorator', 'task_group_function__2.task_1', 'scheduled__2025-08-06T10:40:20.785141+00:00', '--job-id', '37', '--raw', '--subdir', '/home/***/.local/lib/python3.7/site-packages/***/example_dags/example_task_group_decorator.py', '--cfg-path', '/tmp/tmpdzdx2nh6', '--error-file', '/tmp/tmpyyko0pcw']
[2025-08-07 10:40:26,494] {standard_task_runner.py:80} INFO - Job 37: Subtask task_group_function__2.task_1
[2025-08-07 10:40:26,654] {task_command.py:369} INFO - Running <TaskInstance: example_task_group_decorator.task_group_function__2.task_1 scheduled__2025-08-06T10:40:20.785141+00:00 [running]> on host 81d3b97a0728
[2025-08-07 10:40:27,144] {taskinstance.py:1571} INFO - Exporting the following env vars:
AIRFLOW_CTX_DAG_OWNER=***
AIRFLOW_CTX_DAG_ID=example_task_group_decorator
AIRFLOW_CTX_TASK_ID=task_group_function__2.task_1
AIRFLOW_CTX_EXECUTION_DATE=2025-08-06T10:40:20.785141+00:00
AIRFLOW_CTX_TRY_NUMBER=1
AIRFLOW_CTX_DAG_RUN_ID=scheduled__2025-08-06T10:40:20.785141+00:00
[2025-08-07 10:40:27,145] {python.py:173} INFO - Done. Returned value was: [ Task1 2 ]
[2025-08-07 10:40:27,260] {taskinstance.py:1400} INFO - Marking task as SUCCESS. dag_id=example_task_group_decorator, task_id=task_group_function__2.task_1, execution_date=20250806T104020, start_date=20250807T104026, end_date=20250807T104027
[2025-08-07 10:40:27,298] {local_task_job.py:156} INFO - Task exited with return code 0
[2025-08-07 10:40:27,470] {local_task_job.py:273} INFO - 1 downstream tasks scheduled from follow-on schedule check
