[2025-08-07 20:33:46,698] {taskinstance.py:1159} INFO - Dependencies all met for <TaskInstance: example_task_group_decorator.task_start scheduled__2025-08-06T20:33:39.868892+00:00 [queued]>
[2025-08-07 20:33:46,717] {taskinstance.py:1159} INFO - Dependencies all met for <TaskInstance: example_task_group_decorator.task_start scheduled__2025-08-06T20:33:39.868892+00:00 [queued]>
[2025-08-07 20:33:46,718] {taskinstance.py:1356} INFO - 
--------------------------------------------------------------------------------
[2025-08-07 20:33:46,718] {taskinstance.py:1357} INFO - Starting attempt 1 of 1
[2025-08-07 20:33:46,718] {taskinstance.py:1358} INFO - 
--------------------------------------------------------------------------------
[2025-08-07 20:33:46,756] {taskinstance.py:1377} INFO - Executing <Task(_PythonDecoratedOperator): task_start> on 2025-08-06 20:33:39.868892+00:00
[2025-08-07 20:33:46,777] {standard_task_runner.py:52} INFO - Started process 425 to run task
[2025-08-07 20:33:46,784] {standard_task_runner.py:79} INFO - Running: ['***', 'tasks', 'run', 'example_task_group_decorator', 'task_start', 'scheduled__2025-08-06T20:33:39.868892+00:00', '--job-id', '24', '--raw', '--subdir', '/home/***/.local/lib/python3.7/site-packages/***/example_dags/example_task_group_decorator.py', '--cfg-path', '/tmp/tmpl43rtzfx', '--error-file', '/tmp/tmpxpmk8mvs']
[2025-08-07 20:33:46,788] {standard_task_runner.py:80} INFO - Job 24: Subtask task_start
[2025-08-07 20:33:46,996] {task_command.py:369} INFO - Running <TaskInstance: example_task_group_decorator.task_start scheduled__2025-08-06T20:33:39.868892+00:00 [running]> on host 034e74559af0
[2025-08-07 20:33:47,516] {taskinstance.py:1571} INFO - Exporting the following env vars:
AIRFLOW_CTX_DAG_OWNER=***
AIRFLOW_CTX_DAG_ID=example_task_group_decorator
AIRFLOW_CTX_TASK_ID=task_start
AIRFLOW_CTX_EXECUTION_DATE=2025-08-06T20:33:39.868892+00:00
AIRFLOW_CTX_TRY_NUMBER=1
AIRFLOW_CTX_DAG_RUN_ID=scheduled__2025-08-06T20:33:39.868892+00:00
[2025-08-07 20:33:47,517] {python.py:173} INFO - Done. Returned value was: [Task_start]
[2025-08-07 20:33:47,697] {taskinstance.py:1400} INFO - Marking task as SUCCESS. dag_id=example_task_group_decorator, task_id=task_start, execution_date=20250806T203339, start_date=20250807T203346, end_date=20250807T203347
[2025-08-07 20:33:47,862] {local_task_job.py:156} INFO - Task exited with return code 0
[2025-08-07 20:33:48,245] {local_task_job.py:273} INFO - 0 downstream tasks scheduled from follow-on schedule check
