[2025-08-07 21:02:01,482] {taskinstance.py:1159} INFO - Dependencies all met for <TaskInstance: example_sla_dag.sleep_20 scheduled__2025-08-07T21:00:00+00:00 [queued]>
[2025-08-07 21:02:01,502] {taskinstance.py:1159} INFO - Dependencies all met for <TaskInstance: example_sla_dag.sleep_20 scheduled__2025-08-07T21:00:00+00:00 [queued]>
[2025-08-07 21:02:01,503] {taskinstance.py:1356} INFO - 
--------------------------------------------------------------------------------
[2025-08-07 21:02:01,503] {taskinstance.py:1357} INFO - Starting attempt 1 of 1
[2025-08-07 21:02:01,503] {taskinstance.py:1358} INFO - 
--------------------------------------------------------------------------------
[2025-08-07 21:02:01,532] {taskinstance.py:1377} INFO - Executing <Task(_PythonDecoratedOperator): sleep_20> on 2025-08-07 21:00:00+00:00
[2025-08-07 21:02:01,541] {standard_task_runner.py:52} INFO - Started process 5244 to run task
[2025-08-07 21:02:01,547] {standard_task_runner.py:79} INFO - Running: ['***', 'tasks', 'run', 'example_sla_dag', 'sleep_20', 'scheduled__2025-08-07T21:00:00+00:00', '--job-id', '198', '--raw', '--subdir', '/home/***/.local/lib/python3.7/site-packages/***/example_dags/example_sla_dag.py', '--cfg-path', '/tmp/tmptid2_0uu', '--error-file', '/tmp/tmpf9kn_bpf']
[2025-08-07 21:02:01,549] {standard_task_runner.py:80} INFO - Job 198: Subtask sleep_20
[2025-08-07 21:02:01,666] {task_command.py:369} INFO - Running <TaskInstance: example_sla_dag.sleep_20 scheduled__2025-08-07T21:00:00+00:00 [running]> on host 4078e16d4836
[2025-08-07 21:02:02,095] {taskinstance.py:1571} INFO - Exporting the following env vars:
AIRFLOW_CTX_DAG_EMAIL=email@example.com
AIRFLOW_CTX_DAG_OWNER=***
AIRFLOW_CTX_DAG_ID=example_sla_dag
AIRFLOW_CTX_TASK_ID=sleep_20
AIRFLOW_CTX_EXECUTION_DATE=2025-08-07T21:00:00+00:00
AIRFLOW_CTX_TRY_NUMBER=1
AIRFLOW_CTX_DAG_RUN_ID=scheduled__2025-08-07T21:00:00+00:00
[2025-08-07 21:02:22,117] {python.py:173} INFO - Done. Returned value was: None
[2025-08-07 21:02:22,140] {taskinstance.py:1400} INFO - Marking task as SUCCESS. dag_id=example_sla_dag, task_id=sleep_20, execution_date=20250807T210000, start_date=20250807T210201, end_date=20250807T210222
[2025-08-07 21:02:22,183] {local_task_job.py:156} INFO - Task exited with return code 0
[2025-08-07 21:02:22,227] {local_task_job.py:273} INFO - 1 downstream tasks scheduled from follow-on schedule check
