[2025-08-07 12:44:00,629] {taskinstance.py:1159} INFO - Dependencies all met for <TaskInstance: example_sla_dag.sleep_20 scheduled__2025-08-07T12:42:00+00:00 [queued]>
[2025-08-07 12:44:00,641] {taskinstance.py:1159} INFO - Dependencies all met for <TaskInstance: example_sla_dag.sleep_20 scheduled__2025-08-07T12:42:00+00:00 [queued]>
[2025-08-07 12:44:00,641] {taskinstance.py:1356} INFO - 
--------------------------------------------------------------------------------
[2025-08-07 12:44:00,641] {taskinstance.py:1357} INFO - Starting attempt 1 of 1
[2025-08-07 12:44:00,641] {taskinstance.py:1358} INFO - 
--------------------------------------------------------------------------------
[2025-08-07 12:44:00,657] {taskinstance.py:1377} INFO - Executing <Task(_PythonDecoratedOperator): sleep_20> on 2025-08-07 12:42:00+00:00
[2025-08-07 12:44:00,663] {standard_task_runner.py:52} INFO - Started process 25208 to run task
[2025-08-07 12:44:00,667] {standard_task_runner.py:79} INFO - Running: ['***', 'tasks', 'run', 'example_sla_dag', 'sleep_20', 'scheduled__2025-08-07T12:42:00+00:00', '--job-id', '562', '--raw', '--subdir', '/home/***/.local/lib/python3.7/site-packages/***/example_dags/example_sla_dag.py', '--cfg-path', '/tmp/tmprvtnadf7', '--error-file', '/tmp/tmphn29op1q']
[2025-08-07 12:44:00,668] {standard_task_runner.py:80} INFO - Job 562: Subtask sleep_20
[2025-08-07 12:44:00,722] {task_command.py:369} INFO - Running <TaskInstance: example_sla_dag.sleep_20 scheduled__2025-08-07T12:42:00+00:00 [running]> on host b810b38b6a38
[2025-08-07 12:44:00,954] {taskinstance.py:1571} INFO - Exporting the following env vars:
AIRFLOW_CTX_DAG_EMAIL=email@example.com
AIRFLOW_CTX_DAG_OWNER=***
AIRFLOW_CTX_DAG_ID=example_sla_dag
AIRFLOW_CTX_TASK_ID=sleep_20
AIRFLOW_CTX_EXECUTION_DATE=2025-08-07T12:42:00+00:00
AIRFLOW_CTX_TRY_NUMBER=1
AIRFLOW_CTX_DAG_RUN_ID=scheduled__2025-08-07T12:42:00+00:00
[2025-08-07 12:44:20,974] {python.py:173} INFO - Done. Returned value was: None
[2025-08-07 12:44:20,998] {taskinstance.py:1400} INFO - Marking task as SUCCESS. dag_id=example_sla_dag, task_id=sleep_20, execution_date=20250807T124200, start_date=20250807T124400, end_date=20250807T124420
[2025-08-07 12:44:21,027] {local_task_job.py:156} INFO - Task exited with return code 0
[2025-08-07 12:44:21,073] {local_task_job.py:273} INFO - 1 downstream tasks scheduled from follow-on schedule check
