[2025-08-07 10:44:22,263] {taskinstance.py:1159} INFO - Dependencies all met for <TaskInstance: example_sla_dag.sleep_30 scheduled__2025-08-07T10:42:00+00:00 [queued]>
[2025-08-07 10:44:22,278] {taskinstance.py:1159} INFO - Dependencies all met for <TaskInstance: example_sla_dag.sleep_30 scheduled__2025-08-07T10:42:00+00:00 [queued]>
[2025-08-07 10:44:22,278] {taskinstance.py:1356} INFO - 
--------------------------------------------------------------------------------
[2025-08-07 10:44:22,278] {taskinstance.py:1357} INFO - Starting attempt 1 of 1
[2025-08-07 10:44:22,278] {taskinstance.py:1358} INFO - 
--------------------------------------------------------------------------------
[2025-08-07 10:44:22,299] {taskinstance.py:1377} INFO - Executing <Task(_PythonDecoratedOperator): sleep_30> on 2025-08-07 10:42:00+00:00
[2025-08-07 10:44:22,308] {standard_task_runner.py:52} INFO - Started process 2571 to run task
[2025-08-07 10:44:22,313] {standard_task_runner.py:79} INFO - Running: ['***', 'tasks', 'run', 'example_sla_dag', 'sleep_30', 'scheduled__2025-08-07T10:42:00+00:00', '--job-id', '81', '--raw', '--subdir', '/home/***/.local/lib/python3.7/site-packages/***/example_dags/example_sla_dag.py', '--cfg-path', '/tmp/tmpa8f5hlq9', '--error-file', '/tmp/tmp3t2z647v']
[2025-08-07 10:44:22,315] {standard_task_runner.py:80} INFO - Job 81: Subtask sleep_30
[2025-08-07 10:44:22,441] {task_command.py:369} INFO - Running <TaskInstance: example_sla_dag.sleep_30 scheduled__2025-08-07T10:42:00+00:00 [running]> on host 81d3b97a0728
[2025-08-07 10:44:22,786] {taskinstance.py:1571} INFO - Exporting the following env vars:
AIRFLOW_CTX_DAG_EMAIL=email@example.com
AIRFLOW_CTX_DAG_OWNER=***
AIRFLOW_CTX_DAG_ID=example_sla_dag
AIRFLOW_CTX_TASK_ID=sleep_30
AIRFLOW_CTX_EXECUTION_DATE=2025-08-07T10:42:00+00:00
AIRFLOW_CTX_TRY_NUMBER=1
AIRFLOW_CTX_DAG_RUN_ID=scheduled__2025-08-07T10:42:00+00:00
[2025-08-07 10:44:52,819] {python.py:173} INFO - Done. Returned value was: None
[2025-08-07 10:44:52,844] {taskinstance.py:1400} INFO - Marking task as SUCCESS. dag_id=example_sla_dag, task_id=sleep_30, execution_date=20250807T104200, start_date=20250807T104422, end_date=20250807T104452
[2025-08-07 10:44:52,907] {local_task_job.py:156} INFO - Task exited with return code 0
[2025-08-07 10:44:52,951] {local_task_job.py:273} INFO - 0 downstream tasks scheduled from follow-on schedule check
