[2025-08-07 03:21:11,797] {taskinstance.py:1159} INFO - Dependencies all met for <TaskInstance: example_xcom.push scheduled__2021-01-01T00:00:00+00:00 [queued]>
[2025-08-07 03:21:11,845] {taskinstance.py:1159} INFO - Dependencies all met for <TaskInstance: example_xcom.push scheduled__2021-01-01T00:00:00+00:00 [queued]>
[2025-08-07 03:21:11,845] {taskinstance.py:1356} INFO - 
--------------------------------------------------------------------------------
[2025-08-07 03:21:11,845] {taskinstance.py:1357} INFO - Starting attempt 1 of 1
[2025-08-07 03:21:11,846] {taskinstance.py:1358} INFO - 
--------------------------------------------------------------------------------
[2025-08-07 03:21:11,893] {taskinstance.py:1377} INFO - Executing <Task(_PythonDecoratedOperator): push> on 2021-01-01 00:00:00+00:00
[2025-08-07 03:21:11,923] {standard_task_runner.py:52} INFO - Started process 324 to run task
[2025-08-07 03:21:11,946] {standard_task_runner.py:79} INFO - Running: ['***', 'tasks', 'run', 'example_xcom', 'push', 'scheduled__2021-01-01T00:00:00+00:00', '--job-id', '10', '--raw', '--subdir', '/home/***/.local/lib/python3.7/site-packages/***/example_dags/example_xcom.py', '--cfg-path', '/tmp/tmp0ga6heeu', '--error-file', '/tmp/tmp15gqs36i']
[2025-08-07 03:21:11,951] {standard_task_runner.py:80} INFO - Job 10: Subtask push
[2025-08-07 03:21:12,443] {task_command.py:369} INFO - Running <TaskInstance: example_xcom.push scheduled__2021-01-01T00:00:00+00:00 [running]> on host f83ee74b89ef
[2025-08-07 03:21:13,164] {taskinstance.py:1571} INFO - Exporting the following env vars:
AIRFLOW_CTX_DAG_OWNER=***
AIRFLOW_CTX_DAG_ID=example_xcom
AIRFLOW_CTX_TASK_ID=push
AIRFLOW_CTX_EXECUTION_DATE=2021-01-01T00:00:00+00:00
AIRFLOW_CTX_TRY_NUMBER=1
AIRFLOW_CTX_DAG_RUN_ID=scheduled__2021-01-01T00:00:00+00:00
[2025-08-07 03:21:13,205] {python.py:173} INFO - Done. Returned value was: None
[2025-08-07 03:21:13,259] {taskinstance.py:1400} INFO - Marking task as SUCCESS. dag_id=example_xcom, task_id=push, execution_date=20210101T000000, start_date=20250807T032111, end_date=20250807T032113
[2025-08-07 03:21:13,342] {local_task_job.py:156} INFO - Task exited with return code 0
[2025-08-07 03:21:13,430] {local_task_job.py:273} INFO - 1 downstream tasks scheduled from follow-on schedule check
[2025-08-07 03:29:48,612] {taskinstance.py:1159} INFO - Dependencies all met for <TaskInstance: example_xcom.push scheduled__2021-01-01T00:00:00+00:00 [queued]>
[2025-08-07 03:29:48,636] {taskinstance.py:1159} INFO - Dependencies all met for <TaskInstance: example_xcom.push scheduled__2021-01-01T00:00:00+00:00 [queued]>
[2025-08-07 03:29:48,637] {taskinstance.py:1356} INFO - 
--------------------------------------------------------------------------------
[2025-08-07 03:29:48,637] {taskinstance.py:1357} INFO - Starting attempt 1 of 1
[2025-08-07 03:29:48,638] {taskinstance.py:1358} INFO - 
--------------------------------------------------------------------------------
[2025-08-07 03:29:48,684] {taskinstance.py:1377} INFO - Executing <Task(_PythonDecoratedOperator): push> on 2021-01-01 00:00:00+00:00
[2025-08-07 03:29:48,700] {standard_task_runner.py:52} INFO - Started process 317 to run task
[2025-08-07 03:29:48,770] {standard_task_runner.py:79} INFO - Running: ['***', 'tasks', 'run', 'example_xcom', 'push', 'scheduled__2021-01-01T00:00:00+00:00', '--job-id', '10', '--raw', '--subdir', '/home/***/.local/lib/python3.7/site-packages/***/example_dags/example_xcom.py', '--cfg-path', '/tmp/tmp0sccnh3i', '--error-file', '/tmp/tmp67p4dkvm']
[2025-08-07 03:29:48,772] {standard_task_runner.py:80} INFO - Job 10: Subtask push
[2025-08-07 03:29:48,878] {task_command.py:369} INFO - Running <TaskInstance: example_xcom.push scheduled__2021-01-01T00:00:00+00:00 [running]> on host 47565329e35b
[2025-08-07 03:29:49,527] {taskinstance.py:1571} INFO - Exporting the following env vars:
AIRFLOW_CTX_DAG_OWNER=***
AIRFLOW_CTX_DAG_ID=example_xcom
AIRFLOW_CTX_TASK_ID=push
AIRFLOW_CTX_EXECUTION_DATE=2021-01-01T00:00:00+00:00
AIRFLOW_CTX_TRY_NUMBER=1
AIRFLOW_CTX_DAG_RUN_ID=scheduled__2021-01-01T00:00:00+00:00
[2025-08-07 03:29:49,582] {python.py:173} INFO - Done. Returned value was: None
[2025-08-07 03:29:49,631] {taskinstance.py:1400} INFO - Marking task as SUCCESS. dag_id=example_xcom, task_id=push, execution_date=20210101T000000, start_date=20250807T032948, end_date=20250807T032949
[2025-08-07 03:29:49,785] {local_task_job.py:156} INFO - Task exited with return code 0
[2025-08-07 03:29:50,195] {local_task_job.py:273} INFO - 0 downstream tasks scheduled from follow-on schedule check
[2025-08-07 03:39:57,277] {taskinstance.py:1159} INFO - Dependencies all met for <TaskInstance: example_xcom.push scheduled__2021-01-01T00:00:00+00:00 [queued]>
[2025-08-07 03:39:57,318] {taskinstance.py:1159} INFO - Dependencies all met for <TaskInstance: example_xcom.push scheduled__2021-01-01T00:00:00+00:00 [queued]>
[2025-08-07 03:39:57,318] {taskinstance.py:1356} INFO - 
--------------------------------------------------------------------------------
[2025-08-07 03:39:57,318] {taskinstance.py:1357} INFO - Starting attempt 1 of 1
[2025-08-07 03:39:57,318] {taskinstance.py:1358} INFO - 
--------------------------------------------------------------------------------
[2025-08-07 03:39:57,365] {taskinstance.py:1377} INFO - Executing <Task(_PythonDecoratedOperator): push> on 2021-01-01 00:00:00+00:00
[2025-08-07 03:39:57,388] {standard_task_runner.py:52} INFO - Started process 326 to run task
[2025-08-07 03:39:57,397] {standard_task_runner.py:79} INFO - Running: ['***', 'tasks', 'run', 'example_xcom', 'push', 'scheduled__2021-01-01T00:00:00+00:00', '--job-id', '13', '--raw', '--subdir', '/home/***/.local/lib/python3.7/site-packages/***/example_dags/example_xcom.py', '--cfg-path', '/tmp/tmpv7sn0twg', '--error-file', '/tmp/tmpvga9uohm']
[2025-08-07 03:39:57,402] {standard_task_runner.py:80} INFO - Job 13: Subtask push
[2025-08-07 03:39:57,641] {task_command.py:369} INFO - Running <TaskInstance: example_xcom.push scheduled__2021-01-01T00:00:00+00:00 [running]> on host 92a46ac2453f
[2025-08-07 03:39:58,134] {taskinstance.py:1571} INFO - Exporting the following env vars:
AIRFLOW_CTX_DAG_OWNER=***
AIRFLOW_CTX_DAG_ID=example_xcom
AIRFLOW_CTX_TASK_ID=push
AIRFLOW_CTX_EXECUTION_DATE=2021-01-01T00:00:00+00:00
AIRFLOW_CTX_TRY_NUMBER=1
AIRFLOW_CTX_DAG_RUN_ID=scheduled__2021-01-01T00:00:00+00:00
[2025-08-07 03:39:58,179] {python.py:173} INFO - Done. Returned value was: None
[2025-08-07 03:39:58,437] {taskinstance.py:1400} INFO - Marking task as SUCCESS. dag_id=example_xcom, task_id=push, execution_date=20210101T000000, start_date=20250807T033957, end_date=20250807T033958
[2025-08-07 03:39:58,511] {local_task_job.py:156} INFO - Task exited with return code 0
[2025-08-07 03:39:58,715] {local_task_job.py:273} INFO - 0 downstream tasks scheduled from follow-on schedule check
[2025-08-07 10:40:18,719] {taskinstance.py:1159} INFO - Dependencies all met for <TaskInstance: example_xcom.push scheduled__2021-01-01T00:00:00+00:00 [queued]>
[2025-08-07 10:40:18,751] {taskinstance.py:1159} INFO - Dependencies all met for <TaskInstance: example_xcom.push scheduled__2021-01-01T00:00:00+00:00 [queued]>
[2025-08-07 10:40:18,751] {taskinstance.py:1356} INFO - 
--------------------------------------------------------------------------------
[2025-08-07 10:40:18,751] {taskinstance.py:1357} INFO - Starting attempt 1 of 1
[2025-08-07 10:40:18,751] {taskinstance.py:1358} INFO - 
--------------------------------------------------------------------------------
[2025-08-07 10:40:18,779] {taskinstance.py:1377} INFO - Executing <Task(_PythonDecoratedOperator): push> on 2021-01-01 00:00:00+00:00
[2025-08-07 10:40:18,788] {standard_task_runner.py:52} INFO - Started process 316 to run task
[2025-08-07 10:40:18,792] {standard_task_runner.py:79} INFO - Running: ['***', 'tasks', 'run', 'example_xcom', 'push', 'scheduled__2021-01-01T00:00:00+00:00', '--job-id', '10', '--raw', '--subdir', '/home/***/.local/lib/python3.7/site-packages/***/example_dags/example_xcom.py', '--cfg-path', '/tmp/tmp52hgvq55', '--error-file', '/tmp/tmp6m4kju5q']
[2025-08-07 10:40:18,794] {standard_task_runner.py:80} INFO - Job 10: Subtask push
[2025-08-07 10:40:18,993] {task_command.py:369} INFO - Running <TaskInstance: example_xcom.push scheduled__2021-01-01T00:00:00+00:00 [running]> on host 81d3b97a0728
[2025-08-07 10:40:19,576] {taskinstance.py:1571} INFO - Exporting the following env vars:
AIRFLOW_CTX_DAG_OWNER=***
AIRFLOW_CTX_DAG_ID=example_xcom
AIRFLOW_CTX_TASK_ID=push
AIRFLOW_CTX_EXECUTION_DATE=2021-01-01T00:00:00+00:00
AIRFLOW_CTX_TRY_NUMBER=1
AIRFLOW_CTX_DAG_RUN_ID=scheduled__2021-01-01T00:00:00+00:00
[2025-08-07 10:40:19,610] {python.py:173} INFO - Done. Returned value was: None
[2025-08-07 10:40:19,898] {taskinstance.py:1400} INFO - Marking task as SUCCESS. dag_id=example_xcom, task_id=push, execution_date=20210101T000000, start_date=20250807T104018, end_date=20250807T104019
[2025-08-07 10:40:20,099] {local_task_job.py:156} INFO - Task exited with return code 0
[2025-08-07 10:40:20,257] {local_task_job.py:273} INFO - 0 downstream tasks scheduled from follow-on schedule check
[2025-08-07 11:11:44,958] {taskinstance.py:1159} INFO - Dependencies all met for <TaskInstance: example_xcom.push scheduled__2021-01-01T00:00:00+00:00 [queued]>
[2025-08-07 11:11:45,016] {taskinstance.py:1159} INFO - Dependencies all met for <TaskInstance: example_xcom.push scheduled__2021-01-01T00:00:00+00:00 [queued]>
[2025-08-07 11:11:45,019] {taskinstance.py:1356} INFO - 
--------------------------------------------------------------------------------
[2025-08-07 11:11:45,019] {taskinstance.py:1357} INFO - Starting attempt 1 of 1
[2025-08-07 11:11:45,020] {taskinstance.py:1358} INFO - 
--------------------------------------------------------------------------------
[2025-08-07 11:11:45,110] {taskinstance.py:1377} INFO - Executing <Task(_PythonDecoratedOperator): push> on 2021-01-01 00:00:00+00:00
[2025-08-07 11:11:45,129] {standard_task_runner.py:52} INFO - Started process 324 to run task
[2025-08-07 11:11:45,213] {standard_task_runner.py:79} INFO - Running: ['***', 'tasks', 'run', 'example_xcom', 'push', 'scheduled__2021-01-01T00:00:00+00:00', '--job-id', '13', '--raw', '--subdir', '/home/***/.local/lib/python3.7/site-packages/***/example_dags/example_xcom.py', '--cfg-path', '/tmp/tmp80j_jxfd', '--error-file', '/tmp/tmpaoo8k2c5']
[2025-08-07 11:11:45,219] {standard_task_runner.py:80} INFO - Job 13: Subtask push
[2025-08-07 11:11:45,539] {task_command.py:369} INFO - Running <TaskInstance: example_xcom.push scheduled__2021-01-01T00:00:00+00:00 [running]> on host b22dcc1493a4
[2025-08-07 11:11:46,493] {taskinstance.py:1571} INFO - Exporting the following env vars:
AIRFLOW_CTX_DAG_OWNER=***
AIRFLOW_CTX_DAG_ID=example_xcom
AIRFLOW_CTX_TASK_ID=push
AIRFLOW_CTX_EXECUTION_DATE=2021-01-01T00:00:00+00:00
AIRFLOW_CTX_TRY_NUMBER=1
AIRFLOW_CTX_DAG_RUN_ID=scheduled__2021-01-01T00:00:00+00:00
[2025-08-07 11:11:46,567] {python.py:173} INFO - Done. Returned value was: None
[2025-08-07 11:11:46,624] {taskinstance.py:1400} INFO - Marking task as SUCCESS. dag_id=example_xcom, task_id=push, execution_date=20210101T000000, start_date=20250807T111144, end_date=20250807T111146
[2025-08-07 11:11:46,718] {local_task_job.py:156} INFO - Task exited with return code 0
[2025-08-07 11:11:46,805] {local_task_job.py:273} INFO - 1 downstream tasks scheduled from follow-on schedule check
[2025-08-07 20:33:08,718] {taskinstance.py:1159} INFO - Dependencies all met for <TaskInstance: example_xcom.push scheduled__2021-01-01T00:00:00+00:00 [queued]>
[2025-08-07 20:33:08,732] {taskinstance.py:1159} INFO - Dependencies all met for <TaskInstance: example_xcom.push scheduled__2021-01-01T00:00:00+00:00 [queued]>
[2025-08-07 20:33:08,733] {taskinstance.py:1356} INFO - 
--------------------------------------------------------------------------------
[2025-08-07 20:33:08,733] {taskinstance.py:1357} INFO - Starting attempt 1 of 1
[2025-08-07 20:33:08,733] {taskinstance.py:1358} INFO - 
--------------------------------------------------------------------------------
[2025-08-07 20:33:08,771] {taskinstance.py:1377} INFO - Executing <Task(_PythonDecoratedOperator): push> on 2021-01-01 00:00:00+00:00
[2025-08-07 20:33:08,787] {standard_task_runner.py:52} INFO - Started process 312 to run task
[2025-08-07 20:33:08,794] {standard_task_runner.py:79} INFO - Running: ['***', 'tasks', 'run', 'example_xcom', 'push', 'scheduled__2021-01-01T00:00:00+00:00', '--job-id', '12', '--raw', '--subdir', '/home/***/.local/lib/python3.7/site-packages/***/example_dags/example_xcom.py', '--cfg-path', '/tmp/tmp96c619ux', '--error-file', '/tmp/tmpgq6gyhnp']
[2025-08-07 20:33:08,797] {standard_task_runner.py:80} INFO - Job 12: Subtask push
[2025-08-07 20:33:08,952] {task_command.py:369} INFO - Running <TaskInstance: example_xcom.push scheduled__2021-01-01T00:00:00+00:00 [running]> on host 034e74559af0
[2025-08-07 20:33:17,840] {taskinstance.py:1571} INFO - Exporting the following env vars:
AIRFLOW_CTX_DAG_OWNER=***
AIRFLOW_CTX_DAG_ID=example_xcom
AIRFLOW_CTX_TASK_ID=push
AIRFLOW_CTX_EXECUTION_DATE=2021-01-01T00:00:00+00:00
AIRFLOW_CTX_TRY_NUMBER=1
AIRFLOW_CTX_DAG_RUN_ID=scheduled__2021-01-01T00:00:00+00:00
[2025-08-07 20:33:31,530] {python.py:173} INFO - Done. Returned value was: None
[2025-08-07 20:33:33,093] {taskinstance.py:1400} INFO - Marking task as SUCCESS. dag_id=example_xcom, task_id=push, execution_date=20210101T000000, start_date=20250807T203308, end_date=20250807T203333
[2025-08-07 20:33:36,562] {local_task_job.py:156} INFO - Task exited with return code 0
[2025-08-07 20:33:37,419] {local_task_job.py:273} INFO - 0 downstream tasks scheduled from follow-on schedule check
[2025-08-08 08:55:05,144] {taskinstance.py:1159} INFO - Dependencies all met for <TaskInstance: example_xcom.push scheduled__2021-01-01T00:00:00+00:00 [queued]>
[2025-08-08 08:55:05,164] {taskinstance.py:1159} INFO - Dependencies all met for <TaskInstance: example_xcom.push scheduled__2021-01-01T00:00:00+00:00 [queued]>
[2025-08-08 08:55:05,165] {taskinstance.py:1356} INFO - 
--------------------------------------------------------------------------------
[2025-08-08 08:55:05,165] {taskinstance.py:1357} INFO - Starting attempt 1 of 1
[2025-08-08 08:55:05,165] {taskinstance.py:1358} INFO - 
--------------------------------------------------------------------------------
[2025-08-08 08:55:05,202] {taskinstance.py:1377} INFO - Executing <Task(_PythonDecoratedOperator): push> on 2021-01-01 00:00:00+00:00
[2025-08-08 08:55:05,239] {standard_task_runner.py:52} INFO - Started process 314 to run task
[2025-08-08 08:55:05,253] {standard_task_runner.py:79} INFO - Running: ['***', 'tasks', 'run', 'example_xcom', 'push', 'scheduled__2021-01-01T00:00:00+00:00', '--job-id', '7', '--raw', '--subdir', '/home/***/.local/lib/python3.7/site-packages/***/example_dags/example_xcom.py', '--cfg-path', '/tmp/tmp4qp5v2rv', '--error-file', '/tmp/tmpbewbxklr']
[2025-08-08 08:55:05,255] {standard_task_runner.py:80} INFO - Job 7: Subtask push
[2025-08-08 08:55:05,506] {task_command.py:369} INFO - Running <TaskInstance: example_xcom.push scheduled__2021-01-01T00:00:00+00:00 [running]> on host abdeb7f02efc
[2025-08-08 08:55:06,512] {taskinstance.py:1571} INFO - Exporting the following env vars:
AIRFLOW_CTX_DAG_OWNER=***
AIRFLOW_CTX_DAG_ID=example_xcom
AIRFLOW_CTX_TASK_ID=push
AIRFLOW_CTX_EXECUTION_DATE=2021-01-01T00:00:00+00:00
AIRFLOW_CTX_TRY_NUMBER=1
AIRFLOW_CTX_DAG_RUN_ID=scheduled__2021-01-01T00:00:00+00:00
[2025-08-08 08:55:06,570] {python.py:173} INFO - Done. Returned value was: None
[2025-08-08 08:55:06,627] {taskinstance.py:1400} INFO - Marking task as SUCCESS. dag_id=example_xcom, task_id=push, execution_date=20210101T000000, start_date=20250808T085505, end_date=20250808T085506
[2025-08-08 08:55:06,710] {local_task_job.py:156} INFO - Task exited with return code 0
[2025-08-08 08:55:06,879] {local_task_job.py:273} INFO - 0 downstream tasks scheduled from follow-on schedule check
