[2025-08-06 08:12:31,008] {taskinstance.py:1159} INFO - Dependencies all met for <TaskInstance: send_weather_to_kafka.fetch_and_send_weather scheduled__2025-08-05T23:00:00+00:00 [queued]>
[2025-08-06 08:12:31,023] {taskinstance.py:1159} INFO - Dependencies all met for <TaskInstance: send_weather_to_kafka.fetch_and_send_weather scheduled__2025-08-05T23:00:00+00:00 [queued]>
[2025-08-06 08:12:31,023] {taskinstance.py:1356} INFO - 
--------------------------------------------------------------------------------
[2025-08-06 08:12:31,023] {taskinstance.py:1357} INFO - Starting attempt 2 of 2
[2025-08-06 08:12:31,023] {taskinstance.py:1358} INFO - 
--------------------------------------------------------------------------------
[2025-08-06 08:12:31,045] {taskinstance.py:1377} INFO - Executing <Task(BashOperator): fetch_and_send_weather> on 2025-08-05 23:00:00+00:00
[2025-08-06 08:12:31,056] {standard_task_runner.py:52} INFO - Started process 20694 to run task
[2025-08-06 08:12:31,061] {standard_task_runner.py:79} INFO - Running: ['***', 'tasks', 'run', 'send_weather_to_kafka', 'fetch_and_send_weather', 'scheduled__2025-08-05T23:00:00+00:00', '--job-id', '8', '--raw', '--subdir', 'DAGS_FOLDER/dag_meteo.py', '--cfg-path', '/tmp/tmp0n5m6gu_', '--error-file', '/tmp/tmp76k1s4gz']
[2025-08-06 08:12:31,062] {standard_task_runner.py:80} INFO - Job 8: Subtask fetch_and_send_weather
[2025-08-06 08:12:31,085] {logging_mixin.py:115} WARNING - /home/***/.local/lib/python3.7/site-packages/***/configuration.py:470 DeprecationWarning: The sql_alchemy_conn option in [core] has been moved to the sql_alchemy_conn option in [database] - the old setting has been used, but please update your config.
[2025-08-06 08:12:31,148] {task_command.py:369} INFO - Running <TaskInstance: send_weather_to_kafka.fetch_and_send_weather scheduled__2025-08-05T23:00:00+00:00 [running]> on host 536c12e0b7f9
[2025-08-06 08:12:31,266] {taskinstance.py:1571} INFO - Exporting the following env vars:
AIRFLOW_CTX_DAG_OWNER=***
AIRFLOW_CTX_DAG_ID=send_weather_to_kafka
AIRFLOW_CTX_TASK_ID=fetch_and_send_weather
AIRFLOW_CTX_EXECUTION_DATE=2025-08-05T23:00:00+00:00
AIRFLOW_CTX_TRY_NUMBER=2
AIRFLOW_CTX_DAG_RUN_ID=scheduled__2025-08-05T23:00:00+00:00
[2025-08-06 08:12:31,267] {subprocess.py:62} INFO - Tmp dir root location: 
 /tmp
[2025-08-06 08:12:31,268] {subprocess.py:74} INFO - Running command: ['bash', '-c', 'cd /opt/***/scripts && python3 kafka/producer.py']
[2025-08-06 08:12:31,293] {subprocess.py:85} INFO - Output:
[2025-08-06 08:12:35,693] {subprocess.py:92} INFO - Envoi vers Kafka : {'temperature': 27.6, 'humidity': 77, 'windSpeed': 0.5, 'cloudCover': 98, 'rainIntensity': 0, 'timestamp': '2025-08-06T08:12:00Z'}
[2025-08-06 08:12:35,806] {subprocess.py:96} INFO - Command exited with return code 0
[2025-08-06 08:12:35,884] {taskinstance.py:1400} INFO - Marking task as SUCCESS. dag_id=send_weather_to_kafka, task_id=fetch_and_send_weather, execution_date=20250805T230000, start_date=20250806T081231, end_date=20250806T081235
[2025-08-06 08:12:35,933] {local_task_job.py:156} INFO - Task exited with return code 0
[2025-08-06 08:12:35,999] {local_task_job.py:273} INFO - 1 downstream tasks scheduled from follow-on schedule check
