[2025-08-07 03:21:18,557] {taskinstance.py:1159} INFO - Dependencies all met for <TaskInstance: example_bash_operator.runme_0 scheduled__2025-08-06T00:00:00+00:00 [queued]>
[2025-08-07 03:21:18,584] {taskinstance.py:1159} INFO - Dependencies all met for <TaskInstance: example_bash_operator.runme_0 scheduled__2025-08-06T00:00:00+00:00 [queued]>
[2025-08-07 03:21:18,588] {taskinstance.py:1356} INFO - 
--------------------------------------------------------------------------------
[2025-08-07 03:21:18,589] {taskinstance.py:1357} INFO - Starting attempt 1 of 1
[2025-08-07 03:21:18,589] {taskinstance.py:1358} INFO - 
--------------------------------------------------------------------------------
[2025-08-07 03:21:18,642] {taskinstance.py:1377} INFO - Executing <Task(BashOperator): runme_0> on 2025-08-06 00:00:00+00:00
[2025-08-07 03:21:18,662] {standard_task_runner.py:52} INFO - Started process 476 to run task
[2025-08-07 03:21:18,677] {standard_task_runner.py:79} INFO - Running: ['***', 'tasks', 'run', 'example_bash_operator', 'runme_0', 'scheduled__2025-08-06T00:00:00+00:00', '--job-id', '36', '--raw', '--subdir', '/home/***/.local/lib/python3.7/site-packages/***/example_dags/example_bash_operator.py', '--cfg-path', '/tmp/tmppsqrznnb', '--error-file', '/tmp/tmptb5t1vym']
[2025-08-07 03:21:18,680] {standard_task_runner.py:80} INFO - Job 36: Subtask runme_0
[2025-08-07 03:21:18,834] {task_command.py:369} INFO - Running <TaskInstance: example_bash_operator.runme_0 scheduled__2025-08-06T00:00:00+00:00 [running]> on host f83ee74b89ef
[2025-08-07 03:21:19,621] {taskinstance.py:1571} INFO - Exporting the following env vars:
AIRFLOW_CTX_DAG_OWNER=***
AIRFLOW_CTX_DAG_ID=example_bash_operator
AIRFLOW_CTX_TASK_ID=runme_0
AIRFLOW_CTX_EXECUTION_DATE=2025-08-06T00:00:00+00:00
AIRFLOW_CTX_TRY_NUMBER=1
AIRFLOW_CTX_DAG_RUN_ID=scheduled__2025-08-06T00:00:00+00:00
[2025-08-07 03:21:19,626] {subprocess.py:62} INFO - Tmp dir root location: 
 /tmp
[2025-08-07 03:21:19,627] {subprocess.py:74} INFO - Running command: ['bash', '-c', 'echo "example_bash_operator__runme_0__20250806" && sleep 1']
[2025-08-07 03:21:19,695] {subprocess.py:85} INFO - Output:
[2025-08-07 03:21:19,700] {subprocess.py:92} INFO - example_bash_operator__runme_0__20250806
[2025-08-07 03:21:20,739] {subprocess.py:96} INFO - Command exited with return code 0
[2025-08-07 03:21:20,806] {taskinstance.py:1400} INFO - Marking task as SUCCESS. dag_id=example_bash_operator, task_id=runme_0, execution_date=20250806T000000, start_date=20250807T032118, end_date=20250807T032120
[2025-08-07 03:21:20,866] {local_task_job.py:156} INFO - Task exited with return code 0
[2025-08-07 03:21:20,966] {local_task_job.py:273} INFO - 1 downstream tasks scheduled from follow-on schedule check
[2025-08-07 03:29:57,108] {taskinstance.py:1159} INFO - Dependencies all met for <TaskInstance: example_bash_operator.runme_0 scheduled__2025-08-06T00:00:00+00:00 [queued]>
[2025-08-07 03:29:57,128] {taskinstance.py:1159} INFO - Dependencies all met for <TaskInstance: example_bash_operator.runme_0 scheduled__2025-08-06T00:00:00+00:00 [queued]>
[2025-08-07 03:29:57,129] {taskinstance.py:1356} INFO - 
--------------------------------------------------------------------------------
[2025-08-07 03:29:57,129] {taskinstance.py:1357} INFO - Starting attempt 1 of 1
[2025-08-07 03:29:57,130] {taskinstance.py:1358} INFO - 
--------------------------------------------------------------------------------
[2025-08-07 03:29:57,182] {taskinstance.py:1377} INFO - Executing <Task(BashOperator): runme_0> on 2025-08-06 00:00:00+00:00
[2025-08-07 03:29:57,196] {standard_task_runner.py:52} INFO - Started process 494 to run task
[2025-08-07 03:29:57,200] {standard_task_runner.py:79} INFO - Running: ['***', 'tasks', 'run', 'example_bash_operator', 'runme_0', 'scheduled__2025-08-06T00:00:00+00:00', '--job-id', '36', '--raw', '--subdir', '/home/***/.local/lib/python3.7/site-packages/***/example_dags/example_bash_operator.py', '--cfg-path', '/tmp/tmpdz18kj3a', '--error-file', '/tmp/tmpl9o5hdup']
[2025-08-07 03:29:57,202] {standard_task_runner.py:80} INFO - Job 36: Subtask runme_0
[2025-08-07 03:29:57,379] {task_command.py:369} INFO - Running <TaskInstance: example_bash_operator.runme_0 scheduled__2025-08-06T00:00:00+00:00 [running]> on host 47565329e35b
[2025-08-07 03:29:57,940] {taskinstance.py:1571} INFO - Exporting the following env vars:
AIRFLOW_CTX_DAG_OWNER=***
AIRFLOW_CTX_DAG_ID=example_bash_operator
AIRFLOW_CTX_TASK_ID=runme_0
AIRFLOW_CTX_EXECUTION_DATE=2025-08-06T00:00:00+00:00
AIRFLOW_CTX_TRY_NUMBER=1
AIRFLOW_CTX_DAG_RUN_ID=scheduled__2025-08-06T00:00:00+00:00
[2025-08-07 03:29:57,944] {subprocess.py:62} INFO - Tmp dir root location: 
 /tmp
[2025-08-07 03:29:57,948] {subprocess.py:74} INFO - Running command: ['bash', '-c', 'echo "example_bash_operator__runme_0__20250806" && sleep 1']
[2025-08-07 03:29:57,985] {subprocess.py:85} INFO - Output:
[2025-08-07 03:29:57,991] {subprocess.py:92} INFO - example_bash_operator__runme_0__20250806
[2025-08-07 03:29:59,001] {subprocess.py:96} INFO - Command exited with return code 0
[2025-08-07 03:29:59,097] {taskinstance.py:1400} INFO - Marking task as SUCCESS. dag_id=example_bash_operator, task_id=runme_0, execution_date=20250806T000000, start_date=20250807T032957, end_date=20250807T032959
[2025-08-07 03:29:59,160] {local_task_job.py:156} INFO - Task exited with return code 0
[2025-08-07 03:29:59,247] {local_task_job.py:273} INFO - 0 downstream tasks scheduled from follow-on schedule check
[2025-08-07 03:40:03,643] {taskinstance.py:1159} INFO - Dependencies all met for <TaskInstance: example_bash_operator.runme_0 scheduled__2025-08-06T00:00:00+00:00 [queued]>
[2025-08-07 03:40:03,672] {taskinstance.py:1159} INFO - Dependencies all met for <TaskInstance: example_bash_operator.runme_0 scheduled__2025-08-06T00:00:00+00:00 [queued]>
[2025-08-07 03:40:03,673] {taskinstance.py:1356} INFO - 
--------------------------------------------------------------------------------
[2025-08-07 03:40:03,673] {taskinstance.py:1357} INFO - Starting attempt 1 of 1
[2025-08-07 03:40:03,673] {taskinstance.py:1358} INFO - 
--------------------------------------------------------------------------------
[2025-08-07 03:40:03,700] {taskinstance.py:1377} INFO - Executing <Task(BashOperator): runme_0> on 2025-08-06 00:00:00+00:00
[2025-08-07 03:40:03,711] {standard_task_runner.py:52} INFO - Started process 506 to run task
[2025-08-07 03:40:03,714] {standard_task_runner.py:79} INFO - Running: ['***', 'tasks', 'run', 'example_bash_operator', 'runme_0', 'scheduled__2025-08-06T00:00:00+00:00', '--job-id', '41', '--raw', '--subdir', '/home/***/.local/lib/python3.7/site-packages/***/example_dags/example_bash_operator.py', '--cfg-path', '/tmp/tmpr5dx5c7s', '--error-file', '/tmp/tmpi8ytgxjg']
[2025-08-07 03:40:03,715] {standard_task_runner.py:80} INFO - Job 41: Subtask runme_0
[2025-08-07 03:40:03,842] {task_command.py:369} INFO - Running <TaskInstance: example_bash_operator.runme_0 scheduled__2025-08-06T00:00:00+00:00 [running]> on host 92a46ac2453f
[2025-08-07 03:40:04,490] {taskinstance.py:1571} INFO - Exporting the following env vars:
AIRFLOW_CTX_DAG_OWNER=***
AIRFLOW_CTX_DAG_ID=example_bash_operator
AIRFLOW_CTX_TASK_ID=runme_0
AIRFLOW_CTX_EXECUTION_DATE=2025-08-06T00:00:00+00:00
AIRFLOW_CTX_TRY_NUMBER=1
AIRFLOW_CTX_DAG_RUN_ID=scheduled__2025-08-06T00:00:00+00:00
[2025-08-07 03:40:04,496] {subprocess.py:62} INFO - Tmp dir root location: 
 /tmp
[2025-08-07 03:40:04,499] {subprocess.py:74} INFO - Running command: ['bash', '-c', 'echo "example_bash_operator__runme_0__20250806" && sleep 1']
[2025-08-07 03:40:04,555] {subprocess.py:85} INFO - Output:
[2025-08-07 03:40:04,583] {subprocess.py:92} INFO - example_bash_operator__runme_0__20250806
[2025-08-07 03:40:05,599] {subprocess.py:96} INFO - Command exited with return code 0
[2025-08-07 03:40:05,719] {taskinstance.py:1400} INFO - Marking task as SUCCESS. dag_id=example_bash_operator, task_id=runme_0, execution_date=20250806T000000, start_date=20250807T034003, end_date=20250807T034005
[2025-08-07 03:40:05,814] {local_task_job.py:156} INFO - Task exited with return code 0
[2025-08-07 03:40:05,925] {local_task_job.py:273} INFO - 0 downstream tasks scheduled from follow-on schedule check
[2025-08-07 10:40:26,210] {taskinstance.py:1159} INFO - Dependencies all met for <TaskInstance: example_bash_operator.runme_0 scheduled__2025-08-06T00:00:00+00:00 [queued]>
[2025-08-07 10:40:26,233] {taskinstance.py:1159} INFO - Dependencies all met for <TaskInstance: example_bash_operator.runme_0 scheduled__2025-08-06T00:00:00+00:00 [queued]>
[2025-08-07 10:40:26,233] {taskinstance.py:1356} INFO - 
--------------------------------------------------------------------------------
[2025-08-07 10:40:26,233] {taskinstance.py:1357} INFO - Starting attempt 1 of 1
[2025-08-07 10:40:26,233] {taskinstance.py:1358} INFO - 
--------------------------------------------------------------------------------
[2025-08-07 10:40:26,259] {taskinstance.py:1377} INFO - Executing <Task(BashOperator): runme_0> on 2025-08-06 00:00:00+00:00
[2025-08-07 10:40:26,268] {standard_task_runner.py:52} INFO - Started process 499 to run task
[2025-08-07 10:40:26,283] {standard_task_runner.py:79} INFO - Running: ['***', 'tasks', 'run', 'example_bash_operator', 'runme_0', 'scheduled__2025-08-06T00:00:00+00:00', '--job-id', '34', '--raw', '--subdir', '/home/***/.local/lib/python3.7/site-packages/***/example_dags/example_bash_operator.py', '--cfg-path', '/tmp/tmpttt_w65d', '--error-file', '/tmp/tmp7fifh0gx']
[2025-08-07 10:40:26,290] {standard_task_runner.py:80} INFO - Job 34: Subtask runme_0
[2025-08-07 10:40:26,398] {task_command.py:369} INFO - Running <TaskInstance: example_bash_operator.runme_0 scheduled__2025-08-06T00:00:00+00:00 [running]> on host 81d3b97a0728
[2025-08-07 10:40:27,009] {taskinstance.py:1571} INFO - Exporting the following env vars:
AIRFLOW_CTX_DAG_OWNER=***
AIRFLOW_CTX_DAG_ID=example_bash_operator
AIRFLOW_CTX_TASK_ID=runme_0
AIRFLOW_CTX_EXECUTION_DATE=2025-08-06T00:00:00+00:00
AIRFLOW_CTX_TRY_NUMBER=1
AIRFLOW_CTX_DAG_RUN_ID=scheduled__2025-08-06T00:00:00+00:00
[2025-08-07 10:40:27,010] {subprocess.py:62} INFO - Tmp dir root location: 
 /tmp
[2025-08-07 10:40:27,011] {subprocess.py:74} INFO - Running command: ['bash', '-c', 'echo "example_bash_operator__runme_0__20250806" && sleep 1']
[2025-08-07 10:40:27,073] {subprocess.py:85} INFO - Output:
[2025-08-07 10:40:27,079] {subprocess.py:92} INFO - example_bash_operator__runme_0__20250806
[2025-08-07 10:40:28,087] {subprocess.py:96} INFO - Command exited with return code 0
[2025-08-07 10:40:28,169] {taskinstance.py:1400} INFO - Marking task as SUCCESS. dag_id=example_bash_operator, task_id=runme_0, execution_date=20250806T000000, start_date=20250807T104026, end_date=20250807T104028
[2025-08-07 10:40:28,216] {local_task_job.py:156} INFO - Task exited with return code 0
[2025-08-07 10:40:28,327] {local_task_job.py:273} INFO - 0 downstream tasks scheduled from follow-on schedule check
[2025-08-07 11:11:51,951] {taskinstance.py:1159} INFO - Dependencies all met for <TaskInstance: example_bash_operator.runme_0 scheduled__2025-08-06T00:00:00+00:00 [queued]>
[2025-08-07 11:11:51,976] {taskinstance.py:1159} INFO - Dependencies all met for <TaskInstance: example_bash_operator.runme_0 scheduled__2025-08-06T00:00:00+00:00 [queued]>
[2025-08-07 11:11:51,976] {taskinstance.py:1356} INFO - 
--------------------------------------------------------------------------------
[2025-08-07 11:11:51,976] {taskinstance.py:1357} INFO - Starting attempt 1 of 1
[2025-08-07 11:11:51,976] {taskinstance.py:1358} INFO - 
--------------------------------------------------------------------------------
[2025-08-07 11:11:52,000] {taskinstance.py:1377} INFO - Executing <Task(BashOperator): runme_0> on 2025-08-06 00:00:00+00:00
[2025-08-07 11:11:52,008] {standard_task_runner.py:52} INFO - Started process 500 to run task
[2025-08-07 11:11:52,013] {standard_task_runner.py:79} INFO - Running: ['***', 'tasks', 'run', 'example_bash_operator', 'runme_0', 'scheduled__2025-08-06T00:00:00+00:00', '--job-id', '36', '--raw', '--subdir', '/home/***/.local/lib/python3.7/site-packages/***/example_dags/example_bash_operator.py', '--cfg-path', '/tmp/tmp_erxi7e9', '--error-file', '/tmp/tmpdu4j25nz']
[2025-08-07 11:11:52,014] {standard_task_runner.py:80} INFO - Job 36: Subtask runme_0
[2025-08-07 11:11:52,100] {task_command.py:369} INFO - Running <TaskInstance: example_bash_operator.runme_0 scheduled__2025-08-06T00:00:00+00:00 [running]> on host b22dcc1493a4
[2025-08-07 11:11:52,712] {taskinstance.py:1571} INFO - Exporting the following env vars:
AIRFLOW_CTX_DAG_OWNER=***
AIRFLOW_CTX_DAG_ID=example_bash_operator
AIRFLOW_CTX_TASK_ID=runme_0
AIRFLOW_CTX_EXECUTION_DATE=2025-08-06T00:00:00+00:00
AIRFLOW_CTX_TRY_NUMBER=1
AIRFLOW_CTX_DAG_RUN_ID=scheduled__2025-08-06T00:00:00+00:00
[2025-08-07 11:11:52,716] {subprocess.py:62} INFO - Tmp dir root location: 
 /tmp
[2025-08-07 11:11:52,717] {subprocess.py:74} INFO - Running command: ['bash', '-c', 'echo "example_bash_operator__runme_0__20250806" && sleep 1']
[2025-08-07 11:11:52,763] {subprocess.py:85} INFO - Output:
[2025-08-07 11:11:52,787] {subprocess.py:92} INFO - example_bash_operator__runme_0__20250806
[2025-08-07 11:11:53,793] {subprocess.py:96} INFO - Command exited with return code 0
[2025-08-07 11:11:53,885] {taskinstance.py:1400} INFO - Marking task as SUCCESS. dag_id=example_bash_operator, task_id=runme_0, execution_date=20250806T000000, start_date=20250807T111151, end_date=20250807T111153
[2025-08-07 11:11:53,947] {local_task_job.py:156} INFO - Task exited with return code 0
[2025-08-07 11:11:54,111] {local_task_job.py:273} INFO - 0 downstream tasks scheduled from follow-on schedule check
[2025-08-07 20:33:55,773] {taskinstance.py:1159} INFO - Dependencies all met for <TaskInstance: example_bash_operator.runme_0 scheduled__2025-08-06T00:00:00+00:00 [queued]>
[2025-08-07 20:33:55,800] {taskinstance.py:1159} INFO - Dependencies all met for <TaskInstance: example_bash_operator.runme_0 scheduled__2025-08-06T00:00:00+00:00 [queued]>
[2025-08-07 20:33:55,800] {taskinstance.py:1356} INFO - 
--------------------------------------------------------------------------------
[2025-08-07 20:33:55,800] {taskinstance.py:1357} INFO - Starting attempt 1 of 1
[2025-08-07 20:33:55,801] {taskinstance.py:1358} INFO - 
--------------------------------------------------------------------------------
[2025-08-07 20:33:55,840] {taskinstance.py:1377} INFO - Executing <Task(BashOperator): runme_0> on 2025-08-06 00:00:00+00:00
[2025-08-07 20:33:55,858] {standard_task_runner.py:52} INFO - Started process 529 to run task
[2025-08-07 20:33:55,868] {standard_task_runner.py:79} INFO - Running: ['***', 'tasks', 'run', 'example_bash_operator', 'runme_0', 'scheduled__2025-08-06T00:00:00+00:00', '--job-id', '43', '--raw', '--subdir', '/home/***/.local/lib/python3.7/site-packages/***/example_dags/example_bash_operator.py', '--cfg-path', '/tmp/tmpngxmljtx', '--error-file', '/tmp/tmpwhpq_kw5']
[2025-08-07 20:33:55,871] {standard_task_runner.py:80} INFO - Job 43: Subtask runme_0
[2025-08-07 20:33:56,160] {task_command.py:369} INFO - Running <TaskInstance: example_bash_operator.runme_0 scheduled__2025-08-06T00:00:00+00:00 [running]> on host 034e74559af0
[2025-08-07 20:33:57,680] {taskinstance.py:1571} INFO - Exporting the following env vars:
AIRFLOW_CTX_DAG_OWNER=***
AIRFLOW_CTX_DAG_ID=example_bash_operator
AIRFLOW_CTX_TASK_ID=runme_0
AIRFLOW_CTX_EXECUTION_DATE=2025-08-06T00:00:00+00:00
AIRFLOW_CTX_TRY_NUMBER=1
AIRFLOW_CTX_DAG_RUN_ID=scheduled__2025-08-06T00:00:00+00:00
[2025-08-07 20:33:57,682] {subprocess.py:62} INFO - Tmp dir root location: 
 /tmp
[2025-08-07 20:33:57,685] {subprocess.py:74} INFO - Running command: ['bash', '-c', 'echo "example_bash_operator__runme_0__20250806" && sleep 1']
[2025-08-07 20:33:58,012] {subprocess.py:85} INFO - Output:
[2025-08-07 20:34:55,148] {subprocess.py:92} INFO - example_bash_operator__runme_0__20250806
[2025-08-07 20:34:56,246] {subprocess.py:96} INFO - Command exited with return code 0
[2025-08-07 20:34:56,535] {taskinstance.py:1400} INFO - Marking task as SUCCESS. dag_id=example_bash_operator, task_id=runme_0, execution_date=20250806T000000, start_date=20250807T203355, end_date=20250807T203456
[2025-08-07 20:34:56,625] {local_task_job.py:156} INFO - Task exited with return code 0
[2025-08-07 20:34:56,784] {local_task_job.py:273} INFO - 0 downstream tasks scheduled from follow-on schedule check
