[2025-08-06 20:37:04,180] {taskinstance.py:1159} INFO - Dependencies all met for <TaskInstance: send_weather_to_kafka.verify_pipeline manual__2025-08-06T20:36:59.903217+00:00 [queued]>
[2025-08-06 20:37:04,194] {taskinstance.py:1159} INFO - Dependencies all met for <TaskInstance: send_weather_to_kafka.verify_pipeline manual__2025-08-06T20:36:59.903217+00:00 [queued]>
[2025-08-06 20:37:04,194] {taskinstance.py:1356} INFO - 
--------------------------------------------------------------------------------
[2025-08-06 20:37:04,194] {taskinstance.py:1357} INFO - Starting attempt 1 of 2
[2025-08-06 20:37:04,194] {taskinstance.py:1358} INFO - 
--------------------------------------------------------------------------------
[2025-08-06 20:37:04,213] {taskinstance.py:1377} INFO - Executing <Task(BashOperator): verify_pipeline> on 2025-08-06 20:36:59.903217+00:00
[2025-08-06 20:37:04,220] {standard_task_runner.py:52} INFO - Started process 571 to run task
[2025-08-06 20:37:04,224] {standard_task_runner.py:79} INFO - Running: ['***', 'tasks', 'run', 'send_weather_to_kafka', 'verify_pipeline', 'manual__2025-08-06T20:36:59.903217+00:00', '--job-id', '5', '--raw', '--subdir', 'DAGS_FOLDER/dag_meteo.py', '--cfg-path', '/tmp/tmplud6nxdi', '--error-file', '/tmp/tmpvr0g7bkx']
[2025-08-06 20:37:04,226] {standard_task_runner.py:80} INFO - Job 5: Subtask verify_pipeline
[2025-08-06 20:37:04,329] {task_command.py:369} INFO - Running <TaskInstance: send_weather_to_kafka.verify_pipeline manual__2025-08-06T20:36:59.903217+00:00 [running]> on host cade4da63509
[2025-08-06 20:37:04,699] {taskinstance.py:1571} INFO - Exporting the following env vars:
AIRFLOW_CTX_DAG_OWNER=***
AIRFLOW_CTX_DAG_ID=send_weather_to_kafka
AIRFLOW_CTX_TASK_ID=verify_pipeline
AIRFLOW_CTX_EXECUTION_DATE=2025-08-06T20:36:59.903217+00:00
AIRFLOW_CTX_TRY_NUMBER=1
AIRFLOW_CTX_DAG_RUN_ID=manual__2025-08-06T20:36:59.903217+00:00
[2025-08-06 20:37:04,700] {subprocess.py:62} INFO - Tmp dir root location: 
 /tmp
[2025-08-06 20:37:04,701] {subprocess.py:74} INFO - Running command: ['bash', '-c', '\n            echo "⏳ Attente traitement Logstash..." && sleep 30 &&\n            curl -s "http://elasticsearch:9200/_cat/indices/weather*" || echo "Pas encore d\'index weather"\n        ']
[2025-08-06 20:37:04,724] {subprocess.py:85} INFO - Output:
[2025-08-06 20:37:04,729] {subprocess.py:92} INFO - ⏳ Attente traitement Logstash...
[2025-08-06 20:37:34,766] {subprocess.py:96} INFO - Command exited with return code 0
[2025-08-06 20:37:34,853] {taskinstance.py:1400} INFO - Marking task as SUCCESS. dag_id=send_weather_to_kafka, task_id=verify_pipeline, execution_date=20250806T203659, start_date=20250806T203704, end_date=20250806T203734
[2025-08-06 20:37:34,928] {local_task_job.py:156} INFO - Task exited with return code 0
[2025-08-06 20:37:34,995] {local_task_job.py:273} INFO - 0 downstream tasks scheduled from follow-on schedule check
