[2025-08-07 16:02:22,406] {taskinstance.py:1159} INFO - Dependencies all met for <TaskInstance: example_sla_dag.sleep_30 scheduled__2025-08-07T16:00:00+00:00 [queued]>
[2025-08-07 16:02:22,425] {taskinstance.py:1159} INFO - Dependencies all met for <TaskInstance: example_sla_dag.sleep_30 scheduled__2025-08-07T16:00:00+00:00 [queued]>
[2025-08-07 16:02:22,425] {taskinstance.py:1356} INFO - 
--------------------------------------------------------------------------------
[2025-08-07 16:02:22,425] {taskinstance.py:1357} INFO - Starting attempt 1 of 1
[2025-08-07 16:02:22,425] {taskinstance.py:1358} INFO - 
--------------------------------------------------------------------------------
[2025-08-07 16:02:22,450] {taskinstance.py:1377} INFO - Executing <Task(_PythonDecoratedOperator): sleep_30> on 2025-08-07 16:00:00+00:00
[2025-08-07 16:02:22,462] {standard_task_runner.py:52} INFO - Started process 124330 to run task
[2025-08-07 16:02:22,469] {standard_task_runner.py:79} INFO - Running: ['***', 'tasks', 'run', 'example_sla_dag', 'sleep_30', 'scheduled__2025-08-07T16:00:00+00:00', '--job-id', '1561', '--raw', '--subdir', '/home/***/.local/lib/python3.7/site-packages/***/example_dags/example_sla_dag.py', '--cfg-path', '/tmp/tmpx0kf48u8', '--error-file', '/tmp/tmp7skr6e00']
[2025-08-07 16:02:22,471] {standard_task_runner.py:80} INFO - Job 1561: Subtask sleep_30
[2025-08-07 16:02:22,577] {task_command.py:369} INFO - Running <TaskInstance: example_sla_dag.sleep_30 scheduled__2025-08-07T16:00:00+00:00 [running]> on host b810b38b6a38
[2025-08-07 16:02:22,996] {taskinstance.py:1571} INFO - Exporting the following env vars:
AIRFLOW_CTX_DAG_EMAIL=email@example.com
AIRFLOW_CTX_DAG_OWNER=***
AIRFLOW_CTX_DAG_ID=example_sla_dag
AIRFLOW_CTX_TASK_ID=sleep_30
AIRFLOW_CTX_EXECUTION_DATE=2025-08-07T16:00:00+00:00
AIRFLOW_CTX_TRY_NUMBER=1
AIRFLOW_CTX_DAG_RUN_ID=scheduled__2025-08-07T16:00:00+00:00
[2025-08-07 16:02:53,027] {python.py:173} INFO - Done. Returned value was: None
[2025-08-07 16:02:53,052] {taskinstance.py:1400} INFO - Marking task as SUCCESS. dag_id=example_sla_dag, task_id=sleep_30, execution_date=20250807T160000, start_date=20250807T160222, end_date=20250807T160253
[2025-08-07 16:02:53,119] {local_task_job.py:156} INFO - Task exited with return code 0
[2025-08-07 16:02:53,163] {local_task_job.py:273} INFO - 0 downstream tasks scheduled from follow-on schedule check
