[2025-08-07 11:36:00,779] {taskinstance.py:1159} INFO - Dependencies all met for <TaskInstance: example_sla_dag.sleep_20 scheduled__2025-08-07T11:34:00+00:00 [queued]>
[2025-08-07 11:36:00,800] {taskinstance.py:1159} INFO - Dependencies all met for <TaskInstance: example_sla_dag.sleep_20 scheduled__2025-08-07T11:34:00+00:00 [queued]>
[2025-08-07 11:36:00,801] {taskinstance.py:1356} INFO - 
--------------------------------------------------------------------------------
[2025-08-07 11:36:00,801] {taskinstance.py:1357} INFO - Starting attempt 1 of 1
[2025-08-07 11:36:00,801] {taskinstance.py:1358} INFO - 
--------------------------------------------------------------------------------
[2025-08-07 11:36:00,840] {taskinstance.py:1377} INFO - Executing <Task(_PythonDecoratedOperator): sleep_20> on 2025-08-07 11:34:00+00:00
[2025-08-07 11:36:00,856] {standard_task_runner.py:52} INFO - Started process 5896 to run task
[2025-08-07 11:36:00,864] {standard_task_runner.py:79} INFO - Running: ['***', 'tasks', 'run', 'example_sla_dag', 'sleep_20', 'scheduled__2025-08-07T11:34:00+00:00', '--job-id', '203', '--raw', '--subdir', '/home/***/.local/lib/python3.7/site-packages/***/example_dags/example_sla_dag.py', '--cfg-path', '/tmp/tmpp89y_nqe', '--error-file', '/tmp/tmpru_c79c_']
[2025-08-07 11:36:00,867] {standard_task_runner.py:80} INFO - Job 203: Subtask sleep_20
[2025-08-07 11:36:01,030] {task_command.py:369} INFO - Running <TaskInstance: example_sla_dag.sleep_20 scheduled__2025-08-07T11:34:00+00:00 [running]> on host 40571d888a39
[2025-08-07 11:36:01,558] {taskinstance.py:1571} INFO - Exporting the following env vars:
AIRFLOW_CTX_DAG_EMAIL=email@example.com
AIRFLOW_CTX_DAG_OWNER=***
AIRFLOW_CTX_DAG_ID=example_sla_dag
AIRFLOW_CTX_TASK_ID=sleep_20
AIRFLOW_CTX_EXECUTION_DATE=2025-08-07T11:34:00+00:00
AIRFLOW_CTX_TRY_NUMBER=1
AIRFLOW_CTX_DAG_RUN_ID=scheduled__2025-08-07T11:34:00+00:00
[2025-08-07 11:36:21,580] {python.py:173} INFO - Done. Returned value was: None
[2025-08-07 11:36:21,609] {taskinstance.py:1400} INFO - Marking task as SUCCESS. dag_id=example_sla_dag, task_id=sleep_20, execution_date=20250807T113400, start_date=20250807T113600, end_date=20250807T113621
[2025-08-07 11:36:21,680] {local_task_job.py:156} INFO - Task exited with return code 0
[2025-08-07 11:36:21,741] {local_task_job.py:273} INFO - 1 downstream tasks scheduled from follow-on schedule check
