[2025-08-07 03:21:17,777] {taskinstance.py:1159} INFO - Dependencies all met for <TaskInstance: tutorial.templated scheduled__2025-08-06T03:21:13.169535+00:00 [queued]>
[2025-08-07 03:21:17,799] {taskinstance.py:1159} INFO - Dependencies all met for <TaskInstance: tutorial.templated scheduled__2025-08-06T03:21:13.169535+00:00 [queued]>
[2025-08-07 03:21:17,800] {taskinstance.py:1356} INFO - 
--------------------------------------------------------------------------------
[2025-08-07 03:21:17,801] {taskinstance.py:1357} INFO - Starting attempt 1 of 2
[2025-08-07 03:21:17,801] {taskinstance.py:1358} INFO - 
--------------------------------------------------------------------------------
[2025-08-07 03:21:17,863] {taskinstance.py:1377} INFO - Executing <Task(BashOperator): templated> on 2025-08-06 03:21:13.169535+00:00
[2025-08-07 03:21:17,883] {standard_task_runner.py:52} INFO - Started process 472 to run task
[2025-08-07 03:21:17,889] {standard_task_runner.py:79} INFO - Running: ['***', 'tasks', 'run', 'tutorial', 'templated', 'scheduled__2025-08-06T03:21:13.169535+00:00', '--job-id', '32', '--raw', '--subdir', '/home/***/.local/lib/python3.7/site-packages/***/example_dags/tutorial.py', '--cfg-path', '/tmp/tmprqbmcjvy', '--error-file', '/tmp/tmptjy9iahn']
[2025-08-07 03:21:17,894] {standard_task_runner.py:80} INFO - Job 32: Subtask templated
[2025-08-07 03:21:18,101] {task_command.py:369} INFO - Running <TaskInstance: tutorial.templated scheduled__2025-08-06T03:21:13.169535+00:00 [running]> on host f83ee74b89ef
[2025-08-07 03:21:18,683] {taskinstance.py:1571} INFO - Exporting the following env vars:
AIRFLOW_CTX_DAG_EMAIL=***@example.com
AIRFLOW_CTX_DAG_OWNER=***
AIRFLOW_CTX_DAG_ID=tutorial
AIRFLOW_CTX_TASK_ID=templated
AIRFLOW_CTX_EXECUTION_DATE=2025-08-06T03:21:13.169535+00:00
AIRFLOW_CTX_TRY_NUMBER=1
AIRFLOW_CTX_DAG_RUN_ID=scheduled__2025-08-06T03:21:13.169535+00:00
[2025-08-07 03:21:18,688] {subprocess.py:62} INFO - Tmp dir root location: 
 /tmp
[2025-08-07 03:21:18,689] {subprocess.py:74} INFO - Running command: ['bash', '-c', '\n\n    echo "2025-08-06"\n    echo "2025-08-13"\n\n    echo "2025-08-06"\n    echo "2025-08-13"\n\n    echo "2025-08-06"\n    echo "2025-08-13"\n\n    echo "2025-08-06"\n    echo "2025-08-13"\n\n    echo "2025-08-06"\n    echo "2025-08-13"\n']
[2025-08-07 03:21:18,732] {subprocess.py:85} INFO - Output:
[2025-08-07 03:21:18,736] {subprocess.py:92} INFO - 2025-08-06
[2025-08-07 03:21:18,736] {subprocess.py:92} INFO - 2025-08-13
[2025-08-07 03:21:18,737] {subprocess.py:92} INFO - 2025-08-06
[2025-08-07 03:21:18,737] {subprocess.py:92} INFO - 2025-08-13
[2025-08-07 03:21:18,737] {subprocess.py:92} INFO - 2025-08-06
[2025-08-07 03:21:18,737] {subprocess.py:92} INFO - 2025-08-13
[2025-08-07 03:21:18,737] {subprocess.py:92} INFO - 2025-08-06
[2025-08-07 03:21:18,737] {subprocess.py:92} INFO - 2025-08-13
[2025-08-07 03:21:18,737] {subprocess.py:92} INFO - 2025-08-06
[2025-08-07 03:21:18,737] {subprocess.py:92} INFO - 2025-08-13
[2025-08-07 03:21:18,739] {subprocess.py:96} INFO - Command exited with return code 0
[2025-08-07 03:21:18,810] {taskinstance.py:1400} INFO - Marking task as SUCCESS. dag_id=tutorial, task_id=templated, execution_date=20250806T032113, start_date=20250807T032117, end_date=20250807T032118
[2025-08-07 03:21:18,933] {local_task_job.py:156} INFO - Task exited with return code 0
[2025-08-07 03:21:19,321] {local_task_job.py:273} INFO - 0 downstream tasks scheduled from follow-on schedule check
