[2025-08-06 20:07:41,031] {taskinstance.py:1159} INFO - Dependencies all met for <TaskInstance: send_weather_to_kafka.verify_pipeline scheduled__2025-08-06T18:07:26.691373+00:00 [queued]>
[2025-08-06 20:07:41,049] {taskinstance.py:1159} INFO - Dependencies all met for <TaskInstance: send_weather_to_kafka.verify_pipeline scheduled__2025-08-06T18:07:26.691373+00:00 [queued]>
[2025-08-06 20:07:41,049] {taskinstance.py:1356} INFO - 
--------------------------------------------------------------------------------
[2025-08-06 20:07:41,049] {taskinstance.py:1357} INFO - Starting attempt 1 of 2
[2025-08-06 20:07:41,050] {taskinstance.py:1358} INFO - 
--------------------------------------------------------------------------------
[2025-08-06 20:07:41,077] {taskinstance.py:1377} INFO - Executing <Task(BashOperator): verify_pipeline> on 2025-08-06 18:07:26.691373+00:00
[2025-08-06 20:07:41,087] {standard_task_runner.py:52} INFO - Started process 566 to run task
[2025-08-06 20:07:41,093] {standard_task_runner.py:79} INFO - Running: ['***', 'tasks', 'run', 'send_weather_to_kafka', 'verify_pipeline', 'scheduled__2025-08-06T18:07:26.691373+00:00', '--job-id', '4', '--raw', '--subdir', 'DAGS_FOLDER/dag_meteo.py', '--cfg-path', '/tmp/tmpkp45h0rx', '--error-file', '/tmp/tmppggyvlm8']
[2025-08-06 20:07:41,094] {standard_task_runner.py:80} INFO - Job 4: Subtask verify_pipeline
[2025-08-06 20:07:41,184] {task_command.py:369} INFO - Running <TaskInstance: send_weather_to_kafka.verify_pipeline scheduled__2025-08-06T18:07:26.691373+00:00 [running]> on host 7eaacce03d17
[2025-08-06 20:07:41,474] {taskinstance.py:1571} INFO - Exporting the following env vars:
AIRFLOW_CTX_DAG_OWNER=***
AIRFLOW_CTX_DAG_ID=send_weather_to_kafka
AIRFLOW_CTX_TASK_ID=verify_pipeline
AIRFLOW_CTX_EXECUTION_DATE=2025-08-06T18:07:26.691373+00:00
AIRFLOW_CTX_TRY_NUMBER=1
AIRFLOW_CTX_DAG_RUN_ID=scheduled__2025-08-06T18:07:26.691373+00:00
[2025-08-06 20:07:41,475] {subprocess.py:62} INFO - Tmp dir root location: 
 /tmp
[2025-08-06 20:07:41,476] {subprocess.py:74} INFO - Running command: ['bash', '-c', '\n            echo "⏳ Attente traitement Logstash..." && sleep 30 &&\n            curl -s "http://elasticsearch:9200/_cat/indices/weather*" || echo "Pas encore d\'index weather"\n        ']
[2025-08-06 20:07:41,498] {subprocess.py:85} INFO - Output:
[2025-08-06 20:07:41,500] {subprocess.py:92} INFO - ⏳ Attente traitement Logstash...
[2025-08-06 20:08:11,572] {subprocess.py:96} INFO - Command exited with return code 0
[2025-08-06 20:08:11,644] {taskinstance.py:1400} INFO - Marking task as SUCCESS. dag_id=send_weather_to_kafka, task_id=verify_pipeline, execution_date=20250806T180726, start_date=20250806T200741, end_date=20250806T200811
[2025-08-06 20:08:11,687] {local_task_job.py:156} INFO - Task exited with return code 0
[2025-08-06 20:08:11,772] {local_task_job.py:273} INFO - 0 downstream tasks scheduled from follow-on schedule check
