[2025-08-07 09:15:01,029] {taskinstance.py:1159} INFO - Dependencies all met for <TaskInstance: example_branch_dop_operator_v3.condition scheduled__2025-08-07T09:14:00+00:00 [queued]>
[2025-08-07 09:15:01,042] {taskinstance.py:1159} INFO - Dependencies all met for <TaskInstance: example_branch_dop_operator_v3.condition scheduled__2025-08-07T09:14:00+00:00 [queued]>
[2025-08-07 09:15:01,042] {taskinstance.py:1356} INFO - 
--------------------------------------------------------------------------------
[2025-08-07 09:15:01,042] {taskinstance.py:1357} INFO - Starting attempt 1 of 1
[2025-08-07 09:15:01,042] {taskinstance.py:1358} INFO - 
--------------------------------------------------------------------------------
[2025-08-07 09:15:01,059] {taskinstance.py:1377} INFO - Executing <Task(BranchPythonOperator): condition> on 2025-08-07 09:14:00+00:00
[2025-08-07 09:15:01,069] {standard_task_runner.py:52} INFO - Started process 49486 to run task
[2025-08-07 09:15:01,075] {standard_task_runner.py:79} INFO - Running: ['***', 'tasks', 'run', 'example_branch_dop_operator_v3', 'condition', 'scheduled__2025-08-07T09:14:00+00:00', '--job-id', '584', '--raw', '--subdir', '/home/***/.local/lib/python3.7/site-packages/***/example_dags/example_branch_python_dop_operator_3.py', '--cfg-path', '/tmp/tmpgxrprt4f', '--error-file', '/tmp/tmpt43hhv3h']
[2025-08-07 09:15:01,078] {standard_task_runner.py:80} INFO - Job 584: Subtask condition
[2025-08-07 09:15:01,147] {task_command.py:369} INFO - Running <TaskInstance: example_branch_dop_operator_v3.condition scheduled__2025-08-07T09:14:00+00:00 [running]> on host 92a46ac2453f
[2025-08-07 09:15:01,371] {taskinstance.py:1571} INFO - Exporting the following env vars:
AIRFLOW_CTX_DAG_OWNER=***
AIRFLOW_CTX_DAG_ID=example_branch_dop_operator_v3
AIRFLOW_CTX_TASK_ID=condition
AIRFLOW_CTX_EXECUTION_DATE=2025-08-07T09:14:00+00:00
AIRFLOW_CTX_TRY_NUMBER=1
AIRFLOW_CTX_DAG_RUN_ID=scheduled__2025-08-07T09:14:00+00:00
[2025-08-07 09:15:01,382] {logging_mixin.py:115} WARNING - /home/***/.local/lib/python3.7/site-packages/***/utils/context.py:290 AirflowContextDeprecationWarning: Accessing 'execution_date' from the template is deprecated and will be removed in a future version. Please use 'data_interval_start' or 'logical_date' instead.
[2025-08-07 09:15:01,383] {logging_mixin.py:115} INFO - ------------- exec dttm = 2025-08-07T09:14:00+00:00 and minute = 14
[2025-08-07 09:15:01,383] {python.py:173} INFO - Done. Returned value was: empty_task_1
[2025-08-07 09:15:01,383] {skipmixin.py:140} INFO - Following branch empty_task_1
[2025-08-07 09:15:01,383] {skipmixin.py:175} INFO - Skipping tasks ['empty_task_2']
[2025-08-07 09:15:01,469] {taskinstance.py:1400} INFO - Marking task as SUCCESS. dag_id=example_branch_dop_operator_v3, task_id=condition, execution_date=20250807T091400, start_date=20250807T091501, end_date=20250807T091501
[2025-08-07 09:15:01,487] {local_task_job.py:156} INFO - Task exited with return code 0
[2025-08-07 09:15:01,556] {local_task_job.py:273} INFO - 1 downstream tasks scheduled from follow-on schedule check
