[2025-08-07 11:14:01,468] {taskinstance.py:1159} INFO - Dependencies all met for <TaskInstance: example_sla_dag.sleep_20 scheduled__2025-08-07T11:12:00+00:00 [queued]>
[2025-08-07 11:14:01,494] {taskinstance.py:1159} INFO - Dependencies all met for <TaskInstance: example_sla_dag.sleep_20 scheduled__2025-08-07T11:12:00+00:00 [queued]>
[2025-08-07 11:14:01,494] {taskinstance.py:1356} INFO - 
--------------------------------------------------------------------------------
[2025-08-07 11:14:01,494] {taskinstance.py:1357} INFO - Starting attempt 1 of 1
[2025-08-07 11:14:01,495] {taskinstance.py:1358} INFO - 
--------------------------------------------------------------------------------
[2025-08-07 11:14:01,538] {taskinstance.py:1377} INFO - Executing <Task(_PythonDecoratedOperator): sleep_20> on 2025-08-07 11:12:00+00:00
[2025-08-07 11:14:01,551] {standard_task_runner.py:52} INFO - Started process 1634 to run task
[2025-08-07 11:14:01,561] {standard_task_runner.py:79} INFO - Running: ['***', 'tasks', 'run', 'example_sla_dag', 'sleep_20', 'scheduled__2025-08-07T11:12:00+00:00', '--job-id', '74', '--raw', '--subdir', '/home/***/.local/lib/python3.7/site-packages/***/example_dags/example_sla_dag.py', '--cfg-path', '/tmp/tmpr9aomtxx', '--error-file', '/tmp/tmporc2spgb']
[2025-08-07 11:14:01,564] {standard_task_runner.py:80} INFO - Job 74: Subtask sleep_20
[2025-08-07 11:14:01,715] {task_command.py:369} INFO - Running <TaskInstance: example_sla_dag.sleep_20 scheduled__2025-08-07T11:12:00+00:00 [running]> on host b22dcc1493a4
[2025-08-07 11:14:02,237] {taskinstance.py:1571} INFO - Exporting the following env vars:
AIRFLOW_CTX_DAG_EMAIL=email@example.com
AIRFLOW_CTX_DAG_OWNER=***
AIRFLOW_CTX_DAG_ID=example_sla_dag
AIRFLOW_CTX_TASK_ID=sleep_20
AIRFLOW_CTX_EXECUTION_DATE=2025-08-07T11:12:00+00:00
AIRFLOW_CTX_TRY_NUMBER=1
AIRFLOW_CTX_DAG_RUN_ID=scheduled__2025-08-07T11:12:00+00:00
[2025-08-07 11:14:22,258] {python.py:173} INFO - Done. Returned value was: None
[2025-08-07 11:14:22,295] {taskinstance.py:1400} INFO - Marking task as SUCCESS. dag_id=example_sla_dag, task_id=sleep_20, execution_date=20250807T111200, start_date=20250807T111401, end_date=20250807T111422
[2025-08-07 11:14:22,367] {local_task_job.py:156} INFO - Task exited with return code 0
[2025-08-07 11:14:22,439] {local_task_job.py:273} INFO - 1 downstream tasks scheduled from follow-on schedule check
