[2025-08-07 20:34:59,362] {taskinstance.py:1159} INFO - Dependencies all met for <TaskInstance: example_task_group_decorator.task_group_function.task_3 scheduled__2025-08-06T20:33:39.868892+00:00 [queued]>
[2025-08-07 20:34:59,381] {taskinstance.py:1159} INFO - Dependencies all met for <TaskInstance: example_task_group_decorator.task_group_function.task_3 scheduled__2025-08-06T20:33:39.868892+00:00 [queued]>
[2025-08-07 20:34:59,382] {taskinstance.py:1356} INFO - 
--------------------------------------------------------------------------------
[2025-08-07 20:34:59,382] {taskinstance.py:1357} INFO - Starting attempt 1 of 1
[2025-08-07 20:34:59,382] {taskinstance.py:1358} INFO - 
--------------------------------------------------------------------------------
[2025-08-07 20:34:59,409] {taskinstance.py:1377} INFO - Executing <Task(_PythonDecoratedOperator): task_group_function.task_3> on 2025-08-06 20:33:39.868892+00:00
[2025-08-07 20:34:59,424] {standard_task_runner.py:52} INFO - Started process 667 to run task
[2025-08-07 20:34:59,428] {standard_task_runner.py:79} INFO - Running: ['***', 'tasks', 'run', 'example_task_group_decorator', 'task_group_function.task_3', 'scheduled__2025-08-06T20:33:39.868892+00:00', '--job-id', '56', '--raw', '--subdir', '/home/***/.local/lib/python3.7/site-packages/***/example_dags/example_task_group_decorator.py', '--cfg-path', '/tmp/tmpuyl3o153', '--error-file', '/tmp/tmp7eotud97']
[2025-08-07 20:34:59,430] {standard_task_runner.py:80} INFO - Job 56: Subtask task_group_function.task_3
[2025-08-07 20:34:59,533] {task_command.py:369} INFO - Running <TaskInstance: example_task_group_decorator.task_group_function.task_3 scheduled__2025-08-06T20:33:39.868892+00:00 [running]> on host 034e74559af0
[2025-08-07 20:35:00,265] {taskinstance.py:1571} INFO - Exporting the following env vars:
AIRFLOW_CTX_DAG_OWNER=***
AIRFLOW_CTX_DAG_ID=example_task_group_decorator
AIRFLOW_CTX_TASK_ID=task_group_function.task_3
AIRFLOW_CTX_EXECUTION_DATE=2025-08-06T20:33:39.868892+00:00
AIRFLOW_CTX_TRY_NUMBER=1
AIRFLOW_CTX_DAG_RUN_ID=scheduled__2025-08-06T20:33:39.868892+00:00
[2025-08-07 20:35:00,266] {logging_mixin.py:115} INFO - [ Task3 [ Task2 [ Task1 0 ] ] ]
[2025-08-07 20:35:00,267] {python.py:173} INFO - Done. Returned value was: None
[2025-08-07 20:35:00,310] {taskinstance.py:1400} INFO - Marking task as SUCCESS. dag_id=example_task_group_decorator, task_id=task_group_function.task_3, execution_date=20250806T203339, start_date=20250807T203459, end_date=20250807T203500
[2025-08-07 20:35:00,425] {local_task_job.py:156} INFO - Task exited with return code 0
[2025-08-07 20:35:00,661] {local_task_job.py:273} INFO - 0 downstream tasks scheduled from follow-on schedule check
