[2025-08-08 08:33:01,063] {taskinstance.py:1159} INFO - Dependencies all met for <TaskInstance: latest_only.latest_only scheduled__2025-08-08T04:32:58.589615+00:00 [queued]>
[2025-08-08 08:33:01,105] {taskinstance.py:1159} INFO - Dependencies all met for <TaskInstance: latest_only.latest_only scheduled__2025-08-08T04:32:58.589615+00:00 [queued]>
[2025-08-08 08:33:01,106] {taskinstance.py:1356} INFO - 
--------------------------------------------------------------------------------
[2025-08-08 08:33:01,106] {taskinstance.py:1357} INFO - Starting attempt 1 of 1
[2025-08-08 08:33:01,106] {taskinstance.py:1358} INFO - 
--------------------------------------------------------------------------------
[2025-08-08 08:33:01,161] {taskinstance.py:1377} INFO - Executing <Task(LatestOnlyOperator): latest_only> on 2025-08-08 04:32:58.589615+00:00
[2025-08-08 08:33:01,185] {standard_task_runner.py:52} INFO - Started process 8326 to run task
[2025-08-08 08:33:01,195] {standard_task_runner.py:79} INFO - Running: ['***', 'tasks', 'run', 'latest_only', 'latest_only', 'scheduled__2025-08-08T04:32:58.589615+00:00', '--job-id', '716', '--raw', '--subdir', '/home/***/.local/lib/python3.7/site-packages/***/example_dags/example_latest_only.py', '--cfg-path', '/tmp/tmpl4m80t8a', '--error-file', '/tmp/tmpr_6hth3g']
[2025-08-08 08:33:01,198] {standard_task_runner.py:80} INFO - Job 716: Subtask latest_only
[2025-08-08 08:33:01,375] {task_command.py:369} INFO - Running <TaskInstance: latest_only.latest_only scheduled__2025-08-08T04:32:58.589615+00:00 [running]> on host 98bad2c91b1f
[2025-08-08 08:33:01,859] {taskinstance.py:1571} INFO - Exporting the following env vars:
AIRFLOW_CTX_DAG_OWNER=***
AIRFLOW_CTX_DAG_ID=latest_only
AIRFLOW_CTX_TASK_ID=latest_only
AIRFLOW_CTX_EXECUTION_DATE=2025-08-08T04:32:58.589615+00:00
AIRFLOW_CTX_TRY_NUMBER=1
AIRFLOW_CTX_DAG_RUN_ID=scheduled__2025-08-08T04:32:58.589615+00:00
[2025-08-08 08:33:01,861] {latest_only.py:68} INFO - Checking latest only with left_window: 2025-08-08T08:32:58.589615+00:00 right_window: 2025-08-08T12:32:58.589615+00:00 now: 2025-08-08T08:33:01.861042+00:00
[2025-08-08 08:33:01,861] {latest_only.py:77} INFO - Latest, allowing execution to proceed.
[2025-08-08 08:33:01,861] {skipmixin.py:140} INFO - Following branch ['task1']
[2025-08-08 08:33:01,862] {skipmixin.py:175} INFO - Skipping tasks []
[2025-08-08 08:33:01,980] {taskinstance.py:1400} INFO - Marking task as SUCCESS. dag_id=latest_only, task_id=latest_only, execution_date=20250808T043258, start_date=20250808T083301, end_date=20250808T083301
[2025-08-08 08:33:02,059] {local_task_job.py:156} INFO - Task exited with return code 0
[2025-08-08 08:33:02,331] {local_task_job.py:273} INFO - 0 downstream tasks scheduled from follow-on schedule check
