[2025-08-08 08:55:17,102] {taskinstance.py:1159} INFO - Dependencies all met for <TaskInstance: example_task_group_decorator.task_group_function.task_2 scheduled__2025-08-07T08:55:07.352496+00:00 [queued]>
[2025-08-08 08:55:17,120] {taskinstance.py:1159} INFO - Dependencies all met for <TaskInstance: example_task_group_decorator.task_group_function.task_2 scheduled__2025-08-07T08:55:07.352496+00:00 [queued]>
[2025-08-08 08:55:17,120] {taskinstance.py:1356} INFO - 
--------------------------------------------------------------------------------
[2025-08-08 08:55:17,121] {taskinstance.py:1357} INFO - Starting attempt 1 of 1
[2025-08-08 08:55:17,121] {taskinstance.py:1358} INFO - 
--------------------------------------------------------------------------------
[2025-08-08 08:55:17,158] {taskinstance.py:1377} INFO - Executing <Task(_PythonDecoratedOperator): task_group_function.task_2> on 2025-08-07 08:55:07.352496+00:00
[2025-08-08 08:55:17,175] {standard_task_runner.py:52} INFO - Started process 533 to run task
[2025-08-08 08:55:17,224] {standard_task_runner.py:79} INFO - Running: ['***', 'tasks', 'run', 'example_task_group_decorator', 'task_group_function.task_2', 'scheduled__2025-08-07T08:55:07.352496+00:00', '--job-id', '49', '--raw', '--subdir', '/home/***/.local/lib/python3.7/site-packages/***/example_dags/example_task_group_decorator.py', '--cfg-path', '/tmp/tmpnyshyves', '--error-file', '/tmp/tmpnphfbjfg']
[2025-08-08 08:55:17,227] {standard_task_runner.py:80} INFO - Job 49: Subtask task_group_function.task_2
[2025-08-08 08:55:17,446] {task_command.py:369} INFO - Running <TaskInstance: example_task_group_decorator.task_group_function.task_2 scheduled__2025-08-07T08:55:07.352496+00:00 [running]> on host abdeb7f02efc
[2025-08-08 08:55:17,954] {taskinstance.py:1571} INFO - Exporting the following env vars:
AIRFLOW_CTX_DAG_OWNER=***
AIRFLOW_CTX_DAG_ID=example_task_group_decorator
AIRFLOW_CTX_TASK_ID=task_group_function.task_2
AIRFLOW_CTX_EXECUTION_DATE=2025-08-07T08:55:07.352496+00:00
AIRFLOW_CTX_TRY_NUMBER=1
AIRFLOW_CTX_DAG_RUN_ID=scheduled__2025-08-07T08:55:07.352496+00:00
[2025-08-08 08:55:17,955] {python.py:173} INFO - Done. Returned value was: [ Task2 [ Task1 0 ] ]
[2025-08-08 08:55:18,015] {taskinstance.py:1400} INFO - Marking task as SUCCESS. dag_id=example_task_group_decorator, task_id=task_group_function.task_2, execution_date=20250807T085507, start_date=20250808T085517, end_date=20250808T085518
[2025-08-08 08:55:18,068] {local_task_job.py:156} INFO - Task exited with return code 0
[2025-08-08 08:55:18,434] {local_task_job.py:273} INFO - 0 downstream tasks scheduled from follow-on schedule check
