[2025-08-06 20:01:23,028] {taskinstance.py:1159} INFO - Dependencies all met for <TaskInstance: send_weather_to_kafka.verify_pipeline scheduled__2025-08-06T18:01:13.035441+00:00 [queued]>
[2025-08-06 20:01:23,053] {taskinstance.py:1159} INFO - Dependencies all met for <TaskInstance: send_weather_to_kafka.verify_pipeline scheduled__2025-08-06T18:01:13.035441+00:00 [queued]>
[2025-08-06 20:01:23,053] {taskinstance.py:1356} INFO - 
--------------------------------------------------------------------------------
[2025-08-06 20:01:23,053] {taskinstance.py:1357} INFO - Starting attempt 1 of 2
[2025-08-06 20:01:23,054] {taskinstance.py:1358} INFO - 
--------------------------------------------------------------------------------
[2025-08-06 20:01:23,079] {taskinstance.py:1377} INFO - Executing <Task(BashOperator): verify_pipeline> on 2025-08-06 18:01:13.035441+00:00
[2025-08-06 20:01:23,093] {standard_task_runner.py:52} INFO - Started process 542 to run task
[2025-08-06 20:01:23,101] {standard_task_runner.py:79} INFO - Running: ['***', 'tasks', 'run', 'send_weather_to_kafka', 'verify_pipeline', 'scheduled__2025-08-06T18:01:13.035441+00:00', '--job-id', '3', '--raw', '--subdir', 'DAGS_FOLDER/dag_meteo.py', '--cfg-path', '/tmp/tmpjks3hfvj', '--error-file', '/tmp/tmpi3hr6ksz']
[2025-08-06 20:01:23,103] {standard_task_runner.py:80} INFO - Job 3: Subtask verify_pipeline
[2025-08-06 20:01:23,235] {task_command.py:369} INFO - Running <TaskInstance: send_weather_to_kafka.verify_pipeline scheduled__2025-08-06T18:01:13.035441+00:00 [running]> on host e549a7900e51
[2025-08-06 20:01:23,651] {taskinstance.py:1571} INFO - Exporting the following env vars:
AIRFLOW_CTX_DAG_OWNER=***
AIRFLOW_CTX_DAG_ID=send_weather_to_kafka
AIRFLOW_CTX_TASK_ID=verify_pipeline
AIRFLOW_CTX_EXECUTION_DATE=2025-08-06T18:01:13.035441+00:00
AIRFLOW_CTX_TRY_NUMBER=1
AIRFLOW_CTX_DAG_RUN_ID=scheduled__2025-08-06T18:01:13.035441+00:00
[2025-08-06 20:01:23,653] {subprocess.py:62} INFO - Tmp dir root location: 
 /tmp
[2025-08-06 20:01:23,654] {subprocess.py:74} INFO - Running command: ['bash', '-c', '\n            echo "⏳ Attente traitement Logstash..." && sleep 30 &&\n            curl -s "http://elasticsearch:9200/_cat/indices/weather*" || echo "Pas encore d\'index weather"\n        ']
[2025-08-06 20:01:23,679] {subprocess.py:85} INFO - Output:
[2025-08-06 20:01:23,684] {subprocess.py:92} INFO - ⏳ Attente traitement Logstash...
[2025-08-06 20:01:53,754] {subprocess.py:96} INFO - Command exited with return code 0
[2025-08-06 20:01:53,817] {taskinstance.py:1400} INFO - Marking task as SUCCESS. dag_id=send_weather_to_kafka, task_id=verify_pipeline, execution_date=20250806T180113, start_date=20250806T200123, end_date=20250806T200153
[2025-08-06 20:01:53,874] {local_task_job.py:156} INFO - Task exited with return code 0
[2025-08-06 20:01:53,935] {local_task_job.py:273} INFO - 0 downstream tasks scheduled from follow-on schedule check
