[2025-08-07 14:28:01,536] {taskinstance.py:1159} INFO - Dependencies all met for <TaskInstance: example_sla_dag.sleep_20 scheduled__2025-08-07T14:26:00+00:00 [queued]>
[2025-08-07 14:28:01,558] {taskinstance.py:1159} INFO - Dependencies all met for <TaskInstance: example_sla_dag.sleep_20 scheduled__2025-08-07T14:26:00+00:00 [queued]>
[2025-08-07 14:28:01,559] {taskinstance.py:1356} INFO - 
--------------------------------------------------------------------------------
[2025-08-07 14:28:01,559] {taskinstance.py:1357} INFO - Starting attempt 1 of 1
[2025-08-07 14:28:01,559] {taskinstance.py:1358} INFO - 
--------------------------------------------------------------------------------
[2025-08-07 14:28:01,593] {taskinstance.py:1377} INFO - Executing <Task(_PythonDecoratedOperator): sleep_20> on 2025-08-07 14:26:00+00:00
[2025-08-07 14:28:01,603] {standard_task_runner.py:52} INFO - Started process 77362 to run task
[2025-08-07 14:28:01,611] {standard_task_runner.py:79} INFO - Running: ['***', 'tasks', 'run', 'example_sla_dag', 'sleep_20', 'scheduled__2025-08-07T14:26:00+00:00', '--job-id', '1082', '--raw', '--subdir', '/home/***/.local/lib/python3.7/site-packages/***/example_dags/example_sla_dag.py', '--cfg-path', '/tmp/tmp96w5sg0d', '--error-file', '/tmp/tmp7qsr8ekc']
[2025-08-07 14:28:01,613] {standard_task_runner.py:80} INFO - Job 1082: Subtask sleep_20
[2025-08-07 14:28:01,727] {task_command.py:369} INFO - Running <TaskInstance: example_sla_dag.sleep_20 scheduled__2025-08-07T14:26:00+00:00 [running]> on host b810b38b6a38
[2025-08-07 14:28:02,208] {taskinstance.py:1571} INFO - Exporting the following env vars:
AIRFLOW_CTX_DAG_EMAIL=email@example.com
AIRFLOW_CTX_DAG_OWNER=***
AIRFLOW_CTX_DAG_ID=example_sla_dag
AIRFLOW_CTX_TASK_ID=sleep_20
AIRFLOW_CTX_EXECUTION_DATE=2025-08-07T14:26:00+00:00
AIRFLOW_CTX_TRY_NUMBER=1
AIRFLOW_CTX_DAG_RUN_ID=scheduled__2025-08-07T14:26:00+00:00
[2025-08-07 14:28:22,229] {python.py:173} INFO - Done. Returned value was: None
[2025-08-07 14:28:22,254] {taskinstance.py:1400} INFO - Marking task as SUCCESS. dag_id=example_sla_dag, task_id=sleep_20, execution_date=20250807T142600, start_date=20250807T142801, end_date=20250807T142822
[2025-08-07 14:28:22,302] {local_task_job.py:156} INFO - Task exited with return code 0
[2025-08-07 14:28:22,354] {local_task_job.py:273} INFO - 1 downstream tasks scheduled from follow-on schedule check
