[2025-08-06 17:27:16,082] {taskinstance.py:1159} INFO - Dependencies all met for <TaskInstance: send_weather_to_kafka.verify_pipeline manual__2025-08-06T17:27:09.412017+00:00 [queued]>
[2025-08-06 17:27:16,102] {taskinstance.py:1159} INFO - Dependencies all met for <TaskInstance: send_weather_to_kafka.verify_pipeline manual__2025-08-06T17:27:09.412017+00:00 [queued]>
[2025-08-06 17:27:16,103] {taskinstance.py:1356} INFO - 
--------------------------------------------------------------------------------
[2025-08-06 17:27:16,103] {taskinstance.py:1357} INFO - Starting attempt 1 of 2
[2025-08-06 17:27:16,103] {taskinstance.py:1358} INFO - 
--------------------------------------------------------------------------------
[2025-08-06 17:27:16,128] {taskinstance.py:1377} INFO - Executing <Task(BashOperator): verify_pipeline> on 2025-08-06 17:27:09.412017+00:00
[2025-08-06 17:27:16,137] {standard_task_runner.py:52} INFO - Started process 24914 to run task
[2025-08-06 17:27:16,142] {standard_task_runner.py:79} INFO - Running: ['***', 'tasks', 'run', 'send_weather_to_kafka', 'verify_pipeline', 'manual__2025-08-06T17:27:09.412017+00:00', '--job-id', '36', '--raw', '--subdir', 'DAGS_FOLDER/dag_meteo.py', '--cfg-path', '/tmp/tmp91xjhp0f', '--error-file', '/tmp/tmpj6huh1bl']
[2025-08-06 17:27:16,143] {standard_task_runner.py:80} INFO - Job 36: Subtask verify_pipeline
[2025-08-06 17:27:16,222] {task_command.py:369} INFO - Running <TaskInstance: send_weather_to_kafka.verify_pipeline manual__2025-08-06T17:27:09.412017+00:00 [running]> on host 536c12e0b7f9
[2025-08-06 17:27:16,328] {taskinstance.py:1571} INFO - Exporting the following env vars:
AIRFLOW_CTX_DAG_OWNER=***
AIRFLOW_CTX_DAG_ID=send_weather_to_kafka
AIRFLOW_CTX_TASK_ID=verify_pipeline
AIRFLOW_CTX_EXECUTION_DATE=2025-08-06T17:27:09.412017+00:00
AIRFLOW_CTX_TRY_NUMBER=1
AIRFLOW_CTX_DAG_RUN_ID=manual__2025-08-06T17:27:09.412017+00:00
[2025-08-06 17:27:16,329] {subprocess.py:62} INFO - Tmp dir root location: 
 /tmp
[2025-08-06 17:27:16,329] {subprocess.py:74} INFO - Running command: ['bash', '-c', '\n            echo " Attente traitement Logstash..." && sleep 30 &&\n            curl -s "http://elasticsearch:9200/_cat/indices/weather*" || echo "Pas encore d\'index weather"\n        ']
[2025-08-06 17:27:16,344] {subprocess.py:85} INFO - Output:
[2025-08-06 17:27:16,348] {subprocess.py:92} INFO -  Attente traitement Logstash...
[2025-08-06 17:27:46,373] {subprocess.py:92} INFO - yellow open weather_data ncGfBSZ5Rl2wP2uO7hVB2g 1 1 6 0 27.9kb 27.9kb
[2025-08-06 17:27:46,375] {subprocess.py:96} INFO - Command exited with return code 0
[2025-08-06 17:27:46,423] {taskinstance.py:1400} INFO - Marking task as SUCCESS. dag_id=send_weather_to_kafka, task_id=verify_pipeline, execution_date=20250806T172709, start_date=20250806T172716, end_date=20250806T172746
[2025-08-06 17:27:46,467] {local_task_job.py:156} INFO - Task exited with return code 0
[2025-08-06 17:27:46,516] {local_task_job.py:273} INFO - 0 downstream tasks scheduled from follow-on schedule check
