[2025-08-07 10:46:21,642] {taskinstance.py:1159} INFO - Dependencies all met for <TaskInstance: send_weather_to_kafka.verify_pipeline scheduled__2025-08-07T10:44:14.997141+00:00 [queued]>
[2025-08-07 10:46:21,662] {taskinstance.py:1159} INFO - Dependencies all met for <TaskInstance: send_weather_to_kafka.verify_pipeline scheduled__2025-08-07T10:44:14.997141+00:00 [queued]>
[2025-08-07 10:46:21,663] {taskinstance.py:1356} INFO - 
--------------------------------------------------------------------------------
[2025-08-07 10:46:21,663] {taskinstance.py:1357} INFO - Starting attempt 1 of 2
[2025-08-07 10:46:21,663] {taskinstance.py:1358} INFO - 
--------------------------------------------------------------------------------
[2025-08-07 10:46:21,690] {taskinstance.py:1377} INFO - Executing <Task(BashOperator): verify_pipeline> on 2025-08-07 10:44:14.997141+00:00
[2025-08-07 10:46:21,699] {standard_task_runner.py:52} INFO - Started process 3538 to run task
[2025-08-07 10:46:21,706] {standard_task_runner.py:79} INFO - Running: ['***', 'tasks', 'run', 'send_weather_to_kafka', 'verify_pipeline', 'scheduled__2025-08-07T10:44:14.997141+00:00', '--job-id', '93', '--raw', '--subdir', 'DAGS_FOLDER/dag_meteo.py', '--cfg-path', '/tmp/tmpuvicxrdc', '--error-file', '/tmp/tmpu6kx4mak']
[2025-08-07 10:46:21,708] {standard_task_runner.py:80} INFO - Job 93: Subtask verify_pipeline
[2025-08-07 10:46:21,817] {task_command.py:369} INFO - Running <TaskInstance: send_weather_to_kafka.verify_pipeline scheduled__2025-08-07T10:44:14.997141+00:00 [running]> on host 81d3b97a0728
[2025-08-07 10:46:22,144] {taskinstance.py:1571} INFO - Exporting the following env vars:
AIRFLOW_CTX_DAG_OWNER=alla
AIRFLOW_CTX_DAG_ID=send_weather_to_kafka
AIRFLOW_CTX_TASK_ID=verify_pipeline
AIRFLOW_CTX_EXECUTION_DATE=2025-08-07T10:44:14.997141+00:00
AIRFLOW_CTX_TRY_NUMBER=1
AIRFLOW_CTX_DAG_RUN_ID=scheduled__2025-08-07T10:44:14.997141+00:00
[2025-08-07 10:46:22,145] {subprocess.py:62} INFO - Tmp dir root location: 
 /tmp
[2025-08-07 10:46:22,146] {subprocess.py:74} INFO - Running command: ['bash', '-c', '\n            echo " Attente traitement Logstash..." && sleep 30 &&\n            curl -s "http://elasticsearch:9200/_cat/indices/weather*" || echo "Pas encore d\'index weather"\n        ']
[2025-08-07 10:46:22,168] {subprocess.py:85} INFO - Output:
[2025-08-07 10:46:22,172] {subprocess.py:92} INFO -  Attente traitement Logstash...
[2025-08-07 10:46:52,220] {subprocess.py:96} INFO - Command exited with return code 0
[2025-08-07 10:46:52,308] {taskinstance.py:1400} INFO - Marking task as SUCCESS. dag_id=send_weather_to_kafka, task_id=verify_pipeline, execution_date=20250807T104414, start_date=20250807T104621, end_date=20250807T104652
[2025-08-07 10:46:52,398] {local_task_job.py:156} INFO - Task exited with return code 0
[2025-08-07 10:46:52,475] {local_task_job.py:273} INFO - 0 downstream tasks scheduled from follow-on schedule check
