[2025-08-07 03:39:59,853] {taskinstance.py:1159} INFO - Dependencies all met for <TaskInstance: example_task_group.section_2.inner_section_2.task_2 scheduled__2025-08-06T03:39:55.011567+00:00 [queued]>
[2025-08-07 03:39:59,874] {taskinstance.py:1159} INFO - Dependencies all met for <TaskInstance: example_task_group.section_2.inner_section_2.task_2 scheduled__2025-08-06T03:39:55.011567+00:00 [queued]>
[2025-08-07 03:39:59,874] {taskinstance.py:1356} INFO - 
--------------------------------------------------------------------------------
[2025-08-07 03:39:59,874] {taskinstance.py:1357} INFO - Starting attempt 1 of 1
[2025-08-07 03:39:59,875] {taskinstance.py:1358} INFO - 
--------------------------------------------------------------------------------
[2025-08-07 03:39:59,906] {taskinstance.py:1377} INFO - Executing <Task(BashOperator): section_2.inner_section_2.task_2> on 2025-08-06 03:39:55.011567+00:00
[2025-08-07 03:39:59,924] {standard_task_runner.py:52} INFO - Started process 408 to run task
[2025-08-07 03:39:59,956] {standard_task_runner.py:79} INFO - Running: ['***', 'tasks', 'run', 'example_task_group', 'section_2.inner_section_2.task_2', 'scheduled__2025-08-06T03:39:55.011567+00:00', '--job-id', '22', '--raw', '--subdir', '/home/***/.local/lib/python3.7/site-packages/***/example_dags/example_task_group.py', '--cfg-path', '/tmp/tmptgrtl3n7', '--error-file', '/tmp/tmpen51gxne']
[2025-08-07 03:39:59,958] {standard_task_runner.py:80} INFO - Job 22: Subtask section_2.inner_section_2.task_2
[2025-08-07 03:40:00,105] {task_command.py:369} INFO - Running <TaskInstance: example_task_group.section_2.inner_section_2.task_2 scheduled__2025-08-06T03:39:55.011567+00:00 [running]> on host 92a46ac2453f
[2025-08-07 03:40:00,496] {taskinstance.py:1571} INFO - Exporting the following env vars:
AIRFLOW_CTX_DAG_OWNER=***
AIRFLOW_CTX_DAG_ID=example_task_group
AIRFLOW_CTX_TASK_ID=section_2.inner_section_2.task_2
AIRFLOW_CTX_EXECUTION_DATE=2025-08-06T03:39:55.011567+00:00
AIRFLOW_CTX_TRY_NUMBER=1
AIRFLOW_CTX_DAG_RUN_ID=scheduled__2025-08-06T03:39:55.011567+00:00
[2025-08-07 03:40:00,498] {subprocess.py:62} INFO - Tmp dir root location: 
 /tmp
[2025-08-07 03:40:00,499] {subprocess.py:74} INFO - Running command: ['bash', '-c', 'echo 1']
[2025-08-07 03:40:00,528] {subprocess.py:85} INFO - Output:
[2025-08-07 03:40:00,534] {subprocess.py:92} INFO - 1
[2025-08-07 03:40:00,537] {subprocess.py:96} INFO - Command exited with return code 0
[2025-08-07 03:40:00,784] {taskinstance.py:1400} INFO - Marking task as SUCCESS. dag_id=example_task_group, task_id=section_2.inner_section_2.task_2, execution_date=20250806T033955, start_date=20250807T033959, end_date=20250807T034000
[2025-08-07 03:40:00,923] {local_task_job.py:156} INFO - Task exited with return code 0
[2025-08-07 03:40:01,112] {local_task_job.py:273} INFO - 1 downstream tasks scheduled from follow-on schedule check
