[2025-08-07 07:58:21,436] {taskinstance.py:1159} INFO - Dependencies all met for <TaskInstance: example_branch_dop_operator_v3.condition scheduled__2025-08-07T04:00:00+00:00 [queued]>
[2025-08-07 07:58:21,463] {taskinstance.py:1159} INFO - Dependencies all met for <TaskInstance: example_branch_dop_operator_v3.condition scheduled__2025-08-07T04:00:00+00:00 [queued]>
[2025-08-07 07:58:21,464] {taskinstance.py:1356} INFO - 
--------------------------------------------------------------------------------
[2025-08-07 07:58:21,464] {taskinstance.py:1357} INFO - Starting attempt 1 of 1
[2025-08-07 07:58:21,464] {taskinstance.py:1358} INFO - 
--------------------------------------------------------------------------------
[2025-08-07 07:58:21,562] {taskinstance.py:1377} INFO - Executing <Task(BranchPythonOperator): condition> on 2025-08-07 04:00:00+00:00
[2025-08-07 07:58:21,582] {standard_task_runner.py:52} INFO - Started process 10888 to run task
[2025-08-07 07:58:21,598] {standard_task_runner.py:79} INFO - Running: ['***', 'tasks', 'run', 'example_branch_dop_operator_v3', 'condition', 'scheduled__2025-08-07T04:00:00+00:00', '--job-id', '191', '--raw', '--subdir', '/home/***/.local/lib/python3.7/site-packages/***/example_dags/example_branch_python_dop_operator_3.py', '--cfg-path', '/tmp/tmp1cyhd6mk', '--error-file', '/tmp/tmpqdwd9f24']
[2025-08-07 07:58:21,600] {standard_task_runner.py:80} INFO - Job 191: Subtask condition
[2025-08-07 07:58:21,875] {task_command.py:369} INFO - Running <TaskInstance: example_branch_dop_operator_v3.condition scheduled__2025-08-07T04:00:00+00:00 [running]> on host 92a46ac2453f
[2025-08-07 07:58:22,465] {taskinstance.py:1571} INFO - Exporting the following env vars:
AIRFLOW_CTX_DAG_OWNER=***
AIRFLOW_CTX_DAG_ID=example_branch_dop_operator_v3
AIRFLOW_CTX_TASK_ID=condition
AIRFLOW_CTX_EXECUTION_DATE=2025-08-07T04:00:00+00:00
AIRFLOW_CTX_TRY_NUMBER=1
AIRFLOW_CTX_DAG_RUN_ID=scheduled__2025-08-07T04:00:00+00:00
[2025-08-07 07:58:22,530] {logging_mixin.py:115} WARNING - /home/***/.local/lib/python3.7/site-packages/***/utils/context.py:290 AirflowContextDeprecationWarning: Accessing 'execution_date' from the template is deprecated and will be removed in a future version. Please use 'data_interval_start' or 'logical_date' instead.
[2025-08-07 07:58:22,530] {logging_mixin.py:115} INFO - ------------- exec dttm = 2025-08-07T04:00:00+00:00 and minute = 0
[2025-08-07 07:58:22,530] {python.py:173} INFO - Done. Returned value was: empty_task_1
[2025-08-07 07:58:22,530] {skipmixin.py:140} INFO - Following branch empty_task_1
[2025-08-07 07:58:22,531] {skipmixin.py:175} INFO - Skipping tasks ['empty_task_2']
[2025-08-07 07:58:22,707] {taskinstance.py:1400} INFO - Marking task as SUCCESS. dag_id=example_branch_dop_operator_v3, task_id=condition, execution_date=20250807T040000, start_date=20250807T075821, end_date=20250807T075822
[2025-08-07 07:58:22,797] {local_task_job.py:156} INFO - Task exited with return code 0
[2025-08-07 07:58:22,933] {local_task_job.py:273} INFO - 1 downstream tasks scheduled from follow-on schedule check
