[2025-08-07 09:14:22,370] {taskinstance.py:1159} INFO - Dependencies all met for <TaskInstance: example_sla_dag.sleep_30 scheduled__2025-08-07T09:12:00+00:00 [queued]>
[2025-08-07 09:14:22,375] {taskinstance.py:1159} INFO - Dependencies all met for <TaskInstance: example_sla_dag.sleep_30 scheduled__2025-08-07T09:12:00+00:00 [queued]>
[2025-08-07 09:14:22,376] {taskinstance.py:1356} INFO - 
--------------------------------------------------------------------------------
[2025-08-07 09:14:22,376] {taskinstance.py:1357} INFO - Starting attempt 1 of 1
[2025-08-07 09:14:22,376] {taskinstance.py:1358} INFO - 
--------------------------------------------------------------------------------
[2025-08-07 09:14:22,388] {taskinstance.py:1377} INFO - Executing <Task(_PythonDecoratedOperator): sleep_30> on 2025-08-07 09:12:00+00:00
[2025-08-07 09:14:22,393] {standard_task_runner.py:52} INFO - Started process 49146 to run task
[2025-08-07 09:14:22,396] {standard_task_runner.py:79} INFO - Running: ['***', 'tasks', 'run', 'example_sla_dag', 'sleep_30', 'scheduled__2025-08-07T09:12:00+00:00', '--job-id', '582', '--raw', '--subdir', '/home/***/.local/lib/python3.7/site-packages/***/example_dags/example_sla_dag.py', '--cfg-path', '/tmp/tmp0wnwrmb_', '--error-file', '/tmp/tmpbelmh65r']
[2025-08-07 09:14:22,397] {standard_task_runner.py:80} INFO - Job 582: Subtask sleep_30
[2025-08-07 09:14:22,477] {task_command.py:369} INFO - Running <TaskInstance: example_sla_dag.sleep_30 scheduled__2025-08-07T09:12:00+00:00 [running]> on host 92a46ac2453f
[2025-08-07 09:14:22,639] {taskinstance.py:1571} INFO - Exporting the following env vars:
AIRFLOW_CTX_DAG_EMAIL=email@example.com
AIRFLOW_CTX_DAG_OWNER=***
AIRFLOW_CTX_DAG_ID=example_sla_dag
AIRFLOW_CTX_TASK_ID=sleep_30
AIRFLOW_CTX_EXECUTION_DATE=2025-08-07T09:12:00+00:00
AIRFLOW_CTX_TRY_NUMBER=1
AIRFLOW_CTX_DAG_RUN_ID=scheduled__2025-08-07T09:12:00+00:00
[2025-08-07 09:14:52,669] {python.py:173} INFO - Done. Returned value was: None
[2025-08-07 09:14:52,690] {taskinstance.py:1400} INFO - Marking task as SUCCESS. dag_id=example_sla_dag, task_id=sleep_30, execution_date=20250807T091200, start_date=20250807T091422, end_date=20250807T091452
[2025-08-07 09:14:52,758] {local_task_job.py:156} INFO - Task exited with return code 0
[2025-08-07 09:14:52,804] {local_task_job.py:273} INFO - 0 downstream tasks scheduled from follow-on schedule check
