[2025-08-08 08:32:53,155] {taskinstance.py:1159} INFO - Dependencies all met for <TaskInstance: example_bash_operator.also_run_this scheduled__2025-08-07T00:00:00+00:00 [queued]>
[2025-08-08 08:32:53,393] {taskinstance.py:1159} INFO - Dependencies all met for <TaskInstance: example_bash_operator.also_run_this scheduled__2025-08-07T00:00:00+00:00 [queued]>
[2025-08-08 08:32:53,399] {taskinstance.py:1356} INFO - 
--------------------------------------------------------------------------------
[2025-08-08 08:32:53,401] {taskinstance.py:1357} INFO - Starting attempt 1 of 1
[2025-08-08 08:32:53,402] {taskinstance.py:1358} INFO - 
--------------------------------------------------------------------------------
[2025-08-08 08:32:53,668] {taskinstance.py:1377} INFO - Executing <Task(BashOperator): also_run_this> on 2025-08-07 00:00:00+00:00
[2025-08-08 08:32:53,771] {standard_task_runner.py:52} INFO - Started process 8227 to run task
[2025-08-08 08:32:53,856] {standard_task_runner.py:79} INFO - Running: ['***', 'tasks', 'run', 'example_bash_operator', 'also_run_this', 'scheduled__2025-08-07T00:00:00+00:00', '--job-id', '702', '--raw', '--subdir', '/home/***/.local/lib/python3.7/site-packages/***/example_dags/example_bash_operator.py', '--cfg-path', '/tmp/tmptqv4i8jy', '--error-file', '/tmp/tmpa9j_hjh6']
[2025-08-08 08:32:53,862] {standard_task_runner.py:80} INFO - Job 702: Subtask also_run_this
[2025-08-08 08:32:54,879] {task_command.py:369} INFO - Running <TaskInstance: example_bash_operator.also_run_this scheduled__2025-08-07T00:00:00+00:00 [running]> on host 98bad2c91b1f
[2025-08-08 08:32:56,760] {taskinstance.py:1571} INFO - Exporting the following env vars:
AIRFLOW_CTX_DAG_OWNER=***
AIRFLOW_CTX_DAG_ID=example_bash_operator
AIRFLOW_CTX_TASK_ID=also_run_this
AIRFLOW_CTX_EXECUTION_DATE=2025-08-07T00:00:00+00:00
AIRFLOW_CTX_TRY_NUMBER=1
AIRFLOW_CTX_DAG_RUN_ID=scheduled__2025-08-07T00:00:00+00:00
[2025-08-08 08:32:56,762] {subprocess.py:62} INFO - Tmp dir root location: 
 /tmp
[2025-08-08 08:32:56,764] {subprocess.py:74} INFO - Running command: ['bash', '-c', 'echo "run_id=scheduled__2025-08-07T00:00:00+00:00 | dag_run=<DagRun example_bash_operator @ 2025-08-07 00:00:00+00:00: scheduled__2025-08-07T00:00:00+00:00, externally triggered: False>"']
[2025-08-08 08:32:56,842] {subprocess.py:85} INFO - Output:
[2025-08-08 08:32:56,852] {subprocess.py:92} INFO - run_id=scheduled__2025-08-07T00:00:00+00:00 | dag_run=<DagRun example_bash_operator @ 2025-08-07 00:00:00+00:00: scheduled__2025-08-07T00:00:00+00:00, externally triggered: False>
[2025-08-08 08:32:56,856] {subprocess.py:96} INFO - Command exited with return code 0
[2025-08-08 08:32:58,141] {taskinstance.py:1400} INFO - Marking task as SUCCESS. dag_id=example_bash_operator, task_id=also_run_this, execution_date=20250807T000000, start_date=20250808T083253, end_date=20250808T083258
[2025-08-08 08:32:58,391] {local_task_job.py:156} INFO - Task exited with return code 0
[2025-08-08 08:32:58,861] {local_task_job.py:273} INFO - 0 downstream tasks scheduled from follow-on schedule check
[2025-08-08 08:55:14,821] {taskinstance.py:1159} INFO - Dependencies all met for <TaskInstance: example_bash_operator.also_run_this scheduled__2025-08-07T00:00:00+00:00 [queued]>
[2025-08-08 08:55:14,889] {taskinstance.py:1159} INFO - Dependencies all met for <TaskInstance: example_bash_operator.also_run_this scheduled__2025-08-07T00:00:00+00:00 [queued]>
[2025-08-08 08:55:14,890] {taskinstance.py:1356} INFO - 
--------------------------------------------------------------------------------
[2025-08-08 08:55:14,890] {taskinstance.py:1357} INFO - Starting attempt 1 of 1
[2025-08-08 08:55:14,890] {taskinstance.py:1358} INFO - 
--------------------------------------------------------------------------------
[2025-08-08 08:55:14,933] {taskinstance.py:1377} INFO - Executing <Task(BashOperator): also_run_this> on 2025-08-07 00:00:00+00:00
[2025-08-08 08:55:14,991] {standard_task_runner.py:79} INFO - Running: ['***', 'tasks', 'run', 'example_bash_operator', 'also_run_this', 'scheduled__2025-08-07T00:00:00+00:00', '--job-id', '38', '--raw', '--subdir', '/home/***/.local/lib/python3.7/site-packages/***/example_dags/example_bash_operator.py', '--cfg-path', '/tmp/tmpy1pw741l', '--error-file', '/tmp/tmpnvhawwk_']
[2025-08-08 08:55:14,971] {standard_task_runner.py:52} INFO - Started process 506 to run task
[2025-08-08 08:55:15,003] {standard_task_runner.py:80} INFO - Job 38: Subtask also_run_this
[2025-08-08 08:55:15,438] {task_command.py:369} INFO - Running <TaskInstance: example_bash_operator.also_run_this scheduled__2025-08-07T00:00:00+00:00 [running]> on host abdeb7f02efc
[2025-08-08 08:55:15,966] {taskinstance.py:1571} INFO - Exporting the following env vars:
AIRFLOW_CTX_DAG_OWNER=***
AIRFLOW_CTX_DAG_ID=example_bash_operator
AIRFLOW_CTX_TASK_ID=also_run_this
AIRFLOW_CTX_EXECUTION_DATE=2025-08-07T00:00:00+00:00
AIRFLOW_CTX_TRY_NUMBER=1
AIRFLOW_CTX_DAG_RUN_ID=scheduled__2025-08-07T00:00:00+00:00
[2025-08-08 08:55:15,973] {subprocess.py:62} INFO - Tmp dir root location: 
 /tmp
[2025-08-08 08:55:15,974] {subprocess.py:74} INFO - Running command: ['bash', '-c', 'echo "run_id=scheduled__2025-08-07T00:00:00+00:00 | dag_run=<DagRun example_bash_operator @ 2025-08-07 00:00:00+00:00: scheduled__2025-08-07T00:00:00+00:00, externally triggered: False>"']
[2025-08-08 08:55:16,012] {subprocess.py:85} INFO - Output:
[2025-08-08 08:55:16,018] {subprocess.py:92} INFO - run_id=scheduled__2025-08-07T00:00:00+00:00 | dag_run=<DagRun example_bash_operator @ 2025-08-07 00:00:00+00:00: scheduled__2025-08-07T00:00:00+00:00, externally triggered: False>
[2025-08-08 08:55:16,020] {subprocess.py:96} INFO - Command exited with return code 0
[2025-08-08 08:55:16,847] {taskinstance.py:1400} INFO - Marking task as SUCCESS. dag_id=example_bash_operator, task_id=also_run_this, execution_date=20250807T000000, start_date=20250808T085514, end_date=20250808T085516
[2025-08-08 08:55:17,163] {local_task_job.py:156} INFO - Task exited with return code 0
[2025-08-08 08:55:17,450] {local_task_job.py:273} INFO - 0 downstream tasks scheduled from follow-on schedule check
