[2025-08-07 10:40:19,858] {taskinstance.py:1159} INFO - Dependencies all met for <TaskInstance: example_task_group.section_1.task_2 scheduled__2025-08-06T10:40:16.629056+00:00 [queued]>
[2025-08-07 10:40:19,884] {taskinstance.py:1159} INFO - Dependencies all met for <TaskInstance: example_task_group.section_1.task_2 scheduled__2025-08-06T10:40:16.629056+00:00 [queued]>
[2025-08-07 10:40:19,885] {taskinstance.py:1356} INFO - 
--------------------------------------------------------------------------------
[2025-08-07 10:40:19,885] {taskinstance.py:1357} INFO - Starting attempt 1 of 1
[2025-08-07 10:40:19,885] {taskinstance.py:1358} INFO - 
--------------------------------------------------------------------------------
[2025-08-07 10:40:19,935] {taskinstance.py:1377} INFO - Executing <Task(BashOperator): section_1.task_2> on 2025-08-06 10:40:16.629056+00:00
[2025-08-07 10:40:19,955] {standard_task_runner.py:52} INFO - Started process 356 to run task
[2025-08-07 10:40:19,963] {standard_task_runner.py:79} INFO - Running: ['***', 'tasks', 'run', 'example_task_group', 'section_1.task_2', 'scheduled__2025-08-06T10:40:16.629056+00:00', '--job-id', '15', '--raw', '--subdir', '/home/***/.local/lib/python3.7/site-packages/***/example_dags/example_task_group.py', '--cfg-path', '/tmp/tmpd0e61ypo', '--error-file', '/tmp/tmpge62ts3j']
[2025-08-07 10:40:19,965] {standard_task_runner.py:80} INFO - Job 15: Subtask section_1.task_2
[2025-08-07 10:40:20,138] {task_command.py:369} INFO - Running <TaskInstance: example_task_group.section_1.task_2 scheduled__2025-08-06T10:40:16.629056+00:00 [running]> on host 81d3b97a0728
[2025-08-07 10:40:20,703] {taskinstance.py:1571} INFO - Exporting the following env vars:
AIRFLOW_CTX_DAG_OWNER=***
AIRFLOW_CTX_DAG_ID=example_task_group
AIRFLOW_CTX_TASK_ID=section_1.task_2
AIRFLOW_CTX_EXECUTION_DATE=2025-08-06T10:40:16.629056+00:00
AIRFLOW_CTX_TRY_NUMBER=1
AIRFLOW_CTX_DAG_RUN_ID=scheduled__2025-08-06T10:40:16.629056+00:00
[2025-08-07 10:40:20,705] {subprocess.py:62} INFO - Tmp dir root location: 
 /tmp
[2025-08-07 10:40:20,706] {subprocess.py:74} INFO - Running command: ['bash', '-c', 'echo 1']
[2025-08-07 10:40:20,756] {subprocess.py:85} INFO - Output:
[2025-08-07 10:40:20,780] {subprocess.py:92} INFO - 1
[2025-08-07 10:40:20,787] {subprocess.py:96} INFO - Command exited with return code 0
[2025-08-07 10:40:21,037] {taskinstance.py:1400} INFO - Marking task as SUCCESS. dag_id=example_task_group, task_id=section_1.task_2, execution_date=20250806T104016, start_date=20250807T104019, end_date=20250807T104021
[2025-08-07 10:40:21,101] {local_task_job.py:156} INFO - Task exited with return code 0
[2025-08-07 10:40:21,251] {local_task_job.py:273} INFO - 3 downstream tasks scheduled from follow-on schedule check
