[2025-08-07 11:20:23,399] {taskinstance.py:1159} INFO - Dependencies all met for <TaskInstance: example_sla_dag.sleep_30 scheduled__2025-08-07T11:18:00+00:00 [queued]>
[2025-08-07 11:20:23,415] {taskinstance.py:1159} INFO - Dependencies all met for <TaskInstance: example_sla_dag.sleep_30 scheduled__2025-08-07T11:18:00+00:00 [queued]>
[2025-08-07 11:20:23,415] {taskinstance.py:1356} INFO - 
--------------------------------------------------------------------------------
[2025-08-07 11:20:23,415] {taskinstance.py:1357} INFO - Starting attempt 1 of 1
[2025-08-07 11:20:23,415] {taskinstance.py:1358} INFO - 
--------------------------------------------------------------------------------
[2025-08-07 11:20:23,434] {taskinstance.py:1377} INFO - Executing <Task(_PythonDecoratedOperator): sleep_30> on 2025-08-07 11:18:00+00:00
[2025-08-07 11:20:23,443] {standard_task_runner.py:52} INFO - Started process 4859 to run task
[2025-08-07 11:20:23,449] {standard_task_runner.py:79} INFO - Running: ['***', 'tasks', 'run', 'example_sla_dag', 'sleep_30', 'scheduled__2025-08-07T11:18:00+00:00', '--job-id', '112', '--raw', '--subdir', '/home/***/.local/lib/python3.7/site-packages/***/example_dags/example_sla_dag.py', '--cfg-path', '/tmp/tmpdsdxxq8q', '--error-file', '/tmp/tmp73u8_8ee']
[2025-08-07 11:20:23,450] {standard_task_runner.py:80} INFO - Job 112: Subtask sleep_30
[2025-08-07 11:20:23,559] {task_command.py:369} INFO - Running <TaskInstance: example_sla_dag.sleep_30 scheduled__2025-08-07T11:18:00+00:00 [running]> on host b22dcc1493a4
[2025-08-07 11:20:23,845] {taskinstance.py:1571} INFO - Exporting the following env vars:
AIRFLOW_CTX_DAG_EMAIL=email@example.com
AIRFLOW_CTX_DAG_OWNER=***
AIRFLOW_CTX_DAG_ID=example_sla_dag
AIRFLOW_CTX_TASK_ID=sleep_30
AIRFLOW_CTX_EXECUTION_DATE=2025-08-07T11:18:00+00:00
AIRFLOW_CTX_TRY_NUMBER=1
AIRFLOW_CTX_DAG_RUN_ID=scheduled__2025-08-07T11:18:00+00:00
[2025-08-07 11:20:53,875] {python.py:173} INFO - Done. Returned value was: None
[2025-08-07 11:20:53,898] {taskinstance.py:1400} INFO - Marking task as SUCCESS. dag_id=example_sla_dag, task_id=sleep_30, execution_date=20250807T111800, start_date=20250807T112023, end_date=20250807T112053
[2025-08-07 11:20:53,975] {local_task_job.py:156} INFO - Task exited with return code 0
[2025-08-07 11:20:54,031] {local_task_job.py:273} INFO - 0 downstream tasks scheduled from follow-on schedule check
