[2025-08-07 03:21:12,380] {taskinstance.py:1159} INFO - Dependencies all met for <TaskInstance: example_subdag_operator.section-1 scheduled__2025-08-05T00:00:00+00:00 [queued]>
[2025-08-07 03:21:12,450] {taskinstance.py:1159} INFO - Dependencies all met for <TaskInstance: example_subdag_operator.section-1 scheduled__2025-08-05T00:00:00+00:00 [queued]>
[2025-08-07 03:21:12,452] {taskinstance.py:1356} INFO - 
--------------------------------------------------------------------------------
[2025-08-07 03:21:12,452] {taskinstance.py:1357} INFO - Starting attempt 1 of 3
[2025-08-07 03:21:12,453] {taskinstance.py:1358} INFO - 
--------------------------------------------------------------------------------
[2025-08-07 03:21:12,485] {taskinstance.py:1377} INFO - Executing <Task(SubDagOperator): section-1> on 2025-08-05 00:00:00+00:00
[2025-08-07 03:21:12,496] {standard_task_runner.py:52} INFO - Started process 335 to run task
[2025-08-07 03:21:12,505] {standard_task_runner.py:79} INFO - Running: ['***', 'tasks', 'run', 'example_subdag_operator', 'section-1', 'scheduled__2025-08-05T00:00:00+00:00', '--job-id', '15', '--raw', '--subdir', '/home/***/.local/lib/python3.7/site-packages/***/example_dags/example_subdag_operator.py', '--cfg-path', '/tmp/tmpaprpq7pq', '--error-file', '/tmp/tmp6am6zz9x']
[2025-08-07 03:21:12,515] {standard_task_runner.py:80} INFO - Job 15: Subtask section-1
[2025-08-07 03:21:12,852] {task_command.py:369} INFO - Running <TaskInstance: example_subdag_operator.section-1 scheduled__2025-08-05T00:00:00+00:00 [running]> on host f83ee74b89ef
[2025-08-07 03:21:13,540] {taskinstance.py:1571} INFO - Exporting the following env vars:
AIRFLOW_CTX_DAG_OWNER=***
AIRFLOW_CTX_DAG_ID=example_subdag_operator
AIRFLOW_CTX_TASK_ID=section-1
AIRFLOW_CTX_EXECUTION_DATE=2025-08-05T00:00:00+00:00
AIRFLOW_CTX_TRY_NUMBER=1
AIRFLOW_CTX_DAG_RUN_ID=scheduled__2025-08-05T00:00:00+00:00
[2025-08-07 03:21:13,559] {logging_mixin.py:115} WARNING - /home/***/.local/lib/python3.7/site-packages/***/utils/context.py:202 AirflowContextDeprecationWarning: Accessing 'execution_date' from the template is deprecated and will be removed in a future version. Please use 'data_interval_start' or 'logical_date' instead.
[2025-08-07 03:21:13,691] {subdag.py:176} INFO - Created DagRun: scheduled__2025-08-05T00:00:00+00:00
[2025-08-07 03:22:13,789] {base.py:301} INFO - Success criteria met. Exiting.
[2025-08-07 03:22:13,800] {subdag.py:191} INFO - Execution finished. State is success
[2025-08-07 03:22:13,821] {taskinstance.py:1400} INFO - Marking task as SUCCESS. dag_id=example_subdag_operator, task_id=section-1, execution_date=20250805T000000, start_date=20250807T032112, end_date=20250807T032213
[2025-08-07 03:22:13,875] {local_task_job.py:156} INFO - Task exited with return code 0
[2025-08-07 03:22:13,965] {local_task_job.py:273} INFO - 1 downstream tasks scheduled from follow-on schedule check
[2025-08-07 03:29:48,594] {taskinstance.py:1159} INFO - Dependencies all met for <TaskInstance: example_subdag_operator.section-1 scheduled__2025-08-05T00:00:00+00:00 [queued]>
[2025-08-07 03:29:48,614] {taskinstance.py:1159} INFO - Dependencies all met for <TaskInstance: example_subdag_operator.section-1 scheduled__2025-08-05T00:00:00+00:00 [queued]>
[2025-08-07 03:29:48,615] {taskinstance.py:1356} INFO - 
--------------------------------------------------------------------------------
[2025-08-07 03:29:48,615] {taskinstance.py:1357} INFO - Starting attempt 1 of 3
[2025-08-07 03:29:48,616] {taskinstance.py:1358} INFO - 
--------------------------------------------------------------------------------
[2025-08-07 03:29:48,656] {taskinstance.py:1377} INFO - Executing <Task(SubDagOperator): section-1> on 2025-08-05 00:00:00+00:00
[2025-08-07 03:29:48,665] {standard_task_runner.py:52} INFO - Started process 316 to run task
[2025-08-07 03:29:48,672] {standard_task_runner.py:79} INFO - Running: ['***', 'tasks', 'run', 'example_subdag_operator', 'section-1', 'scheduled__2025-08-05T00:00:00+00:00', '--job-id', '9', '--raw', '--subdir', '/home/***/.local/lib/python3.7/site-packages/***/example_dags/example_subdag_operator.py', '--cfg-path', '/tmp/tmpo3qvp4gs', '--error-file', '/tmp/tmpob704y3o']
[2025-08-07 03:29:48,681] {standard_task_runner.py:80} INFO - Job 9: Subtask section-1
[2025-08-07 03:29:48,840] {task_command.py:369} INFO - Running <TaskInstance: example_subdag_operator.section-1 scheduled__2025-08-05T00:00:00+00:00 [running]> on host 47565329e35b
[2025-08-07 03:29:49,487] {taskinstance.py:1571} INFO - Exporting the following env vars:
AIRFLOW_CTX_DAG_OWNER=***
AIRFLOW_CTX_DAG_ID=example_subdag_operator
AIRFLOW_CTX_TASK_ID=section-1
AIRFLOW_CTX_EXECUTION_DATE=2025-08-05T00:00:00+00:00
AIRFLOW_CTX_TRY_NUMBER=1
AIRFLOW_CTX_DAG_RUN_ID=scheduled__2025-08-05T00:00:00+00:00
[2025-08-07 03:29:49,518] {logging_mixin.py:115} WARNING - /home/***/.local/lib/python3.7/site-packages/***/utils/context.py:202 AirflowContextDeprecationWarning: Accessing 'execution_date' from the template is deprecated and will be removed in a future version. Please use 'data_interval_start' or 'logical_date' instead.
[2025-08-07 03:29:49,627] {subdag.py:176} INFO - Created DagRun: scheduled__2025-08-05T00:00:00+00:00
[2025-08-07 03:30:49,746] {base.py:301} INFO - Success criteria met. Exiting.
[2025-08-07 03:30:49,759] {subdag.py:191} INFO - Execution finished. State is success
[2025-08-07 03:30:49,780] {taskinstance.py:1400} INFO - Marking task as SUCCESS. dag_id=example_subdag_operator, task_id=section-1, execution_date=20250805T000000, start_date=20250807T032948, end_date=20250807T033049
[2025-08-07 03:30:49,831] {local_task_job.py:156} INFO - Task exited with return code 0
[2025-08-07 03:30:49,911] {local_task_job.py:273} INFO - 1 downstream tasks scheduled from follow-on schedule check
[2025-08-07 03:39:57,037] {taskinstance.py:1159} INFO - Dependencies all met for <TaskInstance: example_subdag_operator.section-1 scheduled__2025-08-05T00:00:00+00:00 [queued]>
[2025-08-07 03:39:57,098] {taskinstance.py:1159} INFO - Dependencies all met for <TaskInstance: example_subdag_operator.section-1 scheduled__2025-08-05T00:00:00+00:00 [queued]>
[2025-08-07 03:39:57,098] {taskinstance.py:1356} INFO - 
--------------------------------------------------------------------------------
[2025-08-07 03:39:57,098] {taskinstance.py:1357} INFO - Starting attempt 1 of 3
[2025-08-07 03:39:57,098] {taskinstance.py:1358} INFO - 
--------------------------------------------------------------------------------
[2025-08-07 03:39:57,145] {taskinstance.py:1377} INFO - Executing <Task(SubDagOperator): section-1> on 2025-08-05 00:00:00+00:00
[2025-08-07 03:39:57,179] {standard_task_runner.py:52} INFO - Started process 323 to run task
[2025-08-07 03:39:57,190] {standard_task_runner.py:79} INFO - Running: ['***', 'tasks', 'run', 'example_subdag_operator', 'section-1', 'scheduled__2025-08-05T00:00:00+00:00', '--job-id', '8', '--raw', '--subdir', '/home/***/.local/lib/python3.7/site-packages/***/example_dags/example_subdag_operator.py', '--cfg-path', '/tmp/tmpwtq1xeoh', '--error-file', '/tmp/tmpzj28ghji']
[2025-08-07 03:39:57,213] {standard_task_runner.py:80} INFO - Job 8: Subtask section-1
[2025-08-07 03:39:57,353] {task_command.py:369} INFO - Running <TaskInstance: example_subdag_operator.section-1 scheduled__2025-08-05T00:00:00+00:00 [running]> on host 92a46ac2453f
[2025-08-07 03:39:57,864] {taskinstance.py:1571} INFO - Exporting the following env vars:
AIRFLOW_CTX_DAG_OWNER=***
AIRFLOW_CTX_DAG_ID=example_subdag_operator
AIRFLOW_CTX_TASK_ID=section-1
AIRFLOW_CTX_EXECUTION_DATE=2025-08-05T00:00:00+00:00
AIRFLOW_CTX_TRY_NUMBER=1
AIRFLOW_CTX_DAG_RUN_ID=scheduled__2025-08-05T00:00:00+00:00
[2025-08-07 03:39:57,878] {logging_mixin.py:115} WARNING - /home/***/.local/lib/python3.7/site-packages/***/utils/context.py:202 AirflowContextDeprecationWarning: Accessing 'execution_date' from the template is deprecated and will be removed in a future version. Please use 'data_interval_start' or 'logical_date' instead.
[2025-08-07 03:39:57,955] {subdag.py:176} INFO - Created DagRun: scheduled__2025-08-05T00:00:00+00:00
[2025-08-07 03:40:58,062] {base.py:301} INFO - Success criteria met. Exiting.
[2025-08-07 03:40:58,078] {subdag.py:191} INFO - Execution finished. State is success
[2025-08-07 03:40:58,102] {taskinstance.py:1400} INFO - Marking task as SUCCESS. dag_id=example_subdag_operator, task_id=section-1, execution_date=20250805T000000, start_date=20250807T033957, end_date=20250807T034058
[2025-08-07 03:40:58,147] {local_task_job.py:156} INFO - Task exited with return code 0
[2025-08-07 03:40:58,216] {local_task_job.py:273} INFO - 1 downstream tasks scheduled from follow-on schedule check
[2025-08-07 10:40:19,460] {taskinstance.py:1159} INFO - Dependencies all met for <TaskInstance: example_subdag_operator.section-1 scheduled__2025-08-05T00:00:00+00:00 [queued]>
[2025-08-07 10:40:19,496] {taskinstance.py:1159} INFO - Dependencies all met for <TaskInstance: example_subdag_operator.section-1 scheduled__2025-08-05T00:00:00+00:00 [queued]>
[2025-08-07 10:40:19,497] {taskinstance.py:1356} INFO - 
--------------------------------------------------------------------------------
[2025-08-07 10:40:19,497] {taskinstance.py:1357} INFO - Starting attempt 1 of 3
[2025-08-07 10:40:19,497] {taskinstance.py:1358} INFO - 
--------------------------------------------------------------------------------
[2025-08-07 10:40:19,550] {taskinstance.py:1377} INFO - Executing <Task(SubDagOperator): section-1> on 2025-08-05 00:00:00+00:00
[2025-08-07 10:40:19,576] {standard_task_runner.py:52} INFO - Started process 342 to run task
[2025-08-07 10:40:19,592] {standard_task_runner.py:79} INFO - Running: ['***', 'tasks', 'run', 'example_subdag_operator', 'section-1', 'scheduled__2025-08-05T00:00:00+00:00', '--job-id', '14', '--raw', '--subdir', '/home/***/.local/lib/python3.7/site-packages/***/example_dags/example_subdag_operator.py', '--cfg-path', '/tmp/tmp3dxkxlva', '--error-file', '/tmp/tmpgluios0y']
[2025-08-07 10:40:19,600] {standard_task_runner.py:80} INFO - Job 14: Subtask section-1
[2025-08-07 10:40:19,759] {task_command.py:369} INFO - Running <TaskInstance: example_subdag_operator.section-1 scheduled__2025-08-05T00:00:00+00:00 [running]> on host 81d3b97a0728
[2025-08-07 10:40:20,363] {taskinstance.py:1571} INFO - Exporting the following env vars:
AIRFLOW_CTX_DAG_OWNER=***
AIRFLOW_CTX_DAG_ID=example_subdag_operator
AIRFLOW_CTX_TASK_ID=section-1
AIRFLOW_CTX_EXECUTION_DATE=2025-08-05T00:00:00+00:00
AIRFLOW_CTX_TRY_NUMBER=1
AIRFLOW_CTX_DAG_RUN_ID=scheduled__2025-08-05T00:00:00+00:00
[2025-08-07 10:40:20,385] {logging_mixin.py:115} WARNING - /home/***/.local/lib/python3.7/site-packages/***/utils/context.py:202 AirflowContextDeprecationWarning: Accessing 'execution_date' from the template is deprecated and will be removed in a future version. Please use 'data_interval_start' or 'logical_date' instead.
[2025-08-07 10:40:20,476] {subdag.py:176} INFO - Created DagRun: scheduled__2025-08-05T00:00:00+00:00
[2025-08-07 10:41:20,579] {base.py:301} INFO - Success criteria met. Exiting.
[2025-08-07 10:41:20,596] {subdag.py:191} INFO - Execution finished. State is success
[2025-08-07 10:41:20,624] {taskinstance.py:1400} INFO - Marking task as SUCCESS. dag_id=example_subdag_operator, task_id=section-1, execution_date=20250805T000000, start_date=20250807T104019, end_date=20250807T104120
[2025-08-07 10:41:20,667] {local_task_job.py:156} INFO - Task exited with return code 0
[2025-08-07 10:41:20,742] {local_task_job.py:273} INFO - 1 downstream tasks scheduled from follow-on schedule check
[2025-08-07 11:11:44,581] {taskinstance.py:1159} INFO - Dependencies all met for <TaskInstance: example_subdag_operator.section-1 scheduled__2025-08-05T00:00:00+00:00 [queued]>
[2025-08-07 11:11:44,626] {taskinstance.py:1159} INFO - Dependencies all met for <TaskInstance: example_subdag_operator.section-1 scheduled__2025-08-05T00:00:00+00:00 [queued]>
[2025-08-07 11:11:44,629] {taskinstance.py:1356} INFO - 
--------------------------------------------------------------------------------
[2025-08-07 11:11:44,630] {taskinstance.py:1357} INFO - Starting attempt 1 of 3
[2025-08-07 11:11:44,631] {taskinstance.py:1358} INFO - 
--------------------------------------------------------------------------------
[2025-08-07 11:11:44,779] {taskinstance.py:1377} INFO - Executing <Task(SubDagOperator): section-1> on 2025-08-05 00:00:00+00:00
[2025-08-07 11:11:44,826] {standard_task_runner.py:52} INFO - Started process 311 to run task
[2025-08-07 11:11:44,858] {standard_task_runner.py:79} INFO - Running: ['***', 'tasks', 'run', 'example_subdag_operator', 'section-1', 'scheduled__2025-08-05T00:00:00+00:00', '--job-id', '7', '--raw', '--subdir', '/home/***/.local/lib/python3.7/site-packages/***/example_dags/example_subdag_operator.py', '--cfg-path', '/tmp/tmp_brul6nu', '--error-file', '/tmp/tmpgm4mga2o']
[2025-08-07 11:11:44,863] {standard_task_runner.py:80} INFO - Job 7: Subtask section-1
[2025-08-07 11:11:45,081] {task_command.py:369} INFO - Running <TaskInstance: example_subdag_operator.section-1 scheduled__2025-08-05T00:00:00+00:00 [running]> on host b22dcc1493a4
[2025-08-07 11:11:46,186] {taskinstance.py:1571} INFO - Exporting the following env vars:
AIRFLOW_CTX_DAG_OWNER=***
AIRFLOW_CTX_DAG_ID=example_subdag_operator
AIRFLOW_CTX_TASK_ID=section-1
AIRFLOW_CTX_EXECUTION_DATE=2025-08-05T00:00:00+00:00
AIRFLOW_CTX_TRY_NUMBER=1
AIRFLOW_CTX_DAG_RUN_ID=scheduled__2025-08-05T00:00:00+00:00
[2025-08-07 11:11:46,215] {logging_mixin.py:115} WARNING - /home/***/.local/lib/python3.7/site-packages/***/utils/context.py:202 AirflowContextDeprecationWarning: Accessing 'execution_date' from the template is deprecated and will be removed in a future version. Please use 'data_interval_start' or 'logical_date' instead.
[2025-08-07 11:11:46,364] {subdag.py:176} INFO - Created DagRun: scheduled__2025-08-05T00:00:00+00:00
[2025-08-07 11:12:46,477] {base.py:301} INFO - Success criteria met. Exiting.
[2025-08-07 11:12:46,494] {subdag.py:191} INFO - Execution finished. State is success
[2025-08-07 11:12:46,532] {taskinstance.py:1400} INFO - Marking task as SUCCESS. dag_id=example_subdag_operator, task_id=section-1, execution_date=20250805T000000, start_date=20250807T111144, end_date=20250807T111246
[2025-08-07 11:12:46,619] {local_task_job.py:156} INFO - Task exited with return code 0
[2025-08-07 11:12:46,712] {local_task_job.py:273} INFO - 1 downstream tasks scheduled from follow-on schedule check
[2025-08-07 20:33:08,590] {taskinstance.py:1159} INFO - Dependencies all met for <TaskInstance: example_subdag_operator.section-1 scheduled__2025-08-05T00:00:00+00:00 [queued]>
[2025-08-07 20:33:08,630] {taskinstance.py:1159} INFO - Dependencies all met for <TaskInstance: example_subdag_operator.section-1 scheduled__2025-08-05T00:00:00+00:00 [queued]>
[2025-08-07 20:33:08,631] {taskinstance.py:1356} INFO - 
--------------------------------------------------------------------------------
[2025-08-07 20:33:08,631] {taskinstance.py:1357} INFO - Starting attempt 1 of 3
[2025-08-07 20:33:08,631] {taskinstance.py:1358} INFO - 
--------------------------------------------------------------------------------
[2025-08-07 20:33:08,687] {taskinstance.py:1377} INFO - Executing <Task(SubDagOperator): section-1> on 2025-08-05 00:00:00+00:00
[2025-08-07 20:33:08,700] {standard_task_runner.py:52} INFO - Started process 306 to run task
[2025-08-07 20:33:08,714] {standard_task_runner.py:79} INFO - Running: ['***', 'tasks', 'run', 'example_subdag_operator', 'section-1', 'scheduled__2025-08-05T00:00:00+00:00', '--job-id', '7', '--raw', '--subdir', '/home/***/.local/lib/python3.7/site-packages/***/example_dags/example_subdag_operator.py', '--cfg-path', '/tmp/tmp564k0phn', '--error-file', '/tmp/tmp_zw44lqp']
[2025-08-07 20:33:08,720] {standard_task_runner.py:80} INFO - Job 7: Subtask section-1
[2025-08-07 20:33:08,847] {task_command.py:369} INFO - Running <TaskInstance: example_subdag_operator.section-1 scheduled__2025-08-05T00:00:00+00:00 [running]> on host 034e74559af0
[2025-08-07 20:33:13,348] {taskinstance.py:1571} INFO - Exporting the following env vars:
AIRFLOW_CTX_DAG_OWNER=***
AIRFLOW_CTX_DAG_ID=example_subdag_operator
AIRFLOW_CTX_TASK_ID=section-1
AIRFLOW_CTX_EXECUTION_DATE=2025-08-05T00:00:00+00:00
AIRFLOW_CTX_TRY_NUMBER=1
AIRFLOW_CTX_DAG_RUN_ID=scheduled__2025-08-05T00:00:00+00:00
[2025-08-07 20:33:17,142] {logging_mixin.py:115} WARNING - /home/***/.local/lib/python3.7/site-packages/***/utils/context.py:202 AirflowContextDeprecationWarning: Accessing 'execution_date' from the template is deprecated and will be removed in a future version. Please use 'data_interval_start' or 'logical_date' instead.
[2025-08-07 20:33:35,024] {subdag.py:176} INFO - Created DagRun: scheduled__2025-08-05T00:00:00+00:00
[2025-08-07 20:34:55,766] {base.py:301} INFO - Success criteria met. Exiting.
[2025-08-07 20:34:55,849] {subdag.py:191} INFO - Execution finished. State is success
[2025-08-07 20:34:56,231] {taskinstance.py:1400} INFO - Marking task as SUCCESS. dag_id=example_subdag_operator, task_id=section-1, execution_date=20250805T000000, start_date=20250807T203308, end_date=20250807T203456
[2025-08-07 20:34:56,425] {local_task_job.py:156} INFO - Task exited with return code 0
[2025-08-07 20:34:56,661] {local_task_job.py:273} INFO - 1 downstream tasks scheduled from follow-on schedule check
