[2025-08-07 03:21:11,453] {taskinstance.py:1159} INFO - Dependencies all met for <TaskInstance: example_trigger_target_dag.bash_task manual__2025-08-07T03:21:09.177326+00:00 [queued]>
[2025-08-07 03:21:11,480] {taskinstance.py:1159} INFO - Dependencies all met for <TaskInstance: example_trigger_target_dag.bash_task manual__2025-08-07T03:21:09.177326+00:00 [queued]>
[2025-08-07 03:21:11,481] {taskinstance.py:1356} INFO - 
--------------------------------------------------------------------------------
[2025-08-07 03:21:11,481] {taskinstance.py:1357} INFO - Starting attempt 1 of 1
[2025-08-07 03:21:11,481] {taskinstance.py:1358} INFO - 
--------------------------------------------------------------------------------
[2025-08-07 03:21:11,529] {taskinstance.py:1377} INFO - Executing <Task(BashOperator): bash_task> on 2025-08-07 03:21:09.177326+00:00
[2025-08-07 03:21:11,580] {standard_task_runner.py:52} INFO - Started process 319 to run task
[2025-08-07 03:21:11,590] {standard_task_runner.py:79} INFO - Running: ['***', 'tasks', 'run', 'example_trigger_target_dag', 'bash_task', 'manual__2025-08-07T03:21:09.177326+00:00', '--job-id', '8', '--raw', '--subdir', '/home/***/.local/lib/python3.7/site-packages/***/example_dags/example_trigger_target_dag.py', '--cfg-path', '/tmp/tmp2hxcy_bj', '--error-file', '/tmp/tmp_nlev1if']
[2025-08-07 03:21:11,591] {standard_task_runner.py:80} INFO - Job 8: Subtask bash_task
[2025-08-07 03:21:11,812] {task_command.py:369} INFO - Running <TaskInstance: example_trigger_target_dag.bash_task manual__2025-08-07T03:21:09.177326+00:00 [running]> on host f83ee74b89ef
[2025-08-07 03:21:12,485] {taskinstance.py:1571} INFO - Exporting the following env vars:
AIRFLOW_CTX_DAG_OWNER=***
AIRFLOW_CTX_DAG_ID=example_trigger_target_dag
AIRFLOW_CTX_TASK_ID=bash_task
AIRFLOW_CTX_EXECUTION_DATE=2025-08-07T03:21:09.177326+00:00
AIRFLOW_CTX_TRY_NUMBER=1
AIRFLOW_CTX_DAG_RUN_ID=manual__2025-08-07T03:21:09.177326+00:00
[2025-08-07 03:21:12,487] {subprocess.py:62} INFO - Tmp dir root location: 
 /tmp
[2025-08-07 03:21:12,519] {subprocess.py:74} INFO - Running command: ['bash', '-c', 'echo "Here is the message: $message"']
[2025-08-07 03:21:12,601] {subprocess.py:85} INFO - Output:
[2025-08-07 03:21:12,602] {subprocess.py:92} INFO - Here is the message: Hello World
[2025-08-07 03:21:12,602] {subprocess.py:96} INFO - Command exited with return code 0
[2025-08-07 03:21:12,728] {taskinstance.py:1400} INFO - Marking task as SUCCESS. dag_id=example_trigger_target_dag, task_id=bash_task, execution_date=20250807T032109, start_date=20250807T032111, end_date=20250807T032112
[2025-08-07 03:21:12,805] {local_task_job.py:156} INFO - Task exited with return code 0
[2025-08-07 03:21:12,945] {local_task_job.py:273} INFO - 0 downstream tasks scheduled from follow-on schedule check
