[2025-08-07 11:11:47,178] {taskinstance.py:1159} INFO - Dependencies all met for <TaskInstance: latest_only.latest_only scheduled__2025-08-07T07:11:44.202134+00:00 [queued]>
[2025-08-07 11:11:47,207] {taskinstance.py:1159} INFO - Dependencies all met for <TaskInstance: latest_only.latest_only scheduled__2025-08-07T07:11:44.202134+00:00 [queued]>
[2025-08-07 11:11:47,207] {taskinstance.py:1356} INFO - 
--------------------------------------------------------------------------------
[2025-08-07 11:11:47,207] {taskinstance.py:1357} INFO - Starting attempt 1 of 1
[2025-08-07 11:11:47,207] {taskinstance.py:1358} INFO - 
--------------------------------------------------------------------------------
[2025-08-07 11:11:47,256] {taskinstance.py:1377} INFO - Executing <Task(LatestOnlyOperator): latest_only> on 2025-08-07 07:11:44.202134+00:00
[2025-08-07 11:11:47,269] {standard_task_runner.py:52} INFO - Started process 382 to run task
[2025-08-07 11:11:47,292] {standard_task_runner.py:79} INFO - Running: ['***', 'tasks', 'run', 'latest_only', 'latest_only', 'scheduled__2025-08-07T07:11:44.202134+00:00', '--job-id', '17', '--raw', '--subdir', '/home/***/.local/lib/python3.7/site-packages/***/example_dags/example_latest_only.py', '--cfg-path', '/tmp/tmplnaoq05r', '--error-file', '/tmp/tmp1lqzqexa']
[2025-08-07 11:11:47,295] {standard_task_runner.py:80} INFO - Job 17: Subtask latest_only
[2025-08-07 11:11:47,476] {task_command.py:369} INFO - Running <TaskInstance: latest_only.latest_only scheduled__2025-08-07T07:11:44.202134+00:00 [running]> on host b22dcc1493a4
[2025-08-07 11:11:47,921] {taskinstance.py:1571} INFO - Exporting the following env vars:
AIRFLOW_CTX_DAG_OWNER=***
AIRFLOW_CTX_DAG_ID=latest_only
AIRFLOW_CTX_TASK_ID=latest_only
AIRFLOW_CTX_EXECUTION_DATE=2025-08-07T07:11:44.202134+00:00
AIRFLOW_CTX_TRY_NUMBER=1
AIRFLOW_CTX_DAG_RUN_ID=scheduled__2025-08-07T07:11:44.202134+00:00
[2025-08-07 11:11:47,922] {latest_only.py:68} INFO - Checking latest only with left_window: 2025-08-07T11:11:44.202134+00:00 right_window: 2025-08-07T15:11:44.202134+00:00 now: 2025-08-07T11:11:47.921973+00:00
[2025-08-07 11:11:47,922] {latest_only.py:77} INFO - Latest, allowing execution to proceed.
[2025-08-07 11:11:47,922] {skipmixin.py:140} INFO - Following branch ['task1']
[2025-08-07 11:11:47,922] {skipmixin.py:175} INFO - Skipping tasks []
[2025-08-07 11:11:48,006] {taskinstance.py:1400} INFO - Marking task as SUCCESS. dag_id=latest_only, task_id=latest_only, execution_date=20250807T071144, start_date=20250807T111147, end_date=20250807T111148
[2025-08-07 11:11:48,061] {local_task_job.py:156} INFO - Task exited with return code 0
[2025-08-07 11:11:48,167] {local_task_job.py:273} INFO - 1 downstream tasks scheduled from follow-on schedule check
