[2025-08-08 08:55:11,870] {taskinstance.py:1159} INFO - Dependencies all met for <TaskInstance: example_short_circuit_operator.short_circuit scheduled__2025-08-07T08:55:07.714404+00:00 [queued]>
[2025-08-08 08:55:12,161] {taskinstance.py:1159} INFO - Dependencies all met for <TaskInstance: example_short_circuit_operator.short_circuit scheduled__2025-08-07T08:55:07.714404+00:00 [queued]>
[2025-08-08 08:55:12,164] {taskinstance.py:1356} INFO - 
--------------------------------------------------------------------------------
[2025-08-08 08:55:12,165] {taskinstance.py:1357} INFO - Starting attempt 1 of 1
[2025-08-08 08:55:12,166] {taskinstance.py:1358} INFO - 
--------------------------------------------------------------------------------
[2025-08-08 08:55:12,215] {taskinstance.py:1377} INFO - Executing <Task(ShortCircuitOperator): short_circuit> on 2025-08-07 08:55:07.714404+00:00
[2025-08-08 08:55:12,261] {standard_task_runner.py:79} INFO - Running: ['***', 'tasks', 'run', 'example_short_circuit_operator', 'short_circuit', 'scheduled__2025-08-07T08:55:07.714404+00:00', '--job-id', '30', '--raw', '--subdir', '/home/***/.local/lib/python3.7/site-packages/***/example_dags/example_short_circuit_operator.py', '--cfg-path', '/tmp/tmpt0p7pg1e', '--error-file', '/tmp/tmph2mri3ht']
[2025-08-08 08:55:12,269] {standard_task_runner.py:80} INFO - Job 30: Subtask short_circuit
[2025-08-08 08:55:12,271] {standard_task_runner.py:52} INFO - Started process 480 to run task
[2025-08-08 08:55:12,468] {task_command.py:369} INFO - Running <TaskInstance: example_short_circuit_operator.short_circuit scheduled__2025-08-07T08:55:07.714404+00:00 [running]> on host abdeb7f02efc
[2025-08-08 08:55:14,561] {taskinstance.py:1571} INFO - Exporting the following env vars:
AIRFLOW_CTX_DAG_OWNER=***
AIRFLOW_CTX_DAG_ID=example_short_circuit_operator
AIRFLOW_CTX_TASK_ID=short_circuit
AIRFLOW_CTX_EXECUTION_DATE=2025-08-07T08:55:07.714404+00:00
AIRFLOW_CTX_TRY_NUMBER=1
AIRFLOW_CTX_DAG_RUN_ID=scheduled__2025-08-07T08:55:07.714404+00:00
[2025-08-08 08:55:14,562] {python.py:173} INFO - Done. Returned value was: False
[2025-08-08 08:55:14,570] {python.py:259} INFO - Condition result is False
[2025-08-08 08:55:14,575] {python.py:276} INFO - Skipping downstream tasks while respecting trigger rules...
[2025-08-08 08:55:14,789] {python.py:281} INFO - Done.
[2025-08-08 08:55:14,826] {taskinstance.py:1400} INFO - Marking task as SUCCESS. dag_id=example_short_circuit_operator, task_id=short_circuit, execution_date=20250807T085507, start_date=20250808T085511, end_date=20250808T085514
[2025-08-08 08:55:14,901] {local_task_job.py:156} INFO - Task exited with return code 0
[2025-08-08 08:55:15,213] {local_task_job.py:273} INFO - 0 downstream tasks scheduled from follow-on schedule check
