[2025-08-07 03:30:24,432] {taskinstance.py:1159} INFO - Dependencies all met for <TaskInstance: example_sla_dag.sleep_30 scheduled__2025-08-07T03:28:00+00:00 [queued]>
[2025-08-07 03:30:24,457] {taskinstance.py:1159} INFO - Dependencies all met for <TaskInstance: example_sla_dag.sleep_30 scheduled__2025-08-07T03:28:00+00:00 [queued]>
[2025-08-07 03:30:24,457] {taskinstance.py:1356} INFO - 
--------------------------------------------------------------------------------
[2025-08-07 03:30:24,458] {taskinstance.py:1357} INFO - Starting attempt 1 of 1
[2025-08-07 03:30:24,458] {taskinstance.py:1358} INFO - 
--------------------------------------------------------------------------------
[2025-08-07 03:30:24,492] {taskinstance.py:1377} INFO - Executing <Task(_PythonDecoratedOperator): sleep_30> on 2025-08-07 03:28:00+00:00
[2025-08-07 03:30:24,499] {standard_task_runner.py:52} INFO - Started process 840 to run task
[2025-08-07 03:30:24,507] {standard_task_runner.py:79} INFO - Running: ['***', 'tasks', 'run', 'example_sla_dag', 'sleep_30', 'scheduled__2025-08-07T03:28:00+00:00', '--job-id', '63', '--raw', '--subdir', '/home/***/.local/lib/python3.7/site-packages/***/example_dags/example_sla_dag.py', '--cfg-path', '/tmp/tmpqi13ekoa', '--error-file', '/tmp/tmp9z_f62x0']
[2025-08-07 03:30:24,510] {standard_task_runner.py:80} INFO - Job 63: Subtask sleep_30
[2025-08-07 03:30:24,612] {task_command.py:369} INFO - Running <TaskInstance: example_sla_dag.sleep_30 scheduled__2025-08-07T03:28:00+00:00 [running]> on host 47565329e35b
[2025-08-07 03:30:24,932] {taskinstance.py:1571} INFO - Exporting the following env vars:
AIRFLOW_CTX_DAG_EMAIL=email@example.com
AIRFLOW_CTX_DAG_OWNER=***
AIRFLOW_CTX_DAG_ID=example_sla_dag
AIRFLOW_CTX_TASK_ID=sleep_30
AIRFLOW_CTX_EXECUTION_DATE=2025-08-07T03:28:00+00:00
AIRFLOW_CTX_TRY_NUMBER=1
AIRFLOW_CTX_DAG_RUN_ID=scheduled__2025-08-07T03:28:00+00:00
[2025-08-07 03:30:54,963] {python.py:173} INFO - Done. Returned value was: None
[2025-08-07 03:30:54,987] {taskinstance.py:1400} INFO - Marking task as SUCCESS. dag_id=example_sla_dag, task_id=sleep_30, execution_date=20250807T032800, start_date=20250807T033024, end_date=20250807T033054
[2025-08-07 03:30:55,012] {local_task_job.py:221} WARNING - State of this instance has been externally set to success. Terminating instance.
[2025-08-07 03:30:55,016] {process_utils.py:129} INFO - Sending Signals.SIGTERM to group 840. PIDs of all processes in the group: [840]
[2025-08-07 03:30:55,016] {process_utils.py:80} INFO - Sending the signal Signals.SIGTERM to group 840
[2025-08-07 03:30:55,017] {process_utils.py:75} INFO - Process psutil.Process(pid=840, status='terminated', exitcode=0, started='03:30:23') (840) terminated with exit code 0
