[2025-08-07 20:33:08,650] {taskinstance.py:1159} INFO - Dependencies all met for <TaskInstance: example_trigger_target_dag.bash_task manual__2025-08-07T20:33:07.205350+00:00 [queued]>
[2025-08-07 20:33:08,664] {taskinstance.py:1159} INFO - Dependencies all met for <TaskInstance: example_trigger_target_dag.bash_task manual__2025-08-07T20:33:07.205350+00:00 [queued]>
[2025-08-07 20:33:08,665] {taskinstance.py:1356} INFO - 
--------------------------------------------------------------------------------
[2025-08-07 20:33:08,665] {taskinstance.py:1357} INFO - Starting attempt 1 of 1
[2025-08-07 20:33:08,666] {taskinstance.py:1358} INFO - 
--------------------------------------------------------------------------------
[2025-08-07 20:33:08,697] {taskinstance.py:1377} INFO - Executing <Task(BashOperator): bash_task> on 2025-08-07 20:33:07.205350+00:00
[2025-08-07 20:33:08,715] {standard_task_runner.py:52} INFO - Started process 307 to run task
[2025-08-07 20:33:08,725] {standard_task_runner.py:79} INFO - Running: ['***', 'tasks', 'run', 'example_trigger_target_dag', 'bash_task', 'manual__2025-08-07T20:33:07.205350+00:00', '--job-id', '9', '--raw', '--subdir', '/home/***/.local/lib/python3.7/site-packages/***/example_dags/example_trigger_target_dag.py', '--cfg-path', '/tmp/tmpexlk2ipm', '--error-file', '/tmp/tmpf19x4tai']
[2025-08-07 20:33:08,727] {standard_task_runner.py:80} INFO - Job 9: Subtask bash_task
[2025-08-07 20:33:08,966] {task_command.py:369} INFO - Running <TaskInstance: example_trigger_target_dag.bash_task manual__2025-08-07T20:33:07.205350+00:00 [running]> on host 034e74559af0
[2025-08-07 20:33:16,002] {taskinstance.py:1571} INFO - Exporting the following env vars:
AIRFLOW_CTX_DAG_OWNER=***
AIRFLOW_CTX_DAG_ID=example_trigger_target_dag
AIRFLOW_CTX_TASK_ID=bash_task
AIRFLOW_CTX_EXECUTION_DATE=2025-08-07T20:33:07.205350+00:00
AIRFLOW_CTX_TRY_NUMBER=1
AIRFLOW_CTX_DAG_RUN_ID=manual__2025-08-07T20:33:07.205350+00:00
[2025-08-07 20:33:16,202] {subprocess.py:62} INFO - Tmp dir root location: 
 /tmp
[2025-08-07 20:33:19,467] {subprocess.py:74} INFO - Running command: ['bash', '-c', 'echo "Here is the message: $message"']
[2025-08-07 20:33:30,254] {subprocess.py:85} INFO - Output:
[2025-08-07 20:33:30,808] {subprocess.py:92} INFO - Here is the message: Hello World
[2025-08-07 20:33:31,521] {subprocess.py:96} INFO - Command exited with return code 0
[2025-08-07 20:33:36,737] {taskinstance.py:1400} INFO - Marking task as SUCCESS. dag_id=example_trigger_target_dag, task_id=bash_task, execution_date=20250807T203307, start_date=20250807T203308, end_date=20250807T203336
[2025-08-07 20:33:36,813] {local_task_job.py:156} INFO - Task exited with return code 0
[2025-08-07 20:33:37,259] {local_task_job.py:273} INFO - 0 downstream tasks scheduled from follow-on schedule check
