[2025-08-07 21:18:23,137] {taskinstance.py:1159} INFO - Dependencies all met for <TaskInstance: example_sla_dag.sleep_30 scheduled__2025-08-07T21:16:00+00:00 [queued]>
[2025-08-07 21:18:23,149] {taskinstance.py:1159} INFO - Dependencies all met for <TaskInstance: example_sla_dag.sleep_30 scheduled__2025-08-07T21:16:00+00:00 [queued]>
[2025-08-07 21:18:23,149] {taskinstance.py:1356} INFO - 
--------------------------------------------------------------------------------
[2025-08-07 21:18:23,149] {taskinstance.py:1357} INFO - Starting attempt 1 of 1
[2025-08-07 21:18:23,149] {taskinstance.py:1358} INFO - 
--------------------------------------------------------------------------------
[2025-08-07 21:18:23,166] {taskinstance.py:1377} INFO - Executing <Task(_PythonDecoratedOperator): sleep_30> on 2025-08-07 21:16:00+00:00
[2025-08-07 21:18:23,172] {standard_task_runner.py:52} INFO - Started process 13535 to run task
[2025-08-07 21:18:23,176] {standard_task_runner.py:79} INFO - Running: ['***', 'tasks', 'run', 'example_sla_dag', 'sleep_30', 'scheduled__2025-08-07T21:16:00+00:00', '--job-id', '282', '--raw', '--subdir', '/home/***/.local/lib/python3.7/site-packages/***/example_dags/example_sla_dag.py', '--cfg-path', '/tmp/tmpcuob7dw6', '--error-file', '/tmp/tmpimnd_7fb']
[2025-08-07 21:18:23,177] {standard_task_runner.py:80} INFO - Job 282: Subtask sleep_30
[2025-08-07 21:18:23,253] {task_command.py:369} INFO - Running <TaskInstance: example_sla_dag.sleep_30 scheduled__2025-08-07T21:16:00+00:00 [running]> on host 4078e16d4836
[2025-08-07 21:18:23,501] {taskinstance.py:1571} INFO - Exporting the following env vars:
AIRFLOW_CTX_DAG_EMAIL=email@example.com
AIRFLOW_CTX_DAG_OWNER=***
AIRFLOW_CTX_DAG_ID=example_sla_dag
AIRFLOW_CTX_TASK_ID=sleep_30
AIRFLOW_CTX_EXECUTION_DATE=2025-08-07T21:16:00+00:00
AIRFLOW_CTX_TRY_NUMBER=1
AIRFLOW_CTX_DAG_RUN_ID=scheduled__2025-08-07T21:16:00+00:00
[2025-08-07 21:18:53,532] {python.py:173} INFO - Done. Returned value was: None
[2025-08-07 21:18:53,559] {taskinstance.py:1400} INFO - Marking task as SUCCESS. dag_id=example_sla_dag, task_id=sleep_30, execution_date=20250807T211600, start_date=20250807T211823, end_date=20250807T211853
[2025-08-07 21:18:53,586] {local_task_job.py:221} WARNING - State of this instance has been externally set to success. Terminating instance.
[2025-08-07 21:18:53,591] {process_utils.py:129} INFO - Sending Signals.SIGTERM to group 13535. PIDs of all processes in the group: [13535]
[2025-08-07 21:18:53,591] {process_utils.py:80} INFO - Sending the signal Signals.SIGTERM to group 13535
[2025-08-07 21:18:53,605] {process_utils.py:75} INFO - Process psutil.Process(pid=13535, status='terminated', exitcode=0, started='21:18:23') (13535) terminated with exit code 0
