[2025-08-08 08:55:14,882] {taskinstance.py:1159} INFO - Dependencies all met for <TaskInstance: send_weather_to_kafka.verify_pipeline scheduled__2025-08-08T06:55:01.093521+00:00 [queued]>
[2025-08-08 08:55:14,935] {taskinstance.py:1159} INFO - Dependencies all met for <TaskInstance: send_weather_to_kafka.verify_pipeline scheduled__2025-08-08T06:55:01.093521+00:00 [queued]>
[2025-08-08 08:55:14,935] {taskinstance.py:1356} INFO - 
--------------------------------------------------------------------------------
[2025-08-08 08:55:14,935] {taskinstance.py:1357} INFO - Starting attempt 1 of 2
[2025-08-08 08:55:14,935] {taskinstance.py:1358} INFO - 
--------------------------------------------------------------------------------
[2025-08-08 08:55:14,964] {taskinstance.py:1377} INFO - Executing <Task(BashOperator): verify_pipeline> on 2025-08-08 06:55:01.093521+00:00
[2025-08-08 08:55:14,980] {standard_task_runner.py:52} INFO - Started process 508 to run task
[2025-08-08 08:55:14,987] {standard_task_runner.py:79} INFO - Running: ['***', 'tasks', 'run', 'send_weather_to_kafka', 'verify_pipeline', 'scheduled__2025-08-08T06:55:01.093521+00:00', '--job-id', '39', '--raw', '--subdir', 'DAGS_FOLDER/dag_meteo.py', '--cfg-path', '/tmp/tmp7xmv2rkn', '--error-file', '/tmp/tmpga7lnyym']
[2025-08-08 08:55:14,989] {standard_task_runner.py:80} INFO - Job 39: Subtask verify_pipeline
[2025-08-08 08:55:15,093] {task_command.py:369} INFO - Running <TaskInstance: send_weather_to_kafka.verify_pipeline scheduled__2025-08-08T06:55:01.093521+00:00 [running]> on host abdeb7f02efc
[2025-08-08 08:55:15,618] {taskinstance.py:1571} INFO - Exporting the following env vars:
AIRFLOW_CTX_DAG_OWNER=alla
AIRFLOW_CTX_DAG_ID=send_weather_to_kafka
AIRFLOW_CTX_TASK_ID=verify_pipeline
AIRFLOW_CTX_EXECUTION_DATE=2025-08-08T06:55:01.093521+00:00
AIRFLOW_CTX_TRY_NUMBER=1
AIRFLOW_CTX_DAG_RUN_ID=scheduled__2025-08-08T06:55:01.093521+00:00
[2025-08-08 08:55:15,619] {subprocess.py:62} INFO - Tmp dir root location: 
 /tmp
[2025-08-08 08:55:15,620] {subprocess.py:74} INFO - Running command: ['bash', '-c', '\n            echo " Attente traitement Logstash..." && sleep 30 &&\n            curl -s "http://elasticsearch:9200/_cat/indices/weather*" || echo "Pas encore d\'index weather"\n        ']
[2025-08-08 08:55:15,699] {subprocess.py:85} INFO - Output:
[2025-08-08 08:55:15,704] {subprocess.py:92} INFO -  Attente traitement Logstash...
[2025-08-08 08:55:45,822] {subprocess.py:96} INFO - Command exited with return code 0
[2025-08-08 08:55:45,867] {taskinstance.py:1400} INFO - Marking task as SUCCESS. dag_id=send_weather_to_kafka, task_id=verify_pipeline, execution_date=20250808T065501, start_date=20250808T085514, end_date=20250808T085545
[2025-08-08 08:55:45,889] {local_task_job.py:156} INFO - Task exited with return code 0
[2025-08-08 08:55:45,919] {local_task_job.py:273} INFO - 1 downstream tasks scheduled from follow-on schedule check
