[2025-08-07 03:29:54,882] {taskinstance.py:1159} INFO - Dependencies all met for <TaskInstance: example_short_circuit_operator.condition_is_True scheduled__2025-08-06T03:29:51.361559+00:00 [queued]>
[2025-08-07 03:29:54,978] {taskinstance.py:1159} INFO - Dependencies all met for <TaskInstance: example_short_circuit_operator.condition_is_True scheduled__2025-08-06T03:29:51.361559+00:00 [queued]>
[2025-08-07 03:29:54,984] {taskinstance.py:1356} INFO - 
--------------------------------------------------------------------------------
[2025-08-07 03:29:54,986] {taskinstance.py:1357} INFO - Starting attempt 1 of 1
[2025-08-07 03:29:54,997] {taskinstance.py:1358} INFO - 
--------------------------------------------------------------------------------
[2025-08-07 03:29:55,103] {taskinstance.py:1377} INFO - Executing <Task(ShortCircuitOperator): condition_is_True> on 2025-08-06 03:29:51.361559+00:00
[2025-08-07 03:29:55,121] {standard_task_runner.py:52} INFO - Started process 448 to run task
[2025-08-07 03:29:55,133] {standard_task_runner.py:79} INFO - Running: ['***', 'tasks', 'run', 'example_short_circuit_operator', 'condition_is_True', 'scheduled__2025-08-06T03:29:51.361559+00:00', '--job-id', '27', '--raw', '--subdir', '/home/***/.local/lib/python3.7/site-packages/***/example_dags/example_short_circuit_operator.py', '--cfg-path', '/tmp/tmpi_b1717z', '--error-file', '/tmp/tmpfbz1fmtx']
[2025-08-07 03:29:55,137] {standard_task_runner.py:80} INFO - Job 27: Subtask condition_is_True
[2025-08-07 03:29:55,362] {task_command.py:369} INFO - Running <TaskInstance: example_short_circuit_operator.condition_is_True scheduled__2025-08-06T03:29:51.361559+00:00 [running]> on host 47565329e35b
[2025-08-07 03:29:55,863] {taskinstance.py:1571} INFO - Exporting the following env vars:
AIRFLOW_CTX_DAG_OWNER=***
AIRFLOW_CTX_DAG_ID=example_short_circuit_operator
AIRFLOW_CTX_TASK_ID=condition_is_True
AIRFLOW_CTX_EXECUTION_DATE=2025-08-06T03:29:51.361559+00:00
AIRFLOW_CTX_TRY_NUMBER=1
AIRFLOW_CTX_DAG_RUN_ID=scheduled__2025-08-06T03:29:51.361559+00:00
[2025-08-07 03:29:55,864] {python.py:173} INFO - Done. Returned value was: True
[2025-08-07 03:29:55,866] {python.py:259} INFO - Condition result is True
[2025-08-07 03:29:55,867] {python.py:262} INFO - Proceeding with downstream tasks...
[2025-08-07 03:29:56,104] {taskinstance.py:1400} INFO - Marking task as SUCCESS. dag_id=example_short_circuit_operator, task_id=condition_is_True, execution_date=20250806T032951, start_date=20250807T032954, end_date=20250807T032956
[2025-08-07 03:29:56,188] {local_task_job.py:156} INFO - Task exited with return code 0
[2025-08-07 03:29:56,352] {local_task_job.py:273} INFO - 1 downstream tasks scheduled from follow-on schedule check
