[2025-08-07 13:50:43,776] {taskinstance.py:1159} INFO - Dependencies all met for <TaskInstance: send_weather_to_kafka.verify_pipeline scheduled__2025-08-07T11:50:37.190902+00:00 [queued]>
[2025-08-07 13:50:43,785] {taskinstance.py:1159} INFO - Dependencies all met for <TaskInstance: send_weather_to_kafka.verify_pipeline scheduled__2025-08-07T11:50:37.190902+00:00 [queued]>
[2025-08-07 13:50:43,785] {taskinstance.py:1356} INFO - 
--------------------------------------------------------------------------------
[2025-08-07 13:50:43,785] {taskinstance.py:1357} INFO - Starting attempt 1 of 2
[2025-08-07 13:50:43,785] {taskinstance.py:1358} INFO - 
--------------------------------------------------------------------------------
[2025-08-07 13:50:43,799] {taskinstance.py:1377} INFO - Executing <Task(BashOperator): verify_pipeline> on 2025-08-07 11:50:37.190902+00:00
[2025-08-07 13:50:43,805] {standard_task_runner.py:52} INFO - Started process 58750 to run task
[2025-08-07 13:50:43,809] {standard_task_runner.py:79} INFO - Running: ['***', 'tasks', 'run', 'send_weather_to_kafka', 'verify_pipeline', 'scheduled__2025-08-07T11:50:37.190902+00:00', '--job-id', '897', '--raw', '--subdir', 'DAGS_FOLDER/dag_meteo.py', '--cfg-path', '/tmp/tmpspj3ur4w', '--error-file', '/tmp/tmpm5mrj0fq']
[2025-08-07 13:50:43,810] {standard_task_runner.py:80} INFO - Job 897: Subtask verify_pipeline
[2025-08-07 13:50:43,881] {task_command.py:369} INFO - Running <TaskInstance: send_weather_to_kafka.verify_pipeline scheduled__2025-08-07T11:50:37.190902+00:00 [running]> on host b810b38b6a38
[2025-08-07 13:50:44,026] {taskinstance.py:1571} INFO - Exporting the following env vars:
AIRFLOW_CTX_DAG_OWNER=alla
AIRFLOW_CTX_DAG_ID=send_weather_to_kafka
AIRFLOW_CTX_TASK_ID=verify_pipeline
AIRFLOW_CTX_EXECUTION_DATE=2025-08-07T11:50:37.190902+00:00
AIRFLOW_CTX_TRY_NUMBER=1
AIRFLOW_CTX_DAG_RUN_ID=scheduled__2025-08-07T11:50:37.190902+00:00
[2025-08-07 13:50:44,027] {subprocess.py:62} INFO - Tmp dir root location: 
 /tmp
[2025-08-07 13:50:44,027] {subprocess.py:74} INFO - Running command: ['bash', '-c', '\n            echo " Attente traitement Logstash..." && sleep 30 &&\n            curl -s "http://elasticsearch:9200/_cat/indices/weather*" || echo "Pas encore d\'index weather"\n        ']
[2025-08-07 13:50:44,037] {subprocess.py:85} INFO - Output:
[2025-08-07 13:50:44,038] {subprocess.py:92} INFO -  Attente traitement Logstash...
[2025-08-07 13:51:14,090] {subprocess.py:92} INFO - yellow open weather_data wCNHBp2xSKuPJ9di62P4DQ 1 1 19 0 51.9kb 51.9kb
[2025-08-07 13:51:14,094] {subprocess.py:96} INFO - Command exited with return code 0
[2025-08-07 13:51:14,136] {taskinstance.py:1400} INFO - Marking task as SUCCESS. dag_id=send_weather_to_kafka, task_id=verify_pipeline, execution_date=20250807T115037, start_date=20250807T135043, end_date=20250807T135114
[2025-08-07 13:51:14,192] {local_task_job.py:156} INFO - Task exited with return code 0
[2025-08-07 13:51:14,231] {local_task_job.py:273} INFO - 0 downstream tasks scheduled from follow-on schedule check
