[2025-08-07 20:33:38,476] {taskinstance.py:1159} INFO - Dependencies all met for <TaskInstance: latest_only.latest_only scheduled__2025-08-07T16:33:08.636208+00:00 [queued]>
[2025-08-07 20:33:38,503] {taskinstance.py:1159} INFO - Dependencies all met for <TaskInstance: latest_only.latest_only scheduled__2025-08-07T16:33:08.636208+00:00 [queued]>
[2025-08-07 20:33:38,503] {taskinstance.py:1356} INFO - 
--------------------------------------------------------------------------------
[2025-08-07 20:33:38,503] {taskinstance.py:1357} INFO - Starting attempt 1 of 1
[2025-08-07 20:33:38,504] {taskinstance.py:1358} INFO - 
--------------------------------------------------------------------------------
[2025-08-07 20:33:38,540] {taskinstance.py:1377} INFO - Executing <Task(LatestOnlyOperator): latest_only> on 2025-08-07 16:33:08.636208+00:00
[2025-08-07 20:33:38,568] {standard_task_runner.py:52} INFO - Started process 365 to run task
[2025-08-07 20:33:38,630] {standard_task_runner.py:79} INFO - Running: ['***', 'tasks', 'run', 'latest_only', 'latest_only', 'scheduled__2025-08-07T16:33:08.636208+00:00', '--job-id', '16', '--raw', '--subdir', '/home/***/.local/lib/python3.7/site-packages/***/example_dags/example_latest_only.py', '--cfg-path', '/tmp/tmpcavc9v1x', '--error-file', '/tmp/tmpy2bsdg93']
[2025-08-07 20:33:38,635] {standard_task_runner.py:80} INFO - Job 16: Subtask latest_only
[2025-08-07 20:33:38,889] {task_command.py:369} INFO - Running <TaskInstance: latest_only.latest_only scheduled__2025-08-07T16:33:08.636208+00:00 [running]> on host 034e74559af0
[2025-08-07 20:33:39,805] {taskinstance.py:1571} INFO - Exporting the following env vars:
AIRFLOW_CTX_DAG_OWNER=***
AIRFLOW_CTX_DAG_ID=latest_only
AIRFLOW_CTX_TASK_ID=latest_only
AIRFLOW_CTX_EXECUTION_DATE=2025-08-07T16:33:08.636208+00:00
AIRFLOW_CTX_TRY_NUMBER=1
AIRFLOW_CTX_DAG_RUN_ID=scheduled__2025-08-07T16:33:08.636208+00:00
[2025-08-07 20:33:39,860] {latest_only.py:68} INFO - Checking latest only with left_window: 2025-08-07T20:33:08.636208+00:00 right_window: 2025-08-08T00:33:08.636208+00:00 now: 2025-08-07T20:33:39.860438+00:00
[2025-08-07 20:33:39,860] {latest_only.py:77} INFO - Latest, allowing execution to proceed.
[2025-08-07 20:33:39,860] {skipmixin.py:140} INFO - Following branch ['task1']
[2025-08-07 20:33:39,861] {skipmixin.py:175} INFO - Skipping tasks []
[2025-08-07 20:33:44,624] {taskinstance.py:1400} INFO - Marking task as SUCCESS. dag_id=latest_only, task_id=latest_only, execution_date=20250807T163308, start_date=20250807T203338, end_date=20250807T203344
[2025-08-07 20:33:45,296] {local_task_job.py:156} INFO - Task exited with return code 0
[2025-08-07 20:33:45,557] {local_task_job.py:273} INFO - 0 downstream tasks scheduled from follow-on schedule check
