[2025-08-08 08:55:19,663] {taskinstance.py:1159} INFO - Dependencies all met for <TaskInstance: example_task_group_decorator.task_group_function__3.task_3 scheduled__2025-08-07T08:55:07.352496+00:00 [queued]>
[2025-08-08 08:55:19,702] {taskinstance.py:1159} INFO - Dependencies all met for <TaskInstance: example_task_group_decorator.task_group_function__3.task_3 scheduled__2025-08-07T08:55:07.352496+00:00 [queued]>
[2025-08-08 08:55:19,707] {taskinstance.py:1356} INFO - 
--------------------------------------------------------------------------------
[2025-08-08 08:55:19,707] {taskinstance.py:1357} INFO - Starting attempt 1 of 1
[2025-08-08 08:55:19,708] {taskinstance.py:1358} INFO - 
--------------------------------------------------------------------------------
[2025-08-08 08:55:19,787] {taskinstance.py:1377} INFO - Executing <Task(_PythonDecoratedOperator): task_group_function__3.task_3> on 2025-08-07 08:55:07.352496+00:00
[2025-08-08 08:55:19,804] {standard_task_runner.py:52} INFO - Started process 560 to run task
[2025-08-08 08:55:19,829] {standard_task_runner.py:79} INFO - Running: ['***', 'tasks', 'run', 'example_task_group_decorator', 'task_group_function__3.task_3', 'scheduled__2025-08-07T08:55:07.352496+00:00', '--job-id', '51', '--raw', '--subdir', '/home/***/.local/lib/python3.7/site-packages/***/example_dags/example_task_group_decorator.py', '--cfg-path', '/tmp/tmpqowd2gau', '--error-file', '/tmp/tmpzsxmt370']
[2025-08-08 08:55:19,832] {standard_task_runner.py:80} INFO - Job 51: Subtask task_group_function__3.task_3
[2025-08-08 08:55:19,989] {task_command.py:369} INFO - Running <TaskInstance: example_task_group_decorator.task_group_function__3.task_3 scheduled__2025-08-07T08:55:07.352496+00:00 [running]> on host abdeb7f02efc
[2025-08-08 08:55:20,568] {taskinstance.py:1571} INFO - Exporting the following env vars:
AIRFLOW_CTX_DAG_OWNER=***
AIRFLOW_CTX_DAG_ID=example_task_group_decorator
AIRFLOW_CTX_TASK_ID=task_group_function__3.task_3
AIRFLOW_CTX_EXECUTION_DATE=2025-08-07T08:55:07.352496+00:00
AIRFLOW_CTX_TRY_NUMBER=1
AIRFLOW_CTX_DAG_RUN_ID=scheduled__2025-08-07T08:55:07.352496+00:00
[2025-08-08 08:55:20,568] {logging_mixin.py:115} INFO - [ Task3 [ Task2 [ Task1 3 ] ] ]
[2025-08-08 08:55:20,569] {python.py:173} INFO - Done. Returned value was: None
[2025-08-08 08:55:20,613] {taskinstance.py:1400} INFO - Marking task as SUCCESS. dag_id=example_task_group_decorator, task_id=task_group_function__3.task_3, execution_date=20250807T085507, start_date=20250808T085519, end_date=20250808T085520
[2025-08-08 08:55:20,674] {local_task_job.py:156} INFO - Task exited with return code 0
[2025-08-08 08:55:20,770] {local_task_job.py:273} INFO - 0 downstream tasks scheduled from follow-on schedule check
