[2025-08-07 10:00:21,965] {taskinstance.py:1159} INFO - Dependencies all met for <TaskInstance: example_sla_dag.sleep_30 scheduled__2025-08-07T09:58:00+00:00 [queued]>
[2025-08-07 10:00:21,975] {taskinstance.py:1159} INFO - Dependencies all met for <TaskInstance: example_sla_dag.sleep_30 scheduled__2025-08-07T09:58:00+00:00 [queued]>
[2025-08-07 10:00:21,975] {taskinstance.py:1356} INFO - 
--------------------------------------------------------------------------------
[2025-08-07 10:00:21,975] {taskinstance.py:1357} INFO - Starting attempt 1 of 1
[2025-08-07 10:00:21,975] {taskinstance.py:1358} INFO - 
--------------------------------------------------------------------------------
[2025-08-07 10:00:21,985] {taskinstance.py:1377} INFO - Executing <Task(_PythonDecoratedOperator): sleep_30> on 2025-08-07 09:58:00+00:00
[2025-08-07 10:00:21,988] {standard_task_runner.py:52} INFO - Started process 72221 to run task
[2025-08-07 10:00:21,991] {standard_task_runner.py:79} INFO - Running: ['***', 'tasks', 'run', 'example_sla_dag', 'sleep_30', 'scheduled__2025-08-07T09:58:00+00:00', '--job-id', '812', '--raw', '--subdir', '/home/***/.local/lib/python3.7/site-packages/***/example_dags/example_sla_dag.py', '--cfg-path', '/tmp/tmpfrolkk_q', '--error-file', '/tmp/tmp9463phn0']
[2025-08-07 10:00:21,991] {standard_task_runner.py:80} INFO - Job 812: Subtask sleep_30
[2025-08-07 10:00:22,054] {task_command.py:369} INFO - Running <TaskInstance: example_sla_dag.sleep_30 scheduled__2025-08-07T09:58:00+00:00 [running]> on host 92a46ac2453f
[2025-08-07 10:00:22,225] {taskinstance.py:1571} INFO - Exporting the following env vars:
AIRFLOW_CTX_DAG_EMAIL=email@example.com
AIRFLOW_CTX_DAG_OWNER=***
AIRFLOW_CTX_DAG_ID=example_sla_dag
AIRFLOW_CTX_TASK_ID=sleep_30
AIRFLOW_CTX_EXECUTION_DATE=2025-08-07T09:58:00+00:00
AIRFLOW_CTX_TRY_NUMBER=1
AIRFLOW_CTX_DAG_RUN_ID=scheduled__2025-08-07T09:58:00+00:00
[2025-08-07 10:00:52,255] {python.py:173} INFO - Done. Returned value was: None
[2025-08-07 10:00:52,276] {taskinstance.py:1400} INFO - Marking task as SUCCESS. dag_id=example_sla_dag, task_id=sleep_30, execution_date=20250807T095800, start_date=20250807T100021, end_date=20250807T100052
[2025-08-07 10:00:52,340] {local_task_job.py:156} INFO - Task exited with return code 0
[2025-08-07 10:00:52,380] {local_task_job.py:273} INFO - 0 downstream tasks scheduled from follow-on schedule check
