[2025-08-07 03:30:03,784] {taskinstance.py:1159} INFO - Dependencies all met for <TaskInstance: example_task_group_decorator.task_end scheduled__2025-08-06T03:29:51.354934+00:00 [queued]>
[2025-08-07 03:30:03,815] {taskinstance.py:1159} INFO - Dependencies all met for <TaskInstance: example_task_group_decorator.task_end scheduled__2025-08-06T03:29:51.354934+00:00 [queued]>
[2025-08-07 03:30:03,816] {taskinstance.py:1356} INFO - 
--------------------------------------------------------------------------------
[2025-08-07 03:30:03,817] {taskinstance.py:1357} INFO - Starting attempt 1 of 1
[2025-08-07 03:30:03,817] {taskinstance.py:1358} INFO - 
--------------------------------------------------------------------------------
[2025-08-07 03:30:03,857] {taskinstance.py:1377} INFO - Executing <Task(_PythonDecoratedOperator): task_end> on 2025-08-06 03:29:51.354934+00:00
[2025-08-07 03:30:03,866] {standard_task_runner.py:52} INFO - Started process 571 to run task
[2025-08-07 03:30:03,874] {standard_task_runner.py:79} INFO - Running: ['***', 'tasks', 'run', 'example_task_group_decorator', 'task_end', 'scheduled__2025-08-06T03:29:51.354934+00:00', '--job-id', '61', '--raw', '--subdir', '/home/***/.local/lib/python3.7/site-packages/***/example_dags/example_task_group_decorator.py', '--cfg-path', '/tmp/tmpcwjb79zf', '--error-file', '/tmp/tmpk92w1idk']
[2025-08-07 03:30:03,878] {standard_task_runner.py:80} INFO - Job 61: Subtask task_end
[2025-08-07 03:30:04,054] {task_command.py:369} INFO - Running <TaskInstance: example_task_group_decorator.task_end scheduled__2025-08-06T03:29:51.354934+00:00 [running]> on host 47565329e35b
[2025-08-07 03:30:04,474] {taskinstance.py:1571} INFO - Exporting the following env vars:
AIRFLOW_CTX_DAG_OWNER=***
AIRFLOW_CTX_DAG_ID=example_task_group_decorator
AIRFLOW_CTX_TASK_ID=task_end
AIRFLOW_CTX_EXECUTION_DATE=2025-08-06T03:29:51.354934+00:00
AIRFLOW_CTX_TRY_NUMBER=1
AIRFLOW_CTX_DAG_RUN_ID=scheduled__2025-08-06T03:29:51.354934+00:00
[2025-08-07 03:30:04,475] {logging_mixin.py:115} INFO - [ Task_End  ]
[2025-08-07 03:30:04,476] {python.py:173} INFO - Done. Returned value was: None
[2025-08-07 03:30:04,586] {taskinstance.py:1400} INFO - Marking task as SUCCESS. dag_id=example_task_group_decorator, task_id=task_end, execution_date=20250806T032951, start_date=20250807T033003, end_date=20250807T033004
[2025-08-07 03:30:04,646] {local_task_job.py:156} INFO - Task exited with return code 0
[2025-08-07 03:30:04,724] {local_task_job.py:273} INFO - 0 downstream tasks scheduled from follow-on schedule check
