[2025-08-07 11:11:57,105] {taskinstance.py:1159} INFO - Dependencies all met for <TaskInstance: example_task_group_decorator.task_group_function__2.task_3 scheduled__2025-08-06T11:11:47.636016+00:00 [queued]>
[2025-08-07 11:11:57,126] {taskinstance.py:1159} INFO - Dependencies all met for <TaskInstance: example_task_group_decorator.task_group_function__2.task_3 scheduled__2025-08-06T11:11:47.636016+00:00 [queued]>
[2025-08-07 11:11:57,127] {taskinstance.py:1356} INFO - 
--------------------------------------------------------------------------------
[2025-08-07 11:11:57,127] {taskinstance.py:1357} INFO - Starting attempt 1 of 1
[2025-08-07 11:11:57,127] {taskinstance.py:1358} INFO - 
--------------------------------------------------------------------------------
[2025-08-07 11:11:57,155] {taskinstance.py:1377} INFO - Executing <Task(_PythonDecoratedOperator): task_group_function__2.task_3> on 2025-08-06 11:11:47.636016+00:00
[2025-08-07 11:11:57,162] {standard_task_runner.py:52} INFO - Started process 573 to run task
[2025-08-07 11:11:57,167] {standard_task_runner.py:79} INFO - Running: ['***', 'tasks', 'run', 'example_task_group_decorator', 'task_group_function__2.task_3', 'scheduled__2025-08-06T11:11:47.636016+00:00', '--job-id', '54', '--raw', '--subdir', '/home/***/.local/lib/python3.7/site-packages/***/example_dags/example_task_group_decorator.py', '--cfg-path', '/tmp/tmpsono6s70', '--error-file', '/tmp/tmp4vmpm8af']
[2025-08-07 11:11:57,169] {standard_task_runner.py:80} INFO - Job 54: Subtask task_group_function__2.task_3
[2025-08-07 11:11:57,269] {task_command.py:369} INFO - Running <TaskInstance: example_task_group_decorator.task_group_function__2.task_3 scheduled__2025-08-06T11:11:47.636016+00:00 [running]> on host b22dcc1493a4
[2025-08-07 11:11:57,690] {taskinstance.py:1571} INFO - Exporting the following env vars:
AIRFLOW_CTX_DAG_OWNER=***
AIRFLOW_CTX_DAG_ID=example_task_group_decorator
AIRFLOW_CTX_TASK_ID=task_group_function__2.task_3
AIRFLOW_CTX_EXECUTION_DATE=2025-08-06T11:11:47.636016+00:00
AIRFLOW_CTX_TRY_NUMBER=1
AIRFLOW_CTX_DAG_RUN_ID=scheduled__2025-08-06T11:11:47.636016+00:00
[2025-08-07 11:11:57,692] {logging_mixin.py:115} INFO - [ Task3 [ Task2 [ Task1 2 ] ] ]
[2025-08-07 11:11:57,693] {python.py:173} INFO - Done. Returned value was: None
[2025-08-07 11:11:57,731] {taskinstance.py:1400} INFO - Marking task as SUCCESS. dag_id=example_task_group_decorator, task_id=task_group_function__2.task_3, execution_date=20250806T111147, start_date=20250807T111157, end_date=20250807T111157
[2025-08-07 11:11:57,783] {local_task_job.py:156} INFO - Task exited with return code 0
[2025-08-07 11:11:57,924] {local_task_job.py:273} INFO - 0 downstream tasks scheduled from follow-on schedule check
