[2025-08-07 10:57:01,424] {taskinstance.py:1159} INFO - Dependencies all met for <TaskInstance: example_branch_dop_operator_v3.condition scheduled__2025-08-07T10:56:00+00:00 [queued]>
[2025-08-07 10:57:01,456] {taskinstance.py:1159} INFO - Dependencies all met for <TaskInstance: example_branch_dop_operator_v3.condition scheduled__2025-08-07T10:56:00+00:00 [queued]>
[2025-08-07 10:57:01,456] {taskinstance.py:1356} INFO - 
--------------------------------------------------------------------------------
[2025-08-07 10:57:01,457] {taskinstance.py:1357} INFO - Starting attempt 1 of 1
[2025-08-07 10:57:01,457] {taskinstance.py:1358} INFO - 
--------------------------------------------------------------------------------
[2025-08-07 10:57:01,492] {taskinstance.py:1377} INFO - Executing <Task(BranchPythonOperator): condition> on 2025-08-07 10:56:00+00:00
[2025-08-07 10:57:01,508] {standard_task_runner.py:52} INFO - Started process 8994 to run task
[2025-08-07 10:57:01,515] {standard_task_runner.py:79} INFO - Running: ['***', 'tasks', 'run', 'example_branch_dop_operator_v3', 'condition', 'scheduled__2025-08-07T10:56:00+00:00', '--job-id', '156', '--raw', '--subdir', '/home/***/.local/lib/python3.7/site-packages/***/example_dags/example_branch_python_dop_operator_3.py', '--cfg-path', '/tmp/tmpsq78ckp5', '--error-file', '/tmp/tmpg68q74fu']
[2025-08-07 10:57:01,518] {standard_task_runner.py:80} INFO - Job 156: Subtask condition
[2025-08-07 10:57:01,663] {task_command.py:369} INFO - Running <TaskInstance: example_branch_dop_operator_v3.condition scheduled__2025-08-07T10:56:00+00:00 [running]> on host 81d3b97a0728
[2025-08-07 10:57:02,058] {taskinstance.py:1571} INFO - Exporting the following env vars:
AIRFLOW_CTX_DAG_OWNER=***
AIRFLOW_CTX_DAG_ID=example_branch_dop_operator_v3
AIRFLOW_CTX_TASK_ID=condition
AIRFLOW_CTX_EXECUTION_DATE=2025-08-07T10:56:00+00:00
AIRFLOW_CTX_TRY_NUMBER=1
AIRFLOW_CTX_DAG_RUN_ID=scheduled__2025-08-07T10:56:00+00:00
[2025-08-07 10:57:02,068] {logging_mixin.py:115} WARNING - /home/***/.local/lib/python3.7/site-packages/***/utils/context.py:290 AirflowContextDeprecationWarning: Accessing 'execution_date' from the template is deprecated and will be removed in a future version. Please use 'data_interval_start' or 'logical_date' instead.
[2025-08-07 10:57:02,068] {logging_mixin.py:115} INFO - ------------- exec dttm = 2025-08-07T10:56:00+00:00 and minute = 56
[2025-08-07 10:57:02,069] {python.py:173} INFO - Done. Returned value was: empty_task_1
[2025-08-07 10:57:02,069] {skipmixin.py:140} INFO - Following branch empty_task_1
[2025-08-07 10:57:02,069] {skipmixin.py:175} INFO - Skipping tasks ['empty_task_2']
[2025-08-07 10:57:02,156] {taskinstance.py:1400} INFO - Marking task as SUCCESS. dag_id=example_branch_dop_operator_v3, task_id=condition, execution_date=20250807T105600, start_date=20250807T105701, end_date=20250807T105702
[2025-08-07 10:57:02,208] {local_task_job.py:156} INFO - Task exited with return code 0
[2025-08-07 10:57:02,285] {local_task_job.py:273} INFO - 1 downstream tasks scheduled from follow-on schedule check
