[2025-08-07 11:11:45,103] {taskinstance.py:1159} INFO - Dependencies all met for <TaskInstance: example_sla_dag.sleep_20 scheduled__2025-08-07T11:08:00+00:00 [queued]>
[2025-08-07 11:11:45,185] {taskinstance.py:1159} INFO - Dependencies all met for <TaskInstance: example_sla_dag.sleep_20 scheduled__2025-08-07T11:08:00+00:00 [queued]>
[2025-08-07 11:11:45,185] {taskinstance.py:1356} INFO - 
--------------------------------------------------------------------------------
[2025-08-07 11:11:45,185] {taskinstance.py:1357} INFO - Starting attempt 1 of 1
[2025-08-07 11:11:45,185] {taskinstance.py:1358} INFO - 
--------------------------------------------------------------------------------
[2025-08-07 11:11:45,269] {taskinstance.py:1377} INFO - Executing <Task(_PythonDecoratedOperator): sleep_20> on 2025-08-07 11:08:00+00:00
[2025-08-07 11:11:45,285] {standard_task_runner.py:52} INFO - Started process 326 to run task
[2025-08-07 11:11:45,295] {standard_task_runner.py:79} INFO - Running: ['***', 'tasks', 'run', 'example_sla_dag', 'sleep_20', 'scheduled__2025-08-07T11:08:00+00:00', '--job-id', '14', '--raw', '--subdir', '/home/***/.local/lib/python3.7/site-packages/***/example_dags/example_sla_dag.py', '--cfg-path', '/tmp/tmpmokbr039', '--error-file', '/tmp/tmp7u46apbx']
[2025-08-07 11:11:45,297] {standard_task_runner.py:80} INFO - Job 14: Subtask sleep_20
[2025-08-07 11:11:45,599] {task_command.py:369} INFO - Running <TaskInstance: example_sla_dag.sleep_20 scheduled__2025-08-07T11:08:00+00:00 [running]> on host b22dcc1493a4
[2025-08-07 11:11:46,330] {taskinstance.py:1571} INFO - Exporting the following env vars:
AIRFLOW_CTX_DAG_EMAIL=email@example.com
AIRFLOW_CTX_DAG_OWNER=***
AIRFLOW_CTX_DAG_ID=example_sla_dag
AIRFLOW_CTX_TASK_ID=sleep_20
AIRFLOW_CTX_EXECUTION_DATE=2025-08-07T11:08:00+00:00
AIRFLOW_CTX_TRY_NUMBER=1
AIRFLOW_CTX_DAG_RUN_ID=scheduled__2025-08-07T11:08:00+00:00
[2025-08-07 11:12:06,354] {python.py:173} INFO - Done. Returned value was: None
[2025-08-07 11:12:06,388] {taskinstance.py:1400} INFO - Marking task as SUCCESS. dag_id=example_sla_dag, task_id=sleep_20, execution_date=20250807T110800, start_date=20250807T111145, end_date=20250807T111206
[2025-08-07 11:12:06,457] {local_task_job.py:156} INFO - Task exited with return code 0
[2025-08-07 11:12:06,531] {local_task_job.py:273} INFO - 1 downstream tasks scheduled from follow-on schedule check
