[2025-08-07 03:46:22,968] {taskinstance.py:1159} INFO - Dependencies all met for <TaskInstance: example_sla_dag.sleep_30 scheduled__2025-08-07T03:44:00+00:00 [queued]>
[2025-08-07 03:46:22,979] {taskinstance.py:1159} INFO - Dependencies all met for <TaskInstance: example_sla_dag.sleep_30 scheduled__2025-08-07T03:44:00+00:00 [queued]>
[2025-08-07 03:46:22,979] {taskinstance.py:1356} INFO - 
--------------------------------------------------------------------------------
[2025-08-07 03:46:22,979] {taskinstance.py:1357} INFO - Starting attempt 1 of 1
[2025-08-07 03:46:22,979] {taskinstance.py:1358} INFO - 
--------------------------------------------------------------------------------
[2025-08-07 03:46:22,999] {taskinstance.py:1377} INFO - Executing <Task(_PythonDecoratedOperator): sleep_30> on 2025-08-07 03:44:00+00:00
[2025-08-07 03:46:23,008] {standard_task_runner.py:52} INFO - Started process 3720 to run task
[2025-08-07 03:46:23,013] {standard_task_runner.py:79} INFO - Running: ['***', 'tasks', 'run', 'example_sla_dag', 'sleep_30', 'scheduled__2025-08-07T03:44:00+00:00', '--job-id', '102', '--raw', '--subdir', '/home/***/.local/lib/python3.7/site-packages/***/example_dags/example_sla_dag.py', '--cfg-path', '/tmp/tmpxwkigw_t', '--error-file', '/tmp/tmp590qhlnr']
[2025-08-07 03:46:23,014] {standard_task_runner.py:80} INFO - Job 102: Subtask sleep_30
[2025-08-07 03:46:23,106] {task_command.py:369} INFO - Running <TaskInstance: example_sla_dag.sleep_30 scheduled__2025-08-07T03:44:00+00:00 [running]> on host 92a46ac2453f
[2025-08-07 03:46:23,448] {taskinstance.py:1571} INFO - Exporting the following env vars:
AIRFLOW_CTX_DAG_EMAIL=email@example.com
AIRFLOW_CTX_DAG_OWNER=***
AIRFLOW_CTX_DAG_ID=example_sla_dag
AIRFLOW_CTX_TASK_ID=sleep_30
AIRFLOW_CTX_EXECUTION_DATE=2025-08-07T03:44:00+00:00
AIRFLOW_CTX_TRY_NUMBER=1
AIRFLOW_CTX_DAG_RUN_ID=scheduled__2025-08-07T03:44:00+00:00
[2025-08-07 03:46:53,466] {python.py:173} INFO - Done. Returned value was: None
[2025-08-07 03:46:53,491] {taskinstance.py:1400} INFO - Marking task as SUCCESS. dag_id=example_sla_dag, task_id=sleep_30, execution_date=20250807T034400, start_date=20250807T034622, end_date=20250807T034653
[2025-08-07 03:46:53,519] {local_task_job.py:221} WARNING - State of this instance has been externally set to success. Terminating instance.
[2025-08-07 03:46:53,523] {process_utils.py:129} INFO - Sending Signals.SIGTERM to group 3720. PIDs of all processes in the group: [3720]
[2025-08-07 03:46:53,523] {process_utils.py:80} INFO - Sending the signal Signals.SIGTERM to group 3720
[2025-08-07 03:46:53,528] {process_utils.py:75} INFO - Process psutil.Process(pid=3720, status='terminated', exitcode=0, started='03:46:22') (3720) terminated with exit code 0
