[2025-08-08 08:55:12,578] {taskinstance.py:1159} INFO - Dependencies all met for <TaskInstance: tutorial.templated scheduled__2025-08-07T08:55:06.194035+00:00 [queued]>
[2025-08-08 08:55:12,717] {taskinstance.py:1159} INFO - Dependencies all met for <TaskInstance: tutorial.templated scheduled__2025-08-07T08:55:06.194035+00:00 [queued]>
[2025-08-08 08:55:12,717] {taskinstance.py:1356} INFO - 
--------------------------------------------------------------------------------
[2025-08-08 08:55:12,717] {taskinstance.py:1357} INFO - Starting attempt 1 of 2
[2025-08-08 08:55:12,717] {taskinstance.py:1358} INFO - 
--------------------------------------------------------------------------------
[2025-08-08 08:55:12,869] {taskinstance.py:1377} INFO - Executing <Task(BashOperator): templated> on 2025-08-07 08:55:06.194035+00:00
[2025-08-08 08:55:12,884] {standard_task_runner.py:52} INFO - Started process 491 to run task
[2025-08-08 08:55:12,905] {standard_task_runner.py:79} INFO - Running: ['***', 'tasks', 'run', 'tutorial', 'templated', 'scheduled__2025-08-07T08:55:06.194035+00:00', '--job-id', '34', '--raw', '--subdir', '/home/***/.local/lib/python3.7/site-packages/***/example_dags/tutorial.py', '--cfg-path', '/tmp/tmpy_epf6pu', '--error-file', '/tmp/tmpk_vwo0e7']
[2025-08-08 08:55:12,922] {standard_task_runner.py:80} INFO - Job 34: Subtask templated
[2025-08-08 08:55:13,170] {task_command.py:369} INFO - Running <TaskInstance: tutorial.templated scheduled__2025-08-07T08:55:06.194035+00:00 [running]> on host abdeb7f02efc
[2025-08-08 08:55:14,234] {taskinstance.py:1571} INFO - Exporting the following env vars:
AIRFLOW_CTX_DAG_EMAIL=***@example.com
AIRFLOW_CTX_DAG_OWNER=***
AIRFLOW_CTX_DAG_ID=tutorial
AIRFLOW_CTX_TASK_ID=templated
AIRFLOW_CTX_EXECUTION_DATE=2025-08-07T08:55:06.194035+00:00
AIRFLOW_CTX_TRY_NUMBER=1
AIRFLOW_CTX_DAG_RUN_ID=scheduled__2025-08-07T08:55:06.194035+00:00
[2025-08-08 08:55:14,235] {subprocess.py:62} INFO - Tmp dir root location: 
 /tmp
[2025-08-08 08:55:14,235] {subprocess.py:74} INFO - Running command: ['bash', '-c', '\n\n    echo "2025-08-07"\n    echo "2025-08-14"\n\n    echo "2025-08-07"\n    echo "2025-08-14"\n\n    echo "2025-08-07"\n    echo "2025-08-14"\n\n    echo "2025-08-07"\n    echo "2025-08-14"\n\n    echo "2025-08-07"\n    echo "2025-08-14"\n']
[2025-08-08 08:55:14,253] {subprocess.py:85} INFO - Output:
[2025-08-08 08:55:14,256] {subprocess.py:92} INFO - 2025-08-07
[2025-08-08 08:55:14,257] {subprocess.py:92} INFO - 2025-08-14
[2025-08-08 08:55:14,257] {subprocess.py:92} INFO - 2025-08-07
[2025-08-08 08:55:14,257] {subprocess.py:92} INFO - 2025-08-14
[2025-08-08 08:55:14,257] {subprocess.py:92} INFO - 2025-08-07
[2025-08-08 08:55:14,257] {subprocess.py:92} INFO - 2025-08-14
[2025-08-08 08:55:14,258] {subprocess.py:92} INFO - 2025-08-07
[2025-08-08 08:55:14,258] {subprocess.py:92} INFO - 2025-08-14
[2025-08-08 08:55:14,258] {subprocess.py:92} INFO - 2025-08-07
[2025-08-08 08:55:14,258] {subprocess.py:92} INFO - 2025-08-14
[2025-08-08 08:55:14,258] {subprocess.py:96} INFO - Command exited with return code 0
[2025-08-08 08:55:14,320] {taskinstance.py:1400} INFO - Marking task as SUCCESS. dag_id=tutorial, task_id=templated, execution_date=20250807T085506, start_date=20250808T085512, end_date=20250808T085514
[2025-08-08 08:55:14,400] {local_task_job.py:156} INFO - Task exited with return code 0
[2025-08-08 08:55:14,621] {local_task_job.py:273} INFO - 0 downstream tasks scheduled from follow-on schedule check
