[2025-08-07 14:35:00,758] {taskinstance.py:1159} INFO - Dependencies all met for <TaskInstance: example_branch_dop_operator_v3.condition scheduled__2025-08-07T14:34:00+00:00 [queued]>
[2025-08-07 14:35:00,791] {taskinstance.py:1159} INFO - Dependencies all met for <TaskInstance: example_branch_dop_operator_v3.condition scheduled__2025-08-07T14:34:00+00:00 [queued]>
[2025-08-07 14:35:00,792] {taskinstance.py:1356} INFO - 
--------------------------------------------------------------------------------
[2025-08-07 14:35:00,792] {taskinstance.py:1357} INFO - Starting attempt 1 of 1
[2025-08-07 14:35:00,792] {taskinstance.py:1358} INFO - 
--------------------------------------------------------------------------------
[2025-08-07 14:35:00,826] {taskinstance.py:1377} INFO - Executing <Task(BranchPythonOperator): condition> on 2025-08-07 14:34:00+00:00
[2025-08-07 14:35:00,837] {standard_task_runner.py:52} INFO - Started process 80985 to run task
[2025-08-07 14:35:00,842] {standard_task_runner.py:79} INFO - Running: ['***', 'tasks', 'run', 'example_branch_dop_operator_v3', 'condition', 'scheduled__2025-08-07T14:34:00+00:00', '--job-id', '1120', '--raw', '--subdir', '/home/***/.local/lib/python3.7/site-packages/***/example_dags/example_branch_python_dop_operator_3.py', '--cfg-path', '/tmp/tmpho1ywtmd', '--error-file', '/tmp/tmpoy4du0vj']
[2025-08-07 14:35:00,844] {standard_task_runner.py:80} INFO - Job 1120: Subtask condition
[2025-08-07 14:35:00,985] {task_command.py:369} INFO - Running <TaskInstance: example_branch_dop_operator_v3.condition scheduled__2025-08-07T14:34:00+00:00 [running]> on host b810b38b6a38
[2025-08-07 14:35:01,331] {taskinstance.py:1571} INFO - Exporting the following env vars:
AIRFLOW_CTX_DAG_OWNER=***
AIRFLOW_CTX_DAG_ID=example_branch_dop_operator_v3
AIRFLOW_CTX_TASK_ID=condition
AIRFLOW_CTX_EXECUTION_DATE=2025-08-07T14:34:00+00:00
AIRFLOW_CTX_TRY_NUMBER=1
AIRFLOW_CTX_DAG_RUN_ID=scheduled__2025-08-07T14:34:00+00:00
[2025-08-07 14:35:01,346] {logging_mixin.py:115} WARNING - /home/***/.local/lib/python3.7/site-packages/***/utils/context.py:290 AirflowContextDeprecationWarning: Accessing 'execution_date' from the template is deprecated and will be removed in a future version. Please use 'data_interval_start' or 'logical_date' instead.
[2025-08-07 14:35:01,347] {logging_mixin.py:115} INFO - ------------- exec dttm = 2025-08-07T14:34:00+00:00 and minute = 34
[2025-08-07 14:35:01,347] {python.py:173} INFO - Done. Returned value was: empty_task_1
[2025-08-07 14:35:01,347] {skipmixin.py:140} INFO - Following branch empty_task_1
[2025-08-07 14:35:01,348] {skipmixin.py:175} INFO - Skipping tasks ['empty_task_2']
[2025-08-07 14:35:01,468] {taskinstance.py:1400} INFO - Marking task as SUCCESS. dag_id=example_branch_dop_operator_v3, task_id=condition, execution_date=20250807T143400, start_date=20250807T143500, end_date=20250807T143501
[2025-08-07 14:35:01,536] {local_task_job.py:156} INFO - Task exited with return code 0
[2025-08-07 14:35:01,616] {local_task_job.py:273} INFO - 1 downstream tasks scheduled from follow-on schedule check
