[2025-08-06 19:30:02,631] {taskinstance.py:1159} INFO - Dependencies all met for <TaskInstance: send_weather_to_kafka.fetch_and_send_weather manual__2025-08-06T19:30:01.630112+00:00 [queued]>
[2025-08-06 19:30:02,651] {taskinstance.py:1159} INFO - Dependencies all met for <TaskInstance: send_weather_to_kafka.fetch_and_send_weather manual__2025-08-06T19:30:01.630112+00:00 [queued]>
[2025-08-06 19:30:02,652] {taskinstance.py:1356} INFO - 
--------------------------------------------------------------------------------
[2025-08-06 19:30:02,652] {taskinstance.py:1357} INFO - Starting attempt 1 of 2
[2025-08-06 19:30:02,652] {taskinstance.py:1358} INFO - 
--------------------------------------------------------------------------------
[2025-08-06 19:30:02,682] {taskinstance.py:1377} INFO - Executing <Task(BashOperator): fetch_and_send_weather> on 2025-08-06 19:30:01.630112+00:00
[2025-08-06 19:30:02,694] {standard_task_runner.py:52} INFO - Started process 3511 to run task
[2025-08-06 19:30:02,700] {standard_task_runner.py:79} INFO - Running: ['***', 'tasks', 'run', 'send_weather_to_kafka', 'fetch_and_send_weather', 'manual__2025-08-06T19:30:01.630112+00:00', '--job-id', '4', '--raw', '--subdir', 'DAGS_FOLDER/dag_meteo.py', '--cfg-path', '/tmp/tmpg424uqu9', '--error-file', '/tmp/tmphmp8g3b6']
[2025-08-06 19:30:02,702] {standard_task_runner.py:80} INFO - Job 4: Subtask fetch_and_send_weather
[2025-08-06 19:30:02,809] {task_command.py:369} INFO - Running <TaskInstance: send_weather_to_kafka.fetch_and_send_weather manual__2025-08-06T19:30:01.630112+00:00 [running]> on host 23b45da21b8f
[2025-08-06 19:30:03,131] {taskinstance.py:1571} INFO - Exporting the following env vars:
AIRFLOW_CTX_DAG_OWNER=***
AIRFLOW_CTX_DAG_ID=send_weather_to_kafka
AIRFLOW_CTX_TASK_ID=fetch_and_send_weather
AIRFLOW_CTX_EXECUTION_DATE=2025-08-06T19:30:01.630112+00:00
AIRFLOW_CTX_TRY_NUMBER=1
AIRFLOW_CTX_DAG_RUN_ID=manual__2025-08-06T19:30:01.630112+00:00
[2025-08-06 19:30:03,132] {subprocess.py:62} INFO - Tmp dir root location: 
 /tmp
[2025-08-06 19:30:03,133] {subprocess.py:74} INFO - Running command: ['bash', '-c', 'cd /opt/***/scripts && python3 kafka/producer.py']
[2025-08-06 19:30:03,158] {subprocess.py:85} INFO - Output:
[2025-08-06 19:30:07,655] {subprocess.py:92} INFO - Envoi vers Kafka : {'temperature': 29, 'humidity': 74, 'windSpeed': 3.1, 'cloudCover': 98, 'rainIntensity': 0, 'timestamp': '2025-08-06T19:30:00Z'}
[2025-08-06 19:30:07,743] {subprocess.py:96} INFO - Command exited with return code 0
[2025-08-06 19:30:07,814] {taskinstance.py:1400} INFO - Marking task as SUCCESS. dag_id=send_weather_to_kafka, task_id=fetch_and_send_weather, execution_date=20250806T193001, start_date=20250806T193002, end_date=20250806T193007
[2025-08-06 19:30:07,863] {local_task_job.py:156} INFO - Task exited with return code 0
[2025-08-06 19:30:07,921] {local_task_job.py:273} INFO - 1 downstream tasks scheduled from follow-on schedule check
