[2025-08-07 03:40:01,886] {taskinstance.py:1159} INFO - Dependencies all met for <TaskInstance: tutorial.templated scheduled__2025-08-06T03:39:58.048150+00:00 [queued]>
[2025-08-07 03:40:01,905] {taskinstance.py:1159} INFO - Dependencies all met for <TaskInstance: tutorial.templated scheduled__2025-08-06T03:39:58.048150+00:00 [queued]>
[2025-08-07 03:40:01,906] {taskinstance.py:1356} INFO - 
--------------------------------------------------------------------------------
[2025-08-07 03:40:01,906] {taskinstance.py:1357} INFO - Starting attempt 1 of 2
[2025-08-07 03:40:01,906] {taskinstance.py:1358} INFO - 
--------------------------------------------------------------------------------
[2025-08-07 03:40:01,939] {taskinstance.py:1377} INFO - Executing <Task(BashOperator): templated> on 2025-08-06 03:39:58.048150+00:00
[2025-08-07 03:40:01,950] {standard_task_runner.py:52} INFO - Started process 478 to run task
[2025-08-07 03:40:01,956] {standard_task_runner.py:79} INFO - Running: ['***', 'tasks', 'run', 'tutorial', 'templated', 'scheduled__2025-08-06T03:39:58.048150+00:00', '--job-id', '37', '--raw', '--subdir', '/home/***/.local/lib/python3.7/site-packages/***/example_dags/tutorial.py', '--cfg-path', '/tmp/tmpdmco7f_n', '--error-file', '/tmp/tmprp14ml_k']
[2025-08-07 03:40:01,959] {standard_task_runner.py:80} INFO - Job 37: Subtask templated
[2025-08-07 03:40:02,041] {task_command.py:369} INFO - Running <TaskInstance: tutorial.templated scheduled__2025-08-06T03:39:58.048150+00:00 [running]> on host 92a46ac2453f
[2025-08-07 03:40:02,437] {taskinstance.py:1571} INFO - Exporting the following env vars:
AIRFLOW_CTX_DAG_EMAIL=***@example.com
AIRFLOW_CTX_DAG_OWNER=***
AIRFLOW_CTX_DAG_ID=tutorial
AIRFLOW_CTX_TASK_ID=templated
AIRFLOW_CTX_EXECUTION_DATE=2025-08-06T03:39:58.048150+00:00
AIRFLOW_CTX_TRY_NUMBER=1
AIRFLOW_CTX_DAG_RUN_ID=scheduled__2025-08-06T03:39:58.048150+00:00
[2025-08-07 03:40:02,439] {subprocess.py:62} INFO - Tmp dir root location: 
 /tmp
[2025-08-07 03:40:02,441] {subprocess.py:74} INFO - Running command: ['bash', '-c', '\n\n    echo "2025-08-06"\n    echo "2025-08-13"\n\n    echo "2025-08-06"\n    echo "2025-08-13"\n\n    echo "2025-08-06"\n    echo "2025-08-13"\n\n    echo "2025-08-06"\n    echo "2025-08-13"\n\n    echo "2025-08-06"\n    echo "2025-08-13"\n']
[2025-08-07 03:40:02,474] {subprocess.py:85} INFO - Output:
[2025-08-07 03:40:02,480] {subprocess.py:92} INFO - 2025-08-06
[2025-08-07 03:40:02,480] {subprocess.py:92} INFO - 2025-08-13
[2025-08-07 03:40:02,481] {subprocess.py:92} INFO - 2025-08-06
[2025-08-07 03:40:02,481] {subprocess.py:92} INFO - 2025-08-13
[2025-08-07 03:40:02,481] {subprocess.py:92} INFO - 2025-08-06
[2025-08-07 03:40:02,481] {subprocess.py:92} INFO - 2025-08-13
[2025-08-07 03:40:02,481] {subprocess.py:92} INFO - 2025-08-06
[2025-08-07 03:40:02,481] {subprocess.py:92} INFO - 2025-08-13
[2025-08-07 03:40:02,482] {subprocess.py:92} INFO - 2025-08-06
[2025-08-07 03:40:02,482] {subprocess.py:92} INFO - 2025-08-13
[2025-08-07 03:40:02,482] {subprocess.py:96} INFO - Command exited with return code 0
[2025-08-07 03:40:02,774] {taskinstance.py:1400} INFO - Marking task as SUCCESS. dag_id=tutorial, task_id=templated, execution_date=20250806T033958, start_date=20250807T034001, end_date=20250807T034002
[2025-08-07 03:40:02,859] {local_task_job.py:156} INFO - Task exited with return code 0
[2025-08-07 03:40:03,021] {local_task_job.py:273} INFO - 0 downstream tasks scheduled from follow-on schedule check
