[2025-08-07 10:44:22,286] {taskinstance.py:1159} INFO - Dependencies all met for <TaskInstance: send_weather_to_kafka.verify_pipeline scheduled__2025-08-07T10:42:14.997141+00:00 [queued]>
[2025-08-07 10:44:22,300] {taskinstance.py:1159} INFO - Dependencies all met for <TaskInstance: send_weather_to_kafka.verify_pipeline scheduled__2025-08-07T10:42:14.997141+00:00 [queued]>
[2025-08-07 10:44:22,301] {taskinstance.py:1356} INFO - 
--------------------------------------------------------------------------------
[2025-08-07 10:44:22,301] {taskinstance.py:1357} INFO - Starting attempt 1 of 2
[2025-08-07 10:44:22,301] {taskinstance.py:1358} INFO - 
--------------------------------------------------------------------------------
[2025-08-07 10:44:22,326] {taskinstance.py:1377} INFO - Executing <Task(BashOperator): verify_pipeline> on 2025-08-07 10:42:14.997141+00:00
[2025-08-07 10:44:22,336] {standard_task_runner.py:52} INFO - Started process 2572 to run task
[2025-08-07 10:44:22,342] {standard_task_runner.py:79} INFO - Running: ['***', 'tasks', 'run', 'send_weather_to_kafka', 'verify_pipeline', 'scheduled__2025-08-07T10:42:14.997141+00:00', '--job-id', '82', '--raw', '--subdir', 'DAGS_FOLDER/dag_meteo.py', '--cfg-path', '/tmp/tmpsnfy8ky3', '--error-file', '/tmp/tmpmmunmv97']
[2025-08-07 10:44:22,344] {standard_task_runner.py:80} INFO - Job 82: Subtask verify_pipeline
[2025-08-07 10:44:22,465] {task_command.py:369} INFO - Running <TaskInstance: send_weather_to_kafka.verify_pipeline scheduled__2025-08-07T10:42:14.997141+00:00 [running]> on host 81d3b97a0728
[2025-08-07 10:44:22,744] {taskinstance.py:1571} INFO - Exporting the following env vars:
AIRFLOW_CTX_DAG_OWNER=alla
AIRFLOW_CTX_DAG_ID=send_weather_to_kafka
AIRFLOW_CTX_TASK_ID=verify_pipeline
AIRFLOW_CTX_EXECUTION_DATE=2025-08-07T10:42:14.997141+00:00
AIRFLOW_CTX_TRY_NUMBER=1
AIRFLOW_CTX_DAG_RUN_ID=scheduled__2025-08-07T10:42:14.997141+00:00
[2025-08-07 10:44:22,746] {subprocess.py:62} INFO - Tmp dir root location: 
 /tmp
[2025-08-07 10:44:22,746] {subprocess.py:74} INFO - Running command: ['bash', '-c', '\n            echo " Attente traitement Logstash..." && sleep 30 &&\n            curl -s "http://elasticsearch:9200/_cat/indices/weather*" || echo "Pas encore d\'index weather"\n        ']
[2025-08-07 10:44:22,762] {subprocess.py:85} INFO - Output:
[2025-08-07 10:44:22,766] {subprocess.py:92} INFO -  Attente traitement Logstash...
[2025-08-07 10:44:52,794] {subprocess.py:96} INFO - Command exited with return code 0
[2025-08-07 10:44:52,853] {taskinstance.py:1400} INFO - Marking task as SUCCESS. dag_id=send_weather_to_kafka, task_id=verify_pipeline, execution_date=20250807T104214, start_date=20250807T104422, end_date=20250807T104452
[2025-08-07 10:44:52,894] {local_task_job.py:156} INFO - Task exited with return code 0
[2025-08-07 10:44:52,938] {local_task_job.py:273} INFO - 0 downstream tasks scheduled from follow-on schedule check
