[2025-08-07 11:04:15,830] {taskinstance.py:1159} INFO - Dependencies all met for <TaskInstance: send_weather_to_kafka.fetch_and_send_weather scheduled__2025-08-07T11:02:14.997141+00:00 [queued]>
[2025-08-07 11:04:15,845] {taskinstance.py:1159} INFO - Dependencies all met for <TaskInstance: send_weather_to_kafka.fetch_and_send_weather scheduled__2025-08-07T11:02:14.997141+00:00 [queued]>
[2025-08-07 11:04:15,845] {taskinstance.py:1356} INFO - 
--------------------------------------------------------------------------------
[2025-08-07 11:04:15,845] {taskinstance.py:1357} INFO - Starting attempt 1 of 2
[2025-08-07 11:04:15,846] {taskinstance.py:1358} INFO - 
--------------------------------------------------------------------------------
[2025-08-07 11:04:15,873] {taskinstance.py:1377} INFO - Executing <Task(BashOperator): fetch_and_send_weather> on 2025-08-07 11:02:14.997141+00:00
[2025-08-07 11:04:15,882] {standard_task_runner.py:52} INFO - Started process 12580 to run task
[2025-08-07 11:04:15,888] {standard_task_runner.py:79} INFO - Running: ['***', 'tasks', 'run', 'send_weather_to_kafka', 'fetch_and_send_weather', 'scheduled__2025-08-07T11:02:14.997141+00:00', '--job-id', '202', '--raw', '--subdir', 'DAGS_FOLDER/dag_meteo.py', '--cfg-path', '/tmp/tmpgrsdfnf6', '--error-file', '/tmp/tmpbp6lsnef']
[2025-08-07 11:04:15,890] {standard_task_runner.py:80} INFO - Job 202: Subtask fetch_and_send_weather
[2025-08-07 11:04:15,982] {task_command.py:369} INFO - Running <TaskInstance: send_weather_to_kafka.fetch_and_send_weather scheduled__2025-08-07T11:02:14.997141+00:00 [running]> on host 81d3b97a0728
[2025-08-07 11:04:16,287] {taskinstance.py:1571} INFO - Exporting the following env vars:
AIRFLOW_CTX_DAG_OWNER=alla
AIRFLOW_CTX_DAG_ID=send_weather_to_kafka
AIRFLOW_CTX_TASK_ID=fetch_and_send_weather
AIRFLOW_CTX_EXECUTION_DATE=2025-08-07T11:02:14.997141+00:00
AIRFLOW_CTX_TRY_NUMBER=1
AIRFLOW_CTX_DAG_RUN_ID=scheduled__2025-08-07T11:02:14.997141+00:00
[2025-08-07 11:04:16,289] {subprocess.py:62} INFO - Tmp dir root location: 
 /tmp
[2025-08-07 11:04:16,289] {subprocess.py:74} INFO - Running command: ['bash', '-c', 'cd /opt/***/scripts && python3 kafka/producer.py']
[2025-08-07 11:04:16,312] {subprocess.py:85} INFO - Output:
[2025-08-07 11:04:20,868] {subprocess.py:92} INFO - Envoi vers Kafka : {'temperature': 28.9, 'humidity': 76, 'windSpeed': 5.4, 'cloudCover': 49, 'rainIntensity': 0, 'timestamp': '2025-08-07T11:04:00Z'}
[2025-08-07 11:04:20,931] {subprocess.py:96} INFO - Command exited with return code 0
[2025-08-07 11:04:20,984] {taskinstance.py:1400} INFO - Marking task as SUCCESS. dag_id=send_weather_to_kafka, task_id=fetch_and_send_weather, execution_date=20250807T110214, start_date=20250807T110415, end_date=20250807T110420
[2025-08-07 11:04:21,027] {local_task_job.py:156} INFO - Task exited with return code 0
[2025-08-07 11:04:21,073] {local_task_job.py:273} INFO - 1 downstream tasks scheduled from follow-on schedule check
