[2025-08-06 10:40:17,306] {taskinstance.py:1159} INFO - Dependencies all met for <TaskInstance: send_weather_to_kafka.fetch_and_send_weather scheduled__2025-08-06T08:40:16.852301+00:00 [queued]>
[2025-08-06 10:40:17,328] {taskinstance.py:1159} INFO - Dependencies all met for <TaskInstance: send_weather_to_kafka.fetch_and_send_weather scheduled__2025-08-06T08:40:16.852301+00:00 [queued]>
[2025-08-06 10:40:17,328] {taskinstance.py:1356} INFO - 
--------------------------------------------------------------------------------
[2025-08-06 10:40:17,328] {taskinstance.py:1357} INFO - Starting attempt 1 of 2
[2025-08-06 10:40:17,328] {taskinstance.py:1358} INFO - 
--------------------------------------------------------------------------------
[2025-08-06 10:40:17,356] {taskinstance.py:1377} INFO - Executing <Task(BashOperator): fetch_and_send_weather> on 2025-08-06 08:40:16.852301+00:00
[2025-08-06 10:40:17,366] {standard_task_runner.py:52} INFO - Started process 22345 to run task
[2025-08-06 10:40:17,372] {standard_task_runner.py:79} INFO - Running: ['***', 'tasks', 'run', 'send_weather_to_kafka', 'fetch_and_send_weather', 'scheduled__2025-08-06T08:40:16.852301+00:00', '--job-id', '15', '--raw', '--subdir', 'DAGS_FOLDER/dag_meteo.py', '--cfg-path', '/tmp/tmpp33_y5sd', '--error-file', '/tmp/tmpnwp46jee']
[2025-08-06 10:40:17,375] {standard_task_runner.py:80} INFO - Job 15: Subtask fetch_and_send_weather
[2025-08-06 10:40:17,412] {logging_mixin.py:115} WARNING - /home/***/.local/lib/python3.7/site-packages/***/configuration.py:470 DeprecationWarning: The sql_alchemy_conn option in [core] has been moved to the sql_alchemy_conn option in [database] - the old setting has been used, but please update your config.
[2025-08-06 10:40:17,497] {task_command.py:369} INFO - Running <TaskInstance: send_weather_to_kafka.fetch_and_send_weather scheduled__2025-08-06T08:40:16.852301+00:00 [running]> on host 536c12e0b7f9
[2025-08-06 10:40:17,673] {taskinstance.py:1571} INFO - Exporting the following env vars:
AIRFLOW_CTX_DAG_OWNER=***
AIRFLOW_CTX_DAG_ID=send_weather_to_kafka
AIRFLOW_CTX_TASK_ID=fetch_and_send_weather
AIRFLOW_CTX_EXECUTION_DATE=2025-08-06T08:40:16.852301+00:00
AIRFLOW_CTX_TRY_NUMBER=1
AIRFLOW_CTX_DAG_RUN_ID=scheduled__2025-08-06T08:40:16.852301+00:00
[2025-08-06 10:40:17,675] {subprocess.py:62} INFO - Tmp dir root location: 
 /tmp
[2025-08-06 10:40:17,676] {subprocess.py:74} INFO - Running command: ['bash', '-c', 'cd /opt/***/scripts && python3 kafka/producer.py']
[2025-08-06 10:40:17,698] {subprocess.py:85} INFO - Output:
[2025-08-06 10:40:22,816] {subprocess.py:92} INFO - Envoi vers Kafka : {'temperature': 29, 'humidity': 74, 'windSpeed': 3.1, 'cloudCover': 50, 'rainIntensity': 0, 'timestamp': '2025-08-06T10:40:00Z'}
[2025-08-06 10:40:22,936] {subprocess.py:96} INFO - Command exited with return code 0
[2025-08-06 10:40:23,002] {taskinstance.py:1400} INFO - Marking task as SUCCESS. dag_id=send_weather_to_kafka, task_id=fetch_and_send_weather, execution_date=20250806T084016, start_date=20250806T104017, end_date=20250806T104023
[2025-08-06 10:40:23,070] {local_task_job.py:156} INFO - Task exited with return code 0
[2025-08-06 10:40:23,159] {local_task_job.py:273} INFO - 1 downstream tasks scheduled from follow-on schedule check
