[2025-08-07 10:40:16,706] {taskinstance.py:1159} INFO - Dependencies all met for <TaskInstance: latest_only_with_trigger.latest_only scheduled__2025-08-07T06:40:15.277485+00:00 [queued]>
[2025-08-07 10:40:16,724] {taskinstance.py:1159} INFO - Dependencies all met for <TaskInstance: latest_only_with_trigger.latest_only scheduled__2025-08-07T06:40:15.277485+00:00 [queued]>
[2025-08-07 10:40:16,724] {taskinstance.py:1356} INFO - 
--------------------------------------------------------------------------------
[2025-08-07 10:40:16,724] {taskinstance.py:1357} INFO - Starting attempt 1 of 1
[2025-08-07 10:40:16,725] {taskinstance.py:1358} INFO - 
--------------------------------------------------------------------------------
[2025-08-07 10:40:16,758] {taskinstance.py:1377} INFO - Executing <Task(LatestOnlyOperator): latest_only> on 2025-08-07 06:40:15.277485+00:00
[2025-08-07 10:40:16,766] {standard_task_runner.py:52} INFO - Started process 255 to run task
[2025-08-07 10:40:16,774] {standard_task_runner.py:79} INFO - Running: ['***', 'tasks', 'run', 'latest_only_with_trigger', 'latest_only', 'scheduled__2025-08-07T06:40:15.277485+00:00', '--job-id', '4', '--raw', '--subdir', '/home/***/.local/lib/python3.7/site-packages/***/example_dags/example_latest_only_with_trigger.py', '--cfg-path', '/tmp/tmptkc2bm5_', '--error-file', '/tmp/tmp5eregmqt']
[2025-08-07 10:40:16,775] {standard_task_runner.py:80} INFO - Job 4: Subtask latest_only
[2025-08-07 10:40:16,932] {task_command.py:369} INFO - Running <TaskInstance: latest_only_with_trigger.latest_only scheduled__2025-08-07T06:40:15.277485+00:00 [running]> on host 81d3b97a0728
[2025-08-07 10:40:17,339] {taskinstance.py:1571} INFO - Exporting the following env vars:
AIRFLOW_CTX_DAG_OWNER=***
AIRFLOW_CTX_DAG_ID=latest_only_with_trigger
AIRFLOW_CTX_TASK_ID=latest_only
AIRFLOW_CTX_EXECUTION_DATE=2025-08-07T06:40:15.277485+00:00
AIRFLOW_CTX_TRY_NUMBER=1
AIRFLOW_CTX_DAG_RUN_ID=scheduled__2025-08-07T06:40:15.277485+00:00
[2025-08-07 10:40:17,339] {latest_only.py:68} INFO - Checking latest only with left_window: 2025-08-07T10:40:15.277485+00:00 right_window: 2025-08-07T14:40:15.277485+00:00 now: 2025-08-07T10:40:17.339856+00:00
[2025-08-07 10:40:17,340] {latest_only.py:77} INFO - Latest, allowing execution to proceed.
[2025-08-07 10:40:17,340] {skipmixin.py:140} INFO - Following branch ['task1']
[2025-08-07 10:40:17,341] {skipmixin.py:175} INFO - Skipping tasks []
[2025-08-07 10:40:17,451] {taskinstance.py:1400} INFO - Marking task as SUCCESS. dag_id=latest_only_with_trigger, task_id=latest_only, execution_date=20250807T064015, start_date=20250807T104016, end_date=20250807T104017
[2025-08-07 10:40:17,511] {local_task_job.py:156} INFO - Task exited with return code 0
[2025-08-07 10:40:17,934] {local_task_job.py:273} INFO - 0 downstream tasks scheduled from follow-on schedule check
