[2025-08-07 11:11:49,962] {taskinstance.py:1159} INFO - Dependencies all met for <TaskInstance: example_short_circuit_operator.short_circuit scheduled__2025-08-06T11:11:48.056727+00:00 [queued]>
[2025-08-07 11:11:49,989] {taskinstance.py:1159} INFO - Dependencies all met for <TaskInstance: example_short_circuit_operator.short_circuit scheduled__2025-08-06T11:11:48.056727+00:00 [queued]>
[2025-08-07 11:11:49,989] {taskinstance.py:1356} INFO - 
--------------------------------------------------------------------------------
[2025-08-07 11:11:49,990] {taskinstance.py:1357} INFO - Starting attempt 1 of 1
[2025-08-07 11:11:49,990] {taskinstance.py:1358} INFO - 
--------------------------------------------------------------------------------
[2025-08-07 11:11:50,031] {taskinstance.py:1377} INFO - Executing <Task(ShortCircuitOperator): short_circuit> on 2025-08-06 11:11:48.056727+00:00
[2025-08-07 11:11:50,044] {standard_task_runner.py:52} INFO - Started process 472 to run task
[2025-08-07 11:11:50,052] {standard_task_runner.py:79} INFO - Running: ['***', 'tasks', 'run', 'example_short_circuit_operator', 'short_circuit', 'scheduled__2025-08-06T11:11:48.056727+00:00', '--job-id', '28', '--raw', '--subdir', '/home/***/.local/lib/python3.7/site-packages/***/example_dags/example_short_circuit_operator.py', '--cfg-path', '/tmp/tmpd5ou933s', '--error-file', '/tmp/tmpc1tquqgj']
[2025-08-07 11:11:50,053] {standard_task_runner.py:80} INFO - Job 28: Subtask short_circuit
[2025-08-07 11:11:50,181] {task_command.py:369} INFO - Running <TaskInstance: example_short_circuit_operator.short_circuit scheduled__2025-08-06T11:11:48.056727+00:00 [running]> on host b22dcc1493a4
[2025-08-07 11:11:50,838] {taskinstance.py:1571} INFO - Exporting the following env vars:
AIRFLOW_CTX_DAG_OWNER=***
AIRFLOW_CTX_DAG_ID=example_short_circuit_operator
AIRFLOW_CTX_TASK_ID=short_circuit
AIRFLOW_CTX_EXECUTION_DATE=2025-08-06T11:11:48.056727+00:00
AIRFLOW_CTX_TRY_NUMBER=1
AIRFLOW_CTX_DAG_RUN_ID=scheduled__2025-08-06T11:11:48.056727+00:00
[2025-08-07 11:11:50,848] {python.py:173} INFO - Done. Returned value was: False
[2025-08-07 11:11:50,850] {python.py:259} INFO - Condition result is False
[2025-08-07 11:11:50,854] {python.py:276} INFO - Skipping downstream tasks while respecting trigger rules...
[2025-08-07 11:11:50,963] {python.py:281} INFO - Done.
[2025-08-07 11:11:51,121] {taskinstance.py:1400} INFO - Marking task as SUCCESS. dag_id=example_short_circuit_operator, task_id=short_circuit, execution_date=20250806T111148, start_date=20250807T111149, end_date=20250807T111151
[2025-08-07 11:11:51,225] {local_task_job.py:156} INFO - Task exited with return code 0
[2025-08-07 11:11:51,355] {local_task_job.py:273} INFO - 0 downstream tasks scheduled from follow-on schedule check
