[2025-08-07 10:40:19,841] {taskinstance.py:1159} INFO - Dependencies all met for <TaskInstance: latest_only.latest_only scheduled__2025-08-07T06:40:18.135093+00:00 [queued]>
[2025-08-07 10:40:19,883] {taskinstance.py:1159} INFO - Dependencies all met for <TaskInstance: latest_only.latest_only scheduled__2025-08-07T06:40:18.135093+00:00 [queued]>
[2025-08-07 10:40:19,884] {taskinstance.py:1356} INFO - 
--------------------------------------------------------------------------------
[2025-08-07 10:40:19,886] {taskinstance.py:1357} INFO - Starting attempt 1 of 1
[2025-08-07 10:40:19,886] {taskinstance.py:1358} INFO - 
--------------------------------------------------------------------------------
[2025-08-07 10:40:19,971] {taskinstance.py:1377} INFO - Executing <Task(LatestOnlyOperator): latest_only> on 2025-08-07 06:40:18.135093+00:00
[2025-08-07 10:40:20,001] {standard_task_runner.py:52} INFO - Started process 357 to run task
[2025-08-07 10:40:20,009] {standard_task_runner.py:79} INFO - Running: ['***', 'tasks', 'run', 'latest_only', 'latest_only', 'scheduled__2025-08-07T06:40:18.135093+00:00', '--job-id', '16', '--raw', '--subdir', '/home/***/.local/lib/python3.7/site-packages/***/example_dags/example_latest_only.py', '--cfg-path', '/tmp/tmp2bu3x5uw', '--error-file', '/tmp/tmpkg1cjqpz']
[2025-08-07 10:40:20,015] {standard_task_runner.py:80} INFO - Job 16: Subtask latest_only
[2025-08-07 10:40:20,267] {task_command.py:369} INFO - Running <TaskInstance: latest_only.latest_only scheduled__2025-08-07T06:40:18.135093+00:00 [running]> on host 81d3b97a0728
[2025-08-07 10:40:21,029] {taskinstance.py:1571} INFO - Exporting the following env vars:
AIRFLOW_CTX_DAG_OWNER=***
AIRFLOW_CTX_DAG_ID=latest_only
AIRFLOW_CTX_TASK_ID=latest_only
AIRFLOW_CTX_EXECUTION_DATE=2025-08-07T06:40:18.135093+00:00
AIRFLOW_CTX_TRY_NUMBER=1
AIRFLOW_CTX_DAG_RUN_ID=scheduled__2025-08-07T06:40:18.135093+00:00
[2025-08-07 10:40:21,031] {latest_only.py:68} INFO - Checking latest only with left_window: 2025-08-07T10:40:18.135093+00:00 right_window: 2025-08-07T14:40:18.135093+00:00 now: 2025-08-07T10:40:21.030933+00:00
[2025-08-07 10:40:21,031] {latest_only.py:77} INFO - Latest, allowing execution to proceed.
[2025-08-07 10:40:21,031] {skipmixin.py:140} INFO - Following branch ['task1']
[2025-08-07 10:40:21,032] {skipmixin.py:175} INFO - Skipping tasks []
[2025-08-07 10:40:21,158] {taskinstance.py:1400} INFO - Marking task as SUCCESS. dag_id=latest_only, task_id=latest_only, execution_date=20250807T064018, start_date=20250807T104019, end_date=20250807T104021
[2025-08-07 10:40:21,222] {local_task_job.py:156} INFO - Task exited with return code 0
[2025-08-07 10:40:21,363] {local_task_job.py:273} INFO - 1 downstream tasks scheduled from follow-on schedule check
