[2025-08-07 03:29:50,079] {taskinstance.py:1159} INFO - Dependencies all met for <TaskInstance: latest_only.latest_only scheduled__2025-08-06T23:29:48.080630+00:00 [queued]>
[2025-08-07 03:29:50,152] {taskinstance.py:1159} INFO - Dependencies all met for <TaskInstance: latest_only.latest_only scheduled__2025-08-06T23:29:48.080630+00:00 [queued]>
[2025-08-07 03:29:50,153] {taskinstance.py:1356} INFO - 
--------------------------------------------------------------------------------
[2025-08-07 03:29:50,154] {taskinstance.py:1357} INFO - Starting attempt 1 of 1
[2025-08-07 03:29:50,154] {taskinstance.py:1358} INFO - 
--------------------------------------------------------------------------------
[2025-08-07 03:29:50,202] {taskinstance.py:1377} INFO - Executing <Task(LatestOnlyOperator): latest_only> on 2025-08-06 23:29:48.080630+00:00
[2025-08-07 03:29:50,218] {standard_task_runner.py:52} INFO - Started process 355 to run task
[2025-08-07 03:29:50,228] {standard_task_runner.py:79} INFO - Running: ['***', 'tasks', 'run', 'latest_only', 'latest_only', 'scheduled__2025-08-06T23:29:48.080630+00:00', '--job-id', '16', '--raw', '--subdir', '/home/***/.local/lib/python3.7/site-packages/***/example_dags/example_latest_only.py', '--cfg-path', '/tmp/tmpka6rv2u5', '--error-file', '/tmp/tmpzy7xvnyn']
[2025-08-07 03:29:50,231] {standard_task_runner.py:80} INFO - Job 16: Subtask latest_only
[2025-08-07 03:29:50,475] {task_command.py:369} INFO - Running <TaskInstance: latest_only.latest_only scheduled__2025-08-06T23:29:48.080630+00:00 [running]> on host 47565329e35b
[2025-08-07 03:29:51,005] {taskinstance.py:1571} INFO - Exporting the following env vars:
AIRFLOW_CTX_DAG_OWNER=***
AIRFLOW_CTX_DAG_ID=latest_only
AIRFLOW_CTX_TASK_ID=latest_only
AIRFLOW_CTX_EXECUTION_DATE=2025-08-06T23:29:48.080630+00:00
AIRFLOW_CTX_TRY_NUMBER=1
AIRFLOW_CTX_DAG_RUN_ID=scheduled__2025-08-06T23:29:48.080630+00:00
[2025-08-07 03:29:51,008] {latest_only.py:68} INFO - Checking latest only with left_window: 2025-08-07T03:29:48.080630+00:00 right_window: 2025-08-07T07:29:48.080630+00:00 now: 2025-08-07T03:29:51.007992+00:00
[2025-08-07 03:29:51,013] {latest_only.py:77} INFO - Latest, allowing execution to proceed.
[2025-08-07 03:29:51,014] {skipmixin.py:140} INFO - Following branch ['task1']
[2025-08-07 03:29:51,015] {skipmixin.py:175} INFO - Skipping tasks []
[2025-08-07 03:29:51,123] {taskinstance.py:1400} INFO - Marking task as SUCCESS. dag_id=latest_only, task_id=latest_only, execution_date=20250806T232948, start_date=20250807T032950, end_date=20250807T032951
[2025-08-07 03:29:51,185] {local_task_job.py:156} INFO - Task exited with return code 0
[2025-08-07 03:29:51,717] {local_task_job.py:273} INFO - 0 downstream tasks scheduled from follow-on schedule check
