[2025-08-08 08:55:09,024] {taskinstance.py:1159} INFO - Dependencies all met for <TaskInstance: example_task_group_decorator.task_start scheduled__2025-08-07T08:55:07.352496+00:00 [queued]>
[2025-08-08 08:55:09,059] {taskinstance.py:1159} INFO - Dependencies all met for <TaskInstance: example_task_group_decorator.task_start scheduled__2025-08-07T08:55:07.352496+00:00 [queued]>
[2025-08-08 08:55:09,059] {taskinstance.py:1356} INFO - 
--------------------------------------------------------------------------------
[2025-08-08 08:55:09,060] {taskinstance.py:1357} INFO - Starting attempt 1 of 1
[2025-08-08 08:55:09,060] {taskinstance.py:1358} INFO - 
--------------------------------------------------------------------------------
[2025-08-08 08:55:09,132] {taskinstance.py:1377} INFO - Executing <Task(_PythonDecoratedOperator): task_start> on 2025-08-07 08:55:07.352496+00:00
[2025-08-08 08:55:09,153] {standard_task_runner.py:52} INFO - Started process 419 to run task
[2025-08-08 08:55:09,160] {standard_task_runner.py:79} INFO - Running: ['***', 'tasks', 'run', 'example_task_group_decorator', 'task_start', 'scheduled__2025-08-07T08:55:07.352496+00:00', '--job-id', '23', '--raw', '--subdir', '/home/***/.local/lib/python3.7/site-packages/***/example_dags/example_task_group_decorator.py', '--cfg-path', '/tmp/tmpw4edouhk', '--error-file', '/tmp/tmpbl4czue7']
[2025-08-08 08:55:09,171] {standard_task_runner.py:80} INFO - Job 23: Subtask task_start
[2025-08-08 08:55:09,400] {task_command.py:369} INFO - Running <TaskInstance: example_task_group_decorator.task_start scheduled__2025-08-07T08:55:07.352496+00:00 [running]> on host abdeb7f02efc
[2025-08-08 08:55:09,993] {taskinstance.py:1571} INFO - Exporting the following env vars:
AIRFLOW_CTX_DAG_OWNER=***
AIRFLOW_CTX_DAG_ID=example_task_group_decorator
AIRFLOW_CTX_TASK_ID=task_start
AIRFLOW_CTX_EXECUTION_DATE=2025-08-07T08:55:07.352496+00:00
AIRFLOW_CTX_TRY_NUMBER=1
AIRFLOW_CTX_DAG_RUN_ID=scheduled__2025-08-07T08:55:07.352496+00:00
[2025-08-08 08:55:09,994] {python.py:173} INFO - Done. Returned value was: [Task_start]
[2025-08-08 08:55:10,250] {taskinstance.py:1400} INFO - Marking task as SUCCESS. dag_id=example_task_group_decorator, task_id=task_start, execution_date=20250807T085507, start_date=20250808T085509, end_date=20250808T085510
[2025-08-08 08:55:10,315] {local_task_job.py:156} INFO - Task exited with return code 0
[2025-08-08 08:55:10,735] {local_task_job.py:273} INFO - 0 downstream tasks scheduled from follow-on schedule check
