[2025-08-07 03:21:08,784] {taskinstance.py:1159} INFO - Dependencies all met for <TaskInstance: example_nested_branch_dag.branch_1 scheduled__2025-08-06T00:00:00+00:00 [queued]>
[2025-08-07 03:21:08,800] {taskinstance.py:1159} INFO - Dependencies all met for <TaskInstance: example_nested_branch_dag.branch_1 scheduled__2025-08-06T00:00:00+00:00 [queued]>
[2025-08-07 03:21:08,800] {taskinstance.py:1356} INFO - 
--------------------------------------------------------------------------------
[2025-08-07 03:21:08,801] {taskinstance.py:1357} INFO - Starting attempt 1 of 1
[2025-08-07 03:21:08,801] {taskinstance.py:1358} INFO - 
--------------------------------------------------------------------------------
[2025-08-07 03:21:08,825] {taskinstance.py:1377} INFO - Executing <Task(BranchPythonOperator): branch_1> on 2025-08-06 00:00:00+00:00
[2025-08-07 03:21:08,884] {standard_task_runner.py:52} INFO - Started process 245 to run task
[2025-08-07 03:21:08,896] {standard_task_runner.py:79} INFO - Running: ['***', 'tasks', 'run', 'example_nested_branch_dag', 'branch_1', 'scheduled__2025-08-06T00:00:00+00:00', '--job-id', '5', '--raw', '--subdir', '/home/***/.local/lib/python3.7/site-packages/***/example_dags/example_nested_branch_dag.py', '--cfg-path', '/tmp/tmpb3csk34t', '--error-file', '/tmp/tmpinm5509t']
[2025-08-07 03:21:08,898] {standard_task_runner.py:80} INFO - Job 5: Subtask branch_1
[2025-08-07 03:21:09,051] {task_command.py:369} INFO - Running <TaskInstance: example_nested_branch_dag.branch_1 scheduled__2025-08-06T00:00:00+00:00 [running]> on host f83ee74b89ef
[2025-08-07 03:21:09,463] {taskinstance.py:1571} INFO - Exporting the following env vars:
AIRFLOW_CTX_DAG_OWNER=***
AIRFLOW_CTX_DAG_ID=example_nested_branch_dag
AIRFLOW_CTX_TASK_ID=branch_1
AIRFLOW_CTX_EXECUTION_DATE=2025-08-06T00:00:00+00:00
AIRFLOW_CTX_TRY_NUMBER=1
AIRFLOW_CTX_DAG_RUN_ID=scheduled__2025-08-06T00:00:00+00:00
[2025-08-07 03:21:09,464] {python.py:173} INFO - Done. Returned value was: true_1
[2025-08-07 03:21:09,464] {skipmixin.py:140} INFO - Following branch true_1
[2025-08-07 03:21:09,465] {skipmixin.py:175} INFO - Skipping tasks ['false_1']
[2025-08-07 03:21:10,005] {taskinstance.py:1400} INFO - Marking task as SUCCESS. dag_id=example_nested_branch_dag, task_id=branch_1, execution_date=20250806T000000, start_date=20250807T032108, end_date=20250807T032110
[2025-08-07 03:21:10,072] {local_task_job.py:156} INFO - Task exited with return code 0
[2025-08-07 03:21:10,218] {local_task_job.py:273} INFO - 1 downstream tasks scheduled from follow-on schedule check
[2025-08-07 03:29:46,353] {taskinstance.py:1159} INFO - Dependencies all met for <TaskInstance: example_nested_branch_dag.branch_1 scheduled__2025-08-06T00:00:00+00:00 [queued]>
[2025-08-07 03:29:46,406] {taskinstance.py:1159} INFO - Dependencies all met for <TaskInstance: example_nested_branch_dag.branch_1 scheduled__2025-08-06T00:00:00+00:00 [queued]>
[2025-08-07 03:29:46,407] {taskinstance.py:1356} INFO - 
--------------------------------------------------------------------------------
[2025-08-07 03:29:46,407] {taskinstance.py:1357} INFO - Starting attempt 1 of 1
[2025-08-07 03:29:46,407] {taskinstance.py:1358} INFO - 
--------------------------------------------------------------------------------
[2025-08-07 03:29:46,442] {taskinstance.py:1377} INFO - Executing <Task(BranchPythonOperator): branch_1> on 2025-08-06 00:00:00+00:00
[2025-08-07 03:29:46,459] {standard_task_runner.py:52} INFO - Started process 250 to run task
[2025-08-07 03:29:46,464] {standard_task_runner.py:79} INFO - Running: ['***', 'tasks', 'run', 'example_nested_branch_dag', 'branch_1', 'scheduled__2025-08-06T00:00:00+00:00', '--job-id', '5', '--raw', '--subdir', '/home/***/.local/lib/python3.7/site-packages/***/example_dags/example_nested_branch_dag.py', '--cfg-path', '/tmp/tmpct_kfzvb', '--error-file', '/tmp/tmpwgvrf9wx']
[2025-08-07 03:29:46,465] {standard_task_runner.py:80} INFO - Job 5: Subtask branch_1
[2025-08-07 03:29:46,579] {task_command.py:369} INFO - Running <TaskInstance: example_nested_branch_dag.branch_1 scheduled__2025-08-06T00:00:00+00:00 [running]> on host 47565329e35b
[2025-08-07 03:29:46,990] {taskinstance.py:1571} INFO - Exporting the following env vars:
AIRFLOW_CTX_DAG_OWNER=***
AIRFLOW_CTX_DAG_ID=example_nested_branch_dag
AIRFLOW_CTX_TASK_ID=branch_1
AIRFLOW_CTX_EXECUTION_DATE=2025-08-06T00:00:00+00:00
AIRFLOW_CTX_TRY_NUMBER=1
AIRFLOW_CTX_DAG_RUN_ID=scheduled__2025-08-06T00:00:00+00:00
[2025-08-07 03:29:46,991] {python.py:173} INFO - Done. Returned value was: true_1
[2025-08-07 03:29:46,992] {skipmixin.py:140} INFO - Following branch true_1
[2025-08-07 03:29:46,992] {skipmixin.py:175} INFO - Skipping tasks ['false_1']
[2025-08-07 03:29:47,410] {taskinstance.py:1400} INFO - Marking task as SUCCESS. dag_id=example_nested_branch_dag, task_id=branch_1, execution_date=20250806T000000, start_date=20250807T032946, end_date=20250807T032947
[2025-08-07 03:29:47,481] {local_task_job.py:156} INFO - Task exited with return code 0
[2025-08-07 03:29:47,649] {local_task_job.py:273} INFO - 1 downstream tasks scheduled from follow-on schedule check
[2025-08-07 03:39:54,755] {taskinstance.py:1159} INFO - Dependencies all met for <TaskInstance: example_nested_branch_dag.branch_1 scheduled__2025-08-06T00:00:00+00:00 [queued]>
[2025-08-07 03:39:54,773] {taskinstance.py:1159} INFO - Dependencies all met for <TaskInstance: example_nested_branch_dag.branch_1 scheduled__2025-08-06T00:00:00+00:00 [queued]>
[2025-08-07 03:39:54,774] {taskinstance.py:1356} INFO - 
--------------------------------------------------------------------------------
[2025-08-07 03:39:54,774] {taskinstance.py:1357} INFO - Starting attempt 1 of 1
[2025-08-07 03:39:54,774] {taskinstance.py:1358} INFO - 
--------------------------------------------------------------------------------
[2025-08-07 03:39:54,811] {taskinstance.py:1377} INFO - Executing <Task(BranchPythonOperator): branch_1> on 2025-08-06 00:00:00+00:00
[2025-08-07 03:39:54,827] {standard_task_runner.py:52} INFO - Started process 250 to run task
[2025-08-07 03:39:54,837] {standard_task_runner.py:79} INFO - Running: ['***', 'tasks', 'run', 'example_nested_branch_dag', 'branch_1', 'scheduled__2025-08-06T00:00:00+00:00', '--job-id', '5', '--raw', '--subdir', '/home/***/.local/lib/python3.7/site-packages/***/example_dags/example_nested_branch_dag.py', '--cfg-path', '/tmp/tmpru7sgd4s', '--error-file', '/tmp/tmp43pbt225']
[2025-08-07 03:39:54,839] {standard_task_runner.py:80} INFO - Job 5: Subtask branch_1
[2025-08-07 03:39:54,966] {task_command.py:369} INFO - Running <TaskInstance: example_nested_branch_dag.branch_1 scheduled__2025-08-06T00:00:00+00:00 [running]> on host 92a46ac2453f
[2025-08-07 03:39:55,362] {taskinstance.py:1571} INFO - Exporting the following env vars:
AIRFLOW_CTX_DAG_OWNER=***
AIRFLOW_CTX_DAG_ID=example_nested_branch_dag
AIRFLOW_CTX_TASK_ID=branch_1
AIRFLOW_CTX_EXECUTION_DATE=2025-08-06T00:00:00+00:00
AIRFLOW_CTX_TRY_NUMBER=1
AIRFLOW_CTX_DAG_RUN_ID=scheduled__2025-08-06T00:00:00+00:00
[2025-08-07 03:39:55,363] {python.py:173} INFO - Done. Returned value was: true_1
[2025-08-07 03:39:55,363] {skipmixin.py:140} INFO - Following branch true_1
[2025-08-07 03:39:55,363] {skipmixin.py:175} INFO - Skipping tasks ['false_1']
[2025-08-07 03:39:55,557] {taskinstance.py:1400} INFO - Marking task as SUCCESS. dag_id=example_nested_branch_dag, task_id=branch_1, execution_date=20250806T000000, start_date=20250807T033954, end_date=20250807T033955
[2025-08-07 03:39:55,621] {local_task_job.py:156} INFO - Task exited with return code 0
[2025-08-07 03:39:55,753] {local_task_job.py:273} INFO - 1 downstream tasks scheduled from follow-on schedule check
[2025-08-07 10:40:16,707] {taskinstance.py:1159} INFO - Dependencies all met for <TaskInstance: example_nested_branch_dag.branch_1 scheduled__2025-08-06T00:00:00+00:00 [queued]>
[2025-08-07 10:40:16,724] {taskinstance.py:1159} INFO - Dependencies all met for <TaskInstance: example_nested_branch_dag.branch_1 scheduled__2025-08-06T00:00:00+00:00 [queued]>
[2025-08-07 10:40:16,724] {taskinstance.py:1356} INFO - 
--------------------------------------------------------------------------------
[2025-08-07 10:40:16,724] {taskinstance.py:1357} INFO - Starting attempt 1 of 1
[2025-08-07 10:40:16,724] {taskinstance.py:1358} INFO - 
--------------------------------------------------------------------------------
[2025-08-07 10:40:16,753] {taskinstance.py:1377} INFO - Executing <Task(BranchPythonOperator): branch_1> on 2025-08-06 00:00:00+00:00
[2025-08-07 10:40:16,764] {standard_task_runner.py:52} INFO - Started process 254 to run task
[2025-08-07 10:40:16,770] {standard_task_runner.py:79} INFO - Running: ['***', 'tasks', 'run', 'example_nested_branch_dag', 'branch_1', 'scheduled__2025-08-06T00:00:00+00:00', '--job-id', '5', '--raw', '--subdir', '/home/***/.local/lib/python3.7/site-packages/***/example_dags/example_nested_branch_dag.py', '--cfg-path', '/tmp/tmpl72m29vg', '--error-file', '/tmp/tmp95vahgiw']
[2025-08-07 10:40:16,802] {standard_task_runner.py:80} INFO - Job 5: Subtask branch_1
[2025-08-07 10:40:16,951] {task_command.py:369} INFO - Running <TaskInstance: example_nested_branch_dag.branch_1 scheduled__2025-08-06T00:00:00+00:00 [running]> on host 81d3b97a0728
[2025-08-07 10:40:17,314] {taskinstance.py:1571} INFO - Exporting the following env vars:
AIRFLOW_CTX_DAG_OWNER=***
AIRFLOW_CTX_DAG_ID=example_nested_branch_dag
AIRFLOW_CTX_TASK_ID=branch_1
AIRFLOW_CTX_EXECUTION_DATE=2025-08-06T00:00:00+00:00
AIRFLOW_CTX_TRY_NUMBER=1
AIRFLOW_CTX_DAG_RUN_ID=scheduled__2025-08-06T00:00:00+00:00
[2025-08-07 10:40:17,315] {python.py:173} INFO - Done. Returned value was: true_1
[2025-08-07 10:40:17,315] {skipmixin.py:140} INFO - Following branch true_1
[2025-08-07 10:40:17,316] {skipmixin.py:175} INFO - Skipping tasks ['false_1']
[2025-08-07 10:40:17,426] {taskinstance.py:1400} INFO - Marking task as SUCCESS. dag_id=example_nested_branch_dag, task_id=branch_1, execution_date=20250806T000000, start_date=20250807T104016, end_date=20250807T104017
[2025-08-07 10:40:17,467] {local_task_job.py:156} INFO - Task exited with return code 0
[2025-08-07 10:40:17,968] {local_task_job.py:273} INFO - 0 downstream tasks scheduled from follow-on schedule check
[2025-08-07 11:11:42,052] {taskinstance.py:1159} INFO - Dependencies all met for <TaskInstance: example_nested_branch_dag.branch_1 scheduled__2025-08-06T00:00:00+00:00 [queued]>
[2025-08-07 11:11:42,084] {taskinstance.py:1159} INFO - Dependencies all met for <TaskInstance: example_nested_branch_dag.branch_1 scheduled__2025-08-06T00:00:00+00:00 [queued]>
[2025-08-07 11:11:42,085] {taskinstance.py:1356} INFO - 
--------------------------------------------------------------------------------
[2025-08-07 11:11:42,085] {taskinstance.py:1357} INFO - Starting attempt 1 of 1
[2025-08-07 11:11:42,085] {taskinstance.py:1358} INFO - 
--------------------------------------------------------------------------------
[2025-08-07 11:11:42,144] {taskinstance.py:1377} INFO - Executing <Task(BranchPythonOperator): branch_1> on 2025-08-06 00:00:00+00:00
[2025-08-07 11:11:42,158] {standard_task_runner.py:52} INFO - Started process 243 to run task
[2025-08-07 11:11:42,166] {standard_task_runner.py:79} INFO - Running: ['***', 'tasks', 'run', 'example_nested_branch_dag', 'branch_1', 'scheduled__2025-08-06T00:00:00+00:00', '--job-id', '4', '--raw', '--subdir', '/home/***/.local/lib/python3.7/site-packages/***/example_dags/example_nested_branch_dag.py', '--cfg-path', '/tmp/tmp9bq7l5jk', '--error-file', '/tmp/tmp70rkh7al']
[2025-08-07 11:11:42,169] {standard_task_runner.py:80} INFO - Job 4: Subtask branch_1
[2025-08-07 11:11:42,302] {task_command.py:369} INFO - Running <TaskInstance: example_nested_branch_dag.branch_1 scheduled__2025-08-06T00:00:00+00:00 [running]> on host b22dcc1493a4
[2025-08-07 11:11:42,849] {taskinstance.py:1571} INFO - Exporting the following env vars:
AIRFLOW_CTX_DAG_OWNER=***
AIRFLOW_CTX_DAG_ID=example_nested_branch_dag
AIRFLOW_CTX_TASK_ID=branch_1
AIRFLOW_CTX_EXECUTION_DATE=2025-08-06T00:00:00+00:00
AIRFLOW_CTX_TRY_NUMBER=1
AIRFLOW_CTX_DAG_RUN_ID=scheduled__2025-08-06T00:00:00+00:00
[2025-08-07 11:11:42,850] {python.py:173} INFO - Done. Returned value was: true_1
[2025-08-07 11:11:42,850] {skipmixin.py:140} INFO - Following branch true_1
[2025-08-07 11:11:42,851] {skipmixin.py:175} INFO - Skipping tasks ['false_1']
[2025-08-07 11:11:43,169] {taskinstance.py:1400} INFO - Marking task as SUCCESS. dag_id=example_nested_branch_dag, task_id=branch_1, execution_date=20250806T000000, start_date=20250807T111142, end_date=20250807T111143
[2025-08-07 11:11:43,264] {local_task_job.py:156} INFO - Task exited with return code 0
[2025-08-07 11:11:43,384] {local_task_job.py:273} INFO - 1 downstream tasks scheduled from follow-on schedule check
[2025-08-07 20:33:06,584] {taskinstance.py:1159} INFO - Dependencies all met for <TaskInstance: example_nested_branch_dag.branch_1 scheduled__2025-08-06T00:00:00+00:00 [queued]>
[2025-08-07 20:33:06,604] {taskinstance.py:1159} INFO - Dependencies all met for <TaskInstance: example_nested_branch_dag.branch_1 scheduled__2025-08-06T00:00:00+00:00 [queued]>
[2025-08-07 20:33:06,605] {taskinstance.py:1356} INFO - 
--------------------------------------------------------------------------------
[2025-08-07 20:33:06,605] {taskinstance.py:1357} INFO - Starting attempt 1 of 1
[2025-08-07 20:33:06,605] {taskinstance.py:1358} INFO - 
--------------------------------------------------------------------------------
[2025-08-07 20:33:06,635] {taskinstance.py:1377} INFO - Executing <Task(BranchPythonOperator): branch_1> on 2025-08-06 00:00:00+00:00
[2025-08-07 20:33:06,643] {standard_task_runner.py:52} INFO - Started process 245 to run task
[2025-08-07 20:33:06,646] {standard_task_runner.py:79} INFO - Running: ['***', 'tasks', 'run', 'example_nested_branch_dag', 'branch_1', 'scheduled__2025-08-06T00:00:00+00:00', '--job-id', '5', '--raw', '--subdir', '/home/***/.local/lib/python3.7/site-packages/***/example_dags/example_nested_branch_dag.py', '--cfg-path', '/tmp/tmpa2outl78', '--error-file', '/tmp/tmpbghq89qg']
[2025-08-07 20:33:06,647] {standard_task_runner.py:80} INFO - Job 5: Subtask branch_1
[2025-08-07 20:33:06,769] {task_command.py:369} INFO - Running <TaskInstance: example_nested_branch_dag.branch_1 scheduled__2025-08-06T00:00:00+00:00 [running]> on host 034e74559af0
[2025-08-07 20:33:07,136] {taskinstance.py:1571} INFO - Exporting the following env vars:
AIRFLOW_CTX_DAG_OWNER=***
AIRFLOW_CTX_DAG_ID=example_nested_branch_dag
AIRFLOW_CTX_TASK_ID=branch_1
AIRFLOW_CTX_EXECUTION_DATE=2025-08-06T00:00:00+00:00
AIRFLOW_CTX_TRY_NUMBER=1
AIRFLOW_CTX_DAG_RUN_ID=scheduled__2025-08-06T00:00:00+00:00
[2025-08-07 20:33:07,137] {python.py:173} INFO - Done. Returned value was: true_1
[2025-08-07 20:33:07,138] {skipmixin.py:140} INFO - Following branch true_1
[2025-08-07 20:33:07,138] {skipmixin.py:175} INFO - Skipping tasks ['false_1']
[2025-08-07 20:33:07,520] {taskinstance.py:1400} INFO - Marking task as SUCCESS. dag_id=example_nested_branch_dag, task_id=branch_1, execution_date=20250806T000000, start_date=20250807T203306, end_date=20250807T203307
[2025-08-07 20:33:07,584] {local_task_job.py:156} INFO - Task exited with return code 0
[2025-08-07 20:33:07,701] {local_task_job.py:273} INFO - 1 downstream tasks scheduled from follow-on schedule check
