[2025-08-07 15:30:23,075] {taskinstance.py:1159} INFO - Dependencies all met for <TaskInstance: example_sla_dag.sleep_30 scheduled__2025-08-07T15:28:00+00:00 [queued]>
[2025-08-07 15:30:23,097] {taskinstance.py:1159} INFO - Dependencies all met for <TaskInstance: example_sla_dag.sleep_30 scheduled__2025-08-07T15:28:00+00:00 [queued]>
[2025-08-07 15:30:23,097] {taskinstance.py:1356} INFO - 
--------------------------------------------------------------------------------
[2025-08-07 15:30:23,098] {taskinstance.py:1357} INFO - Starting attempt 1 of 1
[2025-08-07 15:30:23,098] {taskinstance.py:1358} INFO - 
--------------------------------------------------------------------------------
[2025-08-07 15:30:23,129] {taskinstance.py:1377} INFO - Executing <Task(_PythonDecoratedOperator): sleep_30> on 2025-08-07 15:28:00+00:00
[2025-08-07 15:30:23,137] {standard_task_runner.py:52} INFO - Started process 108399 to run task
[2025-08-07 15:30:23,143] {standard_task_runner.py:79} INFO - Running: ['***', 'tasks', 'run', 'example_sla_dag', 'sleep_30', 'scheduled__2025-08-07T15:28:00+00:00', '--job-id', '1399', '--raw', '--subdir', '/home/***/.local/lib/python3.7/site-packages/***/example_dags/example_sla_dag.py', '--cfg-path', '/tmp/tmpqs5k75rl', '--error-file', '/tmp/tmpmotsra0t']
[2025-08-07 15:30:23,146] {standard_task_runner.py:80} INFO - Job 1399: Subtask sleep_30
[2025-08-07 15:30:23,258] {task_command.py:369} INFO - Running <TaskInstance: example_sla_dag.sleep_30 scheduled__2025-08-07T15:28:00+00:00 [running]> on host b810b38b6a38
[2025-08-07 15:30:23,553] {taskinstance.py:1571} INFO - Exporting the following env vars:
AIRFLOW_CTX_DAG_EMAIL=email@example.com
AIRFLOW_CTX_DAG_OWNER=***
AIRFLOW_CTX_DAG_ID=example_sla_dag
AIRFLOW_CTX_TASK_ID=sleep_30
AIRFLOW_CTX_EXECUTION_DATE=2025-08-07T15:28:00+00:00
AIRFLOW_CTX_TRY_NUMBER=1
AIRFLOW_CTX_DAG_RUN_ID=scheduled__2025-08-07T15:28:00+00:00
[2025-08-07 15:30:53,583] {python.py:173} INFO - Done. Returned value was: None
[2025-08-07 15:30:53,616] {taskinstance.py:1400} INFO - Marking task as SUCCESS. dag_id=example_sla_dag, task_id=sleep_30, execution_date=20250807T152800, start_date=20250807T153023, end_date=20250807T153053
[2025-08-07 15:30:53,644] {local_task_job.py:221} WARNING - State of this instance has been externally set to success. Terminating instance.
[2025-08-07 15:30:53,648] {process_utils.py:129} INFO - Sending Signals.SIGTERM to group 108399. PIDs of all processes in the group: [108399]
[2025-08-07 15:30:53,648] {process_utils.py:80} INFO - Sending the signal Signals.SIGTERM to group 108399
[2025-08-07 15:30:53,662] {process_utils.py:75} INFO - Process psutil.Process(pid=108399, status='terminated', exitcode=0, started='15:30:22') (108399) terminated with exit code 0
