[2025-08-07 03:29:57,312] {taskinstance.py:1159} INFO - Dependencies all met for <TaskInstance: tutorial.sleep scheduled__2025-08-06T03:29:50.280985+00:00 [queued]>
[2025-08-07 03:29:57,335] {taskinstance.py:1159} INFO - Dependencies all met for <TaskInstance: tutorial.sleep scheduled__2025-08-06T03:29:50.280985+00:00 [queued]>
[2025-08-07 03:29:57,335] {taskinstance.py:1356} INFO - 
--------------------------------------------------------------------------------
[2025-08-07 03:29:57,336] {taskinstance.py:1357} INFO - Starting attempt 1 of 4
[2025-08-07 03:29:57,336] {taskinstance.py:1358} INFO - 
--------------------------------------------------------------------------------
[2025-08-07 03:29:57,378] {taskinstance.py:1377} INFO - Executing <Task(BashOperator): sleep> on 2025-08-06 03:29:50.280985+00:00
[2025-08-07 03:29:57,401] {standard_task_runner.py:52} INFO - Started process 501 to run task
[2025-08-07 03:29:57,414] {standard_task_runner.py:79} INFO - Running: ['***', 'tasks', 'run', 'tutorial', 'sleep', 'scheduled__2025-08-06T03:29:50.280985+00:00', '--job-id', '43', '--raw', '--subdir', '/home/***/.local/lib/python3.7/site-packages/***/example_dags/tutorial.py', '--cfg-path', '/tmp/tmprol4dm18', '--error-file', '/tmp/tmpxrdo3o3l']
[2025-08-07 03:29:57,417] {standard_task_runner.py:80} INFO - Job 43: Subtask sleep
[2025-08-07 03:29:57,605] {task_command.py:369} INFO - Running <TaskInstance: tutorial.sleep scheduled__2025-08-06T03:29:50.280985+00:00 [running]> on host 47565329e35b
[2025-08-07 03:29:58,296] {taskinstance.py:1571} INFO - Exporting the following env vars:
AIRFLOW_CTX_DAG_EMAIL=***@example.com
AIRFLOW_CTX_DAG_OWNER=***
AIRFLOW_CTX_DAG_ID=tutorial
AIRFLOW_CTX_TASK_ID=sleep
AIRFLOW_CTX_EXECUTION_DATE=2025-08-06T03:29:50.280985+00:00
AIRFLOW_CTX_TRY_NUMBER=1
AIRFLOW_CTX_DAG_RUN_ID=scheduled__2025-08-06T03:29:50.280985+00:00
[2025-08-07 03:29:58,297] {subprocess.py:62} INFO - Tmp dir root location: 
 /tmp
[2025-08-07 03:29:58,297] {subprocess.py:74} INFO - Running command: ['bash', '-c', 'sleep 5']
[2025-08-07 03:29:58,316] {subprocess.py:85} INFO - Output:
[2025-08-07 03:30:03,326] {subprocess.py:96} INFO - Command exited with return code 0
[2025-08-07 03:30:03,384] {taskinstance.py:1400} INFO - Marking task as SUCCESS. dag_id=tutorial, task_id=sleep, execution_date=20250806T032950, start_date=20250807T032957, end_date=20250807T033003
[2025-08-07 03:30:03,429] {local_task_job.py:156} INFO - Task exited with return code 0
[2025-08-07 03:30:03,480] {local_task_job.py:273} INFO - 0 downstream tasks scheduled from follow-on schedule check
