[2025-08-07 22:06:22,461] {taskinstance.py:1159} INFO - Dependencies all met for <TaskInstance: example_sla_dag.sleep_30 scheduled__2025-08-07T22:04:00+00:00 [queued]>
[2025-08-07 22:06:22,472] {taskinstance.py:1159} INFO - Dependencies all met for <TaskInstance: example_sla_dag.sleep_30 scheduled__2025-08-07T22:04:00+00:00 [queued]>
[2025-08-07 22:06:22,472] {taskinstance.py:1356} INFO - 
--------------------------------------------------------------------------------
[2025-08-07 22:06:22,472] {taskinstance.py:1357} INFO - Starting attempt 1 of 1
[2025-08-07 22:06:22,472] {taskinstance.py:1358} INFO - 
--------------------------------------------------------------------------------
[2025-08-07 22:06:22,489] {taskinstance.py:1377} INFO - Executing <Task(_PythonDecoratedOperator): sleep_30> on 2025-08-07 22:04:00+00:00
[2025-08-07 22:06:22,495] {standard_task_runner.py:52} INFO - Started process 37510 to run task
[2025-08-07 22:06:22,499] {standard_task_runner.py:79} INFO - Running: ['***', 'tasks', 'run', 'example_sla_dag', 'sleep_30', 'scheduled__2025-08-07T22:04:00+00:00', '--job-id', '522', '--raw', '--subdir', '/home/***/.local/lib/python3.7/site-packages/***/example_dags/example_sla_dag.py', '--cfg-path', '/tmp/tmprj9j70ft', '--error-file', '/tmp/tmpomzydifg']
[2025-08-07 22:06:22,500] {standard_task_runner.py:80} INFO - Job 522: Subtask sleep_30
[2025-08-07 22:06:22,575] {task_command.py:369} INFO - Running <TaskInstance: example_sla_dag.sleep_30 scheduled__2025-08-07T22:04:00+00:00 [running]> on host 4078e16d4836
[2025-08-07 22:06:22,818] {taskinstance.py:1571} INFO - Exporting the following env vars:
AIRFLOW_CTX_DAG_EMAIL=email@example.com
AIRFLOW_CTX_DAG_OWNER=***
AIRFLOW_CTX_DAG_ID=example_sla_dag
AIRFLOW_CTX_TASK_ID=sleep_30
AIRFLOW_CTX_EXECUTION_DATE=2025-08-07T22:04:00+00:00
AIRFLOW_CTX_TRY_NUMBER=1
AIRFLOW_CTX_DAG_RUN_ID=scheduled__2025-08-07T22:04:00+00:00
[2025-08-07 22:06:52,849] {python.py:173} INFO - Done. Returned value was: None
[2025-08-07 22:06:52,873] {taskinstance.py:1400} INFO - Marking task as SUCCESS. dag_id=example_sla_dag, task_id=sleep_30, execution_date=20250807T220400, start_date=20250807T220622, end_date=20250807T220652
[2025-08-07 22:06:52,901] {local_task_job.py:221} WARNING - State of this instance has been externally set to success. Terminating instance.
[2025-08-07 22:06:52,905] {process_utils.py:129} INFO - Sending Signals.SIGTERM to group 37510. PIDs of all processes in the group: [37510]
[2025-08-07 22:06:52,905] {process_utils.py:80} INFO - Sending the signal Signals.SIGTERM to group 37510
[2025-08-07 22:06:52,906] {process_utils.py:75} INFO - Process psutil.Process(pid=37510, status='terminated', exitcode=0, started='22:06:22') (37510) terminated with exit code 0
