[2025-08-07 10:54:01,545] {taskinstance.py:1159} INFO - Dependencies all met for <TaskInstance: example_sla_dag.sleep_20 scheduled__2025-08-07T10:52:00+00:00 [queued]>
[2025-08-07 10:54:01,563] {taskinstance.py:1159} INFO - Dependencies all met for <TaskInstance: example_sla_dag.sleep_20 scheduled__2025-08-07T10:52:00+00:00 [queued]>
[2025-08-07 10:54:01,563] {taskinstance.py:1356} INFO - 
--------------------------------------------------------------------------------
[2025-08-07 10:54:01,563] {taskinstance.py:1357} INFO - Starting attempt 1 of 1
[2025-08-07 10:54:01,563] {taskinstance.py:1358} INFO - 
--------------------------------------------------------------------------------
[2025-08-07 10:54:01,598] {taskinstance.py:1377} INFO - Executing <Task(_PythonDecoratedOperator): sleep_20> on 2025-08-07 10:52:00+00:00
[2025-08-07 10:54:01,608] {standard_task_runner.py:52} INFO - Started process 7346 to run task
[2025-08-07 10:54:01,614] {standard_task_runner.py:79} INFO - Running: ['***', 'tasks', 'run', 'example_sla_dag', 'sleep_20', 'scheduled__2025-08-07T10:52:00+00:00', '--job-id', '135', '--raw', '--subdir', '/home/***/.local/lib/python3.7/site-packages/***/example_dags/example_sla_dag.py', '--cfg-path', '/tmp/tmptodsttsg', '--error-file', '/tmp/tmpc4t5d4ej']
[2025-08-07 10:54:01,616] {standard_task_runner.py:80} INFO - Job 135: Subtask sleep_20
[2025-08-07 10:54:01,745] {task_command.py:369} INFO - Running <TaskInstance: example_sla_dag.sleep_20 scheduled__2025-08-07T10:52:00+00:00 [running]> on host 81d3b97a0728
[2025-08-07 10:54:02,042] {taskinstance.py:1571} INFO - Exporting the following env vars:
AIRFLOW_CTX_DAG_EMAIL=email@example.com
AIRFLOW_CTX_DAG_OWNER=***
AIRFLOW_CTX_DAG_ID=example_sla_dag
AIRFLOW_CTX_TASK_ID=sleep_20
AIRFLOW_CTX_EXECUTION_DATE=2025-08-07T10:52:00+00:00
AIRFLOW_CTX_TRY_NUMBER=1
AIRFLOW_CTX_DAG_RUN_ID=scheduled__2025-08-07T10:52:00+00:00
[2025-08-07 10:54:22,063] {python.py:173} INFO - Done. Returned value was: None
[2025-08-07 10:54:22,084] {taskinstance.py:1400} INFO - Marking task as SUCCESS. dag_id=example_sla_dag, task_id=sleep_20, execution_date=20250807T105200, start_date=20250807T105401, end_date=20250807T105422
[2025-08-07 10:54:22,152] {local_task_job.py:156} INFO - Task exited with return code 0
[2025-08-07 10:54:22,212] {local_task_job.py:273} INFO - 1 downstream tasks scheduled from follow-on schedule check
