[2025-08-08 08:32:53,018] {taskinstance.py:1159} INFO - Dependencies all met for <TaskInstance: example_nested_branch_dag.branch_1 scheduled__2025-08-07T00:00:00+00:00 [queued]>
[2025-08-08 08:32:53,218] {taskinstance.py:1159} INFO - Dependencies all met for <TaskInstance: example_nested_branch_dag.branch_1 scheduled__2025-08-07T00:00:00+00:00 [queued]>
[2025-08-08 08:32:53,218] {taskinstance.py:1356} INFO - 
--------------------------------------------------------------------------------
[2025-08-08 08:32:53,219] {taskinstance.py:1357} INFO - Starting attempt 1 of 1
[2025-08-08 08:32:53,219] {taskinstance.py:1358} INFO - 
--------------------------------------------------------------------------------
[2025-08-08 08:32:53,625] {taskinstance.py:1377} INFO - Executing <Task(BranchPythonOperator): branch_1> on 2025-08-07 00:00:00+00:00
[2025-08-08 08:32:53,662] {standard_task_runner.py:52} INFO - Started process 8225 to run task
[2025-08-08 08:32:53,688] {standard_task_runner.py:79} INFO - Running: ['***', 'tasks', 'run', 'example_nested_branch_dag', 'branch_1', 'scheduled__2025-08-07T00:00:00+00:00', '--job-id', '701', '--raw', '--subdir', '/home/***/.local/lib/python3.7/site-packages/***/example_dags/example_nested_branch_dag.py', '--cfg-path', '/tmp/tmpmthyjsxh', '--error-file', '/tmp/tmpt3mjpgpc']
[2025-08-08 08:32:53,692] {standard_task_runner.py:80} INFO - Job 701: Subtask branch_1
[2025-08-08 08:32:54,434] {task_command.py:369} INFO - Running <TaskInstance: example_nested_branch_dag.branch_1 scheduled__2025-08-07T00:00:00+00:00 [running]> on host 98bad2c91b1f
[2025-08-08 08:32:55,671] {taskinstance.py:1571} INFO - Exporting the following env vars:
AIRFLOW_CTX_DAG_OWNER=***
AIRFLOW_CTX_DAG_ID=example_nested_branch_dag
AIRFLOW_CTX_TASK_ID=branch_1
AIRFLOW_CTX_EXECUTION_DATE=2025-08-07T00:00:00+00:00
AIRFLOW_CTX_TRY_NUMBER=1
AIRFLOW_CTX_DAG_RUN_ID=scheduled__2025-08-07T00:00:00+00:00
[2025-08-08 08:32:55,680] {python.py:173} INFO - Done. Returned value was: true_1
[2025-08-08 08:32:55,684] {skipmixin.py:140} INFO - Following branch true_1
[2025-08-08 08:32:55,688] {skipmixin.py:175} INFO - Skipping tasks ['false_1']
[2025-08-08 08:32:56,462] {taskinstance.py:1400} INFO - Marking task as SUCCESS. dag_id=example_nested_branch_dag, task_id=branch_1, execution_date=20250807T000000, start_date=20250808T083253, end_date=20250808T083256
[2025-08-08 08:32:56,691] {local_task_job.py:156} INFO - Task exited with return code 0
[2025-08-08 08:32:57,148] {local_task_job.py:273} INFO - 1 downstream tasks scheduled from follow-on schedule check
[2025-08-08 08:55:02,809] {taskinstance.py:1159} INFO - Dependencies all met for <TaskInstance: example_nested_branch_dag.branch_1 scheduled__2025-08-07T00:00:00+00:00 [queued]>
[2025-08-08 08:55:02,830] {taskinstance.py:1159} INFO - Dependencies all met for <TaskInstance: example_nested_branch_dag.branch_1 scheduled__2025-08-07T00:00:00+00:00 [queued]>
[2025-08-08 08:55:02,831] {taskinstance.py:1356} INFO - 
--------------------------------------------------------------------------------
[2025-08-08 08:55:02,831] {taskinstance.py:1357} INFO - Starting attempt 1 of 1
[2025-08-08 08:55:02,831] {taskinstance.py:1358} INFO - 
--------------------------------------------------------------------------------
[2025-08-08 08:55:02,863] {taskinstance.py:1377} INFO - Executing <Task(BranchPythonOperator): branch_1> on 2025-08-07 00:00:00+00:00
[2025-08-08 08:55:02,870] {standard_task_runner.py:52} INFO - Started process 249 to run task
[2025-08-08 08:55:02,874] {standard_task_runner.py:79} INFO - Running: ['***', 'tasks', 'run', 'example_nested_branch_dag', 'branch_1', 'scheduled__2025-08-07T00:00:00+00:00', '--job-id', '4', '--raw', '--subdir', '/home/***/.local/lib/python3.7/site-packages/***/example_dags/example_nested_branch_dag.py', '--cfg-path', '/tmp/tmp1t3cmm7b', '--error-file', '/tmp/tmpp3yyriyp']
[2025-08-08 08:55:02,876] {standard_task_runner.py:80} INFO - Job 4: Subtask branch_1
[2025-08-08 08:55:02,997] {task_command.py:369} INFO - Running <TaskInstance: example_nested_branch_dag.branch_1 scheduled__2025-08-07T00:00:00+00:00 [running]> on host abdeb7f02efc
[2025-08-08 08:55:03,397] {taskinstance.py:1571} INFO - Exporting the following env vars:
AIRFLOW_CTX_DAG_OWNER=***
AIRFLOW_CTX_DAG_ID=example_nested_branch_dag
AIRFLOW_CTX_TASK_ID=branch_1
AIRFLOW_CTX_EXECUTION_DATE=2025-08-07T00:00:00+00:00
AIRFLOW_CTX_TRY_NUMBER=1
AIRFLOW_CTX_DAG_RUN_ID=scheduled__2025-08-07T00:00:00+00:00
[2025-08-08 08:55:03,398] {python.py:173} INFO - Done. Returned value was: true_1
[2025-08-08 08:55:03,399] {skipmixin.py:140} INFO - Following branch true_1
[2025-08-08 08:55:03,399] {skipmixin.py:175} INFO - Skipping tasks ['false_1']
[2025-08-08 08:55:03,499] {taskinstance.py:1400} INFO - Marking task as SUCCESS. dag_id=example_nested_branch_dag, task_id=branch_1, execution_date=20250807T000000, start_date=20250808T085502, end_date=20250808T085503
[2025-08-08 08:55:03,549] {local_task_job.py:156} INFO - Task exited with return code 0
[2025-08-08 08:55:03,644] {local_task_job.py:273} INFO - 1 downstream tasks scheduled from follow-on schedule check
