[2025-08-07 10:50:21,649] {taskinstance.py:1159} INFO - Dependencies all met for <TaskInstance: send_weather_to_kafka.verify_pipeline scheduled__2025-08-07T10:48:14.997141+00:00 [queued]>
[2025-08-07 10:50:21,660] {taskinstance.py:1159} INFO - Dependencies all met for <TaskInstance: send_weather_to_kafka.verify_pipeline scheduled__2025-08-07T10:48:14.997141+00:00 [queued]>
[2025-08-07 10:50:21,660] {taskinstance.py:1356} INFO - 
--------------------------------------------------------------------------------
[2025-08-07 10:50:21,660] {taskinstance.py:1357} INFO - Starting attempt 1 of 2
[2025-08-07 10:50:21,660] {taskinstance.py:1358} INFO - 
--------------------------------------------------------------------------------
[2025-08-07 10:50:21,678] {taskinstance.py:1377} INFO - Executing <Task(BashOperator): verify_pipeline> on 2025-08-07 10:48:14.997141+00:00
[2025-08-07 10:50:21,686] {standard_task_runner.py:52} INFO - Started process 5566 to run task
[2025-08-07 10:50:21,689] {standard_task_runner.py:79} INFO - Running: ['***', 'tasks', 'run', 'send_weather_to_kafka', 'verify_pipeline', 'scheduled__2025-08-07T10:48:14.997141+00:00', '--job-id', '117', '--raw', '--subdir', 'DAGS_FOLDER/dag_meteo.py', '--cfg-path', '/tmp/tmp45u1aart', '--error-file', '/tmp/tmprs4u7b3z']
[2025-08-07 10:50:21,690] {standard_task_runner.py:80} INFO - Job 117: Subtask verify_pipeline
[2025-08-07 10:50:21,764] {task_command.py:369} INFO - Running <TaskInstance: send_weather_to_kafka.verify_pipeline scheduled__2025-08-07T10:48:14.997141+00:00 [running]> on host 81d3b97a0728
[2025-08-07 10:50:22,004] {taskinstance.py:1571} INFO - Exporting the following env vars:
AIRFLOW_CTX_DAG_OWNER=alla
AIRFLOW_CTX_DAG_ID=send_weather_to_kafka
AIRFLOW_CTX_TASK_ID=verify_pipeline
AIRFLOW_CTX_EXECUTION_DATE=2025-08-07T10:48:14.997141+00:00
AIRFLOW_CTX_TRY_NUMBER=1
AIRFLOW_CTX_DAG_RUN_ID=scheduled__2025-08-07T10:48:14.997141+00:00
[2025-08-07 10:50:22,005] {subprocess.py:62} INFO - Tmp dir root location: 
 /tmp
[2025-08-07 10:50:22,005] {subprocess.py:74} INFO - Running command: ['bash', '-c', '\n            echo " Attente traitement Logstash..." && sleep 30 &&\n            curl -s "http://elasticsearch:9200/_cat/indices/weather*" || echo "Pas encore d\'index weather"\n        ']
[2025-08-07 10:50:22,024] {subprocess.py:85} INFO - Output:
[2025-08-07 10:50:22,028] {subprocess.py:92} INFO -  Attente traitement Logstash...
[2025-08-07 10:50:52,053] {subprocess.py:96} INFO - Command exited with return code 0
[2025-08-07 10:50:52,097] {taskinstance.py:1400} INFO - Marking task as SUCCESS. dag_id=send_weather_to_kafka, task_id=verify_pipeline, execution_date=20250807T104814, start_date=20250807T105021, end_date=20250807T105052
[2025-08-07 10:50:52,146] {local_task_job.py:156} INFO - Task exited with return code 0
[2025-08-07 10:50:52,183] {local_task_job.py:273} INFO - 0 downstream tasks scheduled from follow-on schedule check
