[2025-08-07 03:21:15,342] {taskinstance.py:1159} INFO - Dependencies all met for <TaskInstance: tutorial.print_date scheduled__2025-08-06T03:21:13.169535+00:00 [queued]>
[2025-08-07 03:21:15,364] {taskinstance.py:1159} INFO - Dependencies all met for <TaskInstance: tutorial.print_date scheduled__2025-08-06T03:21:13.169535+00:00 [queued]>
[2025-08-07 03:21:15,365] {taskinstance.py:1356} INFO - 
--------------------------------------------------------------------------------
[2025-08-07 03:21:15,365] {taskinstance.py:1357} INFO - Starting attempt 1 of 2
[2025-08-07 03:21:15,366] {taskinstance.py:1358} INFO - 
--------------------------------------------------------------------------------
[2025-08-07 03:21:15,413] {taskinstance.py:1377} INFO - Executing <Task(BashOperator): print_date> on 2025-08-06 03:21:13.169535+00:00
[2025-08-07 03:21:15,445] {standard_task_runner.py:52} INFO - Started process 398 to run task
[2025-08-07 03:21:15,466] {standard_task_runner.py:79} INFO - Running: ['***', 'tasks', 'run', 'tutorial', 'print_date', 'scheduled__2025-08-06T03:21:13.169535+00:00', '--job-id', '23', '--raw', '--subdir', '/home/***/.local/lib/python3.7/site-packages/***/example_dags/tutorial.py', '--cfg-path', '/tmp/tmpcw6f4wkc', '--error-file', '/tmp/tmps4p3cuwm']
[2025-08-07 03:21:15,469] {standard_task_runner.py:80} INFO - Job 23: Subtask print_date
[2025-08-07 03:21:15,625] {task_command.py:369} INFO - Running <TaskInstance: tutorial.print_date scheduled__2025-08-06T03:21:13.169535+00:00 [running]> on host f83ee74b89ef
[2025-08-07 03:21:15,978] {taskinstance.py:1571} INFO - Exporting the following env vars:
AIRFLOW_CTX_DAG_EMAIL=***@example.com
AIRFLOW_CTX_DAG_OWNER=***
AIRFLOW_CTX_DAG_ID=tutorial
AIRFLOW_CTX_TASK_ID=print_date
AIRFLOW_CTX_EXECUTION_DATE=2025-08-06T03:21:13.169535+00:00
AIRFLOW_CTX_TRY_NUMBER=1
AIRFLOW_CTX_DAG_RUN_ID=scheduled__2025-08-06T03:21:13.169535+00:00
[2025-08-07 03:21:15,982] {subprocess.py:62} INFO - Tmp dir root location: 
 /tmp
[2025-08-07 03:21:15,985] {subprocess.py:74} INFO - Running command: ['bash', '-c', 'date']
[2025-08-07 03:21:16,027] {subprocess.py:85} INFO - Output:
[2025-08-07 03:21:16,060] {subprocess.py:92} INFO - Thu Aug  7 03:21:16 UTC 2025
[2025-08-07 03:21:16,066] {subprocess.py:96} INFO - Command exited with return code 0
[2025-08-07 03:21:16,453] {taskinstance.py:1400} INFO - Marking task as SUCCESS. dag_id=tutorial, task_id=print_date, execution_date=20250806T032113, start_date=20250807T032115, end_date=20250807T032116
[2025-08-07 03:21:16,535] {local_task_job.py:156} INFO - Task exited with return code 0
[2025-08-07 03:21:16,756] {local_task_job.py:273} INFO - 0 downstream tasks scheduled from follow-on schedule check
