[2025-08-07 03:21:14,720] {taskinstance.py:1159} INFO - Dependencies all met for <TaskInstance: example_xcom.puller scheduled__2021-01-01T00:00:00+00:00 [queued]>
[2025-08-07 03:21:14,746] {taskinstance.py:1159} INFO - Dependencies all met for <TaskInstance: example_xcom.puller scheduled__2021-01-01T00:00:00+00:00 [queued]>
[2025-08-07 03:21:14,747] {taskinstance.py:1356} INFO - 
--------------------------------------------------------------------------------
[2025-08-07 03:21:14,748] {taskinstance.py:1357} INFO - Starting attempt 1 of 1
[2025-08-07 03:21:14,748] {taskinstance.py:1358} INFO - 
--------------------------------------------------------------------------------
[2025-08-07 03:21:14,796] {taskinstance.py:1377} INFO - Executing <Task(_PythonDecoratedOperator): puller> on 2021-01-01 00:00:00+00:00
[2025-08-07 03:21:14,817] {standard_task_runner.py:52} INFO - Started process 386 to run task
[2025-08-07 03:21:14,829] {standard_task_runner.py:79} INFO - Running: ['***', 'tasks', 'run', 'example_xcom', 'puller', 'scheduled__2021-01-01T00:00:00+00:00', '--job-id', '19', '--raw', '--subdir', '/home/***/.local/lib/python3.7/site-packages/***/example_dags/example_xcom.py', '--cfg-path', '/tmp/tmpaw7bvn2b', '--error-file', '/tmp/tmpl6d6fd7d']
[2025-08-07 03:21:14,832] {standard_task_runner.py:80} INFO - Job 19: Subtask puller
[2025-08-07 03:21:14,979] {task_command.py:369} INFO - Running <TaskInstance: example_xcom.puller scheduled__2021-01-01T00:00:00+00:00 [running]> on host f83ee74b89ef
[2025-08-07 03:21:15,658] {taskinstance.py:1571} INFO - Exporting the following env vars:
AIRFLOW_CTX_DAG_OWNER=***
AIRFLOW_CTX_DAG_ID=example_xcom
AIRFLOW_CTX_TASK_ID=puller
AIRFLOW_CTX_EXECUTION_DATE=2021-01-01T00:00:00+00:00
AIRFLOW_CTX_TRY_NUMBER=1
AIRFLOW_CTX_DAG_RUN_ID=scheduled__2021-01-01T00:00:00+00:00
[2025-08-07 03:21:15,693] {python.py:173} INFO - Done. Returned value was: None
[2025-08-07 03:21:15,920] {taskinstance.py:1400} INFO - Marking task as SUCCESS. dag_id=example_xcom, task_id=puller, execution_date=20210101T000000, start_date=20250807T032114, end_date=20250807T032115
[2025-08-07 03:21:15,993] {local_task_job.py:156} INFO - Task exited with return code 0
[2025-08-07 03:21:16,138] {local_task_job.py:273} INFO - 0 downstream tasks scheduled from follow-on schedule check
[2025-08-07 03:29:53,557] {taskinstance.py:1159} INFO - Dependencies all met for <TaskInstance: example_xcom.puller scheduled__2021-01-01T00:00:00+00:00 [queued]>
[2025-08-07 03:29:53,746] {taskinstance.py:1159} INFO - Dependencies all met for <TaskInstance: example_xcom.puller scheduled__2021-01-01T00:00:00+00:00 [queued]>
[2025-08-07 03:29:53,749] {taskinstance.py:1356} INFO - 
--------------------------------------------------------------------------------
[2025-08-07 03:29:53,749] {taskinstance.py:1357} INFO - Starting attempt 1 of 1
[2025-08-07 03:29:53,752] {taskinstance.py:1358} INFO - 
--------------------------------------------------------------------------------
[2025-08-07 03:29:53,792] {taskinstance.py:1377} INFO - Executing <Task(_PythonDecoratedOperator): puller> on 2021-01-01 00:00:00+00:00
[2025-08-07 03:29:53,842] {standard_task_runner.py:52} INFO - Started process 428 to run task
[2025-08-07 03:29:53,854] {standard_task_runner.py:79} INFO - Running: ['***', 'tasks', 'run', 'example_xcom', 'puller', 'scheduled__2021-01-01T00:00:00+00:00', '--job-id', '21', '--raw', '--subdir', '/home/***/.local/lib/python3.7/site-packages/***/example_dags/example_xcom.py', '--cfg-path', '/tmp/tmpeg36bgo7', '--error-file', '/tmp/tmp9404w_a8']
[2025-08-07 03:29:53,865] {standard_task_runner.py:80} INFO - Job 21: Subtask puller
[2025-08-07 03:29:54,167] {task_command.py:369} INFO - Running <TaskInstance: example_xcom.puller scheduled__2021-01-01T00:00:00+00:00 [running]> on host 47565329e35b
[2025-08-07 03:29:54,964] {taskinstance.py:1571} INFO - Exporting the following env vars:
AIRFLOW_CTX_DAG_OWNER=***
AIRFLOW_CTX_DAG_ID=example_xcom
AIRFLOW_CTX_TASK_ID=puller
AIRFLOW_CTX_EXECUTION_DATE=2021-01-01T00:00:00+00:00
AIRFLOW_CTX_TRY_NUMBER=1
AIRFLOW_CTX_DAG_RUN_ID=scheduled__2021-01-01T00:00:00+00:00
[2025-08-07 03:29:55,047] {python.py:173} INFO - Done. Returned value was: None
[2025-08-07 03:29:55,088] {taskinstance.py:1400} INFO - Marking task as SUCCESS. dag_id=example_xcom, task_id=puller, execution_date=20210101T000000, start_date=20250807T032953, end_date=20250807T032955
[2025-08-07 03:29:55,207] {local_task_job.py:156} INFO - Task exited with return code 0
[2025-08-07 03:29:55,333] {local_task_job.py:273} INFO - 0 downstream tasks scheduled from follow-on schedule check
[2025-08-07 03:39:59,579] {taskinstance.py:1159} INFO - Dependencies all met for <TaskInstance: example_xcom.puller scheduled__2021-01-01T00:00:00+00:00 [queued]>
[2025-08-07 03:39:59,614] {taskinstance.py:1159} INFO - Dependencies all met for <TaskInstance: example_xcom.puller scheduled__2021-01-01T00:00:00+00:00 [queued]>
[2025-08-07 03:39:59,614] {taskinstance.py:1356} INFO - 
--------------------------------------------------------------------------------
[2025-08-07 03:39:59,614] {taskinstance.py:1357} INFO - Starting attempt 1 of 1
[2025-08-07 03:39:59,615] {taskinstance.py:1358} INFO - 
--------------------------------------------------------------------------------
[2025-08-07 03:39:59,664] {taskinstance.py:1377} INFO - Executing <Task(_PythonDecoratedOperator): puller> on 2021-01-01 00:00:00+00:00
[2025-08-07 03:39:59,674] {standard_task_runner.py:52} INFO - Started process 402 to run task
[2025-08-07 03:39:59,678] {standard_task_runner.py:79} INFO - Running: ['***', 'tasks', 'run', 'example_xcom', 'puller', 'scheduled__2021-01-01T00:00:00+00:00', '--job-id', '23', '--raw', '--subdir', '/home/***/.local/lib/python3.7/site-packages/***/example_dags/example_xcom.py', '--cfg-path', '/tmp/tmpd322nifh', '--error-file', '/tmp/tmpaqq4bdny']
[2025-08-07 03:39:59,681] {standard_task_runner.py:80} INFO - Job 23: Subtask puller
[2025-08-07 03:39:59,838] {task_command.py:369} INFO - Running <TaskInstance: example_xcom.puller scheduled__2021-01-01T00:00:00+00:00 [running]> on host 92a46ac2453f
[2025-08-07 03:40:00,257] {taskinstance.py:1571} INFO - Exporting the following env vars:
AIRFLOW_CTX_DAG_OWNER=***
AIRFLOW_CTX_DAG_ID=example_xcom
AIRFLOW_CTX_TASK_ID=puller
AIRFLOW_CTX_EXECUTION_DATE=2021-01-01T00:00:00+00:00
AIRFLOW_CTX_TRY_NUMBER=1
AIRFLOW_CTX_DAG_RUN_ID=scheduled__2021-01-01T00:00:00+00:00
[2025-08-07 03:40:00,282] {python.py:173} INFO - Done. Returned value was: None
[2025-08-07 03:40:00,305] {taskinstance.py:1400} INFO - Marking task as SUCCESS. dag_id=example_xcom, task_id=puller, execution_date=20210101T000000, start_date=20250807T033959, end_date=20250807T034000
[2025-08-07 03:40:00,367] {local_task_job.py:156} INFO - Task exited with return code 0
[2025-08-07 03:40:00,835] {local_task_job.py:273} INFO - 0 downstream tasks scheduled from follow-on schedule check
[2025-08-07 10:40:21,293] {taskinstance.py:1159} INFO - Dependencies all met for <TaskInstance: example_xcom.puller scheduled__2021-01-01T00:00:00+00:00 [queued]>
[2025-08-07 10:40:21,332] {taskinstance.py:1159} INFO - Dependencies all met for <TaskInstance: example_xcom.puller scheduled__2021-01-01T00:00:00+00:00 [queued]>
[2025-08-07 10:40:21,333] {taskinstance.py:1356} INFO - 
--------------------------------------------------------------------------------
[2025-08-07 10:40:21,333] {taskinstance.py:1357} INFO - Starting attempt 1 of 1
[2025-08-07 10:40:21,334] {taskinstance.py:1358} INFO - 
--------------------------------------------------------------------------------
[2025-08-07 10:40:21,396] {taskinstance.py:1377} INFO - Executing <Task(_PythonDecoratedOperator): puller> on 2021-01-01 00:00:00+00:00
[2025-08-07 10:40:21,430] {standard_task_runner.py:52} INFO - Started process 390 to run task
[2025-08-07 10:40:21,452] {standard_task_runner.py:79} INFO - Running: ['***', 'tasks', 'run', 'example_xcom', 'puller', 'scheduled__2021-01-01T00:00:00+00:00', '--job-id', '21', '--raw', '--subdir', '/home/***/.local/lib/python3.7/site-packages/***/example_dags/example_xcom.py', '--cfg-path', '/tmp/tmpilonq34c', '--error-file', '/tmp/tmp42l9f4gf']
[2025-08-07 10:40:21,455] {standard_task_runner.py:80} INFO - Job 21: Subtask puller
[2025-08-07 10:40:21,614] {task_command.py:369} INFO - Running <TaskInstance: example_xcom.puller scheduled__2021-01-01T00:00:00+00:00 [running]> on host 81d3b97a0728
[2025-08-07 10:40:22,166] {taskinstance.py:1571} INFO - Exporting the following env vars:
AIRFLOW_CTX_DAG_OWNER=***
AIRFLOW_CTX_DAG_ID=example_xcom
AIRFLOW_CTX_TASK_ID=puller
AIRFLOW_CTX_EXECUTION_DATE=2021-01-01T00:00:00+00:00
AIRFLOW_CTX_TRY_NUMBER=1
AIRFLOW_CTX_DAG_RUN_ID=scheduled__2021-01-01T00:00:00+00:00
[2025-08-07 10:40:22,190] {python.py:173} INFO - Done. Returned value was: None
[2025-08-07 10:40:22,230] {taskinstance.py:1400} INFO - Marking task as SUCCESS. dag_id=example_xcom, task_id=puller, execution_date=20210101T000000, start_date=20250807T104021, end_date=20250807T104022
[2025-08-07 10:40:22,377] {local_task_job.py:156} INFO - Task exited with return code 0
[2025-08-07 10:40:22,676] {local_task_job.py:273} INFO - 0 downstream tasks scheduled from follow-on schedule check
[2025-08-07 11:11:47,726] {taskinstance.py:1159} INFO - Dependencies all met for <TaskInstance: example_xcom.puller scheduled__2021-01-01T00:00:00+00:00 [queued]>
[2025-08-07 11:11:47,754] {taskinstance.py:1159} INFO - Dependencies all met for <TaskInstance: example_xcom.puller scheduled__2021-01-01T00:00:00+00:00 [queued]>
[2025-08-07 11:11:47,756] {taskinstance.py:1356} INFO - 
--------------------------------------------------------------------------------
[2025-08-07 11:11:47,757] {taskinstance.py:1357} INFO - Starting attempt 1 of 1
[2025-08-07 11:11:47,757] {taskinstance.py:1358} INFO - 
--------------------------------------------------------------------------------
[2025-08-07 11:11:47,797] {taskinstance.py:1377} INFO - Executing <Task(_PythonDecoratedOperator): puller> on 2021-01-01 00:00:00+00:00
[2025-08-07 11:11:47,810] {standard_task_runner.py:52} INFO - Started process 395 to run task
[2025-08-07 11:11:47,820] {standard_task_runner.py:79} INFO - Running: ['***', 'tasks', 'run', 'example_xcom', 'puller', 'scheduled__2021-01-01T00:00:00+00:00', '--job-id', '19', '--raw', '--subdir', '/home/***/.local/lib/python3.7/site-packages/***/example_dags/example_xcom.py', '--cfg-path', '/tmp/tmpa40clzx6', '--error-file', '/tmp/tmpjtde88rw']
[2025-08-07 11:11:47,825] {standard_task_runner.py:80} INFO - Job 19: Subtask puller
[2025-08-07 11:11:47,957] {task_command.py:369} INFO - Running <TaskInstance: example_xcom.puller scheduled__2021-01-01T00:00:00+00:00 [running]> on host b22dcc1493a4
[2025-08-07 11:11:48,336] {taskinstance.py:1571} INFO - Exporting the following env vars:
AIRFLOW_CTX_DAG_OWNER=***
AIRFLOW_CTX_DAG_ID=example_xcom
AIRFLOW_CTX_TASK_ID=puller
AIRFLOW_CTX_EXECUTION_DATE=2021-01-01T00:00:00+00:00
AIRFLOW_CTX_TRY_NUMBER=1
AIRFLOW_CTX_DAG_RUN_ID=scheduled__2021-01-01T00:00:00+00:00
[2025-08-07 11:11:48,354] {python.py:173} INFO - Done. Returned value was: None
[2025-08-07 11:11:48,376] {taskinstance.py:1400} INFO - Marking task as SUCCESS. dag_id=example_xcom, task_id=puller, execution_date=20210101T000000, start_date=20250807T111147, end_date=20250807T111148
[2025-08-07 11:11:48,439] {local_task_job.py:156} INFO - Task exited with return code 0
[2025-08-07 11:11:48,507] {local_task_job.py:273} INFO - 0 downstream tasks scheduled from follow-on schedule check
[2025-08-07 20:33:39,448] {taskinstance.py:1159} INFO - Dependencies all met for <TaskInstance: example_xcom.puller scheduled__2021-01-01T00:00:00+00:00 [queued]>
[2025-08-07 20:33:39,479] {taskinstance.py:1159} INFO - Dependencies all met for <TaskInstance: example_xcom.puller scheduled__2021-01-01T00:00:00+00:00 [queued]>
[2025-08-07 20:33:39,479] {taskinstance.py:1356} INFO - 
--------------------------------------------------------------------------------
[2025-08-07 20:33:39,480] {taskinstance.py:1357} INFO - Starting attempt 1 of 1
[2025-08-07 20:33:39,480] {taskinstance.py:1358} INFO - 
--------------------------------------------------------------------------------
[2025-08-07 20:33:39,508] {taskinstance.py:1377} INFO - Executing <Task(_PythonDecoratedOperator): puller> on 2021-01-01 00:00:00+00:00
[2025-08-07 20:33:39,522] {standard_task_runner.py:52} INFO - Started process 382 to run task
[2025-08-07 20:33:39,529] {standard_task_runner.py:79} INFO - Running: ['***', 'tasks', 'run', 'example_xcom', 'puller', 'scheduled__2021-01-01T00:00:00+00:00', '--job-id', '19', '--raw', '--subdir', '/home/***/.local/lib/python3.7/site-packages/***/example_dags/example_xcom.py', '--cfg-path', '/tmp/tmplhl6lh56', '--error-file', '/tmp/tmpqx97hdqq']
[2025-08-07 20:33:39,532] {standard_task_runner.py:80} INFO - Job 19: Subtask puller
[2025-08-07 20:33:40,176] {task_command.py:369} INFO - Running <TaskInstance: example_xcom.puller scheduled__2021-01-01T00:00:00+00:00 [running]> on host 034e74559af0
[2025-08-07 20:33:45,118] {taskinstance.py:1571} INFO - Exporting the following env vars:
AIRFLOW_CTX_DAG_OWNER=***
AIRFLOW_CTX_DAG_ID=example_xcom
AIRFLOW_CTX_TASK_ID=puller
AIRFLOW_CTX_EXECUTION_DATE=2021-01-01T00:00:00+00:00
AIRFLOW_CTX_TRY_NUMBER=1
AIRFLOW_CTX_DAG_RUN_ID=scheduled__2021-01-01T00:00:00+00:00
[2025-08-07 20:33:45,168] {python.py:173} INFO - Done. Returned value was: None
[2025-08-07 20:33:45,446] {taskinstance.py:1400} INFO - Marking task as SUCCESS. dag_id=example_xcom, task_id=puller, execution_date=20210101T000000, start_date=20250807T203339, end_date=20250807T203345
[2025-08-07 20:33:45,613] {local_task_job.py:156} INFO - Task exited with return code 0
[2025-08-07 20:33:46,058] {local_task_job.py:273} INFO - 0 downstream tasks scheduled from follow-on schedule check
[2025-08-08 08:55:08,347] {taskinstance.py:1159} INFO - Dependencies all met for <TaskInstance: example_xcom.puller scheduled__2021-01-01T00:00:00+00:00 [queued]>
[2025-08-08 08:55:08,365] {taskinstance.py:1159} INFO - Dependencies all met for <TaskInstance: example_xcom.puller scheduled__2021-01-01T00:00:00+00:00 [queued]>
[2025-08-08 08:55:08,365] {taskinstance.py:1356} INFO - 
--------------------------------------------------------------------------------
[2025-08-08 08:55:08,366] {taskinstance.py:1357} INFO - Starting attempt 1 of 1
[2025-08-08 08:55:08,366] {taskinstance.py:1358} INFO - 
--------------------------------------------------------------------------------
[2025-08-08 08:55:08,400] {taskinstance.py:1377} INFO - Executing <Task(_PythonDecoratedOperator): puller> on 2021-01-01 00:00:00+00:00
[2025-08-08 08:55:08,419] {standard_task_runner.py:52} INFO - Started process 400 to run task
[2025-08-08 08:55:08,444] {standard_task_runner.py:79} INFO - Running: ['***', 'tasks', 'run', 'example_xcom', 'puller', 'scheduled__2021-01-01T00:00:00+00:00', '--job-id', '19', '--raw', '--subdir', '/home/***/.local/lib/python3.7/site-packages/***/example_dags/example_xcom.py', '--cfg-path', '/tmp/tmpzw3h2y_o', '--error-file', '/tmp/tmpux5gm1ac']
[2025-08-08 08:55:08,451] {standard_task_runner.py:80} INFO - Job 19: Subtask puller
[2025-08-08 08:55:08,655] {task_command.py:369} INFO - Running <TaskInstance: example_xcom.puller scheduled__2021-01-01T00:00:00+00:00 [running]> on host abdeb7f02efc
[2025-08-08 08:55:09,529] {taskinstance.py:1571} INFO - Exporting the following env vars:
AIRFLOW_CTX_DAG_OWNER=***
AIRFLOW_CTX_DAG_ID=example_xcom
AIRFLOW_CTX_TASK_ID=puller
AIRFLOW_CTX_EXECUTION_DATE=2021-01-01T00:00:00+00:00
AIRFLOW_CTX_TRY_NUMBER=1
AIRFLOW_CTX_DAG_RUN_ID=scheduled__2021-01-01T00:00:00+00:00
[2025-08-08 08:55:09,557] {python.py:173} INFO - Done. Returned value was: None
[2025-08-08 08:55:09,698] {taskinstance.py:1400} INFO - Marking task as SUCCESS. dag_id=example_xcom, task_id=puller, execution_date=20210101T000000, start_date=20250808T085508, end_date=20250808T085509
[2025-08-08 08:55:09,816] {local_task_job.py:156} INFO - Task exited with return code 0
[2025-08-08 08:55:10,131] {local_task_job.py:273} INFO - 0 downstream tasks scheduled from follow-on schedule check
