[2025-08-07 03:39:59,249] {taskinstance.py:1159} INFO - Dependencies all met for <TaskInstance: tutorial.print_date scheduled__2025-08-06T03:39:58.048150+00:00 [queued]>
[2025-08-07 03:39:59,272] {taskinstance.py:1159} INFO - Dependencies all met for <TaskInstance: tutorial.print_date scheduled__2025-08-06T03:39:58.048150+00:00 [queued]>
[2025-08-07 03:39:59,273] {taskinstance.py:1356} INFO - 
--------------------------------------------------------------------------------
[2025-08-07 03:39:59,273] {taskinstance.py:1357} INFO - Starting attempt 1 of 2
[2025-08-07 03:39:59,273] {taskinstance.py:1358} INFO - 
--------------------------------------------------------------------------------
[2025-08-07 03:39:59,320] {taskinstance.py:1377} INFO - Executing <Task(BashOperator): print_date> on 2025-08-06 03:39:58.048150+00:00
[2025-08-07 03:39:59,354] {standard_task_runner.py:52} INFO - Started process 392 to run task
[2025-08-07 03:39:59,367] {standard_task_runner.py:79} INFO - Running: ['***', 'tasks', 'run', 'tutorial', 'print_date', 'scheduled__2025-08-06T03:39:58.048150+00:00', '--job-id', '21', '--raw', '--subdir', '/home/***/.local/lib/python3.7/site-packages/***/example_dags/tutorial.py', '--cfg-path', '/tmp/tmp7cr0lt2a', '--error-file', '/tmp/tmpiwmxoas0']
[2025-08-07 03:39:59,373] {standard_task_runner.py:80} INFO - Job 21: Subtask print_date
[2025-08-07 03:39:59,499] {task_command.py:369} INFO - Running <TaskInstance: tutorial.print_date scheduled__2025-08-06T03:39:58.048150+00:00 [running]> on host 92a46ac2453f
[2025-08-07 03:39:59,838] {taskinstance.py:1571} INFO - Exporting the following env vars:
AIRFLOW_CTX_DAG_EMAIL=***@example.com
AIRFLOW_CTX_DAG_OWNER=***
AIRFLOW_CTX_DAG_ID=tutorial
AIRFLOW_CTX_TASK_ID=print_date
AIRFLOW_CTX_EXECUTION_DATE=2025-08-06T03:39:58.048150+00:00
AIRFLOW_CTX_TRY_NUMBER=1
AIRFLOW_CTX_DAG_RUN_ID=scheduled__2025-08-06T03:39:58.048150+00:00
[2025-08-07 03:39:59,839] {subprocess.py:62} INFO - Tmp dir root location: 
 /tmp
[2025-08-07 03:39:59,840] {subprocess.py:74} INFO - Running command: ['bash', '-c', 'date']
[2025-08-07 03:39:59,890] {subprocess.py:85} INFO - Output:
[2025-08-07 03:39:59,904] {subprocess.py:92} INFO - Thu Aug  7 03:39:59 UTC 2025
[2025-08-07 03:39:59,904] {subprocess.py:96} INFO - Command exited with return code 0
[2025-08-07 03:40:00,194] {taskinstance.py:1400} INFO - Marking task as SUCCESS. dag_id=tutorial, task_id=print_date, execution_date=20250806T033958, start_date=20250807T033959, end_date=20250807T034000
[2025-08-07 03:40:00,357] {local_task_job.py:156} INFO - Task exited with return code 0
[2025-08-07 03:40:00,869] {local_task_job.py:273} INFO - 0 downstream tasks scheduled from follow-on schedule check
