[2025-08-07 03:21:17,624] {taskinstance.py:1159} INFO - Dependencies all met for <TaskInstance: tutorial.sleep scheduled__2025-08-06T03:21:13.169535+00:00 [queued]>
[2025-08-07 03:21:17,672] {taskinstance.py:1159} INFO - Dependencies all met for <TaskInstance: tutorial.sleep scheduled__2025-08-06T03:21:13.169535+00:00 [queued]>
[2025-08-07 03:21:17,674] {taskinstance.py:1356} INFO - 
--------------------------------------------------------------------------------
[2025-08-07 03:21:17,675] {taskinstance.py:1357} INFO - Starting attempt 1 of 4
[2025-08-07 03:21:17,676] {taskinstance.py:1358} INFO - 
--------------------------------------------------------------------------------
[2025-08-07 03:21:17,742] {taskinstance.py:1377} INFO - Executing <Task(BashOperator): sleep> on 2025-08-06 03:21:13.169535+00:00
[2025-08-07 03:21:17,765] {standard_task_runner.py:52} INFO - Started process 471 to run task
[2025-08-07 03:21:17,781] {standard_task_runner.py:79} INFO - Running: ['***', 'tasks', 'run', 'tutorial', 'sleep', 'scheduled__2025-08-06T03:21:13.169535+00:00', '--job-id', '33', '--raw', '--subdir', '/home/***/.local/lib/python3.7/site-packages/***/example_dags/tutorial.py', '--cfg-path', '/tmp/tmpigv1pf61', '--error-file', '/tmp/tmp5cpbfcje']
[2025-08-07 03:21:17,783] {standard_task_runner.py:80} INFO - Job 33: Subtask sleep
[2025-08-07 03:21:17,949] {task_command.py:369} INFO - Running <TaskInstance: tutorial.sleep scheduled__2025-08-06T03:21:13.169535+00:00 [running]> on host f83ee74b89ef
[2025-08-07 03:21:18,455] {taskinstance.py:1571} INFO - Exporting the following env vars:
AIRFLOW_CTX_DAG_EMAIL=***@example.com
AIRFLOW_CTX_DAG_OWNER=***
AIRFLOW_CTX_DAG_ID=tutorial
AIRFLOW_CTX_TASK_ID=sleep
AIRFLOW_CTX_EXECUTION_DATE=2025-08-06T03:21:13.169535+00:00
AIRFLOW_CTX_TRY_NUMBER=1
AIRFLOW_CTX_DAG_RUN_ID=scheduled__2025-08-06T03:21:13.169535+00:00
[2025-08-07 03:21:18,457] {subprocess.py:62} INFO - Tmp dir root location: 
 /tmp
[2025-08-07 03:21:18,458] {subprocess.py:74} INFO - Running command: ['bash', '-c', 'sleep 5']
[2025-08-07 03:21:18,493] {subprocess.py:85} INFO - Output:
[2025-08-07 03:21:23,504] {subprocess.py:96} INFO - Command exited with return code 0
[2025-08-07 03:21:23,659] {taskinstance.py:1400} INFO - Marking task as SUCCESS. dag_id=tutorial, task_id=sleep, execution_date=20250806T032113, start_date=20250807T032117, end_date=20250807T032123
[2025-08-07 03:21:23,729] {local_task_job.py:156} INFO - Task exited with return code 0
[2025-08-07 03:21:23,806] {local_task_job.py:273} INFO - 0 downstream tasks scheduled from follow-on schedule check
