[2025-08-07 20:44:22,577] {taskinstance.py:1159} INFO - Dependencies all met for <TaskInstance: example_sla_dag.sleep_30 scheduled__2025-08-07T20:42:00+00:00 [queued]>
[2025-08-07 20:44:22,588] {taskinstance.py:1159} INFO - Dependencies all met for <TaskInstance: example_sla_dag.sleep_30 scheduled__2025-08-07T20:42:00+00:00 [queued]>
[2025-08-07 20:44:22,588] {taskinstance.py:1356} INFO - 
--------------------------------------------------------------------------------
[2025-08-07 20:44:22,588] {taskinstance.py:1357} INFO - Starting attempt 1 of 1
[2025-08-07 20:44:22,588] {taskinstance.py:1358} INFO - 
--------------------------------------------------------------------------------
[2025-08-07 20:44:22,605] {taskinstance.py:1377} INFO - Executing <Task(_PythonDecoratedOperator): sleep_30> on 2025-08-07 20:42:00+00:00
[2025-08-07 20:44:22,611] {standard_task_runner.py:52} INFO - Started process 5647 to run task
[2025-08-07 20:44:22,615] {standard_task_runner.py:79} INFO - Running: ['***', 'tasks', 'run', 'example_sla_dag', 'sleep_30', 'scheduled__2025-08-07T20:42:00+00:00', '--job-id', '111', '--raw', '--subdir', '/home/***/.local/lib/python3.7/site-packages/***/example_dags/example_sla_dag.py', '--cfg-path', '/tmp/tmpxd4t5toj', '--error-file', '/tmp/tmplqskveoh']
[2025-08-07 20:44:22,617] {standard_task_runner.py:80} INFO - Job 111: Subtask sleep_30
[2025-08-07 20:44:22,690] {task_command.py:369} INFO - Running <TaskInstance: example_sla_dag.sleep_30 scheduled__2025-08-07T20:42:00+00:00 [running]> on host 034e74559af0
[2025-08-07 20:44:22,910] {taskinstance.py:1571} INFO - Exporting the following env vars:
AIRFLOW_CTX_DAG_EMAIL=email@example.com
AIRFLOW_CTX_DAG_OWNER=***
AIRFLOW_CTX_DAG_ID=example_sla_dag
AIRFLOW_CTX_TASK_ID=sleep_30
AIRFLOW_CTX_EXECUTION_DATE=2025-08-07T20:42:00+00:00
AIRFLOW_CTX_TRY_NUMBER=1
AIRFLOW_CTX_DAG_RUN_ID=scheduled__2025-08-07T20:42:00+00:00
[2025-08-07 20:44:52,940] {python.py:173} INFO - Done. Returned value was: None
[2025-08-07 20:44:52,963] {taskinstance.py:1400} INFO - Marking task as SUCCESS. dag_id=example_sla_dag, task_id=sleep_30, execution_date=20250807T204200, start_date=20250807T204422, end_date=20250807T204452
[2025-08-07 20:44:52,990] {local_task_job.py:221} WARNING - State of this instance has been externally set to success. Terminating instance.
[2025-08-07 20:44:52,993] {process_utils.py:129} INFO - Sending Signals.SIGTERM to group 5647. PIDs of all processes in the group: [5647]
[2025-08-07 20:44:52,994] {process_utils.py:80} INFO - Sending the signal Signals.SIGTERM to group 5647
[2025-08-07 20:44:52,994] {process_utils.py:75} INFO - Process psutil.Process(pid=5647, status='terminated', exitcode=0, started='20:44:22') (5647) terminated with exit code 0
