[2025-08-07 13:42:01,212] {taskinstance.py:1159} INFO - Dependencies all met for <TaskInstance: example_sla_dag.sleep_20 scheduled__2025-08-07T13:40:00+00:00 [queued]>
[2025-08-07 13:42:01,220] {taskinstance.py:1159} INFO - Dependencies all met for <TaskInstance: example_sla_dag.sleep_20 scheduled__2025-08-07T13:40:00+00:00 [queued]>
[2025-08-07 13:42:01,221] {taskinstance.py:1356} INFO - 
--------------------------------------------------------------------------------
[2025-08-07 13:42:01,221] {taskinstance.py:1357} INFO - Starting attempt 1 of 1
[2025-08-07 13:42:01,221] {taskinstance.py:1358} INFO - 
--------------------------------------------------------------------------------
[2025-08-07 13:42:01,235] {taskinstance.py:1377} INFO - Executing <Task(_PythonDecoratedOperator): sleep_20> on 2025-08-07 13:40:00+00:00
[2025-08-07 13:42:01,238] {standard_task_runner.py:52} INFO - Started process 54260 to run task
[2025-08-07 13:42:01,241] {standard_task_runner.py:79} INFO - Running: ['***', 'tasks', 'run', 'example_sla_dag', 'sleep_20', 'scheduled__2025-08-07T13:40:00+00:00', '--job-id', '850', '--raw', '--subdir', '/home/***/.local/lib/python3.7/site-packages/***/example_dags/example_sla_dag.py', '--cfg-path', '/tmp/tmp1ez8pomr', '--error-file', '/tmp/tmp2xj6al9b']
[2025-08-07 13:42:01,241] {standard_task_runner.py:80} INFO - Job 850: Subtask sleep_20
[2025-08-07 13:42:01,304] {task_command.py:369} INFO - Running <TaskInstance: example_sla_dag.sleep_20 scheduled__2025-08-07T13:40:00+00:00 [running]> on host b810b38b6a38
[2025-08-07 13:42:01,466] {taskinstance.py:1571} INFO - Exporting the following env vars:
AIRFLOW_CTX_DAG_EMAIL=email@example.com
AIRFLOW_CTX_DAG_OWNER=***
AIRFLOW_CTX_DAG_ID=example_sla_dag
AIRFLOW_CTX_TASK_ID=sleep_20
AIRFLOW_CTX_EXECUTION_DATE=2025-08-07T13:40:00+00:00
AIRFLOW_CTX_TRY_NUMBER=1
AIRFLOW_CTX_DAG_RUN_ID=scheduled__2025-08-07T13:40:00+00:00
[2025-08-07 13:42:21,487] {python.py:173} INFO - Done. Returned value was: None
[2025-08-07 13:42:21,501] {taskinstance.py:1400} INFO - Marking task as SUCCESS. dag_id=example_sla_dag, task_id=sleep_20, execution_date=20250807T134000, start_date=20250807T134201, end_date=20250807T134221
[2025-08-07 13:42:21,527] {local_task_job.py:156} INFO - Task exited with return code 0
[2025-08-07 13:42:21,558] {local_task_job.py:273} INFO - 1 downstream tasks scheduled from follow-on schedule check
