[2025-08-07 10:54:16,522] {taskinstance.py:1159} INFO - Dependencies all met for <TaskInstance: send_weather_to_kafka.fetch_and_send_weather scheduled__2025-08-07T10:52:14.997141+00:00 [queued]>
[2025-08-07 10:54:16,535] {taskinstance.py:1159} INFO - Dependencies all met for <TaskInstance: send_weather_to_kafka.fetch_and_send_weather scheduled__2025-08-07T10:52:14.997141+00:00 [queued]>
[2025-08-07 10:54:16,535] {taskinstance.py:1356} INFO - 
--------------------------------------------------------------------------------
[2025-08-07 10:54:16,535] {taskinstance.py:1357} INFO - Starting attempt 1 of 2
[2025-08-07 10:54:16,535] {taskinstance.py:1358} INFO - 
--------------------------------------------------------------------------------
[2025-08-07 10:54:16,553] {taskinstance.py:1377} INFO - Executing <Task(BashOperator): fetch_and_send_weather> on 2025-08-07 10:52:14.997141+00:00
[2025-08-07 10:54:16,559] {standard_task_runner.py:52} INFO - Started process 7574 to run task
[2025-08-07 10:54:16,563] {standard_task_runner.py:79} INFO - Running: ['***', 'tasks', 'run', 'send_weather_to_kafka', 'fetch_and_send_weather', 'scheduled__2025-08-07T10:52:14.997141+00:00', '--job-id', '140', '--raw', '--subdir', 'DAGS_FOLDER/dag_meteo.py', '--cfg-path', '/tmp/tmpq71go44c', '--error-file', '/tmp/tmp8ckgrqz1']
[2025-08-07 10:54:16,565] {standard_task_runner.py:80} INFO - Job 140: Subtask fetch_and_send_weather
[2025-08-07 10:54:16,641] {task_command.py:369} INFO - Running <TaskInstance: send_weather_to_kafka.fetch_and_send_weather scheduled__2025-08-07T10:52:14.997141+00:00 [running]> on host 81d3b97a0728
[2025-08-07 10:54:16,880] {taskinstance.py:1571} INFO - Exporting the following env vars:
AIRFLOW_CTX_DAG_OWNER=alla
AIRFLOW_CTX_DAG_ID=send_weather_to_kafka
AIRFLOW_CTX_TASK_ID=fetch_and_send_weather
AIRFLOW_CTX_EXECUTION_DATE=2025-08-07T10:52:14.997141+00:00
AIRFLOW_CTX_TRY_NUMBER=1
AIRFLOW_CTX_DAG_RUN_ID=scheduled__2025-08-07T10:52:14.997141+00:00
[2025-08-07 10:54:16,881] {subprocess.py:62} INFO - Tmp dir root location: 
 /tmp
[2025-08-07 10:54:16,882] {subprocess.py:74} INFO - Running command: ['bash', '-c', 'cd /opt/***/scripts && python3 kafka/producer.py']
[2025-08-07 10:54:16,901] {subprocess.py:85} INFO - Output:
[2025-08-07 10:54:21,156] {subprocess.py:92} INFO - Envoi vers Kafka : {'temperature': 30, 'humidity': 75, 'windSpeed': 3.1, 'cloudCover': 49, 'rainIntensity': 0, 'timestamp': '2025-08-07T10:54:00Z'}
[2025-08-07 10:54:21,219] {subprocess.py:96} INFO - Command exited with return code 0
[2025-08-07 10:54:21,268] {taskinstance.py:1400} INFO - Marking task as SUCCESS. dag_id=send_weather_to_kafka, task_id=fetch_and_send_weather, execution_date=20250807T105214, start_date=20250807T105416, end_date=20250807T105421
[2025-08-07 10:54:21,316] {local_task_job.py:156} INFO - Task exited with return code 0
[2025-08-07 10:54:21,371] {local_task_job.py:273} INFO - 1 downstream tasks scheduled from follow-on schedule check
