[2025-08-07 11:11:55,199] {taskinstance.py:1159} INFO - Dependencies all met for <TaskInstance: example_task_group_decorator.task_group_function__4.task_2 scheduled__2025-08-06T11:11:47.636016+00:00 [queued]>
[2025-08-07 11:11:55,226] {taskinstance.py:1159} INFO - Dependencies all met for <TaskInstance: example_task_group_decorator.task_group_function__4.task_2 scheduled__2025-08-06T11:11:47.636016+00:00 [queued]>
[2025-08-07 11:11:55,227] {taskinstance.py:1356} INFO - 
--------------------------------------------------------------------------------
[2025-08-07 11:11:55,227] {taskinstance.py:1357} INFO - Starting attempt 1 of 1
[2025-08-07 11:11:55,228] {taskinstance.py:1358} INFO - 
--------------------------------------------------------------------------------
[2025-08-07 11:11:55,272] {taskinstance.py:1377} INFO - Executing <Task(_PythonDecoratedOperator): task_group_function__4.task_2> on 2025-08-06 11:11:47.636016+00:00
[2025-08-07 11:11:55,283] {standard_task_runner.py:52} INFO - Started process 552 to run task
[2025-08-07 11:11:55,310] {standard_task_runner.py:79} INFO - Running: ['***', 'tasks', 'run', 'example_task_group_decorator', 'task_group_function__4.task_2', 'scheduled__2025-08-06T11:11:47.636016+00:00', '--job-id', '49', '--raw', '--subdir', '/home/***/.local/lib/python3.7/site-packages/***/example_dags/example_task_group_decorator.py', '--cfg-path', '/tmp/tmp6d9kx_kj', '--error-file', '/tmp/tmpa26qa47i']
[2025-08-07 11:11:55,311] {standard_task_runner.py:80} INFO - Job 49: Subtask task_group_function__4.task_2
[2025-08-07 11:11:55,408] {task_command.py:369} INFO - Running <TaskInstance: example_task_group_decorator.task_group_function__4.task_2 scheduled__2025-08-06T11:11:47.636016+00:00 [running]> on host b22dcc1493a4
[2025-08-07 11:11:55,809] {taskinstance.py:1571} INFO - Exporting the following env vars:
AIRFLOW_CTX_DAG_OWNER=***
AIRFLOW_CTX_DAG_ID=example_task_group_decorator
AIRFLOW_CTX_TASK_ID=task_group_function__4.task_2
AIRFLOW_CTX_EXECUTION_DATE=2025-08-06T11:11:47.636016+00:00
AIRFLOW_CTX_TRY_NUMBER=1
AIRFLOW_CTX_DAG_RUN_ID=scheduled__2025-08-06T11:11:47.636016+00:00
[2025-08-07 11:11:55,815] {python.py:173} INFO - Done. Returned value was: [ Task2 [ Task1 4 ] ]
[2025-08-07 11:11:55,873] {taskinstance.py:1400} INFO - Marking task as SUCCESS. dag_id=example_task_group_decorator, task_id=task_group_function__4.task_2, execution_date=20250806T111147, start_date=20250807T111155, end_date=20250807T111155
[2025-08-07 11:11:55,912] {local_task_job.py:156} INFO - Task exited with return code 0
[2025-08-07 11:11:55,992] {local_task_job.py:273} INFO - 1 downstream tasks scheduled from follow-on schedule check
