[2025-08-08 08:33:00,323] {taskinstance.py:1159} INFO - Dependencies all met for <TaskInstance: example_bash_operator.run_after_loop scheduled__2025-08-07T00:00:00+00:00 [queued]>
[2025-08-08 08:33:00,357] {taskinstance.py:1159} INFO - Dependencies all met for <TaskInstance: example_bash_operator.run_after_loop scheduled__2025-08-07T00:00:00+00:00 [queued]>
[2025-08-08 08:33:00,358] {taskinstance.py:1356} INFO - 
--------------------------------------------------------------------------------
[2025-08-08 08:33:00,358] {taskinstance.py:1357} INFO - Starting attempt 1 of 1
[2025-08-08 08:33:00,358] {taskinstance.py:1358} INFO - 
--------------------------------------------------------------------------------
[2025-08-08 08:33:00,409] {taskinstance.py:1377} INFO - Executing <Task(BashOperator): run_after_loop> on 2025-08-07 00:00:00+00:00
[2025-08-08 08:33:00,430] {standard_task_runner.py:52} INFO - Started process 8305 to run task
[2025-08-08 08:33:00,444] {standard_task_runner.py:79} INFO - Running: ['***', 'tasks', 'run', 'example_bash_operator', 'run_after_loop', 'scheduled__2025-08-07T00:00:00+00:00', '--job-id', '715', '--raw', '--subdir', '/home/***/.local/lib/python3.7/site-packages/***/example_dags/example_bash_operator.py', '--cfg-path', '/tmp/tmpzuau5yb0', '--error-file', '/tmp/tmppfikqmtb']
[2025-08-08 08:33:00,448] {standard_task_runner.py:80} INFO - Job 715: Subtask run_after_loop
[2025-08-08 08:33:00,698] {task_command.py:369} INFO - Running <TaskInstance: example_bash_operator.run_after_loop scheduled__2025-08-07T00:00:00+00:00 [running]> on host 98bad2c91b1f
[2025-08-08 08:33:01,356] {taskinstance.py:1571} INFO - Exporting the following env vars:
AIRFLOW_CTX_DAG_OWNER=***
AIRFLOW_CTX_DAG_ID=example_bash_operator
AIRFLOW_CTX_TASK_ID=run_after_loop
AIRFLOW_CTX_EXECUTION_DATE=2025-08-07T00:00:00+00:00
AIRFLOW_CTX_TRY_NUMBER=1
AIRFLOW_CTX_DAG_RUN_ID=scheduled__2025-08-07T00:00:00+00:00
[2025-08-08 08:33:01,366] {subprocess.py:62} INFO - Tmp dir root location: 
 /tmp
[2025-08-08 08:33:01,369] {subprocess.py:74} INFO - Running command: ['bash', '-c', 'echo 1']
[2025-08-08 08:33:01,407] {subprocess.py:85} INFO - Output:
[2025-08-08 08:33:01,408] {subprocess.py:92} INFO - 1
[2025-08-08 08:33:01,409] {subprocess.py:96} INFO - Command exited with return code 0
[2025-08-08 08:33:01,497] {taskinstance.py:1400} INFO - Marking task as SUCCESS. dag_id=example_bash_operator, task_id=run_after_loop, execution_date=20250807T000000, start_date=20250808T083300, end_date=20250808T083301
[2025-08-08 08:33:01,577] {local_task_job.py:156} INFO - Task exited with return code 0
[2025-08-08 08:33:01,687] {local_task_job.py:273} INFO - 0 downstream tasks scheduled from follow-on schedule check
[2025-08-08 08:55:19,890] {taskinstance.py:1159} INFO - Dependencies all met for <TaskInstance: example_bash_operator.run_after_loop scheduled__2025-08-07T00:00:00+00:00 [queued]>
[2025-08-08 08:55:19,909] {taskinstance.py:1159} INFO - Dependencies all met for <TaskInstance: example_bash_operator.run_after_loop scheduled__2025-08-07T00:00:00+00:00 [queued]>
[2025-08-08 08:55:19,910] {taskinstance.py:1356} INFO - 
--------------------------------------------------------------------------------
[2025-08-08 08:55:19,910] {taskinstance.py:1357} INFO - Starting attempt 1 of 1
[2025-08-08 08:55:19,911] {taskinstance.py:1358} INFO - 
--------------------------------------------------------------------------------
[2025-08-08 08:55:19,941] {taskinstance.py:1377} INFO - Executing <Task(BashOperator): run_after_loop> on 2025-08-07 00:00:00+00:00
[2025-08-08 08:55:19,949] {standard_task_runner.py:52} INFO - Started process 562 to run task
[2025-08-08 08:55:19,955] {standard_task_runner.py:79} INFO - Running: ['***', 'tasks', 'run', 'example_bash_operator', 'run_after_loop', 'scheduled__2025-08-07T00:00:00+00:00', '--job-id', '55', '--raw', '--subdir', '/home/***/.local/lib/python3.7/site-packages/***/example_dags/example_bash_operator.py', '--cfg-path', '/tmp/tmphs9eson7', '--error-file', '/tmp/tmpk3fz8wo4']
[2025-08-08 08:55:19,958] {standard_task_runner.py:80} INFO - Job 55: Subtask run_after_loop
[2025-08-08 08:55:20,164] {task_command.py:369} INFO - Running <TaskInstance: example_bash_operator.run_after_loop scheduled__2025-08-07T00:00:00+00:00 [running]> on host abdeb7f02efc
[2025-08-08 08:55:20,610] {taskinstance.py:1571} INFO - Exporting the following env vars:
AIRFLOW_CTX_DAG_OWNER=***
AIRFLOW_CTX_DAG_ID=example_bash_operator
AIRFLOW_CTX_TASK_ID=run_after_loop
AIRFLOW_CTX_EXECUTION_DATE=2025-08-07T00:00:00+00:00
AIRFLOW_CTX_TRY_NUMBER=1
AIRFLOW_CTX_DAG_RUN_ID=scheduled__2025-08-07T00:00:00+00:00
[2025-08-08 08:55:20,611] {subprocess.py:62} INFO - Tmp dir root location: 
 /tmp
[2025-08-08 08:55:20,616] {subprocess.py:74} INFO - Running command: ['bash', '-c', 'echo 1']
[2025-08-08 08:55:20,652] {subprocess.py:85} INFO - Output:
[2025-08-08 08:55:20,655] {subprocess.py:92} INFO - 1
[2025-08-08 08:55:20,655] {subprocess.py:96} INFO - Command exited with return code 0
[2025-08-08 08:55:20,718] {taskinstance.py:1400} INFO - Marking task as SUCCESS. dag_id=example_bash_operator, task_id=run_after_loop, execution_date=20250807T000000, start_date=20250808T085519, end_date=20250808T085520
[2025-08-08 08:55:20,792] {local_task_job.py:156} INFO - Task exited with return code 0
[2025-08-08 08:55:20,885] {local_task_job.py:273} INFO - 0 downstream tasks scheduled from follow-on schedule check
