[2025-08-07 20:33:48,682] {taskinstance.py:1159} INFO - Dependencies all met for <TaskInstance: tutorial.templated scheduled__2025-08-06T20:33:38.754600+00:00 [queued]>
[2025-08-07 20:33:48,705] {taskinstance.py:1159} INFO - Dependencies all met for <TaskInstance: tutorial.templated scheduled__2025-08-06T20:33:38.754600+00:00 [queued]>
[2025-08-07 20:33:48,706] {taskinstance.py:1356} INFO - 
--------------------------------------------------------------------------------
[2025-08-07 20:33:48,706] {taskinstance.py:1357} INFO - Starting attempt 1 of 2
[2025-08-07 20:33:48,706] {taskinstance.py:1358} INFO - 
--------------------------------------------------------------------------------
[2025-08-07 20:33:48,768] {taskinstance.py:1377} INFO - Executing <Task(BashOperator): templated> on 2025-08-06 20:33:38.754600+00:00
[2025-08-07 20:33:48,794] {standard_task_runner.py:52} INFO - Started process 468 to run task
[2025-08-07 20:33:48,810] {standard_task_runner.py:79} INFO - Running: ['***', 'tasks', 'run', 'tutorial', 'templated', 'scheduled__2025-08-06T20:33:38.754600+00:00', '--job-id', '32', '--raw', '--subdir', '/home/***/.local/lib/python3.7/site-packages/***/example_dags/tutorial.py', '--cfg-path', '/tmp/tmpeujlhy79', '--error-file', '/tmp/tmpukjh_3gi']
[2025-08-07 20:33:48,817] {standard_task_runner.py:80} INFO - Job 32: Subtask templated
[2025-08-07 20:33:49,553] {task_command.py:369} INFO - Running <TaskInstance: tutorial.templated scheduled__2025-08-06T20:33:38.754600+00:00 [running]> on host 034e74559af0
[2025-08-07 20:33:51,913] {taskinstance.py:1571} INFO - Exporting the following env vars:
AIRFLOW_CTX_DAG_EMAIL=***@example.com
AIRFLOW_CTX_DAG_OWNER=***
AIRFLOW_CTX_DAG_ID=tutorial
AIRFLOW_CTX_TASK_ID=templated
AIRFLOW_CTX_EXECUTION_DATE=2025-08-06T20:33:38.754600+00:00
AIRFLOW_CTX_TRY_NUMBER=1
AIRFLOW_CTX_DAG_RUN_ID=scheduled__2025-08-06T20:33:38.754600+00:00
[2025-08-07 20:33:51,916] {subprocess.py:62} INFO - Tmp dir root location: 
 /tmp
[2025-08-07 20:33:51,916] {subprocess.py:74} INFO - Running command: ['bash', '-c', '\n\n    echo "2025-08-06"\n    echo "2025-08-13"\n\n    echo "2025-08-06"\n    echo "2025-08-13"\n\n    echo "2025-08-06"\n    echo "2025-08-13"\n\n    echo "2025-08-06"\n    echo "2025-08-13"\n\n    echo "2025-08-06"\n    echo "2025-08-13"\n']
[2025-08-07 20:33:52,320] {subprocess.py:85} INFO - Output:
[2025-08-07 20:33:52,730] {subprocess.py:92} INFO - 2025-08-06
[2025-08-07 20:33:52,731] {subprocess.py:92} INFO - 2025-08-13
[2025-08-07 20:33:52,733] {subprocess.py:92} INFO - 2025-08-06
[2025-08-07 20:33:52,733] {subprocess.py:92} INFO - 2025-08-13
[2025-08-07 20:33:52,733] {subprocess.py:92} INFO - 2025-08-06
[2025-08-07 20:33:52,733] {subprocess.py:92} INFO - 2025-08-13
[2025-08-07 20:33:52,733] {subprocess.py:92} INFO - 2025-08-06
[2025-08-07 20:33:52,733] {subprocess.py:92} INFO - 2025-08-13
[2025-08-07 20:33:52,733] {subprocess.py:92} INFO - 2025-08-06
[2025-08-07 20:33:52,733] {subprocess.py:92} INFO - 2025-08-13
[2025-08-07 20:33:52,733] {subprocess.py:96} INFO - Command exited with return code 0
[2025-08-07 20:33:53,238] {taskinstance.py:1400} INFO - Marking task as SUCCESS. dag_id=tutorial, task_id=templated, execution_date=20250806T203338, start_date=20250807T203348, end_date=20250807T203353
[2025-08-07 20:33:53,447] {local_task_job.py:156} INFO - Task exited with return code 0
[2025-08-07 20:33:54,034] {local_task_job.py:273} INFO - 0 downstream tasks scheduled from follow-on schedule check
