[2025-08-07 03:39:57,085] {taskinstance.py:1159} INFO - Dependencies all met for <TaskInstance: example_trigger_target_dag.run_this manual__2025-08-07T03:39:55.322753+00:00 [queued]>
[2025-08-07 03:39:57,127] {taskinstance.py:1159} INFO - Dependencies all met for <TaskInstance: example_trigger_target_dag.run_this manual__2025-08-07T03:39:55.322753+00:00 [queued]>
[2025-08-07 03:39:57,129] {taskinstance.py:1356} INFO - 
--------------------------------------------------------------------------------
[2025-08-07 03:39:57,129] {taskinstance.py:1357} INFO - Starting attempt 1 of 1
[2025-08-07 03:39:57,130] {taskinstance.py:1358} INFO - 
--------------------------------------------------------------------------------
[2025-08-07 03:39:57,195] {taskinstance.py:1377} INFO - Executing <Task(_PythonDecoratedOperator): run_this> on 2025-08-07 03:39:55.322753+00:00
[2025-08-07 03:39:57,227] {standard_task_runner.py:52} INFO - Started process 324 to run task
[2025-08-07 03:39:57,240] {standard_task_runner.py:79} INFO - Running: ['***', 'tasks', 'run', 'example_trigger_target_dag', 'run_this', 'manual__2025-08-07T03:39:55.322753+00:00', '--job-id', '14', '--raw', '--subdir', '/home/***/.local/lib/python3.7/site-packages/***/example_dags/example_trigger_target_dag.py', '--cfg-path', '/tmp/tmp3j493s65', '--error-file', '/tmp/tmpa9n88s5w']
[2025-08-07 03:39:57,245] {standard_task_runner.py:80} INFO - Job 14: Subtask run_this
[2025-08-07 03:39:57,420] {task_command.py:369} INFO - Running <TaskInstance: example_trigger_target_dag.run_this manual__2025-08-07T03:39:55.322753+00:00 [running]> on host 92a46ac2453f
[2025-08-07 03:39:58,021] {taskinstance.py:1571} INFO - Exporting the following env vars:
AIRFLOW_CTX_DAG_OWNER=***
AIRFLOW_CTX_DAG_ID=example_trigger_target_dag
AIRFLOW_CTX_TASK_ID=run_this
AIRFLOW_CTX_EXECUTION_DATE=2025-08-07T03:39:55.322753+00:00
AIRFLOW_CTX_TRY_NUMBER=1
AIRFLOW_CTX_DAG_RUN_ID=manual__2025-08-07T03:39:55.322753+00:00
[2025-08-07 03:39:58,022] {logging_mixin.py:115} INFO - Remotely received value of Hello World for key=message
[2025-08-07 03:39:58,022] {python.py:173} INFO - Done. Returned value was: None
[2025-08-07 03:39:58,093] {taskinstance.py:1400} INFO - Marking task as SUCCESS. dag_id=example_trigger_target_dag, task_id=run_this, execution_date=20250807T033955, start_date=20250807T033957, end_date=20250807T033958
[2025-08-07 03:39:58,191] {local_task_job.py:156} INFO - Task exited with return code 0
[2025-08-07 03:39:58,462] {local_task_job.py:273} INFO - 0 downstream tasks scheduled from follow-on schedule check
