[2025-08-07 10:40:26,208] {taskinstance.py:1159} INFO - Dependencies all met for <TaskInstance: example_task_group_decorator.task_group_function__1.task_1 scheduled__2025-08-06T10:40:20.785141+00:00 [queued]>
[2025-08-07 10:40:26,226] {taskinstance.py:1159} INFO - Dependencies all met for <TaskInstance: example_task_group_decorator.task_group_function__1.task_1 scheduled__2025-08-06T10:40:20.785141+00:00 [queued]>
[2025-08-07 10:40:26,227] {taskinstance.py:1356} INFO - 
--------------------------------------------------------------------------------
[2025-08-07 10:40:26,228] {taskinstance.py:1357} INFO - Starting attempt 1 of 1
[2025-08-07 10:40:26,229] {taskinstance.py:1358} INFO - 
--------------------------------------------------------------------------------
[2025-08-07 10:40:26,265] {taskinstance.py:1377} INFO - Executing <Task(_PythonDecoratedOperator): task_group_function__1.task_1> on 2025-08-06 10:40:20.785141+00:00
[2025-08-07 10:40:26,276] {standard_task_runner.py:52} INFO - Started process 500 to run task
[2025-08-07 10:40:26,285] {standard_task_runner.py:79} INFO - Running: ['***', 'tasks', 'run', 'example_task_group_decorator', 'task_group_function__1.task_1', 'scheduled__2025-08-06T10:40:20.785141+00:00', '--job-id', '38', '--raw', '--subdir', '/home/***/.local/lib/python3.7/site-packages/***/example_dags/example_task_group_decorator.py', '--cfg-path', '/tmp/tmpvhrrypmu', '--error-file', '/tmp/tmp93_2sf1q']
[2025-08-07 10:40:26,286] {standard_task_runner.py:80} INFO - Job 38: Subtask task_group_function__1.task_1
[2025-08-07 10:40:26,454] {task_command.py:369} INFO - Running <TaskInstance: example_task_group_decorator.task_group_function__1.task_1 scheduled__2025-08-06T10:40:20.785141+00:00 [running]> on host 81d3b97a0728
[2025-08-07 10:40:27,125] {taskinstance.py:1571} INFO - Exporting the following env vars:
AIRFLOW_CTX_DAG_OWNER=***
AIRFLOW_CTX_DAG_ID=example_task_group_decorator
AIRFLOW_CTX_TASK_ID=task_group_function__1.task_1
AIRFLOW_CTX_EXECUTION_DATE=2025-08-06T10:40:20.785141+00:00
AIRFLOW_CTX_TRY_NUMBER=1
AIRFLOW_CTX_DAG_RUN_ID=scheduled__2025-08-06T10:40:20.785141+00:00
[2025-08-07 10:40:27,126] {python.py:173} INFO - Done. Returned value was: [ Task1 1 ]
[2025-08-07 10:40:27,236] {taskinstance.py:1400} INFO - Marking task as SUCCESS. dag_id=example_task_group_decorator, task_id=task_group_function__1.task_1, execution_date=20250806T104020, start_date=20250807T104026, end_date=20250807T104027
[2025-08-07 10:40:27,298] {local_task_job.py:156} INFO - Task exited with return code 0
[2025-08-07 10:40:27,409] {local_task_job.py:273} INFO - 1 downstream tasks scheduled from follow-on schedule check
