[2025-08-08 08:55:09,101] {taskinstance.py:1159} INFO - Dependencies all met for <TaskInstance: example_task_group.section_2.inner_section_2.task_2 scheduled__2025-08-07T08:55:02.957371+00:00 [queued]>
[2025-08-08 08:55:09,291] {taskinstance.py:1159} INFO - Dependencies all met for <TaskInstance: example_task_group.section_2.inner_section_2.task_2 scheduled__2025-08-07T08:55:02.957371+00:00 [queued]>
[2025-08-08 08:55:09,291] {taskinstance.py:1356} INFO - 
--------------------------------------------------------------------------------
[2025-08-08 08:55:09,291] {taskinstance.py:1357} INFO - Starting attempt 1 of 1
[2025-08-08 08:55:09,292] {taskinstance.py:1358} INFO - 
--------------------------------------------------------------------------------
[2025-08-08 08:55:09,399] {taskinstance.py:1377} INFO - Executing <Task(BashOperator): section_2.inner_section_2.task_2> on 2025-08-07 08:55:02.957371+00:00
[2025-08-08 08:55:09,415] {standard_task_runner.py:52} INFO - Started process 426 to run task
[2025-08-08 08:55:09,425] {standard_task_runner.py:79} INFO - Running: ['***', 'tasks', 'run', 'example_task_group', 'section_2.inner_section_2.task_2', 'scheduled__2025-08-07T08:55:02.957371+00:00', '--job-id', '24', '--raw', '--subdir', '/home/***/.local/lib/python3.7/site-packages/***/example_dags/example_task_group.py', '--cfg-path', '/tmp/tmpgqcxrr6y', '--error-file', '/tmp/tmpeocvd4li']
[2025-08-08 08:55:09,427] {standard_task_runner.py:80} INFO - Job 24: Subtask section_2.inner_section_2.task_2
[2025-08-08 08:55:09,690] {task_command.py:369} INFO - Running <TaskInstance: example_task_group.section_2.inner_section_2.task_2 scheduled__2025-08-07T08:55:02.957371+00:00 [running]> on host abdeb7f02efc
[2025-08-08 08:55:11,034] {taskinstance.py:1571} INFO - Exporting the following env vars:
AIRFLOW_CTX_DAG_OWNER=***
AIRFLOW_CTX_DAG_ID=example_task_group
AIRFLOW_CTX_TASK_ID=section_2.inner_section_2.task_2
AIRFLOW_CTX_EXECUTION_DATE=2025-08-07T08:55:02.957371+00:00
AIRFLOW_CTX_TRY_NUMBER=1
AIRFLOW_CTX_DAG_RUN_ID=scheduled__2025-08-07T08:55:02.957371+00:00
[2025-08-08 08:55:11,036] {subprocess.py:62} INFO - Tmp dir root location: 
 /tmp
[2025-08-08 08:55:11,037] {subprocess.py:74} INFO - Running command: ['bash', '-c', 'echo 1']
[2025-08-08 08:55:11,079] {subprocess.py:85} INFO - Output:
[2025-08-08 08:55:11,102] {subprocess.py:92} INFO - 1
[2025-08-08 08:55:11,103] {subprocess.py:96} INFO - Command exited with return code 0
[2025-08-08 08:55:11,316] {taskinstance.py:1400} INFO - Marking task as SUCCESS. dag_id=example_task_group, task_id=section_2.inner_section_2.task_2, execution_date=20250807T085502, start_date=20250808T085509, end_date=20250808T085511
[2025-08-08 08:55:11,430] {local_task_job.py:156} INFO - Task exited with return code 0
[2025-08-08 08:55:11,817] {local_task_job.py:273} INFO - 1 downstream tasks scheduled from follow-on schedule check
