[2025-08-07 03:55:59,684] {taskinstance.py:1159} INFO - Dependencies all met for <TaskInstance: send_weather_to_kafka.verify_pipeline scheduled__2025-08-07T03:53:55.509949+00:00 [queued]>
[2025-08-07 03:55:59,701] {taskinstance.py:1159} INFO - Dependencies all met for <TaskInstance: send_weather_to_kafka.verify_pipeline scheduled__2025-08-07T03:53:55.509949+00:00 [queued]>
[2025-08-07 03:55:59,701] {taskinstance.py:1356} INFO - 
--------------------------------------------------------------------------------
[2025-08-07 03:55:59,701] {taskinstance.py:1357} INFO - Starting attempt 1 of 2
[2025-08-07 03:55:59,701] {taskinstance.py:1358} INFO - 
--------------------------------------------------------------------------------
[2025-08-07 03:55:59,719] {taskinstance.py:1377} INFO - Executing <Task(BashOperator): verify_pipeline> on 2025-08-07 03:53:55.509949+00:00
[2025-08-07 03:55:59,725] {standard_task_runner.py:52} INFO - Started process 8518 to run task
[2025-08-07 03:55:59,731] {standard_task_runner.py:79} INFO - Running: ['***', 'tasks', 'run', 'send_weather_to_kafka', 'verify_pipeline', 'scheduled__2025-08-07T03:53:55.509949+00:00', '--job-id', '158', '--raw', '--subdir', 'DAGS_FOLDER/dag_meteo.py', '--cfg-path', '/tmp/tmpjw9oru3s', '--error-file', '/tmp/tmpefls04q4']
[2025-08-07 03:55:59,733] {standard_task_runner.py:80} INFO - Job 158: Subtask verify_pipeline
[2025-08-07 03:55:59,818] {task_command.py:369} INFO - Running <TaskInstance: send_weather_to_kafka.verify_pipeline scheduled__2025-08-07T03:53:55.509949+00:00 [running]> on host 92a46ac2453f
[2025-08-07 03:56:00,151] {taskinstance.py:1571} INFO - Exporting the following env vars:
AIRFLOW_CTX_DAG_OWNER=alla
AIRFLOW_CTX_DAG_ID=send_weather_to_kafka
AIRFLOW_CTX_TASK_ID=verify_pipeline
AIRFLOW_CTX_EXECUTION_DATE=2025-08-07T03:53:55.509949+00:00
AIRFLOW_CTX_TRY_NUMBER=1
AIRFLOW_CTX_DAG_RUN_ID=scheduled__2025-08-07T03:53:55.509949+00:00
[2025-08-07 03:56:00,153] {subprocess.py:62} INFO - Tmp dir root location: 
 /tmp
[2025-08-07 03:56:00,154] {subprocess.py:74} INFO - Running command: ['bash', '-c', '\n            echo "⏳ Attente traitement Logstash..." && sleep 30 &&\n            curl -s "http://elasticsearch:9200/_cat/indices/weather*" || echo "Pas encore d\'index weather"\n        ']
[2025-08-07 03:56:00,180] {subprocess.py:85} INFO - Output:
[2025-08-07 03:56:00,184] {subprocess.py:92} INFO - ⏳ Attente traitement Logstash...
[2025-08-07 03:56:30,212] {subprocess.py:96} INFO - Command exited with return code 0
[2025-08-07 03:56:30,272] {taskinstance.py:1400} INFO - Marking task as SUCCESS. dag_id=send_weather_to_kafka, task_id=verify_pipeline, execution_date=20250807T035355, start_date=20250807T035559, end_date=20250807T035630
[2025-08-07 03:56:30,354] {local_task_job.py:156} INFO - Task exited with return code 0
[2025-08-07 03:56:30,405] {local_task_job.py:273} INFO - 0 downstream tasks scheduled from follow-on schedule check
