[2025-08-07 03:21:16,848] {taskinstance.py:1159} INFO - Dependencies all met for <TaskInstance: example_short_circuit_operator.condition_is_True scheduled__2025-08-06T03:21:14.977786+00:00 [queued]>
[2025-08-07 03:21:16,882] {taskinstance.py:1159} INFO - Dependencies all met for <TaskInstance: example_short_circuit_operator.condition_is_True scheduled__2025-08-06T03:21:14.977786+00:00 [queued]>
[2025-08-07 03:21:16,883] {taskinstance.py:1356} INFO - 
--------------------------------------------------------------------------------
[2025-08-07 03:21:16,884] {taskinstance.py:1357} INFO - Starting attempt 1 of 1
[2025-08-07 03:21:16,884] {taskinstance.py:1358} INFO - 
--------------------------------------------------------------------------------
[2025-08-07 03:21:16,914] {taskinstance.py:1377} INFO - Executing <Task(ShortCircuitOperator): condition_is_True> on 2025-08-06 03:21:14.977786+00:00
[2025-08-07 03:21:16,926] {standard_task_runner.py:52} INFO - Started process 454 to run task
[2025-08-07 03:21:16,933] {standard_task_runner.py:79} INFO - Running: ['***', 'tasks', 'run', 'example_short_circuit_operator', 'condition_is_True', 'scheduled__2025-08-06T03:21:14.977786+00:00', '--job-id', '26', '--raw', '--subdir', '/home/***/.local/lib/python3.7/site-packages/***/example_dags/example_short_circuit_operator.py', '--cfg-path', '/tmp/tmpjyd42r_x', '--error-file', '/tmp/tmpptbb4hhy']
[2025-08-07 03:21:16,936] {standard_task_runner.py:80} INFO - Job 26: Subtask condition_is_True
[2025-08-07 03:21:17,046] {task_command.py:369} INFO - Running <TaskInstance: example_short_circuit_operator.condition_is_True scheduled__2025-08-06T03:21:14.977786+00:00 [running]> on host f83ee74b89ef
[2025-08-07 03:21:17,595] {taskinstance.py:1571} INFO - Exporting the following env vars:
AIRFLOW_CTX_DAG_OWNER=***
AIRFLOW_CTX_DAG_ID=example_short_circuit_operator
AIRFLOW_CTX_TASK_ID=condition_is_True
AIRFLOW_CTX_EXECUTION_DATE=2025-08-06T03:21:14.977786+00:00
AIRFLOW_CTX_TRY_NUMBER=1
AIRFLOW_CTX_DAG_RUN_ID=scheduled__2025-08-06T03:21:14.977786+00:00
[2025-08-07 03:21:17,596] {python.py:173} INFO - Done. Returned value was: True
[2025-08-07 03:21:17,601] {python.py:259} INFO - Condition result is True
[2025-08-07 03:21:17,601] {python.py:262} INFO - Proceeding with downstream tasks...
[2025-08-07 03:21:17,676] {taskinstance.py:1400} INFO - Marking task as SUCCESS. dag_id=example_short_circuit_operator, task_id=condition_is_True, execution_date=20250806T032114, start_date=20250807T032116, end_date=20250807T032117
[2025-08-07 03:21:17,734] {local_task_job.py:156} INFO - Task exited with return code 0
[2025-08-07 03:21:17,930] {local_task_job.py:273} INFO - 1 downstream tasks scheduled from follow-on schedule check
