[2025-08-07 03:21:14,523] {taskinstance.py:1159} INFO - Dependencies all met for <TaskInstance: example_xcom.pull_value_from_bash_push scheduled__2021-01-01T00:00:00+00:00 [queued]>
[2025-08-07 03:21:14,547] {taskinstance.py:1159} INFO - Dependencies all met for <TaskInstance: example_xcom.pull_value_from_bash_push scheduled__2021-01-01T00:00:00+00:00 [queued]>
[2025-08-07 03:21:14,547] {taskinstance.py:1356} INFO - 
--------------------------------------------------------------------------------
[2025-08-07 03:21:14,547] {taskinstance.py:1357} INFO - Starting attempt 1 of 1
[2025-08-07 03:21:14,547] {taskinstance.py:1358} INFO - 
--------------------------------------------------------------------------------
[2025-08-07 03:21:14,612] {taskinstance.py:1377} INFO - Executing <Task(_PythonDecoratedOperator): pull_value_from_bash_push> on 2021-01-01 00:00:00+00:00
[2025-08-07 03:21:14,631] {standard_task_runner.py:52} INFO - Started process 379 to run task
[2025-08-07 03:21:14,688] {standard_task_runner.py:79} INFO - Running: ['***', 'tasks', 'run', 'example_xcom', 'pull_value_from_bash_push', 'scheduled__2021-01-01T00:00:00+00:00', '--job-id', '18', '--raw', '--subdir', '/home/***/.local/lib/python3.7/site-packages/***/example_dags/example_xcom.py', '--cfg-path', '/tmp/tmpdr_mbswb', '--error-file', '/tmp/tmpdk3qa76w']
[2025-08-07 03:21:14,699] {standard_task_runner.py:80} INFO - Job 18: Subtask pull_value_from_bash_push
[2025-08-07 03:21:14,931] {task_command.py:369} INFO - Running <TaskInstance: example_xcom.pull_value_from_bash_push scheduled__2021-01-01T00:00:00+00:00 [running]> on host f83ee74b89ef
[2025-08-07 03:21:15,517] {taskinstance.py:1571} INFO - Exporting the following env vars:
AIRFLOW_CTX_DAG_OWNER=***
AIRFLOW_CTX_DAG_ID=example_xcom
AIRFLOW_CTX_TASK_ID=pull_value_from_bash_push
AIRFLOW_CTX_EXECUTION_DATE=2021-01-01T00:00:00+00:00
AIRFLOW_CTX_TRY_NUMBER=1
AIRFLOW_CTX_DAG_RUN_ID=scheduled__2021-01-01T00:00:00+00:00
[2025-08-07 03:21:15,577] {logging_mixin.py:115} INFO - The xcom value pushed by task push via return value is value_by_return
[2025-08-07 03:21:15,578] {logging_mixin.py:115} INFO - The xcom value pushed by task push manually is manually_pushed_value
[2025-08-07 03:21:15,579] {python.py:173} INFO - Done. Returned value was: None
[2025-08-07 03:21:15,616] {taskinstance.py:1400} INFO - Marking task as SUCCESS. dag_id=example_xcom, task_id=pull_value_from_bash_push, execution_date=20210101T000000, start_date=20250807T032114, end_date=20250807T032115
[2025-08-07 03:21:15,691] {local_task_job.py:156} INFO - Task exited with return code 0
[2025-08-07 03:21:16,009] {local_task_job.py:273} INFO - 0 downstream tasks scheduled from follow-on schedule check
[2025-08-07 03:29:53,118] {taskinstance.py:1159} INFO - Dependencies all met for <TaskInstance: example_xcom.pull_value_from_bash_push scheduled__2021-01-01T00:00:00+00:00 [queued]>
[2025-08-07 03:29:53,166] {taskinstance.py:1159} INFO - Dependencies all met for <TaskInstance: example_xcom.pull_value_from_bash_push scheduled__2021-01-01T00:00:00+00:00 [queued]>
[2025-08-07 03:29:53,166] {taskinstance.py:1356} INFO - 
--------------------------------------------------------------------------------
[2025-08-07 03:29:53,166] {taskinstance.py:1357} INFO - Starting attempt 1 of 1
[2025-08-07 03:29:53,166] {taskinstance.py:1358} INFO - 
--------------------------------------------------------------------------------
[2025-08-07 03:29:53,309] {taskinstance.py:1377} INFO - Executing <Task(_PythonDecoratedOperator): pull_value_from_bash_push> on 2021-01-01 00:00:00+00:00
[2025-08-07 03:29:53,367] {standard_task_runner.py:52} INFO - Started process 424 to run task
[2025-08-07 03:29:53,390] {standard_task_runner.py:79} INFO - Running: ['***', 'tasks', 'run', 'example_xcom', 'pull_value_from_bash_push', 'scheduled__2021-01-01T00:00:00+00:00', '--job-id', '22', '--raw', '--subdir', '/home/***/.local/lib/python3.7/site-packages/***/example_dags/example_xcom.py', '--cfg-path', '/tmp/tmpgrq8g1jw', '--error-file', '/tmp/tmpdw5j8pib']
[2025-08-07 03:29:53,396] {standard_task_runner.py:80} INFO - Job 22: Subtask pull_value_from_bash_push
[2025-08-07 03:29:53,782] {task_command.py:369} INFO - Running <TaskInstance: example_xcom.pull_value_from_bash_push scheduled__2021-01-01T00:00:00+00:00 [running]> on host 47565329e35b
[2025-08-07 03:29:55,250] {taskinstance.py:1571} INFO - Exporting the following env vars:
AIRFLOW_CTX_DAG_OWNER=***
AIRFLOW_CTX_DAG_ID=example_xcom
AIRFLOW_CTX_TASK_ID=pull_value_from_bash_push
AIRFLOW_CTX_EXECUTION_DATE=2021-01-01T00:00:00+00:00
AIRFLOW_CTX_TRY_NUMBER=1
AIRFLOW_CTX_DAG_RUN_ID=scheduled__2021-01-01T00:00:00+00:00
[2025-08-07 03:29:55,339] {logging_mixin.py:115} INFO - The xcom value pushed by task push via return value is value_by_return
[2025-08-07 03:29:55,339] {logging_mixin.py:115} INFO - The xcom value pushed by task push manually is manually_pushed_value
[2025-08-07 03:29:55,339] {python.py:173} INFO - Done. Returned value was: None
[2025-08-07 03:29:55,416] {taskinstance.py:1400} INFO - Marking task as SUCCESS. dag_id=example_xcom, task_id=pull_value_from_bash_push, execution_date=20210101T000000, start_date=20250807T032953, end_date=20250807T032955
[2025-08-07 03:29:55,488] {local_task_job.py:156} INFO - Task exited with return code 0
[2025-08-07 03:29:55,631] {local_task_job.py:273} INFO - 0 downstream tasks scheduled from follow-on schedule check
[2025-08-07 03:39:59,185] {taskinstance.py:1159} INFO - Dependencies all met for <TaskInstance: example_xcom.pull_value_from_bash_push scheduled__2021-01-01T00:00:00+00:00 [queued]>
[2025-08-07 03:39:59,323] {taskinstance.py:1159} INFO - Dependencies all met for <TaskInstance: example_xcom.pull_value_from_bash_push scheduled__2021-01-01T00:00:00+00:00 [queued]>
[2025-08-07 03:39:59,324] {taskinstance.py:1356} INFO - 
--------------------------------------------------------------------------------
[2025-08-07 03:39:59,324] {taskinstance.py:1357} INFO - Starting attempt 1 of 1
[2025-08-07 03:39:59,325] {taskinstance.py:1358} INFO - 
--------------------------------------------------------------------------------
[2025-08-07 03:39:59,414] {taskinstance.py:1377} INFO - Executing <Task(_PythonDecoratedOperator): pull_value_from_bash_push> on 2021-01-01 00:00:00+00:00
[2025-08-07 03:39:59,436] {standard_task_runner.py:52} INFO - Started process 393 to run task
[2025-08-07 03:39:59,452] {standard_task_runner.py:79} INFO - Running: ['***', 'tasks', 'run', 'example_xcom', 'pull_value_from_bash_push', 'scheduled__2021-01-01T00:00:00+00:00', '--job-id', '20', '--raw', '--subdir', '/home/***/.local/lib/python3.7/site-packages/***/example_dags/example_xcom.py', '--cfg-path', '/tmp/tmpv7pehivt', '--error-file', '/tmp/tmp98kro6ai']
[2025-08-07 03:39:59,457] {standard_task_runner.py:80} INFO - Job 20: Subtask pull_value_from_bash_push
[2025-08-07 03:39:59,625] {task_command.py:369} INFO - Running <TaskInstance: example_xcom.pull_value_from_bash_push scheduled__2021-01-01T00:00:00+00:00 [running]> on host 92a46ac2453f
[2025-08-07 03:40:00,124] {taskinstance.py:1571} INFO - Exporting the following env vars:
AIRFLOW_CTX_DAG_OWNER=***
AIRFLOW_CTX_DAG_ID=example_xcom
AIRFLOW_CTX_TASK_ID=pull_value_from_bash_push
AIRFLOW_CTX_EXECUTION_DATE=2021-01-01T00:00:00+00:00
AIRFLOW_CTX_TRY_NUMBER=1
AIRFLOW_CTX_DAG_RUN_ID=scheduled__2021-01-01T00:00:00+00:00
[2025-08-07 03:40:00,171] {logging_mixin.py:115} INFO - The xcom value pushed by task push via return value is value_by_return
[2025-08-07 03:40:00,172] {logging_mixin.py:115} INFO - The xcom value pushed by task push manually is manually_pushed_value
[2025-08-07 03:40:00,172] {python.py:173} INFO - Done. Returned value was: None
[2025-08-07 03:40:00,204] {taskinstance.py:1400} INFO - Marking task as SUCCESS. dag_id=example_xcom, task_id=pull_value_from_bash_push, execution_date=20210101T000000, start_date=20250807T033959, end_date=20250807T034000
[2025-08-07 03:40:00,250] {local_task_job.py:156} INFO - Task exited with return code 0
[2025-08-07 03:40:00,347] {local_task_job.py:273} INFO - 0 downstream tasks scheduled from follow-on schedule check
[2025-08-07 10:40:21,060] {taskinstance.py:1159} INFO - Dependencies all met for <TaskInstance: example_xcom.pull_value_from_bash_push scheduled__2021-01-01T00:00:00+00:00 [queued]>
[2025-08-07 10:40:21,088] {taskinstance.py:1159} INFO - Dependencies all met for <TaskInstance: example_xcom.pull_value_from_bash_push scheduled__2021-01-01T00:00:00+00:00 [queued]>
[2025-08-07 10:40:21,089] {taskinstance.py:1356} INFO - 
--------------------------------------------------------------------------------
[2025-08-07 10:40:21,089] {taskinstance.py:1357} INFO - Starting attempt 1 of 1
[2025-08-07 10:40:21,089] {taskinstance.py:1358} INFO - 
--------------------------------------------------------------------------------
[2025-08-07 10:40:21,132] {taskinstance.py:1377} INFO - Executing <Task(_PythonDecoratedOperator): pull_value_from_bash_push> on 2021-01-01 00:00:00+00:00
[2025-08-07 10:40:21,173] {standard_task_runner.py:52} INFO - Started process 383 to run task
[2025-08-07 10:40:21,185] {standard_task_runner.py:79} INFO - Running: ['***', 'tasks', 'run', 'example_xcom', 'pull_value_from_bash_push', 'scheduled__2021-01-01T00:00:00+00:00', '--job-id', '18', '--raw', '--subdir', '/home/***/.local/lib/python3.7/site-packages/***/example_dags/example_xcom.py', '--cfg-path', '/tmp/tmpezm3n5kn', '--error-file', '/tmp/tmpgj0a7arh']
[2025-08-07 10:40:21,191] {standard_task_runner.py:80} INFO - Job 18: Subtask pull_value_from_bash_push
[2025-08-07 10:40:21,396] {task_command.py:369} INFO - Running <TaskInstance: example_xcom.pull_value_from_bash_push scheduled__2021-01-01T00:00:00+00:00 [running]> on host 81d3b97a0728
[2025-08-07 10:40:21,932] {taskinstance.py:1571} INFO - Exporting the following env vars:
AIRFLOW_CTX_DAG_OWNER=***
AIRFLOW_CTX_DAG_ID=example_xcom
AIRFLOW_CTX_TASK_ID=pull_value_from_bash_push
AIRFLOW_CTX_EXECUTION_DATE=2021-01-01T00:00:00+00:00
AIRFLOW_CTX_TRY_NUMBER=1
AIRFLOW_CTX_DAG_RUN_ID=scheduled__2021-01-01T00:00:00+00:00
[2025-08-07 10:40:22,017] {logging_mixin.py:115} INFO - The xcom value pushed by task push via return value is value_by_return
[2025-08-07 10:40:22,018] {logging_mixin.py:115} INFO - The xcom value pushed by task push manually is manually_pushed_value
[2025-08-07 10:40:22,018] {python.py:173} INFO - Done. Returned value was: None
[2025-08-07 10:40:22,048] {taskinstance.py:1400} INFO - Marking task as SUCCESS. dag_id=example_xcom, task_id=pull_value_from_bash_push, execution_date=20210101T000000, start_date=20250807T104021, end_date=20250807T104022
[2025-08-07 10:40:22,097] {local_task_job.py:156} INFO - Task exited with return code 0
[2025-08-07 10:40:22,213] {local_task_job.py:273} INFO - 0 downstream tasks scheduled from follow-on schedule check
[2025-08-07 11:11:47,910] {taskinstance.py:1159} INFO - Dependencies all met for <TaskInstance: example_xcom.pull_value_from_bash_push scheduled__2021-01-01T00:00:00+00:00 [queued]>
[2025-08-07 11:11:47,934] {taskinstance.py:1159} INFO - Dependencies all met for <TaskInstance: example_xcom.pull_value_from_bash_push scheduled__2021-01-01T00:00:00+00:00 [queued]>
[2025-08-07 11:11:47,935] {taskinstance.py:1356} INFO - 
--------------------------------------------------------------------------------
[2025-08-07 11:11:47,936] {taskinstance.py:1357} INFO - Starting attempt 1 of 1
[2025-08-07 11:11:47,938] {taskinstance.py:1358} INFO - 
--------------------------------------------------------------------------------
[2025-08-07 11:11:47,982] {taskinstance.py:1377} INFO - Executing <Task(_PythonDecoratedOperator): pull_value_from_bash_push> on 2021-01-01 00:00:00+00:00
[2025-08-07 11:11:47,996] {standard_task_runner.py:52} INFO - Started process 401 to run task
[2025-08-07 11:11:48,002] {standard_task_runner.py:79} INFO - Running: ['***', 'tasks', 'run', 'example_xcom', 'pull_value_from_bash_push', 'scheduled__2021-01-01T00:00:00+00:00', '--job-id', '21', '--raw', '--subdir', '/home/***/.local/lib/python3.7/site-packages/***/example_dags/example_xcom.py', '--cfg-path', '/tmp/tmp0j9jvznv', '--error-file', '/tmp/tmps5u46z1u']
[2025-08-07 11:11:48,005] {standard_task_runner.py:80} INFO - Job 21: Subtask pull_value_from_bash_push
[2025-08-07 11:11:48,133] {task_command.py:369} INFO - Running <TaskInstance: example_xcom.pull_value_from_bash_push scheduled__2021-01-01T00:00:00+00:00 [running]> on host b22dcc1493a4
[2025-08-07 11:11:48,603] {taskinstance.py:1571} INFO - Exporting the following env vars:
AIRFLOW_CTX_DAG_OWNER=***
AIRFLOW_CTX_DAG_ID=example_xcom
AIRFLOW_CTX_TASK_ID=pull_value_from_bash_push
AIRFLOW_CTX_EXECUTION_DATE=2021-01-01T00:00:00+00:00
AIRFLOW_CTX_TRY_NUMBER=1
AIRFLOW_CTX_DAG_RUN_ID=scheduled__2021-01-01T00:00:00+00:00
[2025-08-07 11:11:48,649] {logging_mixin.py:115} INFO - The xcom value pushed by task push via return value is value_by_return
[2025-08-07 11:11:48,650] {logging_mixin.py:115} INFO - The xcom value pushed by task push manually is manually_pushed_value
[2025-08-07 11:11:48,651] {python.py:173} INFO - Done. Returned value was: None
[2025-08-07 11:11:48,862] {taskinstance.py:1400} INFO - Marking task as SUCCESS. dag_id=example_xcom, task_id=pull_value_from_bash_push, execution_date=20210101T000000, start_date=20250807T111147, end_date=20250807T111148
[2025-08-07 11:11:48,940] {local_task_job.py:156} INFO - Task exited with return code 0
[2025-08-07 11:11:49,036] {local_task_job.py:273} INFO - 0 downstream tasks scheduled from follow-on schedule check
[2025-08-07 20:33:39,327] {taskinstance.py:1159} INFO - Dependencies all met for <TaskInstance: example_xcom.pull_value_from_bash_push scheduled__2021-01-01T00:00:00+00:00 [queued]>
[2025-08-07 20:33:39,368] {taskinstance.py:1159} INFO - Dependencies all met for <TaskInstance: example_xcom.pull_value_from_bash_push scheduled__2021-01-01T00:00:00+00:00 [queued]>
[2025-08-07 20:33:39,370] {taskinstance.py:1356} INFO - 
--------------------------------------------------------------------------------
[2025-08-07 20:33:39,370] {taskinstance.py:1357} INFO - Starting attempt 1 of 1
[2025-08-07 20:33:39,370] {taskinstance.py:1358} INFO - 
--------------------------------------------------------------------------------
[2025-08-07 20:33:39,429] {taskinstance.py:1377} INFO - Executing <Task(_PythonDecoratedOperator): pull_value_from_bash_push> on 2021-01-01 00:00:00+00:00
[2025-08-07 20:33:39,463] {standard_task_runner.py:52} INFO - Started process 379 to run task
[2025-08-07 20:33:39,492] {standard_task_runner.py:79} INFO - Running: ['***', 'tasks', 'run', 'example_xcom', 'pull_value_from_bash_push', 'scheduled__2021-01-01T00:00:00+00:00', '--job-id', '21', '--raw', '--subdir', '/home/***/.local/lib/python3.7/site-packages/***/example_dags/example_xcom.py', '--cfg-path', '/tmp/tmptxiw5ois', '--error-file', '/tmp/tmpzv52hu0a']
[2025-08-07 20:33:39,497] {standard_task_runner.py:80} INFO - Job 21: Subtask pull_value_from_bash_push
[2025-08-07 20:33:40,222] {task_command.py:369} INFO - Running <TaskInstance: example_xcom.pull_value_from_bash_push scheduled__2021-01-01T00:00:00+00:00 [running]> on host 034e74559af0
[2025-08-07 20:33:45,202] {taskinstance.py:1571} INFO - Exporting the following env vars:
AIRFLOW_CTX_DAG_OWNER=***
AIRFLOW_CTX_DAG_ID=example_xcom
AIRFLOW_CTX_TASK_ID=pull_value_from_bash_push
AIRFLOW_CTX_EXECUTION_DATE=2021-01-01T00:00:00+00:00
AIRFLOW_CTX_TRY_NUMBER=1
AIRFLOW_CTX_DAG_RUN_ID=scheduled__2021-01-01T00:00:00+00:00
[2025-08-07 20:33:45,436] {logging_mixin.py:115} INFO - The xcom value pushed by task push via return value is value_by_return
[2025-08-07 20:33:45,436] {logging_mixin.py:115} INFO - The xcom value pushed by task push manually is manually_pushed_value
[2025-08-07 20:33:45,436] {python.py:173} INFO - Done. Returned value was: None
[2025-08-07 20:33:45,572] {taskinstance.py:1400} INFO - Marking task as SUCCESS. dag_id=example_xcom, task_id=pull_value_from_bash_push, execution_date=20210101T000000, start_date=20250807T203339, end_date=20250807T203345
[2025-08-07 20:33:45,678] {local_task_job.py:156} INFO - Task exited with return code 0
[2025-08-07 20:33:46,136] {local_task_job.py:273} INFO - 0 downstream tasks scheduled from follow-on schedule check
[2025-08-08 08:55:08,548] {taskinstance.py:1159} INFO - Dependencies all met for <TaskInstance: example_xcom.pull_value_from_bash_push scheduled__2021-01-01T00:00:00+00:00 [queued]>
[2025-08-08 08:55:08,573] {taskinstance.py:1159} INFO - Dependencies all met for <TaskInstance: example_xcom.pull_value_from_bash_push scheduled__2021-01-01T00:00:00+00:00 [queued]>
[2025-08-08 08:55:08,573] {taskinstance.py:1356} INFO - 
--------------------------------------------------------------------------------
[2025-08-08 08:55:08,574] {taskinstance.py:1357} INFO - Starting attempt 1 of 1
[2025-08-08 08:55:08,574] {taskinstance.py:1358} INFO - 
--------------------------------------------------------------------------------
[2025-08-08 08:55:08,603] {taskinstance.py:1377} INFO - Executing <Task(_PythonDecoratedOperator): pull_value_from_bash_push> on 2021-01-01 00:00:00+00:00
[2025-08-08 08:55:08,654] {standard_task_runner.py:52} INFO - Started process 405 to run task
[2025-08-08 08:55:08,689] {standard_task_runner.py:79} INFO - Running: ['***', 'tasks', 'run', 'example_xcom', 'pull_value_from_bash_push', 'scheduled__2021-01-01T00:00:00+00:00', '--job-id', '20', '--raw', '--subdir', '/home/***/.local/lib/python3.7/site-packages/***/example_dags/example_xcom.py', '--cfg-path', '/tmp/tmpbmr0t5tf', '--error-file', '/tmp/tmpgji0ci96']
[2025-08-08 08:55:08,691] {standard_task_runner.py:80} INFO - Job 20: Subtask pull_value_from_bash_push
[2025-08-08 08:55:08,774] {task_command.py:369} INFO - Running <TaskInstance: example_xcom.pull_value_from_bash_push scheduled__2021-01-01T00:00:00+00:00 [running]> on host abdeb7f02efc
[2025-08-08 08:55:09,312] {taskinstance.py:1571} INFO - Exporting the following env vars:
AIRFLOW_CTX_DAG_OWNER=***
AIRFLOW_CTX_DAG_ID=example_xcom
AIRFLOW_CTX_TASK_ID=pull_value_from_bash_push
AIRFLOW_CTX_EXECUTION_DATE=2021-01-01T00:00:00+00:00
AIRFLOW_CTX_TRY_NUMBER=1
AIRFLOW_CTX_DAG_RUN_ID=scheduled__2021-01-01T00:00:00+00:00
[2025-08-08 08:55:09,361] {logging_mixin.py:115} INFO - The xcom value pushed by task push via return value is value_by_return
[2025-08-08 08:55:09,361] {logging_mixin.py:115} INFO - The xcom value pushed by task push manually is manually_pushed_value
[2025-08-08 08:55:09,361] {python.py:173} INFO - Done. Returned value was: None
[2025-08-08 08:55:09,597] {taskinstance.py:1400} INFO - Marking task as SUCCESS. dag_id=example_xcom, task_id=pull_value_from_bash_push, execution_date=20210101T000000, start_date=20250808T085508, end_date=20250808T085509
[2025-08-08 08:55:09,705] {local_task_job.py:156} INFO - Task exited with return code 0
[2025-08-08 08:55:09,837] {local_task_job.py:273} INFO - 0 downstream tasks scheduled from follow-on schedule check
