[2025-08-07 03:21:14,519] {taskinstance.py:1159} INFO - Dependencies all met for <TaskInstance: example_branch_python_operator_decorator.branching scheduled__2025-08-06T00:00:00+00:00 [queued]>
[2025-08-07 03:21:14,543] {taskinstance.py:1159} INFO - Dependencies all met for <TaskInstance: example_branch_python_operator_decorator.branching scheduled__2025-08-06T00:00:00+00:00 [queued]>
[2025-08-07 03:21:14,544] {taskinstance.py:1356} INFO - 
--------------------------------------------------------------------------------
[2025-08-07 03:21:14,545] {taskinstance.py:1357} INFO - Starting attempt 1 of 1
[2025-08-07 03:21:14,545] {taskinstance.py:1358} INFO - 
--------------------------------------------------------------------------------
[2025-08-07 03:21:14,589] {taskinstance.py:1377} INFO - Executing <Task(_BranchPythonDecoratedOperator): branching> on 2025-08-06 00:00:00+00:00
[2025-08-07 03:21:14,603] {standard_task_runner.py:52} INFO - Started process 377 to run task
[2025-08-07 03:21:14,615] {standard_task_runner.py:79} INFO - Running: ['***', 'tasks', 'run', 'example_branch_python_operator_decorator', 'branching', 'scheduled__2025-08-06T00:00:00+00:00', '--job-id', '17', '--raw', '--subdir', '/home/***/.local/lib/python3.7/site-packages/***/example_dags/example_branch_operator_decorator.py', '--cfg-path', '/tmp/tmpxpgowx7r', '--error-file', '/tmp/tmp32wh_ci4']
[2025-08-07 03:21:14,618] {standard_task_runner.py:80} INFO - Job 17: Subtask branching
[2025-08-07 03:21:14,860] {task_command.py:369} INFO - Running <TaskInstance: example_branch_python_operator_decorator.branching scheduled__2025-08-06T00:00:00+00:00 [running]> on host f83ee74b89ef
[2025-08-07 03:21:15,429] {taskinstance.py:1571} INFO - Exporting the following env vars:
AIRFLOW_CTX_DAG_OWNER=***
AIRFLOW_CTX_DAG_ID=example_branch_python_operator_decorator
AIRFLOW_CTX_TASK_ID=branching
AIRFLOW_CTX_EXECUTION_DATE=2025-08-06T00:00:00+00:00
AIRFLOW_CTX_TRY_NUMBER=1
AIRFLOW_CTX_DAG_RUN_ID=scheduled__2025-08-06T00:00:00+00:00
[2025-08-07 03:21:15,433] {python.py:173} INFO - Done. Returned value was: branch_c
[2025-08-07 03:21:15,434] {skipmixin.py:140} INFO - Following branch branch_c
[2025-08-07 03:21:15,434] {skipmixin.py:175} INFO - Skipping tasks ['branch_d', 'branch_a', 'branch_b']
[2025-08-07 03:21:15,551] {taskinstance.py:1400} INFO - Marking task as SUCCESS. dag_id=example_branch_python_operator_decorator, task_id=branching, execution_date=20250806T000000, start_date=20250807T032114, end_date=20250807T032115
[2025-08-07 03:21:15,613] {local_task_job.py:156} INFO - Task exited with return code 0
[2025-08-07 03:21:15,981] {local_task_job.py:273} INFO - 0 downstream tasks scheduled from follow-on schedule check
[2025-08-07 03:29:50,361] {taskinstance.py:1159} INFO - Dependencies all met for <TaskInstance: example_branch_python_operator_decorator.branching scheduled__2025-08-06T00:00:00+00:00 [queued]>
[2025-08-07 03:29:50,500] {taskinstance.py:1159} INFO - Dependencies all met for <TaskInstance: example_branch_python_operator_decorator.branching scheduled__2025-08-06T00:00:00+00:00 [queued]>
[2025-08-07 03:29:50,501] {taskinstance.py:1356} INFO - 
--------------------------------------------------------------------------------
[2025-08-07 03:29:50,502] {taskinstance.py:1357} INFO - Starting attempt 1 of 1
[2025-08-07 03:29:50,502] {taskinstance.py:1358} INFO - 
--------------------------------------------------------------------------------
[2025-08-07 03:29:50,585] {taskinstance.py:1377} INFO - Executing <Task(_BranchPythonDecoratedOperator): branching> on 2025-08-06 00:00:00+00:00
[2025-08-07 03:29:50,603] {standard_task_runner.py:52} INFO - Started process 362 to run task
[2025-08-07 03:29:50,609] {standard_task_runner.py:79} INFO - Running: ['***', 'tasks', 'run', 'example_branch_python_operator_decorator', 'branching', 'scheduled__2025-08-06T00:00:00+00:00', '--job-id', '17', '--raw', '--subdir', '/home/***/.local/lib/python3.7/site-packages/***/example_dags/example_branch_operator_decorator.py', '--cfg-path', '/tmp/tmp1nohbi9f', '--error-file', '/tmp/tmpyd536sm3']
[2025-08-07 03:29:50,611] {standard_task_runner.py:80} INFO - Job 17: Subtask branching
[2025-08-07 03:29:50,800] {task_command.py:369} INFO - Running <TaskInstance: example_branch_python_operator_decorator.branching scheduled__2025-08-06T00:00:00+00:00 [running]> on host 47565329e35b
[2025-08-07 03:29:51,298] {taskinstance.py:1571} INFO - Exporting the following env vars:
AIRFLOW_CTX_DAG_OWNER=***
AIRFLOW_CTX_DAG_ID=example_branch_python_operator_decorator
AIRFLOW_CTX_TASK_ID=branching
AIRFLOW_CTX_EXECUTION_DATE=2025-08-06T00:00:00+00:00
AIRFLOW_CTX_TRY_NUMBER=1
AIRFLOW_CTX_DAG_RUN_ID=scheduled__2025-08-06T00:00:00+00:00
[2025-08-07 03:29:51,305] {python.py:173} INFO - Done. Returned value was: branch_c
[2025-08-07 03:29:51,308] {skipmixin.py:140} INFO - Following branch branch_c
[2025-08-07 03:29:51,311] {skipmixin.py:175} INFO - Skipping tasks ['branch_a', 'branch_d', 'branch_b']
[2025-08-07 03:29:51,698] {taskinstance.py:1400} INFO - Marking task as SUCCESS. dag_id=example_branch_python_operator_decorator, task_id=branching, execution_date=20250806T000000, start_date=20250807T032950, end_date=20250807T032951
[2025-08-07 03:29:51,799] {local_task_job.py:156} INFO - Task exited with return code 0
[2025-08-07 03:29:52,138] {local_task_job.py:273} INFO - 1 downstream tasks scheduled from follow-on schedule check
[2025-08-07 03:39:58,724] {taskinstance.py:1159} INFO - Dependencies all met for <TaskInstance: example_branch_python_operator_decorator.branching scheduled__2025-08-06T00:00:00+00:00 [queued]>
[2025-08-07 03:39:58,759] {taskinstance.py:1159} INFO - Dependencies all met for <TaskInstance: example_branch_python_operator_decorator.branching scheduled__2025-08-06T00:00:00+00:00 [queued]>
[2025-08-07 03:39:58,760] {taskinstance.py:1356} INFO - 
--------------------------------------------------------------------------------
[2025-08-07 03:39:58,761] {taskinstance.py:1357} INFO - Starting attempt 1 of 1
[2025-08-07 03:39:58,761] {taskinstance.py:1358} INFO - 
--------------------------------------------------------------------------------
[2025-08-07 03:39:58,816] {taskinstance.py:1377} INFO - Executing <Task(_BranchPythonDecoratedOperator): branching> on 2025-08-06 00:00:00+00:00
[2025-08-07 03:39:58,836] {standard_task_runner.py:52} INFO - Started process 377 to run task
[2025-08-07 03:39:58,846] {standard_task_runner.py:79} INFO - Running: ['***', 'tasks', 'run', 'example_branch_python_operator_decorator', 'branching', 'scheduled__2025-08-06T00:00:00+00:00', '--job-id', '17', '--raw', '--subdir', '/home/***/.local/lib/python3.7/site-packages/***/example_dags/example_branch_operator_decorator.py', '--cfg-path', '/tmp/tmpi5mx270e', '--error-file', '/tmp/tmp_lq_111e']
[2025-08-07 03:39:58,849] {standard_task_runner.py:80} INFO - Job 17: Subtask branching
[2025-08-07 03:39:59,024] {task_command.py:369} INFO - Running <TaskInstance: example_branch_python_operator_decorator.branching scheduled__2025-08-06T00:00:00+00:00 [running]> on host 92a46ac2453f
[2025-08-07 03:39:59,447] {taskinstance.py:1571} INFO - Exporting the following env vars:
AIRFLOW_CTX_DAG_OWNER=***
AIRFLOW_CTX_DAG_ID=example_branch_python_operator_decorator
AIRFLOW_CTX_TASK_ID=branching
AIRFLOW_CTX_EXECUTION_DATE=2025-08-06T00:00:00+00:00
AIRFLOW_CTX_TRY_NUMBER=1
AIRFLOW_CTX_DAG_RUN_ID=scheduled__2025-08-06T00:00:00+00:00
[2025-08-07 03:39:59,448] {python.py:173} INFO - Done. Returned value was: branch_c
[2025-08-07 03:39:59,448] {skipmixin.py:140} INFO - Following branch branch_c
[2025-08-07 03:39:59,449] {skipmixin.py:175} INFO - Skipping tasks ['branch_b', 'branch_a', 'branch_d']
[2025-08-07 03:39:59,750] {taskinstance.py:1400} INFO - Marking task as SUCCESS. dag_id=example_branch_python_operator_decorator, task_id=branching, execution_date=20250806T000000, start_date=20250807T033958, end_date=20250807T033959
[2025-08-07 03:39:59,854] {local_task_job.py:156} INFO - Task exited with return code 0
[2025-08-07 03:39:59,995] {local_task_job.py:273} INFO - 1 downstream tasks scheduled from follow-on schedule check
[2025-08-07 10:40:21,059] {taskinstance.py:1159} INFO - Dependencies all met for <TaskInstance: example_branch_python_operator_decorator.branching scheduled__2025-08-06T00:00:00+00:00 [queued]>
[2025-08-07 10:40:21,096] {taskinstance.py:1159} INFO - Dependencies all met for <TaskInstance: example_branch_python_operator_decorator.branching scheduled__2025-08-06T00:00:00+00:00 [queued]>
[2025-08-07 10:40:21,096] {taskinstance.py:1356} INFO - 
--------------------------------------------------------------------------------
[2025-08-07 10:40:21,096] {taskinstance.py:1357} INFO - Starting attempt 1 of 1
[2025-08-07 10:40:21,096] {taskinstance.py:1358} INFO - 
--------------------------------------------------------------------------------
[2025-08-07 10:40:21,149] {taskinstance.py:1377} INFO - Executing <Task(_BranchPythonDecoratedOperator): branching> on 2025-08-06 00:00:00+00:00
[2025-08-07 10:40:21,171] {standard_task_runner.py:52} INFO - Started process 382 to run task
[2025-08-07 10:40:21,187] {standard_task_runner.py:79} INFO - Running: ['***', 'tasks', 'run', 'example_branch_python_operator_decorator', 'branching', 'scheduled__2025-08-06T00:00:00+00:00', '--job-id', '19', '--raw', '--subdir', '/home/***/.local/lib/python3.7/site-packages/***/example_dags/example_branch_operator_decorator.py', '--cfg-path', '/tmp/tmp8972o69_', '--error-file', '/tmp/tmp87g45ke5']
[2025-08-07 10:40:21,189] {standard_task_runner.py:80} INFO - Job 19: Subtask branching
[2025-08-07 10:40:21,365] {task_command.py:369} INFO - Running <TaskInstance: example_branch_python_operator_decorator.branching scheduled__2025-08-06T00:00:00+00:00 [running]> on host 81d3b97a0728
[2025-08-07 10:40:21,869] {taskinstance.py:1571} INFO - Exporting the following env vars:
AIRFLOW_CTX_DAG_OWNER=***
AIRFLOW_CTX_DAG_ID=example_branch_python_operator_decorator
AIRFLOW_CTX_TASK_ID=branching
AIRFLOW_CTX_EXECUTION_DATE=2025-08-06T00:00:00+00:00
AIRFLOW_CTX_TRY_NUMBER=1
AIRFLOW_CTX_DAG_RUN_ID=scheduled__2025-08-06T00:00:00+00:00
[2025-08-07 10:40:21,870] {python.py:173} INFO - Done. Returned value was: branch_b
[2025-08-07 10:40:21,870] {skipmixin.py:140} INFO - Following branch branch_b
[2025-08-07 10:40:21,872] {skipmixin.py:175} INFO - Skipping tasks ['branch_d', 'branch_c', 'branch_a']
[2025-08-07 10:40:22,020] {taskinstance.py:1400} INFO - Marking task as SUCCESS. dag_id=example_branch_python_operator_decorator, task_id=branching, execution_date=20250806T000000, start_date=20250807T104021, end_date=20250807T104022
[2025-08-07 10:40:22,097] {local_task_job.py:156} INFO - Task exited with return code 0
[2025-08-07 10:40:22,273] {local_task_job.py:273} INFO - 1 downstream tasks scheduled from follow-on schedule check
[2025-08-07 11:11:47,171] {taskinstance.py:1159} INFO - Dependencies all met for <TaskInstance: example_branch_python_operator_decorator.branching scheduled__2025-08-06T00:00:00+00:00 [queued]>
[2025-08-07 11:11:47,200] {taskinstance.py:1159} INFO - Dependencies all met for <TaskInstance: example_branch_python_operator_decorator.branching scheduled__2025-08-06T00:00:00+00:00 [queued]>
[2025-08-07 11:11:47,201] {taskinstance.py:1356} INFO - 
--------------------------------------------------------------------------------
[2025-08-07 11:11:47,201] {taskinstance.py:1357} INFO - Starting attempt 1 of 1
[2025-08-07 11:11:47,202] {taskinstance.py:1358} INFO - 
--------------------------------------------------------------------------------
[2025-08-07 11:11:47,272] {taskinstance.py:1377} INFO - Executing <Task(_BranchPythonDecoratedOperator): branching> on 2025-08-06 00:00:00+00:00
[2025-08-07 11:11:47,292] {standard_task_runner.py:52} INFO - Started process 383 to run task
[2025-08-07 11:11:47,321] {standard_task_runner.py:79} INFO - Running: ['***', 'tasks', 'run', 'example_branch_python_operator_decorator', 'branching', 'scheduled__2025-08-06T00:00:00+00:00', '--job-id', '18', '--raw', '--subdir', '/home/***/.local/lib/python3.7/site-packages/***/example_dags/example_branch_operator_decorator.py', '--cfg-path', '/tmp/tmpht4uxwtk', '--error-file', '/tmp/tmp4om19okq']
[2025-08-07 11:11:47,325] {standard_task_runner.py:80} INFO - Job 18: Subtask branching
[2025-08-07 11:11:47,501] {task_command.py:369} INFO - Running <TaskInstance: example_branch_python_operator_decorator.branching scheduled__2025-08-06T00:00:00+00:00 [running]> on host b22dcc1493a4
[2025-08-07 11:11:47,964] {taskinstance.py:1571} INFO - Exporting the following env vars:
AIRFLOW_CTX_DAG_OWNER=***
AIRFLOW_CTX_DAG_ID=example_branch_python_operator_decorator
AIRFLOW_CTX_TASK_ID=branching
AIRFLOW_CTX_EXECUTION_DATE=2025-08-06T00:00:00+00:00
AIRFLOW_CTX_TRY_NUMBER=1
AIRFLOW_CTX_DAG_RUN_ID=scheduled__2025-08-06T00:00:00+00:00
[2025-08-07 11:11:47,965] {python.py:173} INFO - Done. Returned value was: branch_d
[2025-08-07 11:11:47,965] {skipmixin.py:140} INFO - Following branch branch_d
[2025-08-07 11:11:47,965] {skipmixin.py:175} INFO - Skipping tasks ['branch_b', 'branch_c', 'branch_a']
[2025-08-07 11:11:48,072] {taskinstance.py:1400} INFO - Marking task as SUCCESS. dag_id=example_branch_python_operator_decorator, task_id=branching, execution_date=20250806T000000, start_date=20250807T111147, end_date=20250807T111148
[2025-08-07 11:11:48,155] {local_task_job.py:156} INFO - Task exited with return code 0
[2025-08-07 11:11:48,291] {local_task_job.py:273} INFO - 1 downstream tasks scheduled from follow-on schedule check
[2025-08-07 20:33:38,592] {taskinstance.py:1159} INFO - Dependencies all met for <TaskInstance: example_branch_python_operator_decorator.branching scheduled__2025-08-06T00:00:00+00:00 [queued]>
[2025-08-07 20:33:38,625] {taskinstance.py:1159} INFO - Dependencies all met for <TaskInstance: example_branch_python_operator_decorator.branching scheduled__2025-08-06T00:00:00+00:00 [queued]>
[2025-08-07 20:33:38,626] {taskinstance.py:1356} INFO - 
--------------------------------------------------------------------------------
[2025-08-07 20:33:38,626] {taskinstance.py:1357} INFO - Starting attempt 1 of 1
[2025-08-07 20:33:38,626] {taskinstance.py:1358} INFO - 
--------------------------------------------------------------------------------
[2025-08-07 20:33:38,660] {taskinstance.py:1377} INFO - Executing <Task(_BranchPythonDecoratedOperator): branching> on 2025-08-06 00:00:00+00:00
[2025-08-07 20:33:38,674] {standard_task_runner.py:52} INFO - Started process 366 to run task
[2025-08-07 20:33:38,681] {standard_task_runner.py:79} INFO - Running: ['***', 'tasks', 'run', 'example_branch_python_operator_decorator', 'branching', 'scheduled__2025-08-06T00:00:00+00:00', '--job-id', '17', '--raw', '--subdir', '/home/***/.local/lib/python3.7/site-packages/***/example_dags/example_branch_operator_decorator.py', '--cfg-path', '/tmp/tmpvn35tghy', '--error-file', '/tmp/tmpuldk6j2q']
[2025-08-07 20:33:38,683] {standard_task_runner.py:80} INFO - Job 17: Subtask branching
[2025-08-07 20:33:39,006] {task_command.py:369} INFO - Running <TaskInstance: example_branch_python_operator_decorator.branching scheduled__2025-08-06T00:00:00+00:00 [running]> on host 034e74559af0
[2025-08-07 20:33:39,746] {taskinstance.py:1571} INFO - Exporting the following env vars:
AIRFLOW_CTX_DAG_OWNER=***
AIRFLOW_CTX_DAG_ID=example_branch_python_operator_decorator
AIRFLOW_CTX_TASK_ID=branching
AIRFLOW_CTX_EXECUTION_DATE=2025-08-06T00:00:00+00:00
AIRFLOW_CTX_TRY_NUMBER=1
AIRFLOW_CTX_DAG_RUN_ID=scheduled__2025-08-06T00:00:00+00:00
[2025-08-07 20:33:39,748] {python.py:173} INFO - Done. Returned value was: branch_b
[2025-08-07 20:33:39,751] {skipmixin.py:140} INFO - Following branch branch_b
[2025-08-07 20:33:39,752] {skipmixin.py:175} INFO - Skipping tasks ['branch_c', 'branch_a', 'branch_d']
[2025-08-07 20:33:44,508] {taskinstance.py:1400} INFO - Marking task as SUCCESS. dag_id=example_branch_python_operator_decorator, task_id=branching, execution_date=20250806T000000, start_date=20250807T203338, end_date=20250807T203344
[2025-08-07 20:33:45,442] {local_task_job.py:156} INFO - Task exited with return code 0
[2025-08-07 20:33:45,672] {local_task_job.py:273} INFO - 0 downstream tasks scheduled from follow-on schedule check
