[2025-08-07 15:59:00,847] {taskinstance.py:1159} INFO - Dependencies all met for <TaskInstance: example_branch_dop_operator_v3.condition scheduled__2025-08-07T15:58:00+00:00 [queued]>
[2025-08-07 15:59:00,866] {taskinstance.py:1159} INFO - Dependencies all met for <TaskInstance: example_branch_dop_operator_v3.condition scheduled__2025-08-07T15:58:00+00:00 [queued]>
[2025-08-07 15:59:00,866] {taskinstance.py:1356} INFO - 
--------------------------------------------------------------------------------
[2025-08-07 15:59:00,866] {taskinstance.py:1357} INFO - Starting attempt 1 of 1
[2025-08-07 15:59:00,867] {taskinstance.py:1358} INFO - 
--------------------------------------------------------------------------------
[2025-08-07 15:59:00,886] {taskinstance.py:1377} INFO - Executing <Task(BranchPythonOperator): condition> on 2025-08-07 15:58:00+00:00
[2025-08-07 15:59:00,895] {standard_task_runner.py:52} INFO - Started process 122689 to run task
[2025-08-07 15:59:00,901] {standard_task_runner.py:79} INFO - Running: ['***', 'tasks', 'run', 'example_branch_dop_operator_v3', 'condition', 'scheduled__2025-08-07T15:58:00+00:00', '--job-id', '1543', '--raw', '--subdir', '/home/***/.local/lib/python3.7/site-packages/***/example_dags/example_branch_python_dop_operator_3.py', '--cfg-path', '/tmp/tmpn6t5o47y', '--error-file', '/tmp/tmp7_kwxvt7']
[2025-08-07 15:59:00,903] {standard_task_runner.py:80} INFO - Job 1543: Subtask condition
[2025-08-07 15:59:01,015] {task_command.py:369} INFO - Running <TaskInstance: example_branch_dop_operator_v3.condition scheduled__2025-08-07T15:58:00+00:00 [running]> on host b810b38b6a38
[2025-08-07 15:59:01,379] {taskinstance.py:1571} INFO - Exporting the following env vars:
AIRFLOW_CTX_DAG_OWNER=***
AIRFLOW_CTX_DAG_ID=example_branch_dop_operator_v3
AIRFLOW_CTX_TASK_ID=condition
AIRFLOW_CTX_EXECUTION_DATE=2025-08-07T15:58:00+00:00
AIRFLOW_CTX_TRY_NUMBER=1
AIRFLOW_CTX_DAG_RUN_ID=scheduled__2025-08-07T15:58:00+00:00
[2025-08-07 15:59:01,388] {logging_mixin.py:115} WARNING - /home/***/.local/lib/python3.7/site-packages/***/utils/context.py:290 AirflowContextDeprecationWarning: Accessing 'execution_date' from the template is deprecated and will be removed in a future version. Please use 'data_interval_start' or 'logical_date' instead.
[2025-08-07 15:59:01,388] {logging_mixin.py:115} INFO - ------------- exec dttm = 2025-08-07T15:58:00+00:00 and minute = 58
[2025-08-07 15:59:01,388] {python.py:173} INFO - Done. Returned value was: empty_task_1
[2025-08-07 15:59:01,389] {skipmixin.py:140} INFO - Following branch empty_task_1
[2025-08-07 15:59:01,389] {skipmixin.py:175} INFO - Skipping tasks ['empty_task_2']
[2025-08-07 15:59:01,479] {taskinstance.py:1400} INFO - Marking task as SUCCESS. dag_id=example_branch_dop_operator_v3, task_id=condition, execution_date=20250807T155800, start_date=20250807T155900, end_date=20250807T155901
[2025-08-07 15:59:01,553] {local_task_job.py:156} INFO - Task exited with return code 0
[2025-08-07 15:59:01,632] {local_task_job.py:273} INFO - 0 downstream tasks scheduled from follow-on schedule check
