[2025-08-07 16:16:23,308] {taskinstance.py:1159} INFO - Dependencies all met for <TaskInstance: example_sla_dag.sleep_30 scheduled__2025-08-07T16:14:00+00:00 [queued]>
[2025-08-07 16:16:23,329] {taskinstance.py:1159} INFO - Dependencies all met for <TaskInstance: example_sla_dag.sleep_30 scheduled__2025-08-07T16:14:00+00:00 [queued]>
[2025-08-07 16:16:23,330] {taskinstance.py:1356} INFO - 
--------------------------------------------------------------------------------
[2025-08-07 16:16:23,330] {taskinstance.py:1357} INFO - Starting attempt 1 of 1
[2025-08-07 16:16:23,330] {taskinstance.py:1358} INFO - 
--------------------------------------------------------------------------------
[2025-08-07 16:16:23,363] {taskinstance.py:1377} INFO - Executing <Task(_PythonDecoratedOperator): sleep_30> on 2025-08-07 16:14:00+00:00
[2025-08-07 16:16:23,370] {standard_task_runner.py:52} INFO - Started process 131245 to run task
[2025-08-07 16:16:23,376] {standard_task_runner.py:79} INFO - Running: ['***', 'tasks', 'run', 'example_sla_dag', 'sleep_30', 'scheduled__2025-08-07T16:14:00+00:00', '--job-id', '1631', '--raw', '--subdir', '/home/***/.local/lib/python3.7/site-packages/***/example_dags/example_sla_dag.py', '--cfg-path', '/tmp/tmpvhmm17vl', '--error-file', '/tmp/tmp24fp7xo3']
[2025-08-07 16:16:23,378] {standard_task_runner.py:80} INFO - Job 1631: Subtask sleep_30
[2025-08-07 16:16:23,483] {task_command.py:369} INFO - Running <TaskInstance: example_sla_dag.sleep_30 scheduled__2025-08-07T16:14:00+00:00 [running]> on host b810b38b6a38
[2025-08-07 16:16:23,765] {taskinstance.py:1571} INFO - Exporting the following env vars:
AIRFLOW_CTX_DAG_EMAIL=email@example.com
AIRFLOW_CTX_DAG_OWNER=***
AIRFLOW_CTX_DAG_ID=example_sla_dag
AIRFLOW_CTX_TASK_ID=sleep_30
AIRFLOW_CTX_EXECUTION_DATE=2025-08-07T16:14:00+00:00
AIRFLOW_CTX_TRY_NUMBER=1
AIRFLOW_CTX_DAG_RUN_ID=scheduled__2025-08-07T16:14:00+00:00
[2025-08-07 16:16:53,796] {python.py:173} INFO - Done. Returned value was: None
[2025-08-07 16:16:53,823] {taskinstance.py:1400} INFO - Marking task as SUCCESS. dag_id=example_sla_dag, task_id=sleep_30, execution_date=20250807T161400, start_date=20250807T161623, end_date=20250807T161653
[2025-08-07 16:16:53,853] {local_task_job.py:221} WARNING - State of this instance has been externally set to success. Terminating instance.
