[2025-08-07 11:34:01,063] {taskinstance.py:1159} INFO - Dependencies all met for <TaskInstance: example_sla_dag.sleep_20 scheduled__2025-08-07T11:32:00+00:00 [queued]>
[2025-08-07 11:34:01,086] {taskinstance.py:1159} INFO - Dependencies all met for <TaskInstance: example_sla_dag.sleep_20 scheduled__2025-08-07T11:32:00+00:00 [queued]>
[2025-08-07 11:34:01,086] {taskinstance.py:1356} INFO - 
--------------------------------------------------------------------------------
[2025-08-07 11:34:01,086] {taskinstance.py:1357} INFO - Starting attempt 1 of 1
[2025-08-07 11:34:01,087] {taskinstance.py:1358} INFO - 
--------------------------------------------------------------------------------
[2025-08-07 11:34:01,130] {taskinstance.py:1377} INFO - Executing <Task(_PythonDecoratedOperator): sleep_20> on 2025-08-07 11:32:00+00:00
[2025-08-07 11:34:01,145] {standard_task_runner.py:52} INFO - Started process 4879 to run task
[2025-08-07 11:34:01,154] {standard_task_runner.py:79} INFO - Running: ['***', 'tasks', 'run', 'example_sla_dag', 'sleep_20', 'scheduled__2025-08-07T11:32:00+00:00', '--job-id', '191', '--raw', '--subdir', '/home/***/.local/lib/python3.7/site-packages/***/example_dags/example_sla_dag.py', '--cfg-path', '/tmp/tmpdm78sj_f', '--error-file', '/tmp/tmpmprsbnh9']
[2025-08-07 11:34:01,156] {standard_task_runner.py:80} INFO - Job 191: Subtask sleep_20
[2025-08-07 11:34:01,303] {task_command.py:369} INFO - Running <TaskInstance: example_sla_dag.sleep_20 scheduled__2025-08-07T11:32:00+00:00 [running]> on host 40571d888a39
[2025-08-07 11:34:01,639] {taskinstance.py:1571} INFO - Exporting the following env vars:
AIRFLOW_CTX_DAG_EMAIL=email@example.com
AIRFLOW_CTX_DAG_OWNER=***
AIRFLOW_CTX_DAG_ID=example_sla_dag
AIRFLOW_CTX_TASK_ID=sleep_20
AIRFLOW_CTX_EXECUTION_DATE=2025-08-07T11:32:00+00:00
AIRFLOW_CTX_TRY_NUMBER=1
AIRFLOW_CTX_DAG_RUN_ID=scheduled__2025-08-07T11:32:00+00:00
[2025-08-07 11:34:21,660] {python.py:173} INFO - Done. Returned value was: None
[2025-08-07 11:34:21,693] {taskinstance.py:1400} INFO - Marking task as SUCCESS. dag_id=example_sla_dag, task_id=sleep_20, execution_date=20250807T113200, start_date=20250807T113401, end_date=20250807T113421
[2025-08-07 11:34:21,771] {local_task_job.py:156} INFO - Task exited with return code 0
[2025-08-07 11:34:21,853] {local_task_job.py:273} INFO - 1 downstream tasks scheduled from follow-on schedule check
