[2025-08-07 11:21:49,765] {taskinstance.py:1159} INFO - Dependencies all met for <TaskInstance: send_weather_to_kafka.verify_pipeline scheduled__2025-08-07T11:19:41.830671+00:00 [queued]>
[2025-08-07 11:21:49,780] {taskinstance.py:1159} INFO - Dependencies all met for <TaskInstance: send_weather_to_kafka.verify_pipeline scheduled__2025-08-07T11:19:41.830671+00:00 [queued]>
[2025-08-07 11:21:49,780] {taskinstance.py:1356} INFO - 
--------------------------------------------------------------------------------
[2025-08-07 11:21:49,780] {taskinstance.py:1357} INFO - Starting attempt 1 of 2
[2025-08-07 11:21:49,780] {taskinstance.py:1358} INFO - 
--------------------------------------------------------------------------------
[2025-08-07 11:21:49,797] {taskinstance.py:1377} INFO - Executing <Task(BashOperator): verify_pipeline> on 2025-08-07 11:19:41.830671+00:00
[2025-08-07 11:21:49,804] {standard_task_runner.py:52} INFO - Started process 5507 to run task
[2025-08-07 11:21:49,809] {standard_task_runner.py:79} INFO - Running: ['***', 'tasks', 'run', 'send_weather_to_kafka', 'verify_pipeline', 'scheduled__2025-08-07T11:19:41.830671+00:00', '--job-id', '118', '--raw', '--subdir', 'DAGS_FOLDER/dag_meteo.py', '--cfg-path', '/tmp/tmpft9iz8ad', '--error-file', '/tmp/tmppr9zhds6']
[2025-08-07 11:21:49,811] {standard_task_runner.py:80} INFO - Job 118: Subtask verify_pipeline
[2025-08-07 11:21:49,892] {task_command.py:369} INFO - Running <TaskInstance: send_weather_to_kafka.verify_pipeline scheduled__2025-08-07T11:19:41.830671+00:00 [running]> on host b22dcc1493a4
[2025-08-07 11:21:50,142] {taskinstance.py:1571} INFO - Exporting the following env vars:
AIRFLOW_CTX_DAG_OWNER=alla
AIRFLOW_CTX_DAG_ID=send_weather_to_kafka
AIRFLOW_CTX_TASK_ID=verify_pipeline
AIRFLOW_CTX_EXECUTION_DATE=2025-08-07T11:19:41.830671+00:00
AIRFLOW_CTX_TRY_NUMBER=1
AIRFLOW_CTX_DAG_RUN_ID=scheduled__2025-08-07T11:19:41.830671+00:00
[2025-08-07 11:21:50,143] {subprocess.py:62} INFO - Tmp dir root location: 
 /tmp
[2025-08-07 11:21:50,143] {subprocess.py:74} INFO - Running command: ['bash', '-c', '\n            echo " Attente traitement Logstash..." && sleep 30 &&\n            curl -s "http://elasticsearch:9200/_cat/indices/weather*" || echo "Pas encore d\'index weather"\n        ']
[2025-08-07 11:21:50,163] {subprocess.py:85} INFO - Output:
[2025-08-07 11:21:50,167] {subprocess.py:92} INFO -  Attente traitement Logstash...
[2025-08-07 11:22:20,205] {subprocess.py:92} INFO - yellow open weather_data wCNHBp2xSKuPJ9di62P4DQ 1 1 6 0 22.3kb 22.3kb
[2025-08-07 11:22:20,212] {subprocess.py:96} INFO - Command exited with return code 0
[2025-08-07 11:22:20,276] {taskinstance.py:1400} INFO - Marking task as SUCCESS. dag_id=send_weather_to_kafka, task_id=verify_pipeline, execution_date=20250807T111941, start_date=20250807T112149, end_date=20250807T112220
[2025-08-07 11:22:20,344] {local_task_job.py:156} INFO - Task exited with return code 0
[2025-08-07 11:22:20,388] {local_task_job.py:273} INFO - 0 downstream tasks scheduled from follow-on schedule check
