[2025-08-06 12:40:20,433] {taskinstance.py:1159} INFO - Dependencies all met for <TaskInstance: send_weather_to_kafka.fetch_and_send_weather scheduled__2025-08-06T10:40:19.877409+00:00 [queued]>
[2025-08-06 12:40:20,444] {taskinstance.py:1159} INFO - Dependencies all met for <TaskInstance: send_weather_to_kafka.fetch_and_send_weather scheduled__2025-08-06T10:40:19.877409+00:00 [queued]>
[2025-08-06 12:40:20,445] {taskinstance.py:1356} INFO - 
--------------------------------------------------------------------------------
[2025-08-06 12:40:20,445] {taskinstance.py:1357} INFO - Starting attempt 1 of 2
[2025-08-06 12:40:20,445] {taskinstance.py:1358} INFO - 
--------------------------------------------------------------------------------
[2025-08-06 12:40:20,461] {taskinstance.py:1377} INFO - Executing <Task(BashOperator): fetch_and_send_weather> on 2025-08-06 10:40:19.877409+00:00
[2025-08-06 12:40:20,468] {standard_task_runner.py:52} INFO - Started process 23697 to run task
[2025-08-06 12:40:20,472] {standard_task_runner.py:79} INFO - Running: ['***', 'tasks', 'run', 'send_weather_to_kafka', 'fetch_and_send_weather', 'scheduled__2025-08-06T10:40:19.877409+00:00', '--job-id', '31', '--raw', '--subdir', 'DAGS_FOLDER/dag_meteo.py', '--cfg-path', '/tmp/tmpe9hpktiq', '--error-file', '/tmp/tmpleb2kwf9']
[2025-08-06 12:40:20,474] {standard_task_runner.py:80} INFO - Job 31: Subtask fetch_and_send_weather
[2025-08-06 12:40:20,489] {logging_mixin.py:115} WARNING - /home/***/.local/lib/python3.7/site-packages/***/configuration.py:470 DeprecationWarning: The sql_alchemy_conn option in [core] has been moved to the sql_alchemy_conn option in [database] - the old setting has been used, but please update your config.
[2025-08-06 12:40:20,521] {task_command.py:369} INFO - Running <TaskInstance: send_weather_to_kafka.fetch_and_send_weather scheduled__2025-08-06T10:40:19.877409+00:00 [running]> on host 536c12e0b7f9
[2025-08-06 12:40:20,600] {taskinstance.py:1571} INFO - Exporting the following env vars:
AIRFLOW_CTX_DAG_OWNER=***
AIRFLOW_CTX_DAG_ID=send_weather_to_kafka
AIRFLOW_CTX_TASK_ID=fetch_and_send_weather
AIRFLOW_CTX_EXECUTION_DATE=2025-08-06T10:40:19.877409+00:00
AIRFLOW_CTX_TRY_NUMBER=1
AIRFLOW_CTX_DAG_RUN_ID=scheduled__2025-08-06T10:40:19.877409+00:00
[2025-08-06 12:40:20,601] {subprocess.py:62} INFO - Tmp dir root location: 
 /tmp
[2025-08-06 12:40:20,602] {subprocess.py:74} INFO - Running command: ['bash', '-c', 'cd /opt/***/scripts && python3 kafka/producer.py']
[2025-08-06 12:40:20,616] {subprocess.py:85} INFO - Output:
[2025-08-06 12:40:25,103] {subprocess.py:92} INFO - Envoi vers Kafka : {'temperature': 30, 'humidity': 70, 'windSpeed': 3.1, 'cloudCover': 50, 'rainIntensity': 0, 'timestamp': '2025-08-06T12:40:00Z'}
[2025-08-06 12:40:25,151] {subprocess.py:96} INFO - Command exited with return code 0
[2025-08-06 12:40:25,192] {taskinstance.py:1400} INFO - Marking task as SUCCESS. dag_id=send_weather_to_kafka, task_id=fetch_and_send_weather, execution_date=20250806T104019, start_date=20250806T124020, end_date=20250806T124025
[2025-08-06 12:40:25,230] {local_task_job.py:156} INFO - Task exited with return code 0
[2025-08-06 12:40:25,258] {local_task_job.py:273} INFO - 0 downstream tasks scheduled from follow-on schedule check
