[2025-08-07 11:11:55,133] {taskinstance.py:1159} INFO - Dependencies all met for <TaskInstance: example_task_group_decorator.task_group_function__2.task_2 scheduled__2025-08-06T11:11:47.636016+00:00 [queued]>
[2025-08-07 11:11:55,150] {taskinstance.py:1159} INFO - Dependencies all met for <TaskInstance: example_task_group_decorator.task_group_function__2.task_2 scheduled__2025-08-06T11:11:47.636016+00:00 [queued]>
[2025-08-07 11:11:55,151] {taskinstance.py:1356} INFO - 
--------------------------------------------------------------------------------
[2025-08-07 11:11:55,151] {taskinstance.py:1357} INFO - Starting attempt 1 of 1
[2025-08-07 11:11:55,151] {taskinstance.py:1358} INFO - 
--------------------------------------------------------------------------------
[2025-08-07 11:11:55,177] {taskinstance.py:1377} INFO - Executing <Task(_PythonDecoratedOperator): task_group_function__2.task_2> on 2025-08-06 11:11:47.636016+00:00
[2025-08-07 11:11:55,187] {standard_task_runner.py:52} INFO - Started process 551 to run task
[2025-08-07 11:11:55,190] {standard_task_runner.py:79} INFO - Running: ['***', 'tasks', 'run', 'example_task_group_decorator', 'task_group_function__2.task_2', 'scheduled__2025-08-06T11:11:47.636016+00:00', '--job-id', '48', '--raw', '--subdir', '/home/***/.local/lib/python3.7/site-packages/***/example_dags/example_task_group_decorator.py', '--cfg-path', '/tmp/tmp3mfyrm4r', '--error-file', '/tmp/tmp3x1nkzru']
[2025-08-07 11:11:55,192] {standard_task_runner.py:80} INFO - Job 48: Subtask task_group_function__2.task_2
[2025-08-07 11:11:55,301] {task_command.py:369} INFO - Running <TaskInstance: example_task_group_decorator.task_group_function__2.task_2 scheduled__2025-08-06T11:11:47.636016+00:00 [running]> on host b22dcc1493a4
[2025-08-07 11:11:55,781] {taskinstance.py:1571} INFO - Exporting the following env vars:
AIRFLOW_CTX_DAG_OWNER=***
AIRFLOW_CTX_DAG_ID=example_task_group_decorator
AIRFLOW_CTX_TASK_ID=task_group_function__2.task_2
AIRFLOW_CTX_EXECUTION_DATE=2025-08-06T11:11:47.636016+00:00
AIRFLOW_CTX_TRY_NUMBER=1
AIRFLOW_CTX_DAG_RUN_ID=scheduled__2025-08-06T11:11:47.636016+00:00
[2025-08-07 11:11:55,782] {python.py:173} INFO - Done. Returned value was: [ Task2 [ Task1 2 ] ]
[2025-08-07 11:11:55,852] {taskinstance.py:1400} INFO - Marking task as SUCCESS. dag_id=example_task_group_decorator, task_id=task_group_function__2.task_2, execution_date=20250806T111147, start_date=20250807T111155, end_date=20250807T111155
[2025-08-07 11:11:55,897] {local_task_job.py:156} INFO - Task exited with return code 0
[2025-08-07 11:11:56,044] {local_task_job.py:273} INFO - 1 downstream tasks scheduled from follow-on schedule check
