[2025-08-07 16:34:23,039] {taskinstance.py:1159} INFO - Dependencies all met for <TaskInstance: example_sla_dag.sleep_30 scheduled__2025-08-07T16:32:00+00:00 [queued]>
[2025-08-07 16:34:23,052] {taskinstance.py:1159} INFO - Dependencies all met for <TaskInstance: example_sla_dag.sleep_30 scheduled__2025-08-07T16:32:00+00:00 [queued]>
[2025-08-07 16:34:23,052] {taskinstance.py:1356} INFO - 
--------------------------------------------------------------------------------
[2025-08-07 16:34:23,052] {taskinstance.py:1357} INFO - Starting attempt 1 of 1
[2025-08-07 16:34:23,052] {taskinstance.py:1358} INFO - 
--------------------------------------------------------------------------------
[2025-08-07 16:34:23,069] {taskinstance.py:1377} INFO - Executing <Task(_PythonDecoratedOperator): sleep_30> on 2025-08-07 16:32:00+00:00
[2025-08-07 16:34:23,073] {standard_task_runner.py:52} INFO - Started process 140270 to run task
[2025-08-07 16:34:23,076] {standard_task_runner.py:79} INFO - Running: ['***', 'tasks', 'run', 'example_sla_dag', 'sleep_30', 'scheduled__2025-08-07T16:32:00+00:00', '--job-id', '1721', '--raw', '--subdir', '/home/***/.local/lib/python3.7/site-packages/***/example_dags/example_sla_dag.py', '--cfg-path', '/tmp/tmp9f9aku0l', '--error-file', '/tmp/tmpnsz0iy73']
[2025-08-07 16:34:23,077] {standard_task_runner.py:80} INFO - Job 1721: Subtask sleep_30
[2025-08-07 16:34:23,160] {task_command.py:369} INFO - Running <TaskInstance: example_sla_dag.sleep_30 scheduled__2025-08-07T16:32:00+00:00 [running]> on host b810b38b6a38
[2025-08-07 16:34:23,464] {taskinstance.py:1571} INFO - Exporting the following env vars:
AIRFLOW_CTX_DAG_EMAIL=email@example.com
AIRFLOW_CTX_DAG_OWNER=***
AIRFLOW_CTX_DAG_ID=example_sla_dag
AIRFLOW_CTX_TASK_ID=sleep_30
AIRFLOW_CTX_EXECUTION_DATE=2025-08-07T16:32:00+00:00
AIRFLOW_CTX_TRY_NUMBER=1
AIRFLOW_CTX_DAG_RUN_ID=scheduled__2025-08-07T16:32:00+00:00
[2025-08-07 16:34:53,495] {python.py:173} INFO - Done. Returned value was: None
[2025-08-07 16:34:53,518] {taskinstance.py:1400} INFO - Marking task as SUCCESS. dag_id=example_sla_dag, task_id=sleep_30, execution_date=20250807T163200, start_date=20250807T163423, end_date=20250807T163453
[2025-08-07 16:34:53,559] {local_task_job.py:156} INFO - Task exited with return code 0
[2025-08-07 16:34:53,604] {local_task_job.py:273} INFO - 0 downstream tasks scheduled from follow-on schedule check
