[2025-08-08 08:55:08,400] {taskinstance.py:1159} INFO - Dependencies all met for <TaskInstance: tutorial.print_date scheduled__2025-08-07T08:55:06.194035+00:00 [queued]>
[2025-08-08 08:55:08,445] {taskinstance.py:1159} INFO - Dependencies all met for <TaskInstance: tutorial.print_date scheduled__2025-08-07T08:55:06.194035+00:00 [queued]>
[2025-08-08 08:55:08,445] {taskinstance.py:1356} INFO - 
--------------------------------------------------------------------------------
[2025-08-08 08:55:08,445] {taskinstance.py:1357} INFO - Starting attempt 1 of 2
[2025-08-08 08:55:08,446] {taskinstance.py:1358} INFO - 
--------------------------------------------------------------------------------
[2025-08-08 08:55:08,486] {taskinstance.py:1377} INFO - Executing <Task(BashOperator): print_date> on 2025-08-07 08:55:06.194035+00:00
[2025-08-08 08:55:08,493] {standard_task_runner.py:52} INFO - Started process 403 to run task
[2025-08-08 08:55:08,501] {standard_task_runner.py:79} INFO - Running: ['***', 'tasks', 'run', 'tutorial', 'print_date', 'scheduled__2025-08-07T08:55:06.194035+00:00', '--job-id', '21', '--raw', '--subdir', '/home/***/.local/lib/python3.7/site-packages/***/example_dags/tutorial.py', '--cfg-path', '/tmp/tmpqy4z9cd5', '--error-file', '/tmp/tmprl4an298']
[2025-08-08 08:55:08,503] {standard_task_runner.py:80} INFO - Job 21: Subtask print_date
[2025-08-08 08:55:08,710] {task_command.py:369} INFO - Running <TaskInstance: tutorial.print_date scheduled__2025-08-07T08:55:06.194035+00:00 [running]> on host abdeb7f02efc
[2025-08-08 08:55:09,393] {taskinstance.py:1571} INFO - Exporting the following env vars:
AIRFLOW_CTX_DAG_EMAIL=***@example.com
AIRFLOW_CTX_DAG_OWNER=***
AIRFLOW_CTX_DAG_ID=tutorial
AIRFLOW_CTX_TASK_ID=print_date
AIRFLOW_CTX_EXECUTION_DATE=2025-08-07T08:55:06.194035+00:00
AIRFLOW_CTX_TRY_NUMBER=1
AIRFLOW_CTX_DAG_RUN_ID=scheduled__2025-08-07T08:55:06.194035+00:00
[2025-08-08 08:55:09,394] {subprocess.py:62} INFO - Tmp dir root location: 
 /tmp
[2025-08-08 08:55:09,395] {subprocess.py:74} INFO - Running command: ['bash', '-c', 'date']
[2025-08-08 08:55:09,456] {subprocess.py:85} INFO - Output:
[2025-08-08 08:55:09,476] {subprocess.py:92} INFO - Fri Aug  8 08:55:09 UTC 2025
[2025-08-08 08:55:09,483] {subprocess.py:96} INFO - Command exited with return code 0
[2025-08-08 08:55:09,602] {taskinstance.py:1400} INFO - Marking task as SUCCESS. dag_id=tutorial, task_id=print_date, execution_date=20250807T085506, start_date=20250808T085508, end_date=20250808T085509
[2025-08-08 08:55:09,697] {local_task_job.py:156} INFO - Task exited with return code 0
[2025-08-08 08:55:10,053] {local_task_job.py:273} INFO - 2 downstream tasks scheduled from follow-on schedule check
