[2025-08-07 20:33:50,400] {taskinstance.py:1159} INFO - Dependencies all met for <TaskInstance: example_task_group_decorator.task_group_function__4.task_1 scheduled__2025-08-06T20:33:39.868892+00:00 [queued]>
[2025-08-07 20:33:50,424] {taskinstance.py:1159} INFO - Dependencies all met for <TaskInstance: example_task_group_decorator.task_group_function__4.task_1 scheduled__2025-08-06T20:33:39.868892+00:00 [queued]>
[2025-08-07 20:33:50,424] {taskinstance.py:1356} INFO - 
--------------------------------------------------------------------------------
[2025-08-07 20:33:50,424] {taskinstance.py:1357} INFO - Starting attempt 1 of 1
[2025-08-07 20:33:50,425] {taskinstance.py:1358} INFO - 
--------------------------------------------------------------------------------
[2025-08-07 20:33:50,563] {taskinstance.py:1377} INFO - Executing <Task(_PythonDecoratedOperator): task_group_function__4.task_1> on 2025-08-06 20:33:39.868892+00:00
[2025-08-07 20:33:50,685] {standard_task_runner.py:52} INFO - Started process 480 to run task
[2025-08-07 20:33:50,711] {standard_task_runner.py:79} INFO - Running: ['***', 'tasks', 'run', 'example_task_group_decorator', 'task_group_function__4.task_1', 'scheduled__2025-08-06T20:33:39.868892+00:00', '--job-id', '34', '--raw', '--subdir', '/home/***/.local/lib/python3.7/site-packages/***/example_dags/example_task_group_decorator.py', '--cfg-path', '/tmp/tmppksj7v_2', '--error-file', '/tmp/tmpdvyaofo9']
[2025-08-07 20:33:50,719] {standard_task_runner.py:80} INFO - Job 34: Subtask task_group_function__4.task_1
[2025-08-07 20:33:52,878] {task_command.py:369} INFO - Running <TaskInstance: example_task_group_decorator.task_group_function__4.task_1 scheduled__2025-08-06T20:33:39.868892+00:00 [running]> on host 034e74559af0
[2025-08-07 20:33:53,950] {taskinstance.py:1571} INFO - Exporting the following env vars:
AIRFLOW_CTX_DAG_OWNER=***
AIRFLOW_CTX_DAG_ID=example_task_group_decorator
AIRFLOW_CTX_TASK_ID=task_group_function__4.task_1
AIRFLOW_CTX_EXECUTION_DATE=2025-08-06T20:33:39.868892+00:00
AIRFLOW_CTX_TRY_NUMBER=1
AIRFLOW_CTX_DAG_RUN_ID=scheduled__2025-08-06T20:33:39.868892+00:00
[2025-08-07 20:33:53,977] {python.py:173} INFO - Done. Returned value was: [ Task1 4 ]
[2025-08-07 20:33:54,547] {taskinstance.py:1400} INFO - Marking task as SUCCESS. dag_id=example_task_group_decorator, task_id=task_group_function__4.task_1, execution_date=20250806T203339, start_date=20250807T203350, end_date=20250807T203354
[2025-08-07 20:33:54,636] {local_task_job.py:156} INFO - Task exited with return code 0
[2025-08-07 20:33:55,454] {local_task_job.py:273} INFO - 1 downstream tasks scheduled from follow-on schedule check
