[2025-08-07 07:58:43,481] {taskinstance.py:1159} INFO - Dependencies all met for <TaskInstance: example_sla_dag.sleep_30 scheduled__2025-08-07T04:00:00+00:00 [queued]>
[2025-08-07 07:58:43,496] {taskinstance.py:1159} INFO - Dependencies all met for <TaskInstance: example_sla_dag.sleep_30 scheduled__2025-08-07T04:00:00+00:00 [queued]>
[2025-08-07 07:58:43,496] {taskinstance.py:1356} INFO - 
--------------------------------------------------------------------------------
[2025-08-07 07:58:43,496] {taskinstance.py:1357} INFO - Starting attempt 1 of 1
[2025-08-07 07:58:43,496] {taskinstance.py:1358} INFO - 
--------------------------------------------------------------------------------
[2025-08-07 07:58:43,517] {taskinstance.py:1377} INFO - Executing <Task(_PythonDecoratedOperator): sleep_30> on 2025-08-07 04:00:00+00:00
[2025-08-07 07:58:43,525] {standard_task_runner.py:52} INFO - Started process 11145 to run task
[2025-08-07 07:58:43,529] {standard_task_runner.py:79} INFO - Running: ['***', 'tasks', 'run', 'example_sla_dag', 'sleep_30', 'scheduled__2025-08-07T04:00:00+00:00', '--job-id', '201', '--raw', '--subdir', '/home/***/.local/lib/python3.7/site-packages/***/example_dags/example_sla_dag.py', '--cfg-path', '/tmp/tmpkl6_kps3', '--error-file', '/tmp/tmpg_x0xerp']
[2025-08-07 07:58:43,531] {standard_task_runner.py:80} INFO - Job 201: Subtask sleep_30
[2025-08-07 07:58:43,617] {task_command.py:369} INFO - Running <TaskInstance: example_sla_dag.sleep_30 scheduled__2025-08-07T04:00:00+00:00 [running]> on host 92a46ac2453f
[2025-08-07 07:58:43,879] {taskinstance.py:1571} INFO - Exporting the following env vars:
AIRFLOW_CTX_DAG_EMAIL=email@example.com
AIRFLOW_CTX_DAG_OWNER=***
AIRFLOW_CTX_DAG_ID=example_sla_dag
AIRFLOW_CTX_TASK_ID=sleep_30
AIRFLOW_CTX_EXECUTION_DATE=2025-08-07T04:00:00+00:00
AIRFLOW_CTX_TRY_NUMBER=1
AIRFLOW_CTX_DAG_RUN_ID=scheduled__2025-08-07T04:00:00+00:00
[2025-08-07 07:59:13,910] {python.py:173} INFO - Done. Returned value was: None
[2025-08-07 07:59:13,934] {taskinstance.py:1400} INFO - Marking task as SUCCESS. dag_id=example_sla_dag, task_id=sleep_30, execution_date=20250807T040000, start_date=20250807T075843, end_date=20250807T075913
[2025-08-07 07:59:13,958] {local_task_job.py:221} WARNING - State of this instance has been externally set to success. Terminating instance.
[2025-08-07 07:59:13,961] {process_utils.py:129} INFO - Sending Signals.SIGTERM to group 11145. PIDs of all processes in the group: [11145]
[2025-08-07 07:59:13,961] {process_utils.py:80} INFO - Sending the signal Signals.SIGTERM to group 11145
[2025-08-07 07:59:13,962] {process_utils.py:75} INFO - Process psutil.Process(pid=11145, status='terminated', exitcode=0, started='07:58:42') (11145) terminated with exit code 0
