[2025-08-07 20:35:20,369] {taskinstance.py:1159} INFO - Dependencies all met for <TaskInstance: example_sla_dag.sleep_30 scheduled__2025-08-07T20:32:00+00:00 [queued]>
[2025-08-07 20:35:20,379] {taskinstance.py:1159} INFO - Dependencies all met for <TaskInstance: example_sla_dag.sleep_30 scheduled__2025-08-07T20:32:00+00:00 [queued]>
[2025-08-07 20:35:20,380] {taskinstance.py:1356} INFO - 
--------------------------------------------------------------------------------
[2025-08-07 20:35:20,380] {taskinstance.py:1357} INFO - Starting attempt 1 of 1
[2025-08-07 20:35:20,380] {taskinstance.py:1358} INFO - 
--------------------------------------------------------------------------------
[2025-08-07 20:35:20,410] {taskinstance.py:1377} INFO - Executing <Task(_PythonDecoratedOperator): sleep_30> on 2025-08-07 20:32:00+00:00
[2025-08-07 20:35:20,422] {standard_task_runner.py:52} INFO - Started process 920 to run task
[2025-08-07 20:35:20,427] {standard_task_runner.py:79} INFO - Running: ['***', 'tasks', 'run', 'example_sla_dag', 'sleep_30', 'scheduled__2025-08-07T20:32:00+00:00', '--job-id', '65', '--raw', '--subdir', '/home/***/.local/lib/python3.7/site-packages/***/example_dags/example_sla_dag.py', '--cfg-path', '/tmp/tmpu52mws3e', '--error-file', '/tmp/tmpe_eqli12']
[2025-08-07 20:35:20,429] {standard_task_runner.py:80} INFO - Job 65: Subtask sleep_30
[2025-08-07 20:35:20,543] {task_command.py:369} INFO - Running <TaskInstance: example_sla_dag.sleep_30 scheduled__2025-08-07T20:32:00+00:00 [running]> on host 034e74559af0
[2025-08-07 20:35:20,898] {taskinstance.py:1571} INFO - Exporting the following env vars:
AIRFLOW_CTX_DAG_EMAIL=email@example.com
AIRFLOW_CTX_DAG_OWNER=***
AIRFLOW_CTX_DAG_ID=example_sla_dag
AIRFLOW_CTX_TASK_ID=sleep_30
AIRFLOW_CTX_EXECUTION_DATE=2025-08-07T20:32:00+00:00
AIRFLOW_CTX_TRY_NUMBER=1
AIRFLOW_CTX_DAG_RUN_ID=scheduled__2025-08-07T20:32:00+00:00
[2025-08-07 20:35:50,929] {python.py:173} INFO - Done. Returned value was: None
[2025-08-07 20:35:50,960] {taskinstance.py:1400} INFO - Marking task as SUCCESS. dag_id=example_sla_dag, task_id=sleep_30, execution_date=20250807T203200, start_date=20250807T203520, end_date=20250807T203550
[2025-08-07 20:35:51,049] {local_task_job.py:156} INFO - Task exited with return code 0
[2025-08-07 20:35:51,115] {local_task_job.py:273} INFO - 0 downstream tasks scheduled from follow-on schedule check
