[2025-08-07 11:42:44,687] {taskinstance.py:1159} INFO - Dependencies all met for <TaskInstance: send_weather_to_kafka.verify_pipeline scheduled__2025-08-07T11:40:37.190902+00:00 [queued]>
[2025-08-07 11:42:44,701] {taskinstance.py:1159} INFO - Dependencies all met for <TaskInstance: send_weather_to_kafka.verify_pipeline scheduled__2025-08-07T11:40:37.190902+00:00 [queued]>
[2025-08-07 11:42:44,702] {taskinstance.py:1356} INFO - 
--------------------------------------------------------------------------------
[2025-08-07 11:42:44,702] {taskinstance.py:1357} INFO - Starting attempt 1 of 2
[2025-08-07 11:42:44,702] {taskinstance.py:1358} INFO - 
--------------------------------------------------------------------------------
[2025-08-07 11:42:44,723] {taskinstance.py:1377} INFO - Executing <Task(BashOperator): verify_pipeline> on 2025-08-07 11:40:37.190902+00:00
[2025-08-07 11:42:44,734] {standard_task_runner.py:52} INFO - Started process 9351 to run task
[2025-08-07 11:42:44,739] {standard_task_runner.py:79} INFO - Running: ['***', 'tasks', 'run', 'send_weather_to_kafka', 'verify_pipeline', 'scheduled__2025-08-07T11:40:37.190902+00:00', '--job-id', '245', '--raw', '--subdir', 'DAGS_FOLDER/dag_meteo.py', '--cfg-path', '/tmp/tmpl9eoguf8', '--error-file', '/tmp/tmpownwzg2_']
[2025-08-07 11:42:44,741] {standard_task_runner.py:80} INFO - Job 245: Subtask verify_pipeline
[2025-08-07 11:42:44,846] {task_command.py:369} INFO - Running <TaskInstance: send_weather_to_kafka.verify_pipeline scheduled__2025-08-07T11:40:37.190902+00:00 [running]> on host 40571d888a39
[2025-08-07 11:42:45,283] {taskinstance.py:1571} INFO - Exporting the following env vars:
AIRFLOW_CTX_DAG_OWNER=alla
AIRFLOW_CTX_DAG_ID=send_weather_to_kafka
AIRFLOW_CTX_TASK_ID=verify_pipeline
AIRFLOW_CTX_EXECUTION_DATE=2025-08-07T11:40:37.190902+00:00
AIRFLOW_CTX_TRY_NUMBER=1
AIRFLOW_CTX_DAG_RUN_ID=scheduled__2025-08-07T11:40:37.190902+00:00
[2025-08-07 11:42:45,284] {subprocess.py:62} INFO - Tmp dir root location: 
 /tmp
[2025-08-07 11:42:45,285] {subprocess.py:74} INFO - Running command: ['bash', '-c', '\n            echo " Attente traitement Logstash..." && sleep 30 &&\n            curl -s "http://elasticsearch:9200/_cat/indices/weather*" || echo "Pas encore d\'index weather"\n        ']
[2025-08-07 11:42:45,311] {subprocess.py:85} INFO - Output:
[2025-08-07 11:42:45,315] {subprocess.py:92} INFO -  Attente traitement Logstash...
[2025-08-07 11:43:15,356] {subprocess.py:92} INFO - yellow open weather_data wCNHBp2xSKuPJ9di62P4DQ 1 1 11 0 44.6kb 44.6kb
[2025-08-07 11:43:15,360] {subprocess.py:96} INFO - Command exited with return code 0
[2025-08-07 11:43:15,431] {taskinstance.py:1400} INFO - Marking task as SUCCESS. dag_id=send_weather_to_kafka, task_id=verify_pipeline, execution_date=20250807T114037, start_date=20250807T114244, end_date=20250807T114315
[2025-08-07 11:43:15,491] {local_task_job.py:156} INFO - Task exited with return code 0
[2025-08-07 11:43:15,540] {local_task_job.py:273} INFO - 0 downstream tasks scheduled from follow-on schedule check
