[2025-08-07 10:44:16,044] {taskinstance.py:1159} INFO - Dependencies all met for <TaskInstance: send_weather_to_kafka.fetch_and_send_weather scheduled__2025-08-07T10:42:14.997141+00:00 [queued]>
[2025-08-07 10:44:16,055] {taskinstance.py:1159} INFO - Dependencies all met for <TaskInstance: send_weather_to_kafka.fetch_and_send_weather scheduled__2025-08-07T10:42:14.997141+00:00 [queued]>
[2025-08-07 10:44:16,056] {taskinstance.py:1356} INFO - 
--------------------------------------------------------------------------------
[2025-08-07 10:44:16,056] {taskinstance.py:1357} INFO - Starting attempt 1 of 2
[2025-08-07 10:44:16,056] {taskinstance.py:1358} INFO - 
--------------------------------------------------------------------------------
[2025-08-07 10:44:16,073] {taskinstance.py:1377} INFO - Executing <Task(BashOperator): fetch_and_send_weather> on 2025-08-07 10:42:14.997141+00:00
[2025-08-07 10:44:16,079] {standard_task_runner.py:52} INFO - Started process 2444 to run task
[2025-08-07 10:44:16,083] {standard_task_runner.py:79} INFO - Running: ['***', 'tasks', 'run', 'send_weather_to_kafka', 'fetch_and_send_weather', 'scheduled__2025-08-07T10:42:14.997141+00:00', '--job-id', '80', '--raw', '--subdir', 'DAGS_FOLDER/dag_meteo.py', '--cfg-path', '/tmp/tmpwbmb0hbg', '--error-file', '/tmp/tmp2jo3ctb0']
[2025-08-07 10:44:16,084] {standard_task_runner.py:80} INFO - Job 80: Subtask fetch_and_send_weather
[2025-08-07 10:44:16,159] {task_command.py:369} INFO - Running <TaskInstance: send_weather_to_kafka.fetch_and_send_weather scheduled__2025-08-07T10:42:14.997141+00:00 [running]> on host 81d3b97a0728
[2025-08-07 10:44:16,439] {taskinstance.py:1571} INFO - Exporting the following env vars:
AIRFLOW_CTX_DAG_OWNER=alla
AIRFLOW_CTX_DAG_ID=send_weather_to_kafka
AIRFLOW_CTX_TASK_ID=fetch_and_send_weather
AIRFLOW_CTX_EXECUTION_DATE=2025-08-07T10:42:14.997141+00:00
AIRFLOW_CTX_TRY_NUMBER=1
AIRFLOW_CTX_DAG_RUN_ID=scheduled__2025-08-07T10:42:14.997141+00:00
[2025-08-07 10:44:16,440] {subprocess.py:62} INFO - Tmp dir root location: 
 /tmp
[2025-08-07 10:44:16,441] {subprocess.py:74} INFO - Running command: ['bash', '-c', 'cd /opt/***/scripts && python3 kafka/producer.py']
[2025-08-07 10:44:16,461] {subprocess.py:85} INFO - Output:
[2025-08-07 10:44:20,777] {subprocess.py:92} INFO - Envoi vers Kafka : {'temperature': 30, 'humidity': 75, 'windSpeed': 3.1, 'cloudCover': 49, 'rainIntensity': 0, 'timestamp': '2025-08-07T10:44:00Z'}
[2025-08-07 10:44:20,857] {subprocess.py:96} INFO - Command exited with return code 0
[2025-08-07 10:44:20,914] {taskinstance.py:1400} INFO - Marking task as SUCCESS. dag_id=send_weather_to_kafka, task_id=fetch_and_send_weather, execution_date=20250807T104214, start_date=20250807T104416, end_date=20250807T104420
[2025-08-07 10:44:20,954] {local_task_job.py:156} INFO - Task exited with return code 0
[2025-08-07 10:44:21,028] {local_task_job.py:273} INFO - 1 downstream tasks scheduled from follow-on schedule check
