[2025-08-06 19:29:48,414] {taskinstance.py:1159} INFO - Dependencies all met for <TaskInstance: send_weather_to_kafka.fetch_and_send_weather scheduled__2025-08-06T17:29:30.234569+00:00 [queued]>
[2025-08-06 19:29:48,426] {taskinstance.py:1159} INFO - Dependencies all met for <TaskInstance: send_weather_to_kafka.fetch_and_send_weather scheduled__2025-08-06T17:29:30.234569+00:00 [queued]>
[2025-08-06 19:29:48,426] {taskinstance.py:1356} INFO - 
--------------------------------------------------------------------------------
[2025-08-06 19:29:48,426] {taskinstance.py:1357} INFO - Starting attempt 1 of 2
[2025-08-06 19:29:48,426] {taskinstance.py:1358} INFO - 
--------------------------------------------------------------------------------
[2025-08-06 19:29:48,443] {taskinstance.py:1377} INFO - Executing <Task(BashOperator): fetch_and_send_weather> on 2025-08-06 17:29:30.234569+00:00
[2025-08-06 19:29:48,449] {standard_task_runner.py:52} INFO - Started process 3406 to run task
[2025-08-06 19:29:48,454] {standard_task_runner.py:79} INFO - Running: ['***', 'tasks', 'run', 'send_weather_to_kafka', 'fetch_and_send_weather', 'scheduled__2025-08-06T17:29:30.234569+00:00', '--job-id', '2', '--raw', '--subdir', 'DAGS_FOLDER/dag_meteo.py', '--cfg-path', '/tmp/tmpq9ljtcxt', '--error-file', '/tmp/tmp0flny6vd']
[2025-08-06 19:29:48,455] {standard_task_runner.py:80} INFO - Job 2: Subtask fetch_and_send_weather
[2025-08-06 19:29:48,531] {task_command.py:369} INFO - Running <TaskInstance: send_weather_to_kafka.fetch_and_send_weather scheduled__2025-08-06T17:29:30.234569+00:00 [running]> on host 23b45da21b8f
[2025-08-06 19:29:48,873] {taskinstance.py:1571} INFO - Exporting the following env vars:
AIRFLOW_CTX_DAG_OWNER=***
AIRFLOW_CTX_DAG_ID=send_weather_to_kafka
AIRFLOW_CTX_TASK_ID=fetch_and_send_weather
AIRFLOW_CTX_EXECUTION_DATE=2025-08-06T17:29:30.234569+00:00
AIRFLOW_CTX_TRY_NUMBER=1
AIRFLOW_CTX_DAG_RUN_ID=scheduled__2025-08-06T17:29:30.234569+00:00
[2025-08-06 19:29:48,874] {subprocess.py:62} INFO - Tmp dir root location: 
 /tmp
[2025-08-06 19:29:48,875] {subprocess.py:74} INFO - Running command: ['bash', '-c', 'cd /opt/***/scripts && python3 kafka/producer.py']
[2025-08-06 19:29:48,896] {subprocess.py:85} INFO - Output:
[2025-08-06 19:29:54,095] {subprocess.py:92} INFO - Envoi vers Kafka : {'temperature': 29, 'humidity': 74, 'windSpeed': 3.1, 'cloudCover': 98, 'rainIntensity': 0, 'timestamp': '2025-08-06T19:29:00Z'}
[2025-08-06 19:29:54,192] {subprocess.py:96} INFO - Command exited with return code 0
[2025-08-06 19:29:54,245] {taskinstance.py:1400} INFO - Marking task as SUCCESS. dag_id=send_weather_to_kafka, task_id=fetch_and_send_weather, execution_date=20250806T172930, start_date=20250806T192948, end_date=20250806T192954
[2025-08-06 19:29:54,285] {local_task_job.py:156} INFO - Task exited with return code 0
[2025-08-06 19:29:54,333] {local_task_job.py:273} INFO - 1 downstream tasks scheduled from follow-on schedule check
