[2025-08-07 11:06:22,467] {taskinstance.py:1159} INFO - Dependencies all met for <TaskInstance: example_sla_dag.sleep_30 scheduled__2025-08-07T11:04:00+00:00 [queued]>
[2025-08-07 11:06:22,479] {taskinstance.py:1159} INFO - Dependencies all met for <TaskInstance: example_sla_dag.sleep_30 scheduled__2025-08-07T11:04:00+00:00 [queued]>
[2025-08-07 11:06:22,479] {taskinstance.py:1356} INFO - 
--------------------------------------------------------------------------------
[2025-08-07 11:06:22,479] {taskinstance.py:1357} INFO - Starting attempt 1 of 1
[2025-08-07 11:06:22,480] {taskinstance.py:1358} INFO - 
--------------------------------------------------------------------------------
[2025-08-07 11:06:22,495] {taskinstance.py:1377} INFO - Executing <Task(_PythonDecoratedOperator): sleep_30> on 2025-08-07 11:04:00+00:00
[2025-08-07 11:06:22,501] {standard_task_runner.py:52} INFO - Started process 13685 to run task
[2025-08-07 11:06:22,506] {standard_task_runner.py:79} INFO - Running: ['***', 'tasks', 'run', 'example_sla_dag', 'sleep_30', 'scheduled__2025-08-07T11:04:00+00:00', '--job-id', '215', '--raw', '--subdir', '/home/***/.local/lib/python3.7/site-packages/***/example_dags/example_sla_dag.py', '--cfg-path', '/tmp/tmp3axmik1f', '--error-file', '/tmp/tmpngaxg2is']
[2025-08-07 11:06:22,507] {standard_task_runner.py:80} INFO - Job 215: Subtask sleep_30
[2025-08-07 11:06:22,595] {task_command.py:369} INFO - Running <TaskInstance: example_sla_dag.sleep_30 scheduled__2025-08-07T11:04:00+00:00 [running]> on host 81d3b97a0728
[2025-08-07 11:06:22,884] {taskinstance.py:1571} INFO - Exporting the following env vars:
AIRFLOW_CTX_DAG_EMAIL=email@example.com
AIRFLOW_CTX_DAG_OWNER=***
AIRFLOW_CTX_DAG_ID=example_sla_dag
AIRFLOW_CTX_TASK_ID=sleep_30
AIRFLOW_CTX_EXECUTION_DATE=2025-08-07T11:04:00+00:00
AIRFLOW_CTX_TRY_NUMBER=1
AIRFLOW_CTX_DAG_RUN_ID=scheduled__2025-08-07T11:04:00+00:00
[2025-08-07 11:06:52,915] {python.py:173} INFO - Done. Returned value was: None
[2025-08-07 11:06:52,942] {taskinstance.py:1400} INFO - Marking task as SUCCESS. dag_id=example_sla_dag, task_id=sleep_30, execution_date=20250807T110400, start_date=20250807T110622, end_date=20250807T110652
[2025-08-07 11:06:52,983] {local_task_job.py:221} WARNING - State of this instance has been externally set to success. Terminating instance.
[2025-08-07 11:06:52,987] {process_utils.py:129} INFO - Sending Signals.SIGTERM to group 13685. PIDs of all processes in the group: [13685]
[2025-08-07 11:06:52,987] {process_utils.py:80} INFO - Sending the signal Signals.SIGTERM to group 13685
[2025-08-07 11:06:52,992] {process_utils.py:75} INFO - Process psutil.Process(pid=13685, status='terminated', exitcode=0, started='11:06:22') (13685) terminated with exit code 0
