[2025-08-07 03:39:57,455] {taskinstance.py:1159} INFO - Dependencies all met for <TaskInstance: example_task_group.section_1.task_2 scheduled__2025-08-06T03:39:55.011567+00:00 [queued]>
[2025-08-07 03:39:57,479] {taskinstance.py:1159} INFO - Dependencies all met for <TaskInstance: example_task_group.section_1.task_2 scheduled__2025-08-06T03:39:55.011567+00:00 [queued]>
[2025-08-07 03:39:57,480] {taskinstance.py:1356} INFO - 
--------------------------------------------------------------------------------
[2025-08-07 03:39:57,480] {taskinstance.py:1357} INFO - Starting attempt 1 of 1
[2025-08-07 03:39:57,481] {taskinstance.py:1358} INFO - 
--------------------------------------------------------------------------------
[2025-08-07 03:39:57,518] {taskinstance.py:1377} INFO - Executing <Task(BashOperator): section_1.task_2> on 2025-08-06 03:39:55.011567+00:00
[2025-08-07 03:39:57,532] {standard_task_runner.py:52} INFO - Started process 332 to run task
[2025-08-07 03:39:57,563] {standard_task_runner.py:79} INFO - Running: ['***', 'tasks', 'run', 'example_task_group', 'section_1.task_2', 'scheduled__2025-08-06T03:39:55.011567+00:00', '--job-id', '16', '--raw', '--subdir', '/home/***/.local/lib/python3.7/site-packages/***/example_dags/example_task_group.py', '--cfg-path', '/tmp/tmp203erxv4', '--error-file', '/tmp/tmpw6uwncz0']
[2025-08-07 03:39:57,569] {standard_task_runner.py:80} INFO - Job 16: Subtask section_1.task_2
[2025-08-07 03:39:57,788] {task_command.py:369} INFO - Running <TaskInstance: example_task_group.section_1.task_2 scheduled__2025-08-06T03:39:55.011567+00:00 [running]> on host 92a46ac2453f
[2025-08-07 03:39:58,335] {taskinstance.py:1571} INFO - Exporting the following env vars:
AIRFLOW_CTX_DAG_OWNER=***
AIRFLOW_CTX_DAG_ID=example_task_group
AIRFLOW_CTX_TASK_ID=section_1.task_2
AIRFLOW_CTX_EXECUTION_DATE=2025-08-06T03:39:55.011567+00:00
AIRFLOW_CTX_TRY_NUMBER=1
AIRFLOW_CTX_DAG_RUN_ID=scheduled__2025-08-06T03:39:55.011567+00:00
[2025-08-07 03:39:58,336] {subprocess.py:62} INFO - Tmp dir root location: 
 /tmp
[2025-08-07 03:39:58,337] {subprocess.py:74} INFO - Running command: ['bash', '-c', 'echo 1']
[2025-08-07 03:39:58,360] {subprocess.py:85} INFO - Output:
[2025-08-07 03:39:58,362] {subprocess.py:92} INFO - 1
[2025-08-07 03:39:58,363] {subprocess.py:96} INFO - Command exited with return code 0
[2025-08-07 03:39:58,410] {taskinstance.py:1400} INFO - Marking task as SUCCESS. dag_id=example_task_group, task_id=section_1.task_2, execution_date=20250806T033955, start_date=20250807T033957, end_date=20250807T033958
[2025-08-07 03:39:58,478] {local_task_job.py:156} INFO - Task exited with return code 0
[2025-08-07 03:39:58,765] {local_task_job.py:273} INFO - 0 downstream tasks scheduled from follow-on schedule check
