[2025-08-07 13:38:01,367] {taskinstance.py:1159} INFO - Dependencies all met for <TaskInstance: example_sla_dag.sleep_20 scheduled__2025-08-07T13:36:00+00:00 [queued]>
[2025-08-07 13:38:01,375] {taskinstance.py:1159} INFO - Dependencies all met for <TaskInstance: example_sla_dag.sleep_20 scheduled__2025-08-07T13:36:00+00:00 [queued]>
[2025-08-07 13:38:01,376] {taskinstance.py:1356} INFO - 
--------------------------------------------------------------------------------
[2025-08-07 13:38:01,376] {taskinstance.py:1357} INFO - Starting attempt 1 of 1
[2025-08-07 13:38:01,376] {taskinstance.py:1358} INFO - 
--------------------------------------------------------------------------------
[2025-08-07 13:38:01,389] {taskinstance.py:1377} INFO - Executing <Task(_PythonDecoratedOperator): sleep_20> on 2025-08-07 13:36:00+00:00
[2025-08-07 13:38:01,394] {standard_task_runner.py:52} INFO - Started process 52252 to run task
[2025-08-07 13:38:01,397] {standard_task_runner.py:79} INFO - Running: ['***', 'tasks', 'run', 'example_sla_dag', 'sleep_20', 'scheduled__2025-08-07T13:36:00+00:00', '--job-id', '831', '--raw', '--subdir', '/home/***/.local/lib/python3.7/site-packages/***/example_dags/example_sla_dag.py', '--cfg-path', '/tmp/tmp1baywpsl', '--error-file', '/tmp/tmpoo1ctlvy']
[2025-08-07 13:38:01,398] {standard_task_runner.py:80} INFO - Job 831: Subtask sleep_20
[2025-08-07 13:38:01,450] {task_command.py:369} INFO - Running <TaskInstance: example_sla_dag.sleep_20 scheduled__2025-08-07T13:36:00+00:00 [running]> on host b810b38b6a38
[2025-08-07 13:38:01,619] {taskinstance.py:1571} INFO - Exporting the following env vars:
AIRFLOW_CTX_DAG_EMAIL=email@example.com
AIRFLOW_CTX_DAG_OWNER=***
AIRFLOW_CTX_DAG_ID=example_sla_dag
AIRFLOW_CTX_TASK_ID=sleep_20
AIRFLOW_CTX_EXECUTION_DATE=2025-08-07T13:36:00+00:00
AIRFLOW_CTX_TRY_NUMBER=1
AIRFLOW_CTX_DAG_RUN_ID=scheduled__2025-08-07T13:36:00+00:00
[2025-08-07 13:38:21,640] {python.py:173} INFO - Done. Returned value was: None
[2025-08-07 13:38:21,661] {taskinstance.py:1400} INFO - Marking task as SUCCESS. dag_id=example_sla_dag, task_id=sleep_20, execution_date=20250807T133600, start_date=20250807T133801, end_date=20250807T133821
[2025-08-07 13:38:21,685] {local_task_job.py:221} WARNING - State of this instance has been externally set to success. Terminating instance.
[2025-08-07 13:38:21,687] {process_utils.py:129} INFO - Sending Signals.SIGTERM to group 52252. PIDs of all processes in the group: [52252]
[2025-08-07 13:38:21,688] {process_utils.py:80} INFO - Sending the signal Signals.SIGTERM to group 52252
[2025-08-07 13:38:21,688] {process_utils.py:75} INFO - Process psutil.Process(pid=52252, status='terminated', exitcode=0, started='13:38:01') (52252) terminated with exit code 0
