[2025-08-07 22:26:01,901] {taskinstance.py:1159} INFO - Dependencies all met for <TaskInstance: example_sla_dag.sleep_20 scheduled__2025-08-07T22:24:00+00:00 [queued]>
[2025-08-07 22:26:01,932] {taskinstance.py:1159} INFO - Dependencies all met for <TaskInstance: example_sla_dag.sleep_20 scheduled__2025-08-07T22:24:00+00:00 [queued]>
[2025-08-07 22:26:01,933] {taskinstance.py:1356} INFO - 
--------------------------------------------------------------------------------
[2025-08-07 22:26:01,933] {taskinstance.py:1357} INFO - Starting attempt 1 of 1
[2025-08-07 22:26:01,933] {taskinstance.py:1358} INFO - 
--------------------------------------------------------------------------------
[2025-08-07 22:26:01,975] {taskinstance.py:1377} INFO - Executing <Task(_PythonDecoratedOperator): sleep_20> on 2025-08-07 22:24:00+00:00
[2025-08-07 22:26:01,991] {standard_task_runner.py:52} INFO - Started process 1200 to run task
[2025-08-07 22:26:02,000] {standard_task_runner.py:79} INFO - Running: ['***', 'tasks', 'run', 'example_sla_dag', 'sleep_20', 'scheduled__2025-08-07T22:24:00+00:00', '--job-id', '620', '--raw', '--subdir', '/home/***/.local/lib/python3.7/site-packages/***/example_dags/example_sla_dag.py', '--cfg-path', '/tmp/tmpr60f4sfq', '--error-file', '/tmp/tmp1j2k_fa9']
[2025-08-07 22:26:02,002] {standard_task_runner.py:80} INFO - Job 620: Subtask sleep_20
[2025-08-07 22:26:02,182] {task_command.py:369} INFO - Running <TaskInstance: example_sla_dag.sleep_20 scheduled__2025-08-07T22:24:00+00:00 [running]> on host 98bad2c91b1f
[2025-08-07 22:26:02,818] {taskinstance.py:1571} INFO - Exporting the following env vars:
AIRFLOW_CTX_DAG_EMAIL=email@example.com
AIRFLOW_CTX_DAG_OWNER=***
AIRFLOW_CTX_DAG_ID=example_sla_dag
AIRFLOW_CTX_TASK_ID=sleep_20
AIRFLOW_CTX_EXECUTION_DATE=2025-08-07T22:24:00+00:00
AIRFLOW_CTX_TRY_NUMBER=1
AIRFLOW_CTX_DAG_RUN_ID=scheduled__2025-08-07T22:24:00+00:00
[2025-08-07 22:26:22,840] {python.py:173} INFO - Done. Returned value was: None
[2025-08-07 22:26:22,863] {taskinstance.py:1400} INFO - Marking task as SUCCESS. dag_id=example_sla_dag, task_id=sleep_20, execution_date=20250807T222400, start_date=20250807T222601, end_date=20250807T222622
[2025-08-07 22:26:22,915] {local_task_job.py:156} INFO - Task exited with return code 0
[2025-08-07 22:26:22,971] {local_task_job.py:273} INFO - 1 downstream tasks scheduled from follow-on schedule check
