[2025-08-07 07:58:21,088] {taskinstance.py:1159} INFO - Dependencies all met for <TaskInstance: latest_only.latest_only scheduled__2025-08-07T03:39:56.154672+00:00 [queued]>
[2025-08-07 07:58:21,128] {taskinstance.py:1159} INFO - Dependencies all met for <TaskInstance: latest_only.latest_only scheduled__2025-08-07T03:39:56.154672+00:00 [queued]>
[2025-08-07 07:58:21,129] {taskinstance.py:1356} INFO - 
--------------------------------------------------------------------------------
[2025-08-07 07:58:21,129] {taskinstance.py:1357} INFO - Starting attempt 1 of 1
[2025-08-07 07:58:21,129] {taskinstance.py:1358} INFO - 
--------------------------------------------------------------------------------
[2025-08-07 07:58:21,186] {taskinstance.py:1377} INFO - Executing <Task(LatestOnlyOperator): latest_only> on 2025-08-07 03:39:56.154672+00:00
[2025-08-07 07:58:21,196] {standard_task_runner.py:52} INFO - Started process 10882 to run task
[2025-08-07 07:58:21,220] {standard_task_runner.py:79} INFO - Running: ['***', 'tasks', 'run', 'latest_only', 'latest_only', 'scheduled__2025-08-07T03:39:56.154672+00:00', '--job-id', '190', '--raw', '--subdir', '/home/***/.local/lib/python3.7/site-packages/***/example_dags/example_latest_only.py', '--cfg-path', '/tmp/tmpvfp7__qn', '--error-file', '/tmp/tmpyf2g9x2k']
[2025-08-07 07:58:21,230] {standard_task_runner.py:80} INFO - Job 190: Subtask latest_only
[2025-08-07 07:58:21,365] {task_command.py:369} INFO - Running <TaskInstance: latest_only.latest_only scheduled__2025-08-07T03:39:56.154672+00:00 [running]> on host 92a46ac2453f
[2025-08-07 07:58:21,989] {taskinstance.py:1571} INFO - Exporting the following env vars:
AIRFLOW_CTX_DAG_OWNER=***
AIRFLOW_CTX_DAG_ID=latest_only
AIRFLOW_CTX_TASK_ID=latest_only
AIRFLOW_CTX_EXECUTION_DATE=2025-08-07T03:39:56.154672+00:00
AIRFLOW_CTX_TRY_NUMBER=1
AIRFLOW_CTX_DAG_RUN_ID=scheduled__2025-08-07T03:39:56.154672+00:00
[2025-08-07 07:58:21,990] {latest_only.py:68} INFO - Checking latest only with left_window: 2025-08-07T07:39:56.154672+00:00 right_window: 2025-08-07T11:39:56.154672+00:00 now: 2025-08-07T07:58:21.990921+00:00
[2025-08-07 07:58:21,991] {latest_only.py:77} INFO - Latest, allowing execution to proceed.
[2025-08-07 07:58:21,991] {skipmixin.py:140} INFO - Following branch ['task1']
[2025-08-07 07:58:21,992] {skipmixin.py:175} INFO - Skipping tasks []
[2025-08-07 07:58:22,241] {taskinstance.py:1400} INFO - Marking task as SUCCESS. dag_id=latest_only, task_id=latest_only, execution_date=20250807T033956, start_date=20250807T075821, end_date=20250807T075822
[2025-08-07 07:58:22,350] {local_task_job.py:156} INFO - Task exited with return code 0
[2025-08-07 07:58:22,754] {local_task_job.py:273} INFO - 0 downstream tasks scheduled from follow-on schedule check
