[2025-08-06 19:28:04,626] {taskinstance.py:1159} INFO - Dependencies all met for <TaskInstance: send_weather_to_kafka.verify_pipeline scheduled__2025-08-06T17:27:58.682683+00:00 [queued]>
[2025-08-06 19:28:04,637] {taskinstance.py:1159} INFO - Dependencies all met for <TaskInstance: send_weather_to_kafka.verify_pipeline scheduled__2025-08-06T17:27:58.682683+00:00 [queued]>
[2025-08-06 19:28:04,637] {taskinstance.py:1356} INFO - 
--------------------------------------------------------------------------------
[2025-08-06 19:28:04,637] {taskinstance.py:1357} INFO - Starting attempt 1 of 2
[2025-08-06 19:28:04,638] {taskinstance.py:1358} INFO - 
--------------------------------------------------------------------------------
[2025-08-06 19:28:04,653] {taskinstance.py:1377} INFO - Executing <Task(BashOperator): verify_pipeline> on 2025-08-06 17:27:58.682683+00:00
[2025-08-06 19:28:04,658] {standard_task_runner.py:52} INFO - Started process 26034 to run task
[2025-08-06 19:28:04,662] {standard_task_runner.py:79} INFO - Running: ['***', 'tasks', 'run', 'send_weather_to_kafka', 'verify_pipeline', 'scheduled__2025-08-06T17:27:58.682683+00:00', '--job-id', '44', '--raw', '--subdir', 'DAGS_FOLDER/dag_meteo.py', '--cfg-path', '/tmp/tmphe9xqoi6', '--error-file', '/tmp/tmpxw0tbz48']
[2025-08-06 19:28:04,663] {standard_task_runner.py:80} INFO - Job 44: Subtask verify_pipeline
[2025-08-06 19:28:04,684] {logging_mixin.py:115} WARNING - /home/***/.local/lib/python3.7/site-packages/***/configuration.py:470 DeprecationWarning: The sql_alchemy_conn option in [core] has been moved to the sql_alchemy_conn option in [database] - the old setting has been used, but please update your config.
[2025-08-06 19:28:04,738] {task_command.py:369} INFO - Running <TaskInstance: send_weather_to_kafka.verify_pipeline scheduled__2025-08-06T17:27:58.682683+00:00 [running]> on host 536c12e0b7f9
[2025-08-06 19:28:04,838] {taskinstance.py:1571} INFO - Exporting the following env vars:
AIRFLOW_CTX_DAG_OWNER=***
AIRFLOW_CTX_DAG_ID=send_weather_to_kafka
AIRFLOW_CTX_TASK_ID=verify_pipeline
AIRFLOW_CTX_EXECUTION_DATE=2025-08-06T17:27:58.682683+00:00
AIRFLOW_CTX_TRY_NUMBER=1
AIRFLOW_CTX_DAG_RUN_ID=scheduled__2025-08-06T17:27:58.682683+00:00
[2025-08-06 19:28:04,839] {subprocess.py:62} INFO - Tmp dir root location: 
 /tmp
[2025-08-06 19:28:04,839] {subprocess.py:74} INFO - Running command: ['bash', '-c', '\n            echo " Attente traitement Logstash..." && sleep 30 &&\n            curl -s "http://elasticsearch:9200/_cat/indices/weather*" || echo "Pas encore d\'index weather"\n        ']
[2025-08-06 19:28:04,854] {subprocess.py:85} INFO - Output:
[2025-08-06 19:28:04,856] {subprocess.py:92} INFO -  Attente traitement Logstash...
[2025-08-06 19:28:34,878] {subprocess.py:92} INFO - yellow open weather_data ncGfBSZ5Rl2wP2uO7hVB2g 1 1 10 0 34.1kb 34.1kb
[2025-08-06 19:28:34,880] {subprocess.py:96} INFO - Command exited with return code 0
[2025-08-06 19:28:34,924] {taskinstance.py:1400} INFO - Marking task as SUCCESS. dag_id=send_weather_to_kafka, task_id=verify_pipeline, execution_date=20250806T172758, start_date=20250806T192804, end_date=20250806T192834
[2025-08-06 19:28:34,975] {local_task_job.py:156} INFO - Task exited with return code 0
[2025-08-06 19:28:35,014] {local_task_job.py:273} INFO - 0 downstream tasks scheduled from follow-on schedule check
