[2025-08-07 03:21:18,766] {taskinstance.py:1159} INFO - Dependencies all met for <TaskInstance: example_bash_operator.also_run_this scheduled__2025-08-06T00:00:00+00:00 [queued]>
[2025-08-07 03:21:18,788] {taskinstance.py:1159} INFO - Dependencies all met for <TaskInstance: example_bash_operator.also_run_this scheduled__2025-08-06T00:00:00+00:00 [queued]>
[2025-08-07 03:21:18,788] {taskinstance.py:1356} INFO - 
--------------------------------------------------------------------------------
[2025-08-07 03:21:18,788] {taskinstance.py:1357} INFO - Starting attempt 1 of 1
[2025-08-07 03:21:18,788] {taskinstance.py:1358} INFO - 
--------------------------------------------------------------------------------
[2025-08-07 03:21:18,829] {taskinstance.py:1377} INFO - Executing <Task(BashOperator): also_run_this> on 2025-08-06 00:00:00+00:00
[2025-08-07 03:21:18,861] {standard_task_runner.py:52} INFO - Started process 487 to run task
[2025-08-07 03:21:18,900] {standard_task_runner.py:79} INFO - Running: ['***', 'tasks', 'run', 'example_bash_operator', 'also_run_this', 'scheduled__2025-08-06T00:00:00+00:00', '--job-id', '37', '--raw', '--subdir', '/home/***/.local/lib/python3.7/site-packages/***/example_dags/example_bash_operator.py', '--cfg-path', '/tmp/tmpo087vmo_', '--error-file', '/tmp/tmpktqki84q']
[2025-08-07 03:21:18,910] {standard_task_runner.py:80} INFO - Job 37: Subtask also_run_this
[2025-08-07 03:21:19,322] {task_command.py:369} INFO - Running <TaskInstance: example_bash_operator.also_run_this scheduled__2025-08-06T00:00:00+00:00 [running]> on host f83ee74b89ef
[2025-08-07 03:21:20,045] {taskinstance.py:1571} INFO - Exporting the following env vars:
AIRFLOW_CTX_DAG_OWNER=***
AIRFLOW_CTX_DAG_ID=example_bash_operator
AIRFLOW_CTX_TASK_ID=also_run_this
AIRFLOW_CTX_EXECUTION_DATE=2025-08-06T00:00:00+00:00
AIRFLOW_CTX_TRY_NUMBER=1
AIRFLOW_CTX_DAG_RUN_ID=scheduled__2025-08-06T00:00:00+00:00
[2025-08-07 03:21:20,049] {subprocess.py:62} INFO - Tmp dir root location: 
 /tmp
[2025-08-07 03:21:20,060] {subprocess.py:74} INFO - Running command: ['bash', '-c', 'echo "run_id=scheduled__2025-08-06T00:00:00+00:00 | dag_run=<DagRun example_bash_operator @ 2025-08-06 00:00:00+00:00: scheduled__2025-08-06T00:00:00+00:00, externally triggered: False>"']
[2025-08-07 03:21:20,102] {subprocess.py:85} INFO - Output:
[2025-08-07 03:21:20,106] {subprocess.py:92} INFO - run_id=scheduled__2025-08-06T00:00:00+00:00 | dag_run=<DagRun example_bash_operator @ 2025-08-06 00:00:00+00:00: scheduled__2025-08-06T00:00:00+00:00, externally triggered: False>
[2025-08-07 03:21:20,107] {subprocess.py:96} INFO - Command exited with return code 0
[2025-08-07 03:21:20,201] {taskinstance.py:1400} INFO - Marking task as SUCCESS. dag_id=example_bash_operator, task_id=also_run_this, execution_date=20250806T000000, start_date=20250807T032118, end_date=20250807T032120
[2025-08-07 03:21:20,259] {local_task_job.py:156} INFO - Task exited with return code 0
[2025-08-07 03:21:20,443] {local_task_job.py:273} INFO - 0 downstream tasks scheduled from follow-on schedule check
[2025-08-07 03:29:57,342] {taskinstance.py:1159} INFO - Dependencies all met for <TaskInstance: example_bash_operator.also_run_this scheduled__2025-08-06T00:00:00+00:00 [queued]>
[2025-08-07 03:29:57,383] {taskinstance.py:1159} INFO - Dependencies all met for <TaskInstance: example_bash_operator.also_run_this scheduled__2025-08-06T00:00:00+00:00 [queued]>
[2025-08-07 03:29:57,384] {taskinstance.py:1356} INFO - 
--------------------------------------------------------------------------------
[2025-08-07 03:29:57,389] {taskinstance.py:1357} INFO - Starting attempt 1 of 1
[2025-08-07 03:29:57,390] {taskinstance.py:1358} INFO - 
--------------------------------------------------------------------------------
[2025-08-07 03:29:57,423] {taskinstance.py:1377} INFO - Executing <Task(BashOperator): also_run_this> on 2025-08-06 00:00:00+00:00
[2025-08-07 03:29:57,442] {standard_task_runner.py:52} INFO - Started process 502 to run task
[2025-08-07 03:29:57,452] {standard_task_runner.py:79} INFO - Running: ['***', 'tasks', 'run', 'example_bash_operator', 'also_run_this', 'scheduled__2025-08-06T00:00:00+00:00', '--job-id', '40', '--raw', '--subdir', '/home/***/.local/lib/python3.7/site-packages/***/example_dags/example_bash_operator.py', '--cfg-path', '/tmp/tmpchp5wbxn', '--error-file', '/tmp/tmpba74o2pz']
[2025-08-07 03:29:57,454] {standard_task_runner.py:80} INFO - Job 40: Subtask also_run_this
[2025-08-07 03:29:57,567] {task_command.py:369} INFO - Running <TaskInstance: example_bash_operator.also_run_this scheduled__2025-08-06T00:00:00+00:00 [running]> on host 47565329e35b
[2025-08-07 03:29:58,051] {taskinstance.py:1571} INFO - Exporting the following env vars:
AIRFLOW_CTX_DAG_OWNER=***
AIRFLOW_CTX_DAG_ID=example_bash_operator
AIRFLOW_CTX_TASK_ID=also_run_this
AIRFLOW_CTX_EXECUTION_DATE=2025-08-06T00:00:00+00:00
AIRFLOW_CTX_TRY_NUMBER=1
AIRFLOW_CTX_DAG_RUN_ID=scheduled__2025-08-06T00:00:00+00:00
[2025-08-07 03:29:58,061] {subprocess.py:62} INFO - Tmp dir root location: 
 /tmp
[2025-08-07 03:29:58,062] {subprocess.py:74} INFO - Running command: ['bash', '-c', 'echo "run_id=scheduled__2025-08-06T00:00:00+00:00 | dag_run=<DagRun example_bash_operator @ 2025-08-06 00:00:00+00:00: scheduled__2025-08-06T00:00:00+00:00, externally triggered: False>"']
[2025-08-07 03:29:58,137] {subprocess.py:85} INFO - Output:
[2025-08-07 03:29:58,145] {subprocess.py:92} INFO - run_id=scheduled__2025-08-06T00:00:00+00:00 | dag_run=<DagRun example_bash_operator @ 2025-08-06 00:00:00+00:00: scheduled__2025-08-06T00:00:00+00:00, externally triggered: False>
[2025-08-07 03:29:58,146] {subprocess.py:96} INFO - Command exited with return code 0
[2025-08-07 03:29:58,373] {taskinstance.py:1400} INFO - Marking task as SUCCESS. dag_id=example_bash_operator, task_id=also_run_this, execution_date=20250806T000000, start_date=20250807T032957, end_date=20250807T032958
[2025-08-07 03:29:58,435] {local_task_job.py:156} INFO - Task exited with return code 0
[2025-08-07 03:29:58,626] {local_task_job.py:273} INFO - 0 downstream tasks scheduled from follow-on schedule check
[2025-08-07 03:40:03,880] {taskinstance.py:1159} INFO - Dependencies all met for <TaskInstance: example_bash_operator.also_run_this scheduled__2025-08-06T00:00:00+00:00 [queued]>
[2025-08-07 03:40:03,902] {taskinstance.py:1159} INFO - Dependencies all met for <TaskInstance: example_bash_operator.also_run_this scheduled__2025-08-06T00:00:00+00:00 [queued]>
[2025-08-07 03:40:03,903] {taskinstance.py:1356} INFO - 
--------------------------------------------------------------------------------
[2025-08-07 03:40:03,904] {taskinstance.py:1357} INFO - Starting attempt 1 of 1
[2025-08-07 03:40:03,905] {taskinstance.py:1358} INFO - 
--------------------------------------------------------------------------------
[2025-08-07 03:40:03,930] {taskinstance.py:1377} INFO - Executing <Task(BashOperator): also_run_this> on 2025-08-06 00:00:00+00:00
[2025-08-07 03:40:03,946] {standard_task_runner.py:52} INFO - Started process 514 to run task
[2025-08-07 03:40:03,953] {standard_task_runner.py:79} INFO - Running: ['***', 'tasks', 'run', 'example_bash_operator', 'also_run_this', 'scheduled__2025-08-06T00:00:00+00:00', '--job-id', '47', '--raw', '--subdir', '/home/***/.local/lib/python3.7/site-packages/***/example_dags/example_bash_operator.py', '--cfg-path', '/tmp/tmpx7ume6vs', '--error-file', '/tmp/tmpehfod4ch']
[2025-08-07 03:40:03,954] {standard_task_runner.py:80} INFO - Job 47: Subtask also_run_this
[2025-08-07 03:40:04,158] {task_command.py:369} INFO - Running <TaskInstance: example_bash_operator.also_run_this scheduled__2025-08-06T00:00:00+00:00 [running]> on host 92a46ac2453f
[2025-08-07 03:40:04,954] {taskinstance.py:1571} INFO - Exporting the following env vars:
AIRFLOW_CTX_DAG_OWNER=***
AIRFLOW_CTX_DAG_ID=example_bash_operator
AIRFLOW_CTX_TASK_ID=also_run_this
AIRFLOW_CTX_EXECUTION_DATE=2025-08-06T00:00:00+00:00
AIRFLOW_CTX_TRY_NUMBER=1
AIRFLOW_CTX_DAG_RUN_ID=scheduled__2025-08-06T00:00:00+00:00
[2025-08-07 03:40:04,955] {subprocess.py:62} INFO - Tmp dir root location: 
 /tmp
[2025-08-07 03:40:04,958] {subprocess.py:74} INFO - Running command: ['bash', '-c', 'echo "run_id=scheduled__2025-08-06T00:00:00+00:00 | dag_run=<DagRun example_bash_operator @ 2025-08-06 00:00:00+00:00: scheduled__2025-08-06T00:00:00+00:00, externally triggered: False>"']
[2025-08-07 03:40:05,017] {subprocess.py:85} INFO - Output:
[2025-08-07 03:40:05,025] {subprocess.py:92} INFO - run_id=scheduled__2025-08-06T00:00:00+00:00 | dag_run=<DagRun example_bash_operator @ 2025-08-06 00:00:00+00:00: scheduled__2025-08-06T00:00:00+00:00, externally triggered: False>
[2025-08-07 03:40:05,026] {subprocess.py:96} INFO - Command exited with return code 0
[2025-08-07 03:40:05,217] {taskinstance.py:1400} INFO - Marking task as SUCCESS. dag_id=example_bash_operator, task_id=also_run_this, execution_date=20250806T000000, start_date=20250807T034003, end_date=20250807T034005
[2025-08-07 03:40:05,284] {local_task_job.py:156} INFO - Task exited with return code 0
[2025-08-07 03:40:05,470] {local_task_job.py:273} INFO - 0 downstream tasks scheduled from follow-on schedule check
[2025-08-07 10:40:26,144] {taskinstance.py:1159} INFO - Dependencies all met for <TaskInstance: example_bash_operator.also_run_this scheduled__2025-08-06T00:00:00+00:00 [queued]>
[2025-08-07 10:40:26,165] {taskinstance.py:1159} INFO - Dependencies all met for <TaskInstance: example_bash_operator.also_run_this scheduled__2025-08-06T00:00:00+00:00 [queued]>
[2025-08-07 10:40:26,166] {taskinstance.py:1356} INFO - 
--------------------------------------------------------------------------------
[2025-08-07 10:40:26,166] {taskinstance.py:1357} INFO - Starting attempt 1 of 1
[2025-08-07 10:40:26,166] {taskinstance.py:1358} INFO - 
--------------------------------------------------------------------------------
[2025-08-07 10:40:26,194] {taskinstance.py:1377} INFO - Executing <Task(BashOperator): also_run_this> on 2025-08-06 00:00:00+00:00
[2025-08-07 10:40:26,204] {standard_task_runner.py:52} INFO - Started process 497 to run task
[2025-08-07 10:40:26,209] {standard_task_runner.py:79} INFO - Running: ['***', 'tasks', 'run', 'example_bash_operator', 'also_run_this', 'scheduled__2025-08-06T00:00:00+00:00', '--job-id', '33', '--raw', '--subdir', '/home/***/.local/lib/python3.7/site-packages/***/example_dags/example_bash_operator.py', '--cfg-path', '/tmp/tmpxe_a83i3', '--error-file', '/tmp/tmpr9kds0mp']
[2025-08-07 10:40:26,211] {standard_task_runner.py:80} INFO - Job 33: Subtask also_run_this
[2025-08-07 10:40:26,339] {task_command.py:369} INFO - Running <TaskInstance: example_bash_operator.also_run_this scheduled__2025-08-06T00:00:00+00:00 [running]> on host 81d3b97a0728
[2025-08-07 10:40:26,930] {taskinstance.py:1571} INFO - Exporting the following env vars:
AIRFLOW_CTX_DAG_OWNER=***
AIRFLOW_CTX_DAG_ID=example_bash_operator
AIRFLOW_CTX_TASK_ID=also_run_this
AIRFLOW_CTX_EXECUTION_DATE=2025-08-06T00:00:00+00:00
AIRFLOW_CTX_TRY_NUMBER=1
AIRFLOW_CTX_DAG_RUN_ID=scheduled__2025-08-06T00:00:00+00:00
[2025-08-07 10:40:26,932] {subprocess.py:62} INFO - Tmp dir root location: 
 /tmp
[2025-08-07 10:40:26,934] {subprocess.py:74} INFO - Running command: ['bash', '-c', 'echo "run_id=scheduled__2025-08-06T00:00:00+00:00 | dag_run=<DagRun example_bash_operator @ 2025-08-06 00:00:00+00:00: scheduled__2025-08-06T00:00:00+00:00, externally triggered: False>"']
[2025-08-07 10:40:27,012] {subprocess.py:85} INFO - Output:
[2025-08-07 10:40:27,013] {subprocess.py:92} INFO - run_id=scheduled__2025-08-06T00:00:00+00:00 | dag_run=<DagRun example_bash_operator @ 2025-08-06 00:00:00+00:00: scheduled__2025-08-06T00:00:00+00:00, externally triggered: False>
[2025-08-07 10:40:27,013] {subprocess.py:96} INFO - Command exited with return code 0
[2025-08-07 10:40:27,143] {taskinstance.py:1400} INFO - Marking task as SUCCESS. dag_id=example_bash_operator, task_id=also_run_this, execution_date=20250806T000000, start_date=20250807T104026, end_date=20250807T104027
[2025-08-07 10:40:27,220] {local_task_job.py:156} INFO - Task exited with return code 0
[2025-08-07 10:40:27,502] {local_task_job.py:273} INFO - 0 downstream tasks scheduled from follow-on schedule check
[2025-08-07 11:11:51,770] {taskinstance.py:1159} INFO - Dependencies all met for <TaskInstance: example_bash_operator.also_run_this scheduled__2025-08-06T00:00:00+00:00 [queued]>
[2025-08-07 11:11:51,799] {taskinstance.py:1159} INFO - Dependencies all met for <TaskInstance: example_bash_operator.also_run_this scheduled__2025-08-06T00:00:00+00:00 [queued]>
[2025-08-07 11:11:51,799] {taskinstance.py:1356} INFO - 
--------------------------------------------------------------------------------
[2025-08-07 11:11:51,799] {taskinstance.py:1357} INFO - Starting attempt 1 of 1
[2025-08-07 11:11:51,799] {taskinstance.py:1358} INFO - 
--------------------------------------------------------------------------------
[2025-08-07 11:11:51,841] {taskinstance.py:1377} INFO - Executing <Task(BashOperator): also_run_this> on 2025-08-06 00:00:00+00:00
[2025-08-07 11:11:51,854] {standard_task_runner.py:52} INFO - Started process 498 to run task
[2025-08-07 11:11:51,863] {standard_task_runner.py:79} INFO - Running: ['***', 'tasks', 'run', 'example_bash_operator', 'also_run_this', 'scheduled__2025-08-06T00:00:00+00:00', '--job-id', '35', '--raw', '--subdir', '/home/***/.local/lib/python3.7/site-packages/***/example_dags/example_bash_operator.py', '--cfg-path', '/tmp/tmp2r5tbsob', '--error-file', '/tmp/tmpx6sxr1zz']
[2025-08-07 11:11:51,866] {standard_task_runner.py:80} INFO - Job 35: Subtask also_run_this
[2025-08-07 11:11:51,985] {task_command.py:369} INFO - Running <TaskInstance: example_bash_operator.also_run_this scheduled__2025-08-06T00:00:00+00:00 [running]> on host b22dcc1493a4
[2025-08-07 11:11:52,554] {taskinstance.py:1571} INFO - Exporting the following env vars:
AIRFLOW_CTX_DAG_OWNER=***
AIRFLOW_CTX_DAG_ID=example_bash_operator
AIRFLOW_CTX_TASK_ID=also_run_this
AIRFLOW_CTX_EXECUTION_DATE=2025-08-06T00:00:00+00:00
AIRFLOW_CTX_TRY_NUMBER=1
AIRFLOW_CTX_DAG_RUN_ID=scheduled__2025-08-06T00:00:00+00:00
[2025-08-07 11:11:52,559] {subprocess.py:62} INFO - Tmp dir root location: 
 /tmp
[2025-08-07 11:11:52,560] {subprocess.py:74} INFO - Running command: ['bash', '-c', 'echo "run_id=scheduled__2025-08-06T00:00:00+00:00 | dag_run=<DagRun example_bash_operator @ 2025-08-06 00:00:00+00:00: scheduled__2025-08-06T00:00:00+00:00, externally triggered: False>"']
[2025-08-07 11:11:52,620] {subprocess.py:85} INFO - Output:
[2025-08-07 11:11:52,630] {subprocess.py:92} INFO - run_id=scheduled__2025-08-06T00:00:00+00:00 | dag_run=<DagRun example_bash_operator @ 2025-08-06 00:00:00+00:00: scheduled__2025-08-06T00:00:00+00:00, externally triggered: False>
[2025-08-07 11:11:52,631] {subprocess.py:96} INFO - Command exited with return code 0
[2025-08-07 11:11:52,871] {taskinstance.py:1400} INFO - Marking task as SUCCESS. dag_id=example_bash_operator, task_id=also_run_this, execution_date=20250806T000000, start_date=20250807T111151, end_date=20250807T111152
[2025-08-07 11:11:52,990] {local_task_job.py:156} INFO - Task exited with return code 0
[2025-08-07 11:11:53,106] {local_task_job.py:273} INFO - 0 downstream tasks scheduled from follow-on schedule check
[2025-08-07 20:33:56,203] {taskinstance.py:1159} INFO - Dependencies all met for <TaskInstance: example_bash_operator.also_run_this scheduled__2025-08-06T00:00:00+00:00 [queued]>
[2025-08-07 20:33:56,252] {taskinstance.py:1159} INFO - Dependencies all met for <TaskInstance: example_bash_operator.also_run_this scheduled__2025-08-06T00:00:00+00:00 [queued]>
[2025-08-07 20:33:56,252] {taskinstance.py:1356} INFO - 
--------------------------------------------------------------------------------
[2025-08-07 20:33:56,252] {taskinstance.py:1357} INFO - Starting attempt 1 of 1
[2025-08-07 20:33:56,252] {taskinstance.py:1358} INFO - 
--------------------------------------------------------------------------------
[2025-08-07 20:33:56,313] {taskinstance.py:1377} INFO - Executing <Task(BashOperator): also_run_this> on 2025-08-06 00:00:00+00:00
[2025-08-07 20:33:56,333] {standard_task_runner.py:52} INFO - Started process 546 to run task
[2025-08-07 20:33:56,349] {standard_task_runner.py:79} INFO - Running: ['***', 'tasks', 'run', 'example_bash_operator', 'also_run_this', 'scheduled__2025-08-06T00:00:00+00:00', '--job-id', '42', '--raw', '--subdir', '/home/***/.local/lib/python3.7/site-packages/***/example_dags/example_bash_operator.py', '--cfg-path', '/tmp/tmp7vgdsc71', '--error-file', '/tmp/tmphr768mt_']
[2025-08-07 20:33:56,352] {standard_task_runner.py:80} INFO - Job 42: Subtask also_run_this
[2025-08-07 20:33:59,413] {task_command.py:369} INFO - Running <TaskInstance: example_bash_operator.also_run_this scheduled__2025-08-06T00:00:00+00:00 [running]> on host 034e74559af0
[2025-08-07 20:34:56,725] {taskinstance.py:1571} INFO - Exporting the following env vars:
AIRFLOW_CTX_DAG_OWNER=***
AIRFLOW_CTX_DAG_ID=example_bash_operator
AIRFLOW_CTX_TASK_ID=also_run_this
AIRFLOW_CTX_EXECUTION_DATE=2025-08-06T00:00:00+00:00
AIRFLOW_CTX_TRY_NUMBER=1
AIRFLOW_CTX_DAG_RUN_ID=scheduled__2025-08-06T00:00:00+00:00
[2025-08-07 20:34:56,727] {subprocess.py:62} INFO - Tmp dir root location: 
 /tmp
[2025-08-07 20:34:56,731] {subprocess.py:74} INFO - Running command: ['bash', '-c', 'echo "run_id=scheduled__2025-08-06T00:00:00+00:00 | dag_run=<DagRun example_bash_operator @ 2025-08-06 00:00:00+00:00: scheduled__2025-08-06T00:00:00+00:00, externally triggered: False>"']
[2025-08-07 20:34:56,772] {subprocess.py:85} INFO - Output:
[2025-08-07 20:34:56,782] {subprocess.py:92} INFO - run_id=scheduled__2025-08-06T00:00:00+00:00 | dag_run=<DagRun example_bash_operator @ 2025-08-06 00:00:00+00:00: scheduled__2025-08-06T00:00:00+00:00, externally triggered: False>
[2025-08-07 20:34:56,783] {subprocess.py:96} INFO - Command exited with return code 0
[2025-08-07 20:34:56,860] {taskinstance.py:1400} INFO - Marking task as SUCCESS. dag_id=example_bash_operator, task_id=also_run_this, execution_date=20250806T000000, start_date=20250807T203356, end_date=20250807T203456
[2025-08-07 20:34:56,935] {local_task_job.py:156} INFO - Task exited with return code 0
[2025-08-07 20:34:57,009] {local_task_job.py:273} INFO - 0 downstream tasks scheduled from follow-on schedule check
