[2025-08-07 11:00:00,809] {taskinstance.py:1159} INFO - Dependencies all met for <TaskInstance: example_sla_dag.sleep_20 scheduled__2025-08-07T10:58:00+00:00 [queued]>
[2025-08-07 11:00:00,832] {taskinstance.py:1159} INFO - Dependencies all met for <TaskInstance: example_sla_dag.sleep_20 scheduled__2025-08-07T10:58:00+00:00 [queued]>
[2025-08-07 11:00:00,832] {taskinstance.py:1356} INFO - 
--------------------------------------------------------------------------------
[2025-08-07 11:00:00,832] {taskinstance.py:1357} INFO - Starting attempt 1 of 1
[2025-08-07 11:00:00,833] {taskinstance.py:1358} INFO - 
--------------------------------------------------------------------------------
[2025-08-07 11:00:00,867] {taskinstance.py:1377} INFO - Executing <Task(_PythonDecoratedOperator): sleep_20> on 2025-08-07 10:58:00+00:00
[2025-08-07 11:00:00,878] {standard_task_runner.py:52} INFO - Started process 10391 to run task
[2025-08-07 11:00:00,884] {standard_task_runner.py:79} INFO - Running: ['***', 'tasks', 'run', 'example_sla_dag', 'sleep_20', 'scheduled__2025-08-07T10:58:00+00:00', '--job-id', '174', '--raw', '--subdir', '/home/***/.local/lib/python3.7/site-packages/***/example_dags/example_sla_dag.py', '--cfg-path', '/tmp/tmpncxo1hxr', '--error-file', '/tmp/tmpri1_0wdi']
[2025-08-07 11:00:00,886] {standard_task_runner.py:80} INFO - Job 174: Subtask sleep_20
[2025-08-07 11:00:00,994] {task_command.py:369} INFO - Running <TaskInstance: example_sla_dag.sleep_20 scheduled__2025-08-07T10:58:00+00:00 [running]> on host 81d3b97a0728
[2025-08-07 11:00:01,453] {taskinstance.py:1571} INFO - Exporting the following env vars:
AIRFLOW_CTX_DAG_EMAIL=email@example.com
AIRFLOW_CTX_DAG_OWNER=***
AIRFLOW_CTX_DAG_ID=example_sla_dag
AIRFLOW_CTX_TASK_ID=sleep_20
AIRFLOW_CTX_EXECUTION_DATE=2025-08-07T10:58:00+00:00
AIRFLOW_CTX_TRY_NUMBER=1
AIRFLOW_CTX_DAG_RUN_ID=scheduled__2025-08-07T10:58:00+00:00
[2025-08-07 11:00:21,474] {python.py:173} INFO - Done. Returned value was: None
[2025-08-07 11:00:21,495] {taskinstance.py:1400} INFO - Marking task as SUCCESS. dag_id=example_sla_dag, task_id=sleep_20, execution_date=20250807T105800, start_date=20250807T110000, end_date=20250807T110021
[2025-08-07 11:00:21,524] {local_task_job.py:156} INFO - Task exited with return code 0
[2025-08-07 11:00:21,566] {local_task_job.py:273} INFO - 0 downstream tasks scheduled from follow-on schedule check
