[2025-08-07 10:40:23,380] {taskinstance.py:1159} INFO - Dependencies all met for <TaskInstance: example_short_circuit_operator.condition_is_False scheduled__2025-08-06T10:40:21.425376+00:00 [queued]>
[2025-08-07 10:40:23,410] {taskinstance.py:1159} INFO - Dependencies all met for <TaskInstance: example_short_circuit_operator.condition_is_False scheduled__2025-08-06T10:40:21.425376+00:00 [queued]>
[2025-08-07 10:40:23,411] {taskinstance.py:1356} INFO - 
--------------------------------------------------------------------------------
[2025-08-07 10:40:23,411] {taskinstance.py:1357} INFO - Starting attempt 1 of 1
[2025-08-07 10:40:23,411] {taskinstance.py:1358} INFO - 
--------------------------------------------------------------------------------
[2025-08-07 10:40:23,447] {taskinstance.py:1377} INFO - Executing <Task(ShortCircuitOperator): condition_is_False> on 2025-08-06 10:40:21.425376+00:00
[2025-08-07 10:40:23,460] {standard_task_runner.py:52} INFO - Started process 454 to run task
[2025-08-07 10:40:23,466] {standard_task_runner.py:79} INFO - Running: ['***', 'tasks', 'run', 'example_short_circuit_operator', 'condition_is_False', 'scheduled__2025-08-06T10:40:21.425376+00:00', '--job-id', '26', '--raw', '--subdir', '/home/***/.local/lib/python3.7/site-packages/***/example_dags/example_short_circuit_operator.py', '--cfg-path', '/tmp/tmp88yc2pxy', '--error-file', '/tmp/tmp8zcaeuj1']
[2025-08-07 10:40:23,469] {standard_task_runner.py:80} INFO - Job 26: Subtask condition_is_False
[2025-08-07 10:40:23,637] {task_command.py:369} INFO - Running <TaskInstance: example_short_circuit_operator.condition_is_False scheduled__2025-08-06T10:40:21.425376+00:00 [running]> on host 81d3b97a0728
[2025-08-07 10:40:24,342] {taskinstance.py:1571} INFO - Exporting the following env vars:
AIRFLOW_CTX_DAG_OWNER=***
AIRFLOW_CTX_DAG_ID=example_short_circuit_operator
AIRFLOW_CTX_TASK_ID=condition_is_False
AIRFLOW_CTX_EXECUTION_DATE=2025-08-06T10:40:21.425376+00:00
AIRFLOW_CTX_TRY_NUMBER=1
AIRFLOW_CTX_DAG_RUN_ID=scheduled__2025-08-06T10:40:21.425376+00:00
[2025-08-07 10:40:24,343] {python.py:173} INFO - Done. Returned value was: False
[2025-08-07 10:40:24,351] {python.py:259} INFO - Condition result is False
[2025-08-07 10:40:24,351] {python.py:273} INFO - Skipping all downstream tasks...
[2025-08-07 10:40:24,434] {python.py:281} INFO - Done.
[2025-08-07 10:40:24,483] {taskinstance.py:1400} INFO - Marking task as SUCCESS. dag_id=example_short_circuit_operator, task_id=condition_is_False, execution_date=20250806T104021, start_date=20250807T104023, end_date=20250807T104024
[2025-08-07 10:40:24,580] {local_task_job.py:156} INFO - Task exited with return code 0
[2025-08-07 10:40:24,735] {local_task_job.py:273} INFO - 0 downstream tasks scheduled from follow-on schedule check
