[2025-08-07 03:21:18,665] {taskinstance.py:1159} INFO - Dependencies all met for <TaskInstance: example_bash_operator.this_will_skip scheduled__2025-08-06T00:00:00+00:00 [queued]>
[2025-08-07 03:21:18,686] {taskinstance.py:1159} INFO - Dependencies all met for <TaskInstance: example_bash_operator.this_will_skip scheduled__2025-08-06T00:00:00+00:00 [queued]>
[2025-08-07 03:21:18,687] {taskinstance.py:1356} INFO - 
--------------------------------------------------------------------------------
[2025-08-07 03:21:18,687] {taskinstance.py:1357} INFO - Starting attempt 1 of 1
[2025-08-07 03:21:18,687] {taskinstance.py:1358} INFO - 
--------------------------------------------------------------------------------
[2025-08-07 03:21:18,723] {taskinstance.py:1377} INFO - Executing <Task(BashOperator): this_will_skip> on 2025-08-06 00:00:00+00:00
[2025-08-07 03:21:18,746] {standard_task_runner.py:52} INFO - Started process 478 to run task
[2025-08-07 03:21:18,751] {standard_task_runner.py:79} INFO - Running: ['***', 'tasks', 'run', 'example_bash_operator', 'this_will_skip', 'scheduled__2025-08-06T00:00:00+00:00', '--job-id', '38', '--raw', '--subdir', '/home/***/.local/lib/python3.7/site-packages/***/example_dags/example_bash_operator.py', '--cfg-path', '/tmp/tmphd5tn5ru', '--error-file', '/tmp/tmpvhrp26yg']
[2025-08-07 03:21:18,754] {standard_task_runner.py:80} INFO - Job 38: Subtask this_will_skip
[2025-08-07 03:21:18,958] {task_command.py:369} INFO - Running <TaskInstance: example_bash_operator.this_will_skip scheduled__2025-08-06T00:00:00+00:00 [running]> on host f83ee74b89ef
[2025-08-07 03:21:19,997] {taskinstance.py:1571} INFO - Exporting the following env vars:
AIRFLOW_CTX_DAG_OWNER=***
AIRFLOW_CTX_DAG_ID=example_bash_operator
AIRFLOW_CTX_TASK_ID=this_will_skip
AIRFLOW_CTX_EXECUTION_DATE=2025-08-06T00:00:00+00:00
AIRFLOW_CTX_TRY_NUMBER=1
AIRFLOW_CTX_DAG_RUN_ID=scheduled__2025-08-06T00:00:00+00:00
[2025-08-07 03:21:20,010] {subprocess.py:62} INFO - Tmp dir root location: 
 /tmp
[2025-08-07 03:21:20,012] {subprocess.py:74} INFO - Running command: ['bash', '-c', 'echo "hello world"; exit 99;']
[2025-08-07 03:21:20,069] {subprocess.py:85} INFO - Output:
[2025-08-07 03:21:20,071] {subprocess.py:92} INFO - hello world
[2025-08-07 03:21:20,072] {subprocess.py:96} INFO - Command exited with return code 99
[2025-08-07 03:21:20,073] {taskinstance.py:1478} INFO - Bash command returned exit code 99. Skipping.
[2025-08-07 03:21:20,097] {taskinstance.py:1400} INFO - Marking task as SKIPPED. dag_id=example_bash_operator, task_id=this_will_skip, execution_date=20250806T000000, start_date=20250807T032118, end_date=20250807T032120
[2025-08-07 03:21:20,178] {local_task_job.py:156} INFO - Task exited with return code 0
[2025-08-07 03:21:20,283] {local_task_job.py:273} INFO - 0 downstream tasks scheduled from follow-on schedule check
[2025-08-07 03:29:57,489] {taskinstance.py:1159} INFO - Dependencies all met for <TaskInstance: example_bash_operator.this_will_skip scheduled__2025-08-06T00:00:00+00:00 [queued]>
[2025-08-07 03:29:57,525] {taskinstance.py:1159} INFO - Dependencies all met for <TaskInstance: example_bash_operator.this_will_skip scheduled__2025-08-06T00:00:00+00:00 [queued]>
[2025-08-07 03:29:57,526] {taskinstance.py:1356} INFO - 
--------------------------------------------------------------------------------
[2025-08-07 03:29:57,526] {taskinstance.py:1357} INFO - Starting attempt 1 of 1
[2025-08-07 03:29:57,526] {taskinstance.py:1358} INFO - 
--------------------------------------------------------------------------------
[2025-08-07 03:29:57,570] {taskinstance.py:1377} INFO - Executing <Task(BashOperator): this_will_skip> on 2025-08-06 00:00:00+00:00
[2025-08-07 03:29:57,588] {standard_task_runner.py:52} INFO - Started process 504 to run task
[2025-08-07 03:29:57,599] {standard_task_runner.py:79} INFO - Running: ['***', 'tasks', 'run', 'example_bash_operator', 'this_will_skip', 'scheduled__2025-08-06T00:00:00+00:00', '--job-id', '41', '--raw', '--subdir', '/home/***/.local/lib/python3.7/site-packages/***/example_dags/example_bash_operator.py', '--cfg-path', '/tmp/tmp2vr1gq5_', '--error-file', '/tmp/tmppisr5gn4']
[2025-08-07 03:29:57,601] {standard_task_runner.py:80} INFO - Job 41: Subtask this_will_skip
[2025-08-07 03:29:57,834] {task_command.py:369} INFO - Running <TaskInstance: example_bash_operator.this_will_skip scheduled__2025-08-06T00:00:00+00:00 [running]> on host 47565329e35b
[2025-08-07 03:29:58,275] {taskinstance.py:1571} INFO - Exporting the following env vars:
AIRFLOW_CTX_DAG_OWNER=***
AIRFLOW_CTX_DAG_ID=example_bash_operator
AIRFLOW_CTX_TASK_ID=this_will_skip
AIRFLOW_CTX_EXECUTION_DATE=2025-08-06T00:00:00+00:00
AIRFLOW_CTX_TRY_NUMBER=1
AIRFLOW_CTX_DAG_RUN_ID=scheduled__2025-08-06T00:00:00+00:00
[2025-08-07 03:29:58,279] {subprocess.py:62} INFO - Tmp dir root location: 
 /tmp
[2025-08-07 03:29:58,282] {subprocess.py:74} INFO - Running command: ['bash', '-c', 'echo "hello world"; exit 99;']
[2025-08-07 03:29:58,309] {subprocess.py:85} INFO - Output:
[2025-08-07 03:29:58,314] {subprocess.py:92} INFO - hello world
[2025-08-07 03:29:58,315] {subprocess.py:96} INFO - Command exited with return code 99
[2025-08-07 03:29:58,316] {taskinstance.py:1478} INFO - Bash command returned exit code 99. Skipping.
[2025-08-07 03:29:58,397] {taskinstance.py:1400} INFO - Marking task as SKIPPED. dag_id=example_bash_operator, task_id=this_will_skip, execution_date=20250806T000000, start_date=20250807T032957, end_date=20250807T032958
[2025-08-07 03:29:58,446] {local_task_job.py:156} INFO - Task exited with return code 0
[2025-08-07 03:29:58,665] {local_task_job.py:273} INFO - 0 downstream tasks scheduled from follow-on schedule check
[2025-08-07 03:40:03,972] {taskinstance.py:1159} INFO - Dependencies all met for <TaskInstance: example_bash_operator.this_will_skip scheduled__2025-08-06T00:00:00+00:00 [queued]>
[2025-08-07 03:40:03,996] {taskinstance.py:1159} INFO - Dependencies all met for <TaskInstance: example_bash_operator.this_will_skip scheduled__2025-08-06T00:00:00+00:00 [queued]>
[2025-08-07 03:40:03,996] {taskinstance.py:1356} INFO - 
--------------------------------------------------------------------------------
[2025-08-07 03:40:03,997] {taskinstance.py:1357} INFO - Starting attempt 1 of 1
[2025-08-07 03:40:03,997] {taskinstance.py:1358} INFO - 
--------------------------------------------------------------------------------
[2025-08-07 03:40:04,034] {taskinstance.py:1377} INFO - Executing <Task(BashOperator): this_will_skip> on 2025-08-06 00:00:00+00:00
[2025-08-07 03:40:04,060] {standard_task_runner.py:52} INFO - Started process 516 to run task
[2025-08-07 03:40:04,074] {standard_task_runner.py:79} INFO - Running: ['***', 'tasks', 'run', 'example_bash_operator', 'this_will_skip', 'scheduled__2025-08-06T00:00:00+00:00', '--job-id', '48', '--raw', '--subdir', '/home/***/.local/lib/python3.7/site-packages/***/example_dags/example_bash_operator.py', '--cfg-path', '/tmp/tmpbb2qmm6o', '--error-file', '/tmp/tmp0t3b_xcz']
[2025-08-07 03:40:04,076] {standard_task_runner.py:80} INFO - Job 48: Subtask this_will_skip
[2025-08-07 03:40:04,409] {task_command.py:369} INFO - Running <TaskInstance: example_bash_operator.this_will_skip scheduled__2025-08-06T00:00:00+00:00 [running]> on host 92a46ac2453f
[2025-08-07 03:40:05,121] {taskinstance.py:1571} INFO - Exporting the following env vars:
AIRFLOW_CTX_DAG_OWNER=***
AIRFLOW_CTX_DAG_ID=example_bash_operator
AIRFLOW_CTX_TASK_ID=this_will_skip
AIRFLOW_CTX_EXECUTION_DATE=2025-08-06T00:00:00+00:00
AIRFLOW_CTX_TRY_NUMBER=1
AIRFLOW_CTX_DAG_RUN_ID=scheduled__2025-08-06T00:00:00+00:00
[2025-08-07 03:40:05,123] {subprocess.py:62} INFO - Tmp dir root location: 
 /tmp
[2025-08-07 03:40:05,124] {subprocess.py:74} INFO - Running command: ['bash', '-c', 'echo "hello world"; exit 99;']
[2025-08-07 03:40:05,151] {subprocess.py:85} INFO - Output:
[2025-08-07 03:40:05,158] {subprocess.py:92} INFO - hello world
[2025-08-07 03:40:05,160] {subprocess.py:96} INFO - Command exited with return code 99
[2025-08-07 03:40:05,161] {taskinstance.py:1478} INFO - Bash command returned exit code 99. Skipping.
[2025-08-07 03:40:05,240] {taskinstance.py:1400} INFO - Marking task as SKIPPED. dag_id=example_bash_operator, task_id=this_will_skip, execution_date=20250806T000000, start_date=20250807T034003, end_date=20250807T034005
[2025-08-07 03:40:05,321] {local_task_job.py:156} INFO - Task exited with return code 0
[2025-08-07 03:40:05,490] {local_task_job.py:273} INFO - 0 downstream tasks scheduled from follow-on schedule check
[2025-08-07 10:40:26,287] {taskinstance.py:1159} INFO - Dependencies all met for <TaskInstance: example_bash_operator.this_will_skip scheduled__2025-08-06T00:00:00+00:00 [queued]>
[2025-08-07 10:40:26,312] {taskinstance.py:1159} INFO - Dependencies all met for <TaskInstance: example_bash_operator.this_will_skip scheduled__2025-08-06T00:00:00+00:00 [queued]>
[2025-08-07 10:40:26,314] {taskinstance.py:1356} INFO - 
--------------------------------------------------------------------------------
[2025-08-07 10:40:26,315] {taskinstance.py:1357} INFO - Starting attempt 1 of 1
[2025-08-07 10:40:26,315] {taskinstance.py:1358} INFO - 
--------------------------------------------------------------------------------
[2025-08-07 10:40:26,362] {taskinstance.py:1377} INFO - Executing <Task(BashOperator): this_will_skip> on 2025-08-06 00:00:00+00:00
[2025-08-07 10:40:26,376] {standard_task_runner.py:52} INFO - Started process 504 to run task
[2025-08-07 10:40:26,390] {standard_task_runner.py:79} INFO - Running: ['***', 'tasks', 'run', 'example_bash_operator', 'this_will_skip', 'scheduled__2025-08-06T00:00:00+00:00', '--job-id', '39', '--raw', '--subdir', '/home/***/.local/lib/python3.7/site-packages/***/example_dags/example_bash_operator.py', '--cfg-path', '/tmp/tmp1bqaibt0', '--error-file', '/tmp/tmpilnmpmuy']
[2025-08-07 10:40:26,394] {standard_task_runner.py:80} INFO - Job 39: Subtask this_will_skip
[2025-08-07 10:40:26,563] {task_command.py:369} INFO - Running <TaskInstance: example_bash_operator.this_will_skip scheduled__2025-08-06T00:00:00+00:00 [running]> on host 81d3b97a0728
[2025-08-07 10:40:27,190] {taskinstance.py:1571} INFO - Exporting the following env vars:
AIRFLOW_CTX_DAG_OWNER=***
AIRFLOW_CTX_DAG_ID=example_bash_operator
AIRFLOW_CTX_TASK_ID=this_will_skip
AIRFLOW_CTX_EXECUTION_DATE=2025-08-06T00:00:00+00:00
AIRFLOW_CTX_TRY_NUMBER=1
AIRFLOW_CTX_DAG_RUN_ID=scheduled__2025-08-06T00:00:00+00:00
[2025-08-07 10:40:27,191] {subprocess.py:62} INFO - Tmp dir root location: 
 /tmp
[2025-08-07 10:40:27,192] {subprocess.py:74} INFO - Running command: ['bash', '-c', 'echo "hello world"; exit 99;']
[2025-08-07 10:40:27,223] {subprocess.py:85} INFO - Output:
[2025-08-07 10:40:27,228] {subprocess.py:92} INFO - hello world
[2025-08-07 10:40:27,229] {subprocess.py:96} INFO - Command exited with return code 99
[2025-08-07 10:40:27,230] {taskinstance.py:1478} INFO - Bash command returned exit code 99. Skipping.
[2025-08-07 10:40:27,432] {taskinstance.py:1400} INFO - Marking task as SKIPPED. dag_id=example_bash_operator, task_id=this_will_skip, execution_date=20250806T000000, start_date=20250807T104026, end_date=20250807T104027
[2025-08-07 10:40:27,512] {local_task_job.py:156} INFO - Task exited with return code 0
[2025-08-07 10:40:27,669] {local_task_job.py:273} INFO - 0 downstream tasks scheduled from follow-on schedule check
[2025-08-07 11:11:51,863] {taskinstance.py:1159} INFO - Dependencies all met for <TaskInstance: example_bash_operator.this_will_skip scheduled__2025-08-06T00:00:00+00:00 [queued]>
[2025-08-07 11:11:51,888] {taskinstance.py:1159} INFO - Dependencies all met for <TaskInstance: example_bash_operator.this_will_skip scheduled__2025-08-06T00:00:00+00:00 [queued]>
[2025-08-07 11:11:51,889] {taskinstance.py:1356} INFO - 
--------------------------------------------------------------------------------
[2025-08-07 11:11:51,889] {taskinstance.py:1357} INFO - Starting attempt 1 of 1
[2025-08-07 11:11:51,889] {taskinstance.py:1358} INFO - 
--------------------------------------------------------------------------------
[2025-08-07 11:11:51,928] {taskinstance.py:1377} INFO - Executing <Task(BashOperator): this_will_skip> on 2025-08-06 00:00:00+00:00
[2025-08-07 11:11:51,939] {standard_task_runner.py:52} INFO - Started process 499 to run task
[2025-08-07 11:11:51,950] {standard_task_runner.py:79} INFO - Running: ['***', 'tasks', 'run', 'example_bash_operator', 'this_will_skip', 'scheduled__2025-08-06T00:00:00+00:00', '--job-id', '37', '--raw', '--subdir', '/home/***/.local/lib/python3.7/site-packages/***/example_dags/example_bash_operator.py', '--cfg-path', '/tmp/tmp0twyf3_3', '--error-file', '/tmp/tmp6r_2s5dh']
[2025-08-07 11:11:51,953] {standard_task_runner.py:80} INFO - Job 37: Subtask this_will_skip
[2025-08-07 11:11:52,058] {task_command.py:369} INFO - Running <TaskInstance: example_bash_operator.this_will_skip scheduled__2025-08-06T00:00:00+00:00 [running]> on host b22dcc1493a4
[2025-08-07 11:11:52,527] {taskinstance.py:1571} INFO - Exporting the following env vars:
AIRFLOW_CTX_DAG_OWNER=***
AIRFLOW_CTX_DAG_ID=example_bash_operator
AIRFLOW_CTX_TASK_ID=this_will_skip
AIRFLOW_CTX_EXECUTION_DATE=2025-08-06T00:00:00+00:00
AIRFLOW_CTX_TRY_NUMBER=1
AIRFLOW_CTX_DAG_RUN_ID=scheduled__2025-08-06T00:00:00+00:00
[2025-08-07 11:11:52,528] {subprocess.py:62} INFO - Tmp dir root location: 
 /tmp
[2025-08-07 11:11:52,533] {subprocess.py:74} INFO - Running command: ['bash', '-c', 'echo "hello world"; exit 99;']
[2025-08-07 11:11:52,587] {subprocess.py:85} INFO - Output:
[2025-08-07 11:11:52,589] {subprocess.py:92} INFO - hello world
[2025-08-07 11:11:52,591] {subprocess.py:96} INFO - Command exited with return code 99
[2025-08-07 11:11:52,592] {taskinstance.py:1478} INFO - Bash command returned exit code 99. Skipping.
[2025-08-07 11:11:52,836] {taskinstance.py:1400} INFO - Marking task as SKIPPED. dag_id=example_bash_operator, task_id=this_will_skip, execution_date=20250806T000000, start_date=20250807T111151, end_date=20250807T111152
[2025-08-07 11:11:52,902] {local_task_job.py:156} INFO - Task exited with return code 0
[2025-08-07 11:11:53,057] {local_task_job.py:273} INFO - 0 downstream tasks scheduled from follow-on schedule check
[2025-08-07 20:33:55,861] {taskinstance.py:1159} INFO - Dependencies all met for <TaskInstance: example_bash_operator.this_will_skip scheduled__2025-08-06T00:00:00+00:00 [queued]>
[2025-08-07 20:33:55,892] {taskinstance.py:1159} INFO - Dependencies all met for <TaskInstance: example_bash_operator.this_will_skip scheduled__2025-08-06T00:00:00+00:00 [queued]>
[2025-08-07 20:33:55,894] {taskinstance.py:1356} INFO - 
--------------------------------------------------------------------------------
[2025-08-07 20:33:55,895] {taskinstance.py:1357} INFO - Starting attempt 1 of 1
[2025-08-07 20:33:55,897] {taskinstance.py:1358} INFO - 
--------------------------------------------------------------------------------
[2025-08-07 20:33:55,939] {taskinstance.py:1377} INFO - Executing <Task(BashOperator): this_will_skip> on 2025-08-06 00:00:00+00:00
[2025-08-07 20:33:55,963] {standard_task_runner.py:52} INFO - Started process 534 to run task
[2025-08-07 20:33:55,975] {standard_task_runner.py:79} INFO - Running: ['***', 'tasks', 'run', 'example_bash_operator', 'this_will_skip', 'scheduled__2025-08-06T00:00:00+00:00', '--job-id', '41', '--raw', '--subdir', '/home/***/.local/lib/python3.7/site-packages/***/example_dags/example_bash_operator.py', '--cfg-path', '/tmp/tmph4fpd3bm', '--error-file', '/tmp/tmpzrbffh7y']
[2025-08-07 20:33:55,978] {standard_task_runner.py:80} INFO - Job 41: Subtask this_will_skip
[2025-08-07 20:33:56,245] {task_command.py:369} INFO - Running <TaskInstance: example_bash_operator.this_will_skip scheduled__2025-08-06T00:00:00+00:00 [running]> on host 034e74559af0
[2025-08-07 20:33:56,862] {taskinstance.py:1571} INFO - Exporting the following env vars:
AIRFLOW_CTX_DAG_OWNER=***
AIRFLOW_CTX_DAG_ID=example_bash_operator
AIRFLOW_CTX_TASK_ID=this_will_skip
AIRFLOW_CTX_EXECUTION_DATE=2025-08-06T00:00:00+00:00
AIRFLOW_CTX_TRY_NUMBER=1
AIRFLOW_CTX_DAG_RUN_ID=scheduled__2025-08-06T00:00:00+00:00
[2025-08-07 20:33:56,866] {subprocess.py:62} INFO - Tmp dir root location: 
 /tmp
[2025-08-07 20:33:56,869] {subprocess.py:74} INFO - Running command: ['bash', '-c', 'echo "hello world"; exit 99;']
[2025-08-07 20:33:57,678] {subprocess.py:85} INFO - Output:
[2025-08-07 20:34:55,147] {subprocess.py:92} INFO - hello world
[2025-08-07 20:34:55,163] {subprocess.py:96} INFO - Command exited with return code 99
[2025-08-07 20:34:55,176] {taskinstance.py:1478} INFO - Bash command returned exit code 99. Skipping.
[2025-08-07 20:34:56,043] {taskinstance.py:1400} INFO - Marking task as SKIPPED. dag_id=example_bash_operator, task_id=this_will_skip, execution_date=20250806T000000, start_date=20250807T203355, end_date=20250807T203456
[2025-08-07 20:34:56,340] {local_task_job.py:156} INFO - Task exited with return code 0
[2025-08-07 20:34:56,529] {local_task_job.py:273} INFO - 0 downstream tasks scheduled from follow-on schedule check
