[2025-08-07 03:29:49,034] {taskinstance.py:1159} INFO - Dependencies all met for <TaskInstance: example_sla_dag.sleep_20 scheduled__2025-08-07T03:26:00+00:00 [queued]>
[2025-08-07 03:29:49,094] {taskinstance.py:1159} INFO - Dependencies all met for <TaskInstance: example_sla_dag.sleep_20 scheduled__2025-08-07T03:26:00+00:00 [queued]>
[2025-08-07 03:29:49,097] {taskinstance.py:1356} INFO - 
--------------------------------------------------------------------------------
[2025-08-07 03:29:49,098] {taskinstance.py:1357} INFO - Starting attempt 1 of 1
[2025-08-07 03:29:49,099] {taskinstance.py:1358} INFO - 
--------------------------------------------------------------------------------
[2025-08-07 03:29:49,250] {taskinstance.py:1377} INFO - Executing <Task(_PythonDecoratedOperator): sleep_20> on 2025-08-07 03:26:00+00:00
[2025-08-07 03:29:49,282] {standard_task_runner.py:52} INFO - Started process 336 to run task
[2025-08-07 03:29:49,308] {standard_task_runner.py:79} INFO - Running: ['***', 'tasks', 'run', 'example_sla_dag', 'sleep_20', 'scheduled__2025-08-07T03:26:00+00:00', '--job-id', '12', '--raw', '--subdir', '/home/***/.local/lib/python3.7/site-packages/***/example_dags/example_sla_dag.py', '--cfg-path', '/tmp/tmpqavwjxbm', '--error-file', '/tmp/tmpyxco9lgm']
[2025-08-07 03:29:49,323] {standard_task_runner.py:80} INFO - Job 12: Subtask sleep_20
[2025-08-07 03:29:49,816] {task_command.py:369} INFO - Running <TaskInstance: example_sla_dag.sleep_20 scheduled__2025-08-07T03:26:00+00:00 [running]> on host 47565329e35b
[2025-08-07 03:29:50,651] {taskinstance.py:1571} INFO - Exporting the following env vars:
AIRFLOW_CTX_DAG_EMAIL=email@example.com
AIRFLOW_CTX_DAG_OWNER=***
AIRFLOW_CTX_DAG_ID=example_sla_dag
AIRFLOW_CTX_TASK_ID=sleep_20
AIRFLOW_CTX_EXECUTION_DATE=2025-08-07T03:26:00+00:00
AIRFLOW_CTX_TRY_NUMBER=1
AIRFLOW_CTX_DAG_RUN_ID=scheduled__2025-08-07T03:26:00+00:00
[2025-08-07 03:30:10,672] {python.py:173} INFO - Done. Returned value was: None
[2025-08-07 03:30:10,695] {taskinstance.py:1400} INFO - Marking task as SUCCESS. dag_id=example_sla_dag, task_id=sleep_20, execution_date=20250807T032600, start_date=20250807T032949, end_date=20250807T033010
[2025-08-07 03:30:10,764] {local_task_job.py:156} INFO - Task exited with return code 0
[2025-08-07 03:30:10,819] {local_task_job.py:273} INFO - 1 downstream tasks scheduled from follow-on schedule check
